BigMirrorEnvironment.[0]Environment
BigMirrorEnvironment.[0]Environment.[0]DecoratorContext
BigMirrorEnvironment.[0]Environment.[1]====== STATIC ======
BigMirrorEnvironment.[0]Environment.[10]Spectrograms
BigMirrorEnvironment.[0]Environment.[10]Spectrograms.[0]Spectrogram
BigMirrorEnvironment.[0]Environment.[10]Spectrograms.[0]Spectrogram.[0]Spectrogram0
BigMirrorEnvironment.[0]Environment.[10]Spectrograms.[0]Spectrogram.[1]Spectrogram1
BigMirrorEnvironment.[0]Environment.[10]Spectrograms.[1]Spectrogram
BigMirrorEnvironment.[0]Environment.[10]Spectrograms.[1]Spectrogram.[0]Spectrogram0
BigMirrorEnvironment.[0]Environment.[10]Spectrograms.[1]Spectrogram.[1]Spectrogram1
BigMirrorEnvironment.[0]Environment.[11]BigTrackLaneRings
BigMirrorEnvironment.[0]Environment.[12]BigSmokePS
BigMirrorEnvironment.[0]Environment.[13]DustPS
BigMirrorEnvironment.[0]Environment.[14]====== LIGHTS ======
BigMirrorEnvironment.[0]Environment.[15]CoreLighting
BigMirrorEnvironment.[0]Environment.[15]CoreLighting.[0]LightManager
BigMirrorEnvironment.[0]Environment.[15]CoreLighting.[1]LightWrapper0
BigMirrorEnvironment.[0]Environment.[15]CoreLighting.[1]LightWrapper0.[0]DirectionalLight
BigMirrorEnvironment.[0]Environment.[15]CoreLighting.[2]LightWrapper1
BigMirrorEnvironment.[0]Environment.[15]CoreLighting.[2]LightWrapper1.[0]DirectionalLight
BigMirrorEnvironment.[0]Environment.[15]CoreLighting.[3]DirectionalLight
BigMirrorEnvironment.[0]Environment.[15]CoreLighting.[4]DirectionalLight
BigMirrorEnvironment.[0]Environment.[15]CoreLighting.[5]DirectionalLight
BigMirrorEnvironment.[0]Environment.[16]LightWithIdManager
BigMirrorEnvironment.[0]Environment.[17]LightEffects
BigMirrorEnvironment.[0]Environment.[18]FrontLights
BigMirrorEnvironment.[0]Environment.[18]FrontLights.[0]NeonTube
BigMirrorEnvironment.[0]Environment.[18]FrontLights.[0]NeonTube.[0]BakedBloom
BigMirrorEnvironment.[0]Environment.[18]FrontLights.[0]NeonTube.[1]BoxLight
BigMirrorEnvironment.[0]Environment.[18]FrontLights.[1]NeonTube (1)
BigMirrorEnvironment.[0]Environment.[18]FrontLights.[1]NeonTube (1).[0]BakedBloom
BigMirrorEnvironment.[0]Environment.[18]FrontLights.[1]NeonTube (1).[1]BoxLight
BigMirrorEnvironment.[0]Environment.[19]DoubleColorLaser
BigMirrorEnvironment.[0]Environment.[19]DoubleColorLaser.[0]TopBoxLight
BigMirrorEnvironment.[0]Environment.[19]DoubleColorLaser.[1]TopBakedBloom
BigMirrorEnvironment.[0]Environment.[19]DoubleColorLaser.[2]BottomBoxLight
BigMirrorEnvironment.[0]Environment.[19]DoubleColorLaser.[3]BottomBakedBloom
BigMirrorEnvironment.[0]Environment.[2]Floor
BigMirrorEnvironment.[0]Environment.[2]Floor.[0]FloorSetDepth
BigMirrorEnvironment.[0]Environment.[20]DoubleColorLaser (4)
BigMirrorEnvironment.[0]Environment.[20]DoubleColorLaser (4).[0]TopBoxLight
BigMirrorEnvironment.[0]Environment.[20]DoubleColorLaser (4).[1]TopBakedBloom
BigMirrorEnvironment.[0]Environment.[20]DoubleColorLaser (4).[2]BottomBoxLight
BigMirrorEnvironment.[0]Environment.[20]DoubleColorLaser (4).[3]BottomBakedBloom
BigMirrorEnvironment.[0]Environment.[21]DoubleColorLaser (1)
BigMirrorEnvironment.[0]Environment.[21]DoubleColorLaser (1).[0]TopBoxLight
BigMirrorEnvironment.[0]Environment.[21]DoubleColorLaser (1).[1]TopBakedBloom
BigMirrorEnvironment.[0]Environment.[21]DoubleColorLaser (1).[2]BottomBoxLight
BigMirrorEnvironment.[0]Environment.[21]DoubleColorLaser (1).[3]BottomBakedBloom
BigMirrorEnvironment.[0]Environment.[22]DoubleColorLaser (2)
BigMirrorEnvironment.[0]Environment.[22]DoubleColorLaser (2).[0]TopBoxLight
BigMirrorEnvironment.[0]Environment.[22]DoubleColorLaser (2).[1]TopBakedBloom
BigMirrorEnvironment.[0]Environment.[22]DoubleColorLaser (2).[2]BottomBoxLight
BigMirrorEnvironment.[0]Environment.[22]DoubleColorLaser (2).[3]BottomBakedBloom
BigMirrorEnvironment.[0]Environment.[23]DoubleColorLaser (3)
BigMirrorEnvironment.[0]Environment.[23]DoubleColorLaser (3).[0]TopBoxLight
BigMirrorEnvironment.[0]Environment.[23]DoubleColorLaser (3).[1]TopBakedBloom
BigMirrorEnvironment.[0]Environment.[23]DoubleColorLaser (3).[2]BottomBoxLight
BigMirrorEnvironment.[0]Environment.[23]DoubleColorLaser (3).[3]BottomBakedBloom
BigMirrorEnvironment.[0]Environment.[24]DoubleColorLaser (5)
BigMirrorEnvironment.[0]Environment.[24]DoubleColorLaser (5).[0]TopBoxLight
BigMirrorEnvironment.[0]Environment.[24]DoubleColorLaser (5).[1]TopBakedBloom
BigMirrorEnvironment.[0]Environment.[24]DoubleColorLaser (5).[2]BottomBoxLight
BigMirrorEnvironment.[0]Environment.[24]DoubleColorLaser (5).[3]BottomBakedBloom
BigMirrorEnvironment.[0]Environment.[25]DoubleColorLaser (6)
BigMirrorEnvironment.[0]Environment.[25]DoubleColorLaser (6).[0]TopBoxLight
BigMirrorEnvironment.[0]Environment.[25]DoubleColorLaser (6).[1]TopBakedBloom
BigMirrorEnvironment.[0]Environment.[25]DoubleColorLaser (6).[2]BottomBoxLight
BigMirrorEnvironment.[0]Environment.[25]DoubleColorLaser (6).[3]BottomBakedBloom
BigMirrorEnvironment.[0]Environment.[26]DoubleColorLaser (8)
BigMirrorEnvironment.[0]Environment.[26]DoubleColorLaser (8).[0]TopBoxLight
BigMirrorEnvironment.[0]Environment.[26]DoubleColorLaser (8).[1]TopBakedBloom
BigMirrorEnvironment.[0]Environment.[26]DoubleColorLaser (8).[2]BottomBoxLight
BigMirrorEnvironment.[0]Environment.[26]DoubleColorLaser (8).[3]BottomBakedBloom
BigMirrorEnvironment.[0]Environment.[27]DoubleColorLaser (7)
BigMirrorEnvironment.[0]Environment.[27]DoubleColorLaser (7).[0]TopBoxLight
BigMirrorEnvironment.[0]Environment.[27]DoubleColorLaser (7).[1]TopBakedBloom
BigMirrorEnvironment.[0]Environment.[27]DoubleColorLaser (7).[2]BottomBoxLight
BigMirrorEnvironment.[0]Environment.[27]DoubleColorLaser (7).[3]BottomBakedBloom
BigMirrorEnvironment.[0]Environment.[28]DoubleColorLaser (9)
BigMirrorEnvironment.[0]Environment.[28]DoubleColorLaser (9).[0]TopBoxLight
BigMirrorEnvironment.[0]Environment.[28]DoubleColorLaser (9).[1]TopBakedBloom
BigMirrorEnvironment.[0]Environment.[28]DoubleColorLaser (9).[2]BottomBoxLight
BigMirrorEnvironment.[0]Environment.[28]DoubleColorLaser (9).[3]BottomBakedBloom
BigMirrorEnvironment.[0]Environment.[29]RotatingLasersPair
BigMirrorEnvironment.[0]Environment.[29]RotatingLasersPair.[0]BaseL
BigMirrorEnvironment.[0]Environment.[29]RotatingLasersPair.[0]BaseL.[0]Laser
BigMirrorEnvironment.[0]Environment.[29]RotatingLasersPair.[0]BaseL.[0]Laser.[0]BakedBloom
BigMirrorEnvironment.[0]Environment.[29]RotatingLasersPair.[0]BaseL.[0]Laser.[1]BoxLight
BigMirrorEnvironment.[0]Environment.[29]RotatingLasersPair.[1]BaseR
BigMirrorEnvironment.[0]Environment.[29]RotatingLasersPair.[1]BaseR.[0]Laser
BigMirrorEnvironment.[0]Environment.[29]RotatingLasersPair.[1]BaseR.[0]Laser.[0]BakedBloom
BigMirrorEnvironment.[0]Environment.[29]RotatingLasersPair.[1]BaseR.[0]Laser.[1]BoxLight
BigMirrorEnvironment.[0]Environment.[3]BackColumns
BigMirrorEnvironment.[0]Environment.[3]BackColumns.[0]BackColumnNeon
BigMirrorEnvironment.[0]Environment.[3]BackColumns.[0]BackColumnNeon.[0]BoxLight
BigMirrorEnvironment.[0]Environment.[3]BackColumns.[0]BackColumnNeon.[1]BakedBloom
BigMirrorEnvironment.[0]Environment.[3]BackColumns.[1]BackColumnNeon
BigMirrorEnvironment.[0]Environment.[3]BackColumns.[1]BackColumnNeon.[0]BoxLight
BigMirrorEnvironment.[0]Environment.[3]BackColumns.[1]BackColumnNeon.[1]BakedBloom
BigMirrorEnvironment.[0]Environment.[30]RotatingLasersPair (1)
BigMirrorEnvironment.[0]Environment.[30]RotatingLasersPair (1).[0]BaseL
BigMirrorEnvironment.[0]Environment.[30]RotatingLasersPair (1).[0]BaseL.[0]Laser
BigMirrorEnvironment.[0]Environment.[30]RotatingLasersPair (1).[0]BaseL.[0]Laser.[0]BakedBloom
BigMirrorEnvironment.[0]Environment.[30]RotatingLasersPair (1).[0]BaseL.[0]Laser.[1]BoxLight
BigMirrorEnvironment.[0]Environment.[30]RotatingLasersPair (1).[1]BaseR
BigMirrorEnvironment.[0]Environment.[30]RotatingLasersPair (1).[1]BaseR.[0]Laser
BigMirrorEnvironment.[0]Environment.[30]RotatingLasersPair (1).[1]BaseR.[0]Laser.[0]BakedBloom
BigMirrorEnvironment.[0]Environment.[30]RotatingLasersPair (1).[1]BaseR.[0]Laser.[1]BoxLight
BigMirrorEnvironment.[0]Environment.[31]RotatingLasersPair (2)
BigMirrorEnvironment.[0]Environment.[31]RotatingLasersPair (2).[0]BaseL
BigMirrorEnvironment.[0]Environment.[31]RotatingLasersPair (2).[0]BaseL.[0]Laser
BigMirrorEnvironment.[0]Environment.[31]RotatingLasersPair (2).[0]BaseL.[0]Laser.[0]BakedBloom
BigMirrorEnvironment.[0]Environment.[31]RotatingLasersPair (2).[0]BaseL.[0]Laser.[1]BoxLight
BigMirrorEnvironment.[0]Environment.[31]RotatingLasersPair (2).[1]BaseR
BigMirrorEnvironment.[0]Environment.[31]RotatingLasersPair (2).[1]BaseR.[0]Laser
BigMirrorEnvironment.[0]Environment.[31]RotatingLasersPair (2).[1]BaseR.[0]Laser.[0]BakedBloom
BigMirrorEnvironment.[0]Environment.[31]RotatingLasersPair (2).[1]BaseR.[0]Laser.[1]BoxLight
BigMirrorEnvironment.[0]Environment.[32]RotatingLasersPair (3)
BigMirrorEnvironment.[0]Environment.[32]RotatingLasersPair (3).[0]BaseL
BigMirrorEnvironment.[0]Environment.[32]RotatingLasersPair (3).[0]BaseL.[0]Laser
BigMirrorEnvironment.[0]Environment.[32]RotatingLasersPair (3).[0]BaseL.[0]Laser.[0]BakedBloom
BigMirrorEnvironment.[0]Environment.[32]RotatingLasersPair (3).[0]BaseL.[0]Laser.[1]BoxLight
BigMirrorEnvironment.[0]Environment.[32]RotatingLasersPair (3).[1]BaseR
BigMirrorEnvironment.[0]Environment.[32]RotatingLasersPair (3).[1]BaseR.[0]Laser
BigMirrorEnvironment.[0]Environment.[32]RotatingLasersPair (3).[1]BaseR.[0]Laser.[0]BakedBloom
BigMirrorEnvironment.[0]Environment.[32]RotatingLasersPair (3).[1]BaseR.[0]Laser.[1]BoxLight
BigMirrorEnvironment.[0]Environment.[33]NeonTubeDirectionalL
BigMirrorEnvironment.[0]Environment.[33]NeonTubeDirectionalL.[0]BakedBloom
BigMirrorEnvironment.[0]Environment.[33]NeonTubeDirectionalL.[1]BoxLight
BigMirrorEnvironment.[0]Environment.[34]NeonTubeDirectionalFL
BigMirrorEnvironment.[0]Environment.[34]NeonTubeDirectionalFL.[0]BakedBloom
BigMirrorEnvironment.[0]Environment.[34]NeonTubeDirectionalFL.[1]BoxLight
BigMirrorEnvironment.[0]Environment.[35]NeonTubeDirectionalR
BigMirrorEnvironment.[0]Environment.[35]NeonTubeDirectionalR.[0]BakedBloom
BigMirrorEnvironment.[0]Environment.[35]NeonTubeDirectionalR.[1]BoxLight
BigMirrorEnvironment.[0]Environment.[36]NeonTubeDirectionalFR
BigMirrorEnvironment.[0]Environment.[36]NeonTubeDirectionalFR.[0]BakedBloom
BigMirrorEnvironment.[0]Environment.[36]NeonTubeDirectionalFR.[1]BoxLight
BigMirrorEnvironment.[0]Environment.[37]GradientBackground
BigMirrorEnvironment.[0]Environment.[38]BakedReflectionProbe
BigMirrorEnvironment.[0]Environment.[39]BSBakedLightingLightWithIds
BigMirrorEnvironment.[0]Environment.[4]Construction
BigMirrorEnvironment.[0]Environment.[40]FakeMirrorSettings
BigMirrorEnvironment.[0]Environment.[41]BakedReflectionProbeInstaller
BigMirrorEnvironment.[0]Environment.[5]PlayersPlace
BigMirrorEnvironment.[0]Environment.[5]PlayersPlace.[0]Mirror
BigMirrorEnvironment.[0]Environment.[5]PlayersPlace.[1]Feet
BigMirrorEnvironment.[0]Environment.[5]PlayersPlace.[2]Construction
BigMirrorEnvironment.[0]Environment.[5]PlayersPlace.[3]RectangleFakeGlow
BigMirrorEnvironment.[0]Environment.[5]PlayersPlace.[4]Frame
BigMirrorEnvironment.[0]Environment.[5]PlayersPlace.[5]SaberBurnMarksParticles
BigMirrorEnvironment.[0]Environment.[5]PlayersPlace.[5]SaberBurnMarksParticles.[0]SaberBurnMarkSparklePS
BigMirrorEnvironment.[0]Environment.[5]PlayersPlace.[6]SaberBurnMarksArea
BigMirrorEnvironment.[0]Environment.[5]PlayersPlace.[7]Collider
BigMirrorEnvironment.[0]Environment.[6]NearBuildingLeft
BigMirrorEnvironment.[0]Environment.[6]NearBuildingLeft.[0]Mesh
BigMirrorEnvironment.[0]Environment.[6]NearBuildingLeft.[1]NeonTubeDirectional
BigMirrorEnvironment.[0]Environment.[6]NearBuildingLeft.[1]NeonTubeDirectional.[0]BakedBloom
BigMirrorEnvironment.[0]Environment.[6]NearBuildingLeft.[1]NeonTubeDirectional.[1]BoxLight
BigMirrorEnvironment.[0]Environment.[6]NearBuildingLeft.[2]NeonTubeDirectional (1)
BigMirrorEnvironment.[0]Environment.[6]NearBuildingLeft.[2]NeonTubeDirectional (1).[0]BakedBloom
BigMirrorEnvironment.[0]Environment.[6]NearBuildingLeft.[2]NeonTubeDirectional (1).[1]BoxLight
BigMirrorEnvironment.[0]Environment.[6]NearBuildingLeft.[3]NeonTube (2)
BigMirrorEnvironment.[0]Environment.[6]NearBuildingLeft.[3]NeonTube (2).[0]BakedBloom
BigMirrorEnvironment.[0]Environment.[6]NearBuildingLeft.[3]NeonTube (2).[1]BoxLight
BigMirrorEnvironment.[0]Environment.[7]NearBuildingRight
BigMirrorEnvironment.[0]Environment.[7]NearBuildingRight.[0]Mesh
BigMirrorEnvironment.[0]Environment.[7]NearBuildingRight.[1]NeonTubeDirectional
BigMirrorEnvironment.[0]Environment.[7]NearBuildingRight.[1]NeonTubeDirectional.[0]BakedBloom
BigMirrorEnvironment.[0]Environment.[7]NearBuildingRight.[1]NeonTubeDirectional.[1]BoxLight
BigMirrorEnvironment.[0]Environment.[7]NearBuildingRight.[2]NeonTubeDirectional (1)
BigMirrorEnvironment.[0]Environment.[7]NearBuildingRight.[2]NeonTubeDirectional (1).[0]BakedBloom
BigMirrorEnvironment.[0]Environment.[7]NearBuildingRight.[2]NeonTubeDirectional (1).[1]BoxLight
BigMirrorEnvironment.[0]Environment.[7]NearBuildingRight.[3]NeonTube (2)
BigMirrorEnvironment.[0]Environment.[7]NearBuildingRight.[3]NeonTube (2).[0]BakedBloom
BigMirrorEnvironment.[0]Environment.[7]NearBuildingRight.[3]NeonTube (2).[1]BoxLight
BigMirrorEnvironment.[0]Environment.[8]====== DYNAMIC ======
BigMirrorEnvironment.[0]Environment.[9]BasicGameHUD
BigMirrorEnvironment.[0]Environment.[9]BasicGameHUD.[0]EnergyPanel
BigMirrorEnvironment.[0]Environment.[9]BasicGameHUD.[0]EnergyPanel.[0]BG
BigMirrorEnvironment.[0]Environment.[9]BasicGameHUD.[0]EnergyPanel.[1]BarBG
BigMirrorEnvironment.[0]Environment.[9]BasicGameHUD.[0]EnergyPanel.[2]EnergyIconEmpty
BigMirrorEnvironment.[0]Environment.[9]BasicGameHUD.[0]EnergyPanel.[3]EnergyIconFull
BigMirrorEnvironment.[0]Environment.[9]BasicGameHUD.[0]EnergyPanel.[4]EnergyBarWrapper
BigMirrorEnvironment.[0]Environment.[9]BasicGameHUD.[0]EnergyPanel.[4]EnergyBarWrapper.[0]EnergyBar
BigMirrorEnvironment.[0]Environment.[9]BasicGameHUD.[0]EnergyPanel.[5]Laser
BigMirrorEnvironment.[0]Environment.[9]BasicGameHUD.[0]EnergyPanel.[5]Laser.[0]BoxLight
BigMirrorEnvironment.[0]Environment.[9]BasicGameHUD.[0]EnergyPanel.[5]Laser.[1]BakedBloom
BigMirrorEnvironment.[0]Environment.[9]BasicGameHUD.[0]EnergyPanel.[6]FailIcon
BigMirrorEnvironment.[0]Environment.[9]BasicGameHUD.[1]LeftPanel
BigMirrorEnvironment.[0]Environment.[9]BasicGameHUD.[1]LeftPanel.[0]BG
BigMirrorEnvironment.[0]Environment.[9]BasicGameHUD.[1]LeftPanel.[1]Top
BigMirrorEnvironment.[0]Environment.[9]BasicGameHUD.[1]LeftPanel.[2]ComboPanel
BigMirrorEnvironment.[0]Environment.[9]BasicGameHUD.[1]LeftPanel.[2]ComboPanel.[0]ComboText
BigMirrorEnvironment.[0]Environment.[9]BasicGameHUD.[1]LeftPanel.[2]ComboPanel.[1]ComboCanvas
BigMirrorEnvironment.[0]Environment.[9]BasicGameHUD.[1]LeftPanel.[2]ComboPanel.[1]ComboCanvas.[0]NumText
BigMirrorEnvironment.[0]Environment.[9]BasicGameHUD.[1]LeftPanel.[2]ComboPanel.[2]Line0
BigMirrorEnvironment.[0]Environment.[9]BasicGameHUD.[1]LeftPanel.[2]ComboPanel.[3]Line1
BigMirrorEnvironment.[0]Environment.[9]BasicGameHUD.[1]LeftPanel.[3]ScoreCanvas
BigMirrorEnvironment.[0]Environment.[9]BasicGameHUD.[2]RightPanel
BigMirrorEnvironment.[0]Environment.[9]BasicGameHUD.[2]RightPanel.[0]BG
BigMirrorEnvironment.[0]Environment.[9]BasicGameHUD.[2]RightPanel.[1]Top
BigMirrorEnvironment.[0]Environment.[9]BasicGameHUD.[2]RightPanel.[2]MultiplierCanvas
BigMirrorEnvironment.[0]Environment.[9]BasicGameHUD.[2]RightPanel.[2]MultiplierCanvas.[0]BGCircle
BigMirrorEnvironment.[0]Environment.[9]BasicGameHUD.[2]RightPanel.[2]MultiplierCanvas.[1]FGCircle
BigMirrorEnvironment.[0]Environment.[9]BasicGameHUD.[2]RightPanel.[2]MultiplierCanvas.[2]AnimationCircle
BigMirrorEnvironment.[0]Environment.[9]BasicGameHUD.[2]RightPanel.[2]MultiplierCanvas.[3]TextOverlayPanelOutline1
BigMirrorEnvironment.[0]Environment.[9]BasicGameHUD.[2]RightPanel.[2]MultiplierCanvas.[3]TextOverlayPanelOutline1.[0]XText
BigMirrorEnvironment.[0]Environment.[9]BasicGameHUD.[2]RightPanel.[2]MultiplierCanvas.[3]TextOverlayPanelOutline1.[1]NumText
BigMirrorEnvironment.[0]Environment.[9]BasicGameHUD.[2]RightPanel.[2]MultiplierCanvas.[4]TextOverlayPanelOutline0
BigMirrorEnvironment.[0]Environment.[9]BasicGameHUD.[2]RightPanel.[2]MultiplierCanvas.[4]TextOverlayPanelOutline0.[0]XText
BigMirrorEnvironment.[0]Environment.[9]BasicGameHUD.[2]RightPanel.[2]MultiplierCanvas.[4]TextOverlayPanelOutline0.[1]NumText
BigMirrorEnvironment.[0]Environment.[9]BasicGameHUD.[2]RightPanel.[2]MultiplierCanvas.[5]TextPanel
BigMirrorEnvironment.[0]Environment.[9]BasicGameHUD.[2]RightPanel.[2]MultiplierCanvas.[5]TextPanel.[0]XText
BigMirrorEnvironment.[0]Environment.[9]BasicGameHUD.[2]RightPanel.[2]MultiplierCanvas.[5]TextPanel.[1]NumText
GameCore.[1]BigTrackLaneRing(Clone)
GameCore.[1]BigTrackLaneRing(Clone).[0]Ring
GameCore.[1]BigTrackLaneRing(Clone).[1]NeonTubeBothSidesDirectional
GameCore.[1]BigTrackLaneRing(Clone).[1]NeonTubeBothSidesDirectional.[0]BakedBloom
GameCore.[1]BigTrackLaneRing(Clone).[1]NeonTubeBothSidesDirectional.[1]BoxLight
GameCore.[1]BigTrackLaneRing(Clone).[2]NeonTubeBothSidesDirectional (1)
GameCore.[1]BigTrackLaneRing(Clone).[2]NeonTubeBothSidesDirectional (1).[0]BakedBloom
GameCore.[1]BigTrackLaneRing(Clone).[2]NeonTubeBothSidesDirectional (1).[1]BoxLight
GameCore.[1]BigTrackLaneRing(Clone).[3]NeonTubeBothSidesDirectional (2)
GameCore.[1]BigTrackLaneRing(Clone).[3]NeonTubeBothSidesDirectional (2).[0]BakedBloom
GameCore.[1]BigTrackLaneRing(Clone).[3]NeonTubeBothSidesDirectional (2).[1]BoxLight
GameCore.[1]BigTrackLaneRing(Clone).[4]NeonTubeBothSidesDirectional (3)
GameCore.[1]BigTrackLaneRing(Clone).[4]NeonTubeBothSidesDirectional (3).[0]BakedBloom
GameCore.[1]BigTrackLaneRing(Clone).[4]NeonTubeBothSidesDirectional (3).[1]BoxLight
GameCore.[10]BigTrackLaneRing(Clone)
GameCore.[10]BigTrackLaneRing(Clone).[0]Ring
GameCore.[10]BigTrackLaneRing(Clone).[1]NeonTubeBothSidesDirectional
GameCore.[10]BigTrackLaneRing(Clone).[1]NeonTubeBothSidesDirectional.[0]BakedBloom
GameCore.[10]BigTrackLaneRing(Clone).[1]NeonTubeBothSidesDirectional.[1]BoxLight
GameCore.[10]BigTrackLaneRing(Clone).[2]NeonTubeBothSidesDirectional (1)
GameCore.[10]BigTrackLaneRing(Clone).[2]NeonTubeBothSidesDirectional (1).[0]BakedBloom
GameCore.[10]BigTrackLaneRing(Clone).[2]NeonTubeBothSidesDirectional (1).[1]BoxLight
GameCore.[10]BigTrackLaneRing(Clone).[3]NeonTubeBothSidesDirectional (2)
GameCore.[10]BigTrackLaneRing(Clone).[3]NeonTubeBothSidesDirectional (2).[0]BakedBloom
GameCore.[10]BigTrackLaneRing(Clone).[3]NeonTubeBothSidesDirectional (2).[1]BoxLight
GameCore.[10]BigTrackLaneRing(Clone).[4]NeonTubeBothSidesDirectional (3)
GameCore.[10]BigTrackLaneRing(Clone).[4]NeonTubeBothSidesDirectional (3).[0]BakedBloom
GameCore.[10]BigTrackLaneRing(Clone).[4]NeonTubeBothSidesDirectional (3).[1]BoxLight
GameCore.[11]BigTrackLaneRing(Clone)
GameCore.[11]BigTrackLaneRing(Clone).[0]Ring
GameCore.[11]BigTrackLaneRing(Clone).[1]NeonTubeBothSidesDirectional
GameCore.[11]BigTrackLaneRing(Clone).[1]NeonTubeBothSidesDirectional.[0]BakedBloom
GameCore.[11]BigTrackLaneRing(Clone).[1]NeonTubeBothSidesDirectional.[1]BoxLight
GameCore.[11]BigTrackLaneRing(Clone).[2]NeonTubeBothSidesDirectional (1)
GameCore.[11]BigTrackLaneRing(Clone).[2]NeonTubeBothSidesDirectional (1).[0]BakedBloom
GameCore.[11]BigTrackLaneRing(Clone).[2]NeonTubeBothSidesDirectional (1).[1]BoxLight
GameCore.[11]BigTrackLaneRing(Clone).[3]NeonTubeBothSidesDirectional (2)
GameCore.[11]BigTrackLaneRing(Clone).[3]NeonTubeBothSidesDirectional (2).[0]BakedBloom
GameCore.[11]BigTrackLaneRing(Clone).[3]NeonTubeBothSidesDirectional (2).[1]BoxLight
GameCore.[11]BigTrackLaneRing(Clone).[4]NeonTubeBothSidesDirectional (3)
GameCore.[11]BigTrackLaneRing(Clone).[4]NeonTubeBothSidesDirectional (3).[0]BakedBloom
GameCore.[11]BigTrackLaneRing(Clone).[4]NeonTubeBothSidesDirectional (3).[1]BoxLight
GameCore.[12]BigTrackLaneRing(Clone)
GameCore.[12]BigTrackLaneRing(Clone).[0]Ring
GameCore.[12]BigTrackLaneRing(Clone).[1]NeonTubeBothSidesDirectional
GameCore.[12]BigTrackLaneRing(Clone).[1]NeonTubeBothSidesDirectional.[0]BakedBloom
GameCore.[12]BigTrackLaneRing(Clone).[1]NeonTubeBothSidesDirectional.[1]BoxLight
GameCore.[12]BigTrackLaneRing(Clone).[2]NeonTubeBothSidesDirectional (1)
GameCore.[12]BigTrackLaneRing(Clone).[2]NeonTubeBothSidesDirectional (1).[0]BakedBloom
GameCore.[12]BigTrackLaneRing(Clone).[2]NeonTubeBothSidesDirectional (1).[1]BoxLight
GameCore.[12]BigTrackLaneRing(Clone).[3]NeonTubeBothSidesDirectional (2)
GameCore.[12]BigTrackLaneRing(Clone).[3]NeonTubeBothSidesDirectional (2).[0]BakedBloom
GameCore.[12]BigTrackLaneRing(Clone).[3]NeonTubeBothSidesDirectional (2).[1]BoxLight
GameCore.[12]BigTrackLaneRing(Clone).[4]NeonTubeBothSidesDirectional (3)
GameCore.[12]BigTrackLaneRing(Clone).[4]NeonTubeBothSidesDirectional (3).[0]BakedBloom
GameCore.[12]BigTrackLaneRing(Clone).[4]NeonTubeBothSidesDirectional (3).[1]BoxLight
GameCore.[13]BigTrackLaneRing(Clone)
GameCore.[13]BigTrackLaneRing(Clone).[0]Ring
GameCore.[13]BigTrackLaneRing(Clone).[1]NeonTubeBothSidesDirectional
GameCore.[13]BigTrackLaneRing(Clone).[1]NeonTubeBothSidesDirectional.[0]BakedBloom
GameCore.[13]BigTrackLaneRing(Clone).[1]NeonTubeBothSidesDirectional.[1]BoxLight
GameCore.[13]BigTrackLaneRing(Clone).[2]NeonTubeBothSidesDirectional (1)
GameCore.[13]BigTrackLaneRing(Clone).[2]NeonTubeBothSidesDirectional (1).[0]BakedBloom
GameCore.[13]BigTrackLaneRing(Clone).[2]NeonTubeBothSidesDirectional (1).[1]BoxLight
GameCore.[13]BigTrackLaneRing(Clone).[3]NeonTubeBothSidesDirectional (2)
GameCore.[13]BigTrackLaneRing(Clone).[3]NeonTubeBothSidesDirectional (2).[0]BakedBloom
GameCore.[13]BigTrackLaneRing(Clone).[3]NeonTubeBothSidesDirectional (2).[1]BoxLight
GameCore.[13]BigTrackLaneRing(Clone).[4]NeonTubeBothSidesDirectional (3)
GameCore.[13]BigTrackLaneRing(Clone).[4]NeonTubeBothSidesDirectional (3).[0]BakedBloom
GameCore.[13]BigTrackLaneRing(Clone).[4]NeonTubeBothSidesDirectional (3).[1]BoxLight
GameCore.[14]BigTrackLaneRing(Clone)
GameCore.[14]BigTrackLaneRing(Clone).[0]Ring
GameCore.[14]BigTrackLaneRing(Clone).[1]NeonTubeBothSidesDirectional
GameCore.[14]BigTrackLaneRing(Clone).[1]NeonTubeBothSidesDirectional.[0]BakedBloom
GameCore.[14]BigTrackLaneRing(Clone).[1]NeonTubeBothSidesDirectional.[1]BoxLight
GameCore.[14]BigTrackLaneRing(Clone).[2]NeonTubeBothSidesDirectional (1)
GameCore.[14]BigTrackLaneRing(Clone).[2]NeonTubeBothSidesDirectional (1).[0]BakedBloom
GameCore.[14]BigTrackLaneRing(Clone).[2]NeonTubeBothSidesDirectional (1).[1]BoxLight
GameCore.[14]BigTrackLaneRing(Clone).[3]NeonTubeBothSidesDirectional (2)
GameCore.[14]BigTrackLaneRing(Clone).[3]NeonTubeBothSidesDirectional (2).[0]BakedBloom
GameCore.[14]BigTrackLaneRing(Clone).[3]NeonTubeBothSidesDirectional (2).[1]BoxLight
GameCore.[14]BigTrackLaneRing(Clone).[4]NeonTubeBothSidesDirectional (3)
GameCore.[14]BigTrackLaneRing(Clone).[4]NeonTubeBothSidesDirectional (3).[0]BakedBloom
GameCore.[14]BigTrackLaneRing(Clone).[4]NeonTubeBothSidesDirectional (3).[1]BoxLight
GameCore.[15]BigTrackLaneRing(Clone)
GameCore.[15]BigTrackLaneRing(Clone).[0]Ring
GameCore.[15]BigTrackLaneRing(Clone).[1]NeonTubeBothSidesDirectional
GameCore.[15]BigTrackLaneRing(Clone).[1]NeonTubeBothSidesDirectional.[0]BakedBloom
GameCore.[15]BigTrackLaneRing(Clone).[1]NeonTubeBothSidesDirectional.[1]BoxLight
GameCore.[15]BigTrackLaneRing(Clone).[2]NeonTubeBothSidesDirectional (1)
GameCore.[15]BigTrackLaneRing(Clone).[2]NeonTubeBothSidesDirectional (1).[0]BakedBloom
GameCore.[15]BigTrackLaneRing(Clone).[2]NeonTubeBothSidesDirectional (1).[1]BoxLight
GameCore.[15]BigTrackLaneRing(Clone).[3]NeonTubeBothSidesDirectional (2)
GameCore.[15]BigTrackLaneRing(Clone).[3]NeonTubeBothSidesDirectional (2).[0]BakedBloom
GameCore.[15]BigTrackLaneRing(Clone).[3]NeonTubeBothSidesDirectional (2).[1]BoxLight
GameCore.[15]BigTrackLaneRing(Clone).[4]NeonTubeBothSidesDirectional (3)
GameCore.[15]BigTrackLaneRing(Clone).[4]NeonTubeBothSidesDirectional (3).[0]BakedBloom
GameCore.[15]BigTrackLaneRing(Clone).[4]NeonTubeBothSidesDirectional (3).[1]BoxLight
GameCore.[2]BigTrackLaneRing(Clone)
GameCore.[2]BigTrackLaneRing(Clone).[0]Ring
GameCore.[2]BigTrackLaneRing(Clone).[1]NeonTubeBothSidesDirectional
GameCore.[2]BigTrackLaneRing(Clone).[1]NeonTubeBothSidesDirectional.[0]BakedBloom
GameCore.[2]BigTrackLaneRing(Clone).[1]NeonTubeBothSidesDirectional.[1]BoxLight
GameCore.[2]BigTrackLaneRing(Clone).[2]NeonTubeBothSidesDirectional (1)
GameCore.[2]BigTrackLaneRing(Clone).[2]NeonTubeBothSidesDirectional (1).[0]BakedBloom
GameCore.[2]BigTrackLaneRing(Clone).[2]NeonTubeBothSidesDirectional (1).[1]BoxLight
GameCore.[2]BigTrackLaneRing(Clone).[3]NeonTubeBothSidesDirectional (2)
GameCore.[2]BigTrackLaneRing(Clone).[3]NeonTubeBothSidesDirectional (2).[0]BakedBloom
GameCore.[2]BigTrackLaneRing(Clone).[3]NeonTubeBothSidesDirectional (2).[1]BoxLight
GameCore.[2]BigTrackLaneRing(Clone).[4]NeonTubeBothSidesDirectional (3)
GameCore.[2]BigTrackLaneRing(Clone).[4]NeonTubeBothSidesDirectional (3).[0]BakedBloom
GameCore.[2]BigTrackLaneRing(Clone).[4]NeonTubeBothSidesDirectional (3).[1]BoxLight
GameCore.[3]BigTrackLaneRing(Clone)
GameCore.[3]BigTrackLaneRing(Clone).[0]Ring
GameCore.[3]BigTrackLaneRing(Clone).[1]NeonTubeBothSidesDirectional
GameCore.[3]BigTrackLaneRing(Clone).[1]NeonTubeBothSidesDirectional.[0]BakedBloom
GameCore.[3]BigTrackLaneRing(Clone).[1]NeonTubeBothSidesDirectional.[1]BoxLight
GameCore.[3]BigTrackLaneRing(Clone).[2]NeonTubeBothSidesDirectional (1)
GameCore.[3]BigTrackLaneRing(Clone).[2]NeonTubeBothSidesDirectional (1).[0]BakedBloom
GameCore.[3]BigTrackLaneRing(Clone).[2]NeonTubeBothSidesDirectional (1).[1]BoxLight
GameCore.[3]BigTrackLaneRing(Clone).[3]NeonTubeBothSidesDirectional (2)
GameCore.[3]BigTrackLaneRing(Clone).[3]NeonTubeBothSidesDirectional (2).[0]BakedBloom
GameCore.[3]BigTrackLaneRing(Clone).[3]NeonTubeBothSidesDirectional (2).[1]BoxLight
GameCore.[3]BigTrackLaneRing(Clone).[4]NeonTubeBothSidesDirectional (3)
GameCore.[3]BigTrackLaneRing(Clone).[4]NeonTubeBothSidesDirectional (3).[0]BakedBloom
GameCore.[3]BigTrackLaneRing(Clone).[4]NeonTubeBothSidesDirectional (3).[1]BoxLight
GameCore.[4]BigTrackLaneRing(Clone)
GameCore.[4]BigTrackLaneRing(Clone).[0]Ring
GameCore.[4]BigTrackLaneRing(Clone).[1]NeonTubeBothSidesDirectional
GameCore.[4]BigTrackLaneRing(Clone).[1]NeonTubeBothSidesDirectional.[0]BakedBloom
GameCore.[4]BigTrackLaneRing(Clone).[1]NeonTubeBothSidesDirectional.[1]BoxLight
GameCore.[4]BigTrackLaneRing(Clone).[2]NeonTubeBothSidesDirectional (1)
GameCore.[4]BigTrackLaneRing(Clone).[2]NeonTubeBothSidesDirectional (1).[0]BakedBloom
GameCore.[4]BigTrackLaneRing(Clone).[2]NeonTubeBothSidesDirectional (1).[1]BoxLight
GameCore.[4]BigTrackLaneRing(Clone).[3]NeonTubeBothSidesDirectional (2)
GameCore.[4]BigTrackLaneRing(Clone).[3]NeonTubeBothSidesDirectional (2).[0]BakedBloom
GameCore.[4]BigTrackLaneRing(Clone).[3]NeonTubeBothSidesDirectional (2).[1]BoxLight
GameCore.[4]BigTrackLaneRing(Clone).[4]NeonTubeBothSidesDirectional (3)
GameCore.[4]BigTrackLaneRing(Clone).[4]NeonTubeBothSidesDirectional (3).[0]BakedBloom
GameCore.[4]BigTrackLaneRing(Clone).[4]NeonTubeBothSidesDirectional (3).[1]BoxLight
GameCore.[5]BigTrackLaneRing(Clone)
GameCore.[5]BigTrackLaneRing(Clone).[0]Ring
GameCore.[5]BigTrackLaneRing(Clone).[1]NeonTubeBothSidesDirectional
GameCore.[5]BigTrackLaneRing(Clone).[1]NeonTubeBothSidesDirectional.[0]BakedBloom
GameCore.[5]BigTrackLaneRing(Clone).[1]NeonTubeBothSidesDirectional.[1]BoxLight
GameCore.[5]BigTrackLaneRing(Clone).[2]NeonTubeBothSidesDirectional (1)
GameCore.[5]BigTrackLaneRing(Clone).[2]NeonTubeBothSidesDirectional (1).[0]BakedBloom
GameCore.[5]BigTrackLaneRing(Clone).[2]NeonTubeBothSidesDirectional (1).[1]BoxLight
GameCore.[5]BigTrackLaneRing(Clone).[3]NeonTubeBothSidesDirectional (2)
GameCore.[5]BigTrackLaneRing(Clone).[3]NeonTubeBothSidesDirectional (2).[0]BakedBloom
GameCore.[5]BigTrackLaneRing(Clone).[3]NeonTubeBothSidesDirectional (2).[1]BoxLight
GameCore.[5]BigTrackLaneRing(Clone).[4]NeonTubeBothSidesDirectional (3)
GameCore.[5]BigTrackLaneRing(Clone).[4]NeonTubeBothSidesDirectional (3).[0]BakedBloom
GameCore.[5]BigTrackLaneRing(Clone).[4]NeonTubeBothSidesDirectional (3).[1]BoxLight
GameCore.[6]BigTrackLaneRing(Clone)
GameCore.[6]BigTrackLaneRing(Clone).[0]Ring
GameCore.[6]BigTrackLaneRing(Clone).[1]NeonTubeBothSidesDirectional
GameCore.[6]BigTrackLaneRing(Clone).[1]NeonTubeBothSidesDirectional.[0]BakedBloom
GameCore.[6]BigTrackLaneRing(Clone).[1]NeonTubeBothSidesDirectional.[1]BoxLight
GameCore.[6]BigTrackLaneRing(Clone).[2]NeonTubeBothSidesDirectional (1)
GameCore.[6]BigTrackLaneRing(Clone).[2]NeonTubeBothSidesDirectional (1).[0]BakedBloom
GameCore.[6]BigTrackLaneRing(Clone).[2]NeonTubeBothSidesDirectional (1).[1]BoxLight
GameCore.[6]BigTrackLaneRing(Clone).[3]NeonTubeBothSidesDirectional (2)
GameCore.[6]BigTrackLaneRing(Clone).[3]NeonTubeBothSidesDirectional (2).[0]BakedBloom
GameCore.[6]BigTrackLaneRing(Clone).[3]NeonTubeBothSidesDirectional (2).[1]BoxLight
GameCore.[6]BigTrackLaneRing(Clone).[4]NeonTubeBothSidesDirectional (3)
GameCore.[6]BigTrackLaneRing(Clone).[4]NeonTubeBothSidesDirectional (3).[0]BakedBloom
GameCore.[6]BigTrackLaneRing(Clone).[4]NeonTubeBothSidesDirectional (3).[1]BoxLight
GameCore.[7]BigTrackLaneRing(Clone)
GameCore.[7]BigTrackLaneRing(Clone).[0]Ring
GameCore.[7]BigTrackLaneRing(Clone).[1]NeonTubeBothSidesDirectional
GameCore.[7]BigTrackLaneRing(Clone).[1]NeonTubeBothSidesDirectional.[0]BakedBloom
GameCore.[7]BigTrackLaneRing(Clone).[1]NeonTubeBothSidesDirectional.[1]BoxLight
GameCore.[7]BigTrackLaneRing(Clone).[2]NeonTubeBothSidesDirectional (1)
GameCore.[7]BigTrackLaneRing(Clone).[2]NeonTubeBothSidesDirectional (1).[0]BakedBloom
GameCore.[7]BigTrackLaneRing(Clone).[2]NeonTubeBothSidesDirectional (1).[1]BoxLight
GameCore.[7]BigTrackLaneRing(Clone).[3]NeonTubeBothSidesDirectional (2)
GameCore.[7]BigTrackLaneRing(Clone).[3]NeonTubeBothSidesDirectional (2).[0]BakedBloom
GameCore.[7]BigTrackLaneRing(Clone).[3]NeonTubeBothSidesDirectional (2).[1]BoxLight
GameCore.[7]BigTrackLaneRing(Clone).[4]NeonTubeBothSidesDirectional (3)
GameCore.[7]BigTrackLaneRing(Clone).[4]NeonTubeBothSidesDirectional (3).[0]BakedBloom
GameCore.[7]BigTrackLaneRing(Clone).[4]NeonTubeBothSidesDirectional (3).[1]BoxLight
GameCore.[8]BigTrackLaneRing(Clone)
GameCore.[8]BigTrackLaneRing(Clone).[0]Ring
GameCore.[8]BigTrackLaneRing(Clone).[1]NeonTubeBothSidesDirectional
GameCore.[8]BigTrackLaneRing(Clone).[1]NeonTubeBothSidesDirectional.[0]BakedBloom
GameCore.[8]BigTrackLaneRing(Clone).[1]NeonTubeBothSidesDirectional.[1]BoxLight
GameCore.[8]BigTrackLaneRing(Clone).[2]NeonTubeBothSidesDirectional (1)
GameCore.[8]BigTrackLaneRing(Clone).[2]NeonTubeBothSidesDirectional (1).[0]BakedBloom
GameCore.[8]BigTrackLaneRing(Clone).[2]NeonTubeBothSidesDirectional (1).[1]BoxLight
GameCore.[8]BigTrackLaneRing(Clone).[3]NeonTubeBothSidesDirectional (2)
GameCore.[8]BigTrackLaneRing(Clone).[3]NeonTubeBothSidesDirectional (2).[0]BakedBloom
GameCore.[8]BigTrackLaneRing(Clone).[3]NeonTubeBothSidesDirectional (2).[1]BoxLight
GameCore.[8]BigTrackLaneRing(Clone).[4]NeonTubeBothSidesDirectional (3)
GameCore.[8]BigTrackLaneRing(Clone).[4]NeonTubeBothSidesDirectional (3).[0]BakedBloom
GameCore.[8]BigTrackLaneRing(Clone).[4]NeonTubeBothSidesDirectional (3).[1]BoxLight
GameCore.[9]BigTrackLaneRing(Clone)
GameCore.[9]BigTrackLaneRing(Clone).[0]Ring
GameCore.[9]BigTrackLaneRing(Clone).[1]NeonTubeBothSidesDirectional
GameCore.[9]BigTrackLaneRing(Clone).[1]NeonTubeBothSidesDirectional.[0]BakedBloom
GameCore.[9]BigTrackLaneRing(Clone).[1]NeonTubeBothSidesDirectional.[1]BoxLight
GameCore.[9]BigTrackLaneRing(Clone).[2]NeonTubeBothSidesDirectional (1)
GameCore.[9]BigTrackLaneRing(Clone).[2]NeonTubeBothSidesDirectional (1).[0]BakedBloom
GameCore.[9]BigTrackLaneRing(Clone).[2]NeonTubeBothSidesDirectional (1).[1]BoxLight
GameCore.[9]BigTrackLaneRing(Clone).[3]NeonTubeBothSidesDirectional (2)
GameCore.[9]BigTrackLaneRing(Clone).[3]NeonTubeBothSidesDirectional (2).[0]BakedBloom
GameCore.[9]BigTrackLaneRing(Clone).[3]NeonTubeBothSidesDirectional (2).[1]BoxLight
GameCore.[9]BigTrackLaneRing(Clone).[4]NeonTubeBothSidesDirectional (3)
GameCore.[9]BigTrackLaneRing(Clone).[4]NeonTubeBothSidesDirectional (3).[0]BakedBloom
GameCore.[9]BigTrackLaneRing(Clone).[4]NeonTubeBothSidesDirectional (3).[1]BoxLight