CrabRaveEnvironment.[0]Environment
CrabRaveEnvironment.[0]Environment.[0]DecoratorContext
CrabRaveEnvironment.[0]Environment.[1]SceneSetup
CrabRaveEnvironment.[0]Environment.[10]====== DYNAMIC ======
CrabRaveEnvironment.[0]Environment.[11]BasicGameHUD
CrabRaveEnvironment.[0]Environment.[11]BasicGameHUD.[0]EnergyPanel
CrabRaveEnvironment.[0]Environment.[11]BasicGameHUD.[0]EnergyPanel.[0]BG
CrabRaveEnvironment.[0]Environment.[11]BasicGameHUD.[0]EnergyPanel.[1]BarBG
CrabRaveEnvironment.[0]Environment.[11]BasicGameHUD.[0]EnergyPanel.[2]EnergyIconEmpty
CrabRaveEnvironment.[0]Environment.[11]BasicGameHUD.[0]EnergyPanel.[3]EnergyIconFull
CrabRaveEnvironment.[0]Environment.[11]BasicGameHUD.[0]EnergyPanel.[4]EnergyBarWrapper
CrabRaveEnvironment.[0]Environment.[11]BasicGameHUD.[0]EnergyPanel.[4]EnergyBarWrapper.[0]EnergyBar
CrabRaveEnvironment.[0]Environment.[11]BasicGameHUD.[0]EnergyPanel.[5]Laser
CrabRaveEnvironment.[0]Environment.[11]BasicGameHUD.[0]EnergyPanel.[5]Laser.[0]BoxLight
CrabRaveEnvironment.[0]Environment.[11]BasicGameHUD.[0]EnergyPanel.[5]Laser.[1]BakedBloom
CrabRaveEnvironment.[0]Environment.[11]BasicGameHUD.[0]EnergyPanel.[6]FailIcon
CrabRaveEnvironment.[0]Environment.[11]BasicGameHUD.[1]LeftPanel
CrabRaveEnvironment.[0]Environment.[11]BasicGameHUD.[1]LeftPanel.[0]BG
CrabRaveEnvironment.[0]Environment.[11]BasicGameHUD.[1]LeftPanel.[1]Top
CrabRaveEnvironment.[0]Environment.[11]BasicGameHUD.[1]LeftPanel.[2]ComboPanel
CrabRaveEnvironment.[0]Environment.[11]BasicGameHUD.[1]LeftPanel.[2]ComboPanel.[0]ComboText
CrabRaveEnvironment.[0]Environment.[11]BasicGameHUD.[1]LeftPanel.[2]ComboPanel.[1]ComboCanvas
CrabRaveEnvironment.[0]Environment.[11]BasicGameHUD.[1]LeftPanel.[2]ComboPanel.[1]ComboCanvas.[0]NumText
CrabRaveEnvironment.[0]Environment.[11]BasicGameHUD.[1]LeftPanel.[2]ComboPanel.[2]Line0
CrabRaveEnvironment.[0]Environment.[11]BasicGameHUD.[1]LeftPanel.[2]ComboPanel.[3]Line1
CrabRaveEnvironment.[0]Environment.[11]BasicGameHUD.[1]LeftPanel.[3]ScoreCanvas
CrabRaveEnvironment.[0]Environment.[11]BasicGameHUD.[1]LeftPanel.[3]ScoreCanvas.[0]ScoreText
CrabRaveEnvironment.[0]Environment.[11]BasicGameHUD.[1]LeftPanel.[3]ScoreCanvas.[1]ImmediateRankText
CrabRaveEnvironment.[0]Environment.[11]BasicGameHUD.[1]LeftPanel.[3]ScoreCanvas.[2]RelativeScoreText
CrabRaveEnvironment.[0]Environment.[11]BasicGameHUD.[2]RightPanel
CrabRaveEnvironment.[0]Environment.[11]BasicGameHUD.[2]RightPanel.[0]BG
CrabRaveEnvironment.[0]Environment.[11]BasicGameHUD.[2]RightPanel.[1]Top
CrabRaveEnvironment.[0]Environment.[11]BasicGameHUD.[2]RightPanel.[2]MultiplierCanvas
CrabRaveEnvironment.[0]Environment.[11]BasicGameHUD.[2]RightPanel.[2]MultiplierCanvas.[0]BGCircle
CrabRaveEnvironment.[0]Environment.[11]BasicGameHUD.[2]RightPanel.[2]MultiplierCanvas.[1]FGCircle
CrabRaveEnvironment.[0]Environment.[11]BasicGameHUD.[2]RightPanel.[2]MultiplierCanvas.[2]AnimationCircle
CrabRaveEnvironment.[0]Environment.[11]BasicGameHUD.[2]RightPanel.[2]MultiplierCanvas.[3]TextOverlayPanelOutline1
CrabRaveEnvironment.[0]Environment.[11]BasicGameHUD.[2]RightPanel.[2]MultiplierCanvas.[3]TextOverlayPanelOutline1.[0]XText
CrabRaveEnvironment.[0]Environment.[11]BasicGameHUD.[2]RightPanel.[2]MultiplierCanvas.[3]TextOverlayPanelOutline1.[1]NumText
CrabRaveEnvironment.[0]Environment.[11]BasicGameHUD.[2]RightPanel.[2]MultiplierCanvas.[4]TextOverlayPanelOutline0
CrabRaveEnvironment.[0]Environment.[11]BasicGameHUD.[2]RightPanel.[2]MultiplierCanvas.[4]TextOverlayPanelOutline0.[0]XText
CrabRaveEnvironment.[0]Environment.[11]BasicGameHUD.[2]RightPanel.[2]MultiplierCanvas.[4]TextOverlayPanelOutline0.[1]NumText
CrabRaveEnvironment.[0]Environment.[11]BasicGameHUD.[2]RightPanel.[2]MultiplierCanvas.[5]TextPanel
CrabRaveEnvironment.[0]Environment.[11]BasicGameHUD.[2]RightPanel.[2]MultiplierCanvas.[5]TextPanel.[0]XText
CrabRaveEnvironment.[0]Environment.[11]BasicGameHUD.[2]RightPanel.[2]MultiplierCanvas.[5]TextPanel.[1]NumText
CrabRaveEnvironment.[0]Environment.[11]BasicGameHUD.[2]RightPanel.[3]SongProgressCanvas
CrabRaveEnvironment.[0]Environment.[11]BasicGameHUD.[2]RightPanel.[3]SongProgressCanvas.[0]Progress
CrabRaveEnvironment.[0]Environment.[11]BasicGameHUD.[2]RightPanel.[3]SongProgressCanvas.[1]Slider
CrabRaveEnvironment.[0]Environment.[11]BasicGameHUD.[2]RightPanel.[3]SongProgressCanvas.[1]Slider.[0]Background
CrabRaveEnvironment.[0]Environment.[11]BasicGameHUD.[2]RightPanel.[3]SongProgressCanvas.[1]Slider.[1]Handle Slide Area
CrabRaveEnvironment.[0]Environment.[11]BasicGameHUD.[2]RightPanel.[3]SongProgressCanvas.[1]Slider.[1]Handle Slide Area.[0]Handle
CrabRaveEnvironment.[0]Environment.[11]BasicGameHUD.[2]RightPanel.[3]SongProgressCanvas.[2]DurationMinutes
CrabRaveEnvironment.[0]Environment.[11]BasicGameHUD.[2]RightPanel.[3]SongProgressCanvas.[3]DurationSeconds
CrabRaveEnvironment.[0]Environment.[11]BasicGameHUD.[2]RightPanel.[3]SongProgressCanvas.[4]ProgressMinutes
CrabRaveEnvironment.[0]Environment.[11]BasicGameHUD.[2]RightPanel.[3]SongProgressCanvas.[5]ProgressSeconds
CrabRaveEnvironment.[0]Environment.[11]BasicGameHUD.[2]RightPanel.[3]SongProgressCanvas.[6]BG
CrabRaveEnvironment.[0]Environment.[12]MonstercatLogoL
CrabRaveEnvironment.[0]Environment.[13]MonstercatLogoR
CrabRaveEnvironment.[0]Environment.[14]Spectrograms
CrabRaveEnvironment.[0]Environment.[14]Spectrograms.[0]Spectrogram
CrabRaveEnvironment.[0]Environment.[14]Spectrograms.[0]Spectrogram.[0]Spectrogram0
CrabRaveEnvironment.[0]Environment.[14]Spectrograms.[0]Spectrogram.[1]Spectrogram1
CrabRaveEnvironment.[0]Environment.[14]Spectrograms.[1]Spectrogram
CrabRaveEnvironment.[0]Environment.[14]Spectrograms.[1]Spectrogram.[0]Spectrogram0
CrabRaveEnvironment.[0]Environment.[14]Spectrograms.[1]Spectrogram.[1]Spectrogram1
CrabRaveEnvironment.[0]Environment.[15]SmallTrackLaneRings
CrabRaveEnvironment.[0]Environment.[16]BigSmokePS
CrabRaveEnvironment.[0]Environment.[17]DustPS
CrabRaveEnvironment.[0]Environment.[18]====== LIGHTS ======
CrabRaveEnvironment.[0]Environment.[19]CoreLighting
CrabRaveEnvironment.[0]Environment.[19]CoreLighting.[0]LightManager
CrabRaveEnvironment.[0]Environment.[19]CoreLighting.[1]LightWrapper0
CrabRaveEnvironment.[0]Environment.[19]CoreLighting.[1]LightWrapper0.[0]DirectionalLight
CrabRaveEnvironment.[0]Environment.[19]CoreLighting.[2]LightWrapper1
CrabRaveEnvironment.[0]Environment.[19]CoreLighting.[2]LightWrapper1.[0]DirectionalLight
CrabRaveEnvironment.[0]Environment.[19]CoreLighting.[3]DirectionalLight
CrabRaveEnvironment.[0]Environment.[19]CoreLighting.[4]DirectionalLight
CrabRaveEnvironment.[0]Environment.[19]CoreLighting.[5]DirectionalLight
CrabRaveEnvironment.[0]Environment.[2]====== STATIC ======
CrabRaveEnvironment.[0]Environment.[20]LightWithIdManager
CrabRaveEnvironment.[0]Environment.[21]LightEffects
CrabRaveEnvironment.[0]Environment.[22]FrontLights
CrabRaveEnvironment.[0]Environment.[22]FrontLights.[0]NeonTube
CrabRaveEnvironment.[0]Environment.[22]FrontLights.[0]NeonTube.[0]BakedBloom
CrabRaveEnvironment.[0]Environment.[22]FrontLights.[0]NeonTube.[1]BoxLight
CrabRaveEnvironment.[0]Environment.[22]FrontLights.[1]NeonTube (1)
CrabRaveEnvironment.[0]Environment.[22]FrontLights.[1]NeonTube (1).[0]BakedBloom
CrabRaveEnvironment.[0]Environment.[22]FrontLights.[1]NeonTube (1).[1]BoxLight
CrabRaveEnvironment.[0]Environment.[23]GlowTopLine (5)
CrabRaveEnvironment.[0]Environment.[23]GlowTopLine (5).[0]BakedBloom
CrabRaveEnvironment.[0]Environment.[23]GlowTopLine (5).[1]BoxLight
CrabRaveEnvironment.[0]Environment.[24]GlowTopLine (6)
CrabRaveEnvironment.[0]Environment.[24]GlowTopLine (6).[0]BakedBloom
CrabRaveEnvironment.[0]Environment.[24]GlowTopLine (6).[1]BoxLight
CrabRaveEnvironment.[0]Environment.[25]GlowTopLine (7)
CrabRaveEnvironment.[0]Environment.[25]GlowTopLine (7).[0]BakedBloom
CrabRaveEnvironment.[0]Environment.[25]GlowTopLine (7).[1]BoxLight
CrabRaveEnvironment.[0]Environment.[26]GlowTopLine (8)
CrabRaveEnvironment.[0]Environment.[26]GlowTopLine (8).[0]BakedBloom
CrabRaveEnvironment.[0]Environment.[26]GlowTopLine (8).[1]BoxLight
CrabRaveEnvironment.[0]Environment.[27]GlowTopLine (9)
CrabRaveEnvironment.[0]Environment.[27]GlowTopLine (9).[0]BakedBloom
CrabRaveEnvironment.[0]Environment.[27]GlowTopLine (9).[1]BoxLight
CrabRaveEnvironment.[0]Environment.[28]GlowTopLine (10)
CrabRaveEnvironment.[0]Environment.[28]GlowTopLine (10).[0]BakedBloom
CrabRaveEnvironment.[0]Environment.[28]GlowTopLine (10).[1]BoxLight
CrabRaveEnvironment.[0]Environment.[29]GlowTopLine (11)
CrabRaveEnvironment.[0]Environment.[29]GlowTopLine (11).[0]BakedBloom
CrabRaveEnvironment.[0]Environment.[29]GlowTopLine (11).[1]BoxLight
CrabRaveEnvironment.[0]Environment.[3]NearBuildingRight
CrabRaveEnvironment.[0]Environment.[3]NearBuildingRight.[0]CombinedMesh
CrabRaveEnvironment.[0]Environment.[3]NearBuildingRight.[1]Neon
CrabRaveEnvironment.[0]Environment.[3]NearBuildingRight.[1]Neon.[0]BakedBloom
CrabRaveEnvironment.[0]Environment.[3]NearBuildingRight.[1]Neon.[1]BoxLight
CrabRaveEnvironment.[0]Environment.[3]NearBuildingRight.[2]Neon (1)
CrabRaveEnvironment.[0]Environment.[3]NearBuildingRight.[2]Neon (1).[0]BakedBloom
CrabRaveEnvironment.[0]Environment.[3]NearBuildingRight.[2]Neon (1).[1]BoxLight
CrabRaveEnvironment.[0]Environment.[3]NearBuildingRight.[3]Neon (2)
CrabRaveEnvironment.[0]Environment.[3]NearBuildingRight.[3]Neon (2).[0]BakedBloom
CrabRaveEnvironment.[0]Environment.[3]NearBuildingRight.[3]Neon (2).[1]BoxLight
CrabRaveEnvironment.[0]Environment.[30]GlowLineL
CrabRaveEnvironment.[0]Environment.[30]GlowLineL.[0]BakedBloom
CrabRaveEnvironment.[0]Environment.[30]GlowLineL.[1]BoxLight
CrabRaveEnvironment.[0]Environment.[31]GlowLineR
CrabRaveEnvironment.[0]Environment.[31]GlowLineR.[0]BakedBloom
CrabRaveEnvironment.[0]Environment.[31]GlowLineR.[1]BoxLight
CrabRaveEnvironment.[0]Environment.[32]GlowLineL (1)
CrabRaveEnvironment.[0]Environment.[32]GlowLineL (1).[0]BakedBloom
CrabRaveEnvironment.[0]Environment.[32]GlowLineL (1).[1]BoxLight
CrabRaveEnvironment.[0]Environment.[33]GlowLineR (1)
CrabRaveEnvironment.[0]Environment.[33]GlowLineR (1).[0]BakedBloom
CrabRaveEnvironment.[0]Environment.[33]GlowLineR (1).[1]BoxLight
CrabRaveEnvironment.[0]Environment.[34]Laser (4)
CrabRaveEnvironment.[0]Environment.[34]Laser (4).[0]BakedBloom
CrabRaveEnvironment.[0]Environment.[34]Laser (4).[1]BoxLight
CrabRaveEnvironment.[0]Environment.[35]Laser (5)
CrabRaveEnvironment.[0]Environment.[35]Laser (5).[0]BakedBloom
CrabRaveEnvironment.[0]Environment.[35]Laser (5).[1]BoxLight
CrabRaveEnvironment.[0]Environment.[36]Laser (7)
CrabRaveEnvironment.[0]Environment.[36]Laser (7).[0]BakedBloom
CrabRaveEnvironment.[0]Environment.[36]Laser (7).[1]BoxLight
CrabRaveEnvironment.[0]Environment.[37]Laser (8)
CrabRaveEnvironment.[0]Environment.[37]Laser (8).[0]BakedBloom
CrabRaveEnvironment.[0]Environment.[37]Laser (8).[1]BoxLight
CrabRaveEnvironment.[0]Environment.[38]Laser (9)
CrabRaveEnvironment.[0]Environment.[38]Laser (9).[0]BakedBloom
CrabRaveEnvironment.[0]Environment.[38]Laser (9).[1]BoxLight
CrabRaveEnvironment.[0]Environment.[39]Laser (10)
CrabRaveEnvironment.[0]Environment.[39]Laser (10).[0]BakedBloom
CrabRaveEnvironment.[0]Environment.[39]Laser (10).[1]BoxLight
CrabRaveEnvironment.[0]Environment.[4]NearBuildingLeft
CrabRaveEnvironment.[0]Environment.[4]NearBuildingLeft.[0]CombinedMesh
CrabRaveEnvironment.[0]Environment.[4]NearBuildingLeft.[1]Neon
CrabRaveEnvironment.[0]Environment.[4]NearBuildingLeft.[1]Neon.[0]BakedBloom
CrabRaveEnvironment.[0]Environment.[4]NearBuildingLeft.[1]Neon.[1]BoxLight
CrabRaveEnvironment.[0]Environment.[4]NearBuildingLeft.[2]Neon (1)
CrabRaveEnvironment.[0]Environment.[4]NearBuildingLeft.[2]Neon (1).[0]BakedBloom
CrabRaveEnvironment.[0]Environment.[4]NearBuildingLeft.[2]Neon (1).[1]BoxLight
CrabRaveEnvironment.[0]Environment.[4]NearBuildingLeft.[3]Neon (2)
CrabRaveEnvironment.[0]Environment.[4]NearBuildingLeft.[3]Neon (2).[0]BakedBloom
CrabRaveEnvironment.[0]Environment.[4]NearBuildingLeft.[3]Neon (2).[1]BoxLight
CrabRaveEnvironment.[0]Environment.[40]Laser (11)
CrabRaveEnvironment.[0]Environment.[40]Laser (11).[0]BakedBloom
CrabRaveEnvironment.[0]Environment.[40]Laser (11).[1]BoxLight
CrabRaveEnvironment.[0]Environment.[41]Laser (12)
CrabRaveEnvironment.[0]Environment.[41]Laser (12).[0]BakedBloom
CrabRaveEnvironment.[0]Environment.[41]Laser (12).[1]BoxLight
CrabRaveEnvironment.[0]Environment.[42]RotatingLasersPair (1)
CrabRaveEnvironment.[0]Environment.[42]RotatingLasersPair (1).[0]BaseL
CrabRaveEnvironment.[0]Environment.[42]RotatingLasersPair (1).[0]BaseL.[0]Laser
CrabRaveEnvironment.[0]Environment.[42]RotatingLasersPair (1).[0]BaseL.[0]Laser.[0]BakedBloom
CrabRaveEnvironment.[0]Environment.[42]RotatingLasersPair (1).[0]BaseL.[0]Laser.[1]BoxLight
CrabRaveEnvironment.[0]Environment.[42]RotatingLasersPair (1).[1]BaseR
CrabRaveEnvironment.[0]Environment.[42]RotatingLasersPair (1).[1]BaseR.[0]Laser
CrabRaveEnvironment.[0]Environment.[42]RotatingLasersPair (1).[1]BaseR.[0]Laser.[0]BakedBloom
CrabRaveEnvironment.[0]Environment.[42]RotatingLasersPair (1).[1]BaseR.[0]Laser.[1]BoxLight
CrabRaveEnvironment.[0]Environment.[43]RotatingLasersPair (2)
CrabRaveEnvironment.[0]Environment.[43]RotatingLasersPair (2).[0]BaseL
CrabRaveEnvironment.[0]Environment.[43]RotatingLasersPair (2).[0]BaseL.[0]Laser
CrabRaveEnvironment.[0]Environment.[43]RotatingLasersPair (2).[0]BaseL.[0]Laser.[0]BakedBloom
CrabRaveEnvironment.[0]Environment.[43]RotatingLasersPair (2).[0]BaseL.[0]Laser.[1]BoxLight
CrabRaveEnvironment.[0]Environment.[43]RotatingLasersPair (2).[1]BaseR
CrabRaveEnvironment.[0]Environment.[43]RotatingLasersPair (2).[1]BaseR.[0]Laser
CrabRaveEnvironment.[0]Environment.[43]RotatingLasersPair (2).[1]BaseR.[0]Laser.[0]BakedBloom
CrabRaveEnvironment.[0]Environment.[43]RotatingLasersPair (2).[1]BaseR.[0]Laser.[1]BoxLight
CrabRaveEnvironment.[0]Environment.[44]RotatingLasersPair (3)
CrabRaveEnvironment.[0]Environment.[44]RotatingLasersPair (3).[0]BaseL
CrabRaveEnvironment.[0]Environment.[44]RotatingLasersPair (3).[0]BaseL.[0]Laser
CrabRaveEnvironment.[0]Environment.[44]RotatingLasersPair (3).[0]BaseL.[0]Laser.[0]BakedBloom
CrabRaveEnvironment.[0]Environment.[44]RotatingLasersPair (3).[0]BaseL.[0]Laser.[1]BoxLight
CrabRaveEnvironment.[0]Environment.[44]RotatingLasersPair (3).[1]BaseR
CrabRaveEnvironment.[0]Environment.[44]RotatingLasersPair (3).[1]BaseR.[0]Laser
CrabRaveEnvironment.[0]Environment.[44]RotatingLasersPair (3).[1]BaseR.[0]Laser.[0]BakedBloom
CrabRaveEnvironment.[0]Environment.[44]RotatingLasersPair (3).[1]BaseR.[0]Laser.[1]BoxLight
CrabRaveEnvironment.[0]Environment.[45]RotatingLasersPair
CrabRaveEnvironment.[0]Environment.[45]RotatingLasersPair.[0]BaseL
CrabRaveEnvironment.[0]Environment.[45]RotatingLasersPair.[0]BaseL.[0]Laser
CrabRaveEnvironment.[0]Environment.[45]RotatingLasersPair.[0]BaseL.[0]Laser.[0]BakedBloom
CrabRaveEnvironment.[0]Environment.[45]RotatingLasersPair.[0]BaseL.[0]Laser.[1]BoxLight
CrabRaveEnvironment.[0]Environment.[45]RotatingLasersPair.[1]BaseR
CrabRaveEnvironment.[0]Environment.[45]RotatingLasersPair.[1]BaseR.[0]Laser
CrabRaveEnvironment.[0]Environment.[45]RotatingLasersPair.[1]BaseR.[0]Laser.[0]BakedBloom
CrabRaveEnvironment.[0]Environment.[45]RotatingLasersPair.[1]BaseR.[0]Laser.[1]BoxLight
CrabRaveEnvironment.[0]Environment.[46]RotatingLasersPair (4)
CrabRaveEnvironment.[0]Environment.[46]RotatingLasersPair (4).[0]BaseL
CrabRaveEnvironment.[0]Environment.[46]RotatingLasersPair (4).[0]BaseL.[0]Laser
CrabRaveEnvironment.[0]Environment.[46]RotatingLasersPair (4).[0]BaseL.[0]Laser.[0]BakedBloom
CrabRaveEnvironment.[0]Environment.[46]RotatingLasersPair (4).[0]BaseL.[0]Laser.[1]BoxLight
CrabRaveEnvironment.[0]Environment.[46]RotatingLasersPair (4).[1]BaseR
CrabRaveEnvironment.[0]Environment.[46]RotatingLasersPair (4).[1]BaseR.[0]Laser
CrabRaveEnvironment.[0]Environment.[46]RotatingLasersPair (4).[1]BaseR.[0]Laser.[0]BakedBloom
CrabRaveEnvironment.[0]Environment.[46]RotatingLasersPair (4).[1]BaseR.[0]Laser.[1]BoxLight
CrabRaveEnvironment.[0]Environment.[47]GradientBackground
CrabRaveEnvironment.[0]Environment.[48]BakedReflectionProbe
CrabRaveEnvironment.[0]Environment.[49]BSBakedLightingLightWithIds
CrabRaveEnvironment.[0]Environment.[5]PlayersPlace
CrabRaveEnvironment.[0]Environment.[5]PlayersPlace.[0]Mirror
CrabRaveEnvironment.[0]Environment.[5]PlayersPlace.[1]Feet
CrabRaveEnvironment.[0]Environment.[5]PlayersPlace.[2]Construction
CrabRaveEnvironment.[0]Environment.[5]PlayersPlace.[3]RectangleFakeGlow
CrabRaveEnvironment.[0]Environment.[5]PlayersPlace.[4]SaberBurnMarksParticles
CrabRaveEnvironment.[0]Environment.[5]PlayersPlace.[4]SaberBurnMarksParticles.[0]SaberBurnMarkSparklePS
CrabRaveEnvironment.[0]Environment.[5]PlayersPlace.[5]SaberBurnMarksArea
CrabRaveEnvironment.[0]Environment.[5]PlayersPlace.[6]Collider
CrabRaveEnvironment.[0]Environment.[50]FakeMirrorSettings
CrabRaveEnvironment.[0]Environment.[51]BakedReflectionProbeInstaller
CrabRaveEnvironment.[0]Environment.[6]TrackMirror
CrabRaveEnvironment.[0]Environment.[6]TrackMirror.[0]TrackMirrorSetDepth
CrabRaveEnvironment.[0]Environment.[7]VConstruction
CrabRaveEnvironment.[0]Environment.[8]FarBuildings
CrabRaveEnvironment.[0]Environment.[9]Construction
CrabRaveEnvironment.[1]CinemaPlaybackController
CrabRaveEnvironment.[1]CinemaPlaybackController.[0]CinemaScreen
CrabRaveEnvironment.[1]CinemaPlaybackController.[0]CinemaScreen.[0]Body
GameCore.[1]SmallTrackLaneRing(Clone)
GameCore.[1]SmallTrackLaneRing(Clone).[0]Ring
GameCore.[10]SmallTrackLaneRing(Clone)
GameCore.[10]SmallTrackLaneRing(Clone).[0]Ring
GameCore.[11]SmallTrackLaneRing(Clone)
GameCore.[11]SmallTrackLaneRing(Clone).[0]Ring
GameCore.[12]SmallTrackLaneRing(Clone)
GameCore.[12]SmallTrackLaneRing(Clone).[0]Ring
GameCore.[13]SmallTrackLaneRing(Clone)
GameCore.[13]SmallTrackLaneRing(Clone).[0]Ring
GameCore.[14]SmallTrackLaneRing(Clone)
GameCore.[14]SmallTrackLaneRing(Clone).[0]Ring
GameCore.[15]SmallTrackLaneRing(Clone)
GameCore.[15]SmallTrackLaneRing(Clone).[0]Ring
GameCore.[16]SmallTrackLaneRing(Clone)
GameCore.[16]SmallTrackLaneRing(Clone).[0]Ring
GameCore.[17]SmallTrackLaneRing(Clone)
GameCore.[17]SmallTrackLaneRing(Clone).[0]Ring
GameCore.[18]SmallTrackLaneRing(Clone)
GameCore.[18]SmallTrackLaneRing(Clone).[0]Ring
GameCore.[19]SmallTrackLaneRing(Clone)
GameCore.[19]SmallTrackLaneRing(Clone).[0]Ring
GameCore.[2]SmallTrackLaneRing(Clone)
GameCore.[2]SmallTrackLaneRing(Clone).[0]Ring
GameCore.[20]SmallTrackLaneRing(Clone)
GameCore.[20]SmallTrackLaneRing(Clone).[0]Ring
GameCore.[3]SmallTrackLaneRing(Clone)
GameCore.[3]SmallTrackLaneRing(Clone).[0]Ring
GameCore.[4]SmallTrackLaneRing(Clone)
GameCore.[4]SmallTrackLaneRing(Clone).[0]Ring
GameCore.[5]SmallTrackLaneRing(Clone)
GameCore.[5]SmallTrackLaneRing(Clone).[0]Ring
GameCore.[6]SmallTrackLaneRing(Clone)
GameCore.[6]SmallTrackLaneRing(Clone).[0]Ring
GameCore.[7]SmallTrackLaneRing(Clone)
GameCore.[7]SmallTrackLaneRing(Clone).[0]Ring
GameCore.[8]SmallTrackLaneRing(Clone)
GameCore.[8]SmallTrackLaneRing(Clone).[0]Ring
GameCore.[9]SmallTrackLaneRing(Clone)
GameCore.[9]SmallTrackLaneRing(Clone).[0]Ring