DefaultEnvironment.[0]Environment
DefaultEnvironment.[0]Environment.[0]DecoratorContext
DefaultEnvironment.[0]Environment.[1]SceneSetup
DefaultEnvironment.[0]Environment.[10]NearBuildingLeft (1)
DefaultEnvironment.[0]Environment.[10]NearBuildingLeft (1).[0]Mesh
DefaultEnvironment.[0]Environment.[10]NearBuildingLeft (1).[1]NeonTubeDirectional
DefaultEnvironment.[0]Environment.[10]NearBuildingLeft (1).[1]NeonTubeDirectional.[0]BakedBloom
DefaultEnvironment.[0]Environment.[10]NearBuildingLeft (1).[1]NeonTubeDirectional.[1]BoxLight
DefaultEnvironment.[0]Environment.[10]NearBuildingLeft (1).[2]NeonTubeDirectional (1)
DefaultEnvironment.[0]Environment.[10]NearBuildingLeft (1).[2]NeonTubeDirectional (1).[0]BakedBloom
DefaultEnvironment.[0]Environment.[10]NearBuildingLeft (1).[2]NeonTubeDirectional (1).[1]BoxLight
DefaultEnvironment.[0]Environment.[10]NearBuildingLeft (1).[3]NeonTube (2)
DefaultEnvironment.[0]Environment.[10]NearBuildingLeft (1).[3]NeonTube (2).[0]BakedBloom
DefaultEnvironment.[0]Environment.[10]NearBuildingLeft (1).[3]NeonTube (2).[1]BoxLight
DefaultEnvironment.[0]Environment.[11]NearBuildingRight (1)
DefaultEnvironment.[0]Environment.[11]NearBuildingRight (1).[0]Mesh
DefaultEnvironment.[0]Environment.[11]NearBuildingRight (1).[1]NeonTubeDirectional
DefaultEnvironment.[0]Environment.[11]NearBuildingRight (1).[1]NeonTubeDirectional.[0]BakedBloom
DefaultEnvironment.[0]Environment.[11]NearBuildingRight (1).[1]NeonTubeDirectional.[1]BoxLight
DefaultEnvironment.[0]Environment.[11]NearBuildingRight (1).[2]NeonTubeDirectional (1)
DefaultEnvironment.[0]Environment.[11]NearBuildingRight (1).[2]NeonTubeDirectional (1).[0]BakedBloom
DefaultEnvironment.[0]Environment.[11]NearBuildingRight (1).[2]NeonTubeDirectional (1).[1]BoxLight
DefaultEnvironment.[0]Environment.[11]NearBuildingRight (1).[3]NeonTube (2)
DefaultEnvironment.[0]Environment.[11]NearBuildingRight (1).[3]NeonTube (2).[0]BakedBloom
DefaultEnvironment.[0]Environment.[11]NearBuildingRight (1).[3]NeonTube (2).[1]BoxLight
DefaultEnvironment.[0]Environment.[12]NearBuildingLeft (2)
DefaultEnvironment.[0]Environment.[12]NearBuildingLeft (2).[0]Mesh
DefaultEnvironment.[0]Environment.[12]NearBuildingLeft (2).[1]NeonTubeDirectional
DefaultEnvironment.[0]Environment.[12]NearBuildingLeft (2).[1]NeonTubeDirectional.[0]BakedBloom
DefaultEnvironment.[0]Environment.[12]NearBuildingLeft (2).[1]NeonTubeDirectional.[1]BoxLight
DefaultEnvironment.[0]Environment.[12]NearBuildingLeft (2).[2]NeonTubeDirectional (1)
DefaultEnvironment.[0]Environment.[12]NearBuildingLeft (2).[2]NeonTubeDirectional (1).[0]BakedBloom
DefaultEnvironment.[0]Environment.[12]NearBuildingLeft (2).[2]NeonTubeDirectional (1).[1]BoxLight
DefaultEnvironment.[0]Environment.[12]NearBuildingLeft (2).[3]NeonTube (2)
DefaultEnvironment.[0]Environment.[12]NearBuildingLeft (2).[3]NeonTube (2).[0]BakedBloom
DefaultEnvironment.[0]Environment.[12]NearBuildingLeft (2).[3]NeonTube (2).[1]BoxLight
DefaultEnvironment.[0]Environment.[13]NearBuildingRight (2)
DefaultEnvironment.[0]Environment.[13]NearBuildingRight (2).[0]Mesh
DefaultEnvironment.[0]Environment.[13]NearBuildingRight (2).[1]NeonTubeDirectional
DefaultEnvironment.[0]Environment.[13]NearBuildingRight (2).[1]NeonTubeDirectional.[0]BakedBloom
DefaultEnvironment.[0]Environment.[13]NearBuildingRight (2).[1]NeonTubeDirectional.[1]BoxLight
DefaultEnvironment.[0]Environment.[13]NearBuildingRight (2).[2]NeonTubeDirectional (1)
DefaultEnvironment.[0]Environment.[13]NearBuildingRight (2).[2]NeonTubeDirectional (1).[0]BakedBloom
DefaultEnvironment.[0]Environment.[13]NearBuildingRight (2).[2]NeonTubeDirectional (1).[1]BoxLight
DefaultEnvironment.[0]Environment.[13]NearBuildingRight (2).[3]NeonTube (2)
DefaultEnvironment.[0]Environment.[13]NearBuildingRight (2).[3]NeonTube (2).[0]BakedBloom
DefaultEnvironment.[0]Environment.[13]NearBuildingRight (2).[3]NeonTube (2).[1]BoxLight
DefaultEnvironment.[0]Environment.[14]====== DYNAMIC ======
DefaultEnvironment.[0]Environment.[15]BackColumns
DefaultEnvironment.[0]Environment.[15]BackColumns.[0]BackColumnNeon
DefaultEnvironment.[0]Environment.[15]BackColumns.[0]BackColumnNeon.[0]BoxLight
DefaultEnvironment.[0]Environment.[15]BackColumns.[0]BackColumnNeon.[1]BakedBloom
DefaultEnvironment.[0]Environment.[15]BackColumns.[1]BackColumnNeon
DefaultEnvironment.[0]Environment.[15]BackColumns.[1]BackColumnNeon.[0]BoxLight
DefaultEnvironment.[0]Environment.[15]BackColumns.[1]BackColumnNeon.[1]BakedBloom
DefaultEnvironment.[0]Environment.[16]BasicGameHUD
DefaultEnvironment.[0]Environment.[16]BasicGameHUD.[0]EnergyPanel
DefaultEnvironment.[0]Environment.[16]BasicGameHUD.[0]EnergyPanel.[0]BG
DefaultEnvironment.[0]Environment.[16]BasicGameHUD.[0]EnergyPanel.[1]BarBG
DefaultEnvironment.[0]Environment.[16]BasicGameHUD.[0]EnergyPanel.[2]EnergyIconEmpty
DefaultEnvironment.[0]Environment.[16]BasicGameHUD.[0]EnergyPanel.[3]EnergyIconFull
DefaultEnvironment.[0]Environment.[16]BasicGameHUD.[0]EnergyPanel.[4]EnergyBarWrapper
DefaultEnvironment.[0]Environment.[16]BasicGameHUD.[0]EnergyPanel.[4]EnergyBarWrapper.[0]EnergyBar
DefaultEnvironment.[0]Environment.[16]BasicGameHUD.[0]EnergyPanel.[5]Laser
DefaultEnvironment.[0]Environment.[16]BasicGameHUD.[0]EnergyPanel.[5]Laser.[0]BoxLight
DefaultEnvironment.[0]Environment.[16]BasicGameHUD.[0]EnergyPanel.[5]Laser.[1]BakedBloom
DefaultEnvironment.[0]Environment.[16]BasicGameHUD.[0]EnergyPanel.[6]FailIcon
DefaultEnvironment.[0]Environment.[16]BasicGameHUD.[1]LeftPanel
DefaultEnvironment.[0]Environment.[16]BasicGameHUD.[1]LeftPanel.[0]BG
DefaultEnvironment.[0]Environment.[16]BasicGameHUD.[1]LeftPanel.[1]Top
DefaultEnvironment.[0]Environment.[16]BasicGameHUD.[1]LeftPanel.[2]ComboPanel
DefaultEnvironment.[0]Environment.[16]BasicGameHUD.[1]LeftPanel.[2]ComboPanel.[0]ComboText
DefaultEnvironment.[0]Environment.[16]BasicGameHUD.[1]LeftPanel.[2]ComboPanel.[1]ComboCanvas
DefaultEnvironment.[0]Environment.[16]BasicGameHUD.[1]LeftPanel.[2]ComboPanel.[1]ComboCanvas.[0]NumText
DefaultEnvironment.[0]Environment.[16]BasicGameHUD.[1]LeftPanel.[2]ComboPanel.[2]Line0
DefaultEnvironment.[0]Environment.[16]BasicGameHUD.[1]LeftPanel.[2]ComboPanel.[3]Line1
DefaultEnvironment.[0]Environment.[16]BasicGameHUD.[1]LeftPanel.[3]ScoreCanvas
DefaultEnvironment.[0]Environment.[16]BasicGameHUD.[1]LeftPanel.[3]ScoreCanvas.[0]ScoreText
DefaultEnvironment.[0]Environment.[16]BasicGameHUD.[1]LeftPanel.[3]ScoreCanvas.[1]ImmediateRankText
DefaultEnvironment.[0]Environment.[16]BasicGameHUD.[1]LeftPanel.[3]ScoreCanvas.[2]RelativeScoreText
DefaultEnvironment.[0]Environment.[16]BasicGameHUD.[2]RightPanel
DefaultEnvironment.[0]Environment.[16]BasicGameHUD.[2]RightPanel.[0]BG
DefaultEnvironment.[0]Environment.[16]BasicGameHUD.[2]RightPanel.[1]Top
DefaultEnvironment.[0]Environment.[16]BasicGameHUD.[2]RightPanel.[2]MultiplierCanvas
DefaultEnvironment.[0]Environment.[16]BasicGameHUD.[2]RightPanel.[2]MultiplierCanvas.[0]BGCircle
DefaultEnvironment.[0]Environment.[16]BasicGameHUD.[2]RightPanel.[2]MultiplierCanvas.[1]FGCircle
DefaultEnvironment.[0]Environment.[16]BasicGameHUD.[2]RightPanel.[2]MultiplierCanvas.[2]AnimationCircle
DefaultEnvironment.[0]Environment.[16]BasicGameHUD.[2]RightPanel.[2]MultiplierCanvas.[3]TextOverlayPanelOutline1
DefaultEnvironment.[0]Environment.[16]BasicGameHUD.[2]RightPanel.[2]MultiplierCanvas.[3]TextOverlayPanelOutline1.[0]XText
DefaultEnvironment.[0]Environment.[16]BasicGameHUD.[2]RightPanel.[2]MultiplierCanvas.[3]TextOverlayPanelOutline1.[1]NumText
DefaultEnvironment.[0]Environment.[16]BasicGameHUD.[2]RightPanel.[2]MultiplierCanvas.[4]TextOverlayPanelOutline0
DefaultEnvironment.[0]Environment.[16]BasicGameHUD.[2]RightPanel.[2]MultiplierCanvas.[4]TextOverlayPanelOutline0.[0]XText
DefaultEnvironment.[0]Environment.[16]BasicGameHUD.[2]RightPanel.[2]MultiplierCanvas.[4]TextOverlayPanelOutline0.[1]NumText
DefaultEnvironment.[0]Environment.[16]BasicGameHUD.[2]RightPanel.[2]MultiplierCanvas.[5]TextPanel
DefaultEnvironment.[0]Environment.[16]BasicGameHUD.[2]RightPanel.[2]MultiplierCanvas.[5]TextPanel.[0]XText
DefaultEnvironment.[0]Environment.[16]BasicGameHUD.[2]RightPanel.[2]MultiplierCanvas.[5]TextPanel.[1]NumText
DefaultEnvironment.[0]Environment.[16]BasicGameHUD.[2]RightPanel.[3]SongProgressCanvas
DefaultEnvironment.[0]Environment.[16]BasicGameHUD.[2]RightPanel.[3]SongProgressCanvas.[0]Progress
DefaultEnvironment.[0]Environment.[16]BasicGameHUD.[2]RightPanel.[3]SongProgressCanvas.[1]Slider
DefaultEnvironment.[0]Environment.[16]BasicGameHUD.[2]RightPanel.[3]SongProgressCanvas.[1]Slider.[0]Background
DefaultEnvironment.[0]Environment.[16]BasicGameHUD.[2]RightPanel.[3]SongProgressCanvas.[1]Slider.[1]Handle Slide Area
DefaultEnvironment.[0]Environment.[16]BasicGameHUD.[2]RightPanel.[3]SongProgressCanvas.[1]Slider.[1]Handle Slide Area.[0]Handle
DefaultEnvironment.[0]Environment.[16]BasicGameHUD.[2]RightPanel.[3]SongProgressCanvas.[2]DurationMinutes
DefaultEnvironment.[0]Environment.[16]BasicGameHUD.[2]RightPanel.[3]SongProgressCanvas.[3]DurationSeconds
DefaultEnvironment.[0]Environment.[16]BasicGameHUD.[2]RightPanel.[3]SongProgressCanvas.[4]ProgressMinutes
DefaultEnvironment.[0]Environment.[16]BasicGameHUD.[2]RightPanel.[3]SongProgressCanvas.[5]ProgressSeconds
DefaultEnvironment.[0]Environment.[16]BasicGameHUD.[2]RightPanel.[3]SongProgressCanvas.[6]BG
DefaultEnvironment.[0]Environment.[17]BigSmokePS
DefaultEnvironment.[0]Environment.[18]SmallTrackLaneRings
DefaultEnvironment.[0]Environment.[19]BigTrackLaneRings
DefaultEnvironment.[0]Environment.[2]FakeMirrorObjectsInstaller
DefaultEnvironment.[0]Environment.[20]Spectrograms
DefaultEnvironment.[0]Environment.[20]Spectrograms.[0]Spectrogram
DefaultEnvironment.[0]Environment.[20]Spectrograms.[0]Spectrogram.[0]Spectrogram0
DefaultEnvironment.[0]Environment.[20]Spectrograms.[0]Spectrogram.[1]Spectrogram1
DefaultEnvironment.[0]Environment.[20]Spectrograms.[1]Spectrogram
DefaultEnvironment.[0]Environment.[20]Spectrograms.[1]Spectrogram.[0]Spectrogram0
DefaultEnvironment.[0]Environment.[20]Spectrograms.[1]Spectrogram.[1]Spectrogram1
DefaultEnvironment.[0]Environment.[21]DustPS
DefaultEnvironment.[0]Environment.[22]====== LIGHTS ======
DefaultEnvironment.[0]Environment.[23]GradientBackground
DefaultEnvironment.[0]Environment.[24]LightEffects
DefaultEnvironment.[0]Environment.[25]LightWithIdManager
DefaultEnvironment.[0]Environment.[26]CoreLighting
DefaultEnvironment.[0]Environment.[26]CoreLighting.[0]LightManager
DefaultEnvironment.[0]Environment.[26]CoreLighting.[1]LightWrapper0
DefaultEnvironment.[0]Environment.[26]CoreLighting.[1]LightWrapper0.[0]DirectionalLight
DefaultEnvironment.[0]Environment.[26]CoreLighting.[2]LightWrapper1
DefaultEnvironment.[0]Environment.[26]CoreLighting.[2]LightWrapper1.[0]DirectionalLight
DefaultEnvironment.[0]Environment.[26]CoreLighting.[3]DirectionalLight
DefaultEnvironment.[0]Environment.[26]CoreLighting.[4]DirectionalLight
DefaultEnvironment.[0]Environment.[26]CoreLighting.[5]DirectionalLight
DefaultEnvironment.[0]Environment.[27]FrontLights
DefaultEnvironment.[0]Environment.[27]FrontLights.[0]NeonTube
DefaultEnvironment.[0]Environment.[27]FrontLights.[0]NeonTube.[0]BakedBloom
DefaultEnvironment.[0]Environment.[27]FrontLights.[0]NeonTube.[1]BoxLight
DefaultEnvironment.[0]Environment.[27]FrontLights.[1]NeonTube (1)
DefaultEnvironment.[0]Environment.[27]FrontLights.[1]NeonTube (1).[0]BakedBloom
DefaultEnvironment.[0]Environment.[27]FrontLights.[1]NeonTube (1).[1]BoxLight
DefaultEnvironment.[0]Environment.[28]DoubleColorLaserR
DefaultEnvironment.[0]Environment.[28]DoubleColorLaserR.[0]TopBoxLight
DefaultEnvironment.[0]Environment.[28]DoubleColorLaserR.[1]TopBakedBloom
DefaultEnvironment.[0]Environment.[28]DoubleColorLaserR.[2]BottomBoxLight
DefaultEnvironment.[0]Environment.[28]DoubleColorLaserR.[3]BottomBakedBloom
DefaultEnvironment.[0]Environment.[29]DoubleColorLaserL
DefaultEnvironment.[0]Environment.[29]DoubleColorLaserL.[0]TopBoxLight
DefaultEnvironment.[0]Environment.[29]DoubleColorLaserL.[1]TopBakedBloom
DefaultEnvironment.[0]Environment.[29]DoubleColorLaserL.[2]BottomBoxLight
DefaultEnvironment.[0]Environment.[29]DoubleColorLaserL.[3]BottomBakedBloom
DefaultEnvironment.[0]Environment.[3]FakeMirrorSettings
DefaultEnvironment.[0]Environment.[30]DoubleColorLaserR (1)
DefaultEnvironment.[0]Environment.[30]DoubleColorLaserR (1).[0]TopBoxLight
DefaultEnvironment.[0]Environment.[30]DoubleColorLaserR (1).[1]TopBakedBloom
DefaultEnvironment.[0]Environment.[30]DoubleColorLaserR (1).[2]BottomBoxLight
DefaultEnvironment.[0]Environment.[30]DoubleColorLaserR (1).[3]BottomBakedBloom
DefaultEnvironment.[0]Environment.[31]DoubleColorLaserL (1)
DefaultEnvironment.[0]Environment.[31]DoubleColorLaserL (1).[0]TopBoxLight
DefaultEnvironment.[0]Environment.[31]DoubleColorLaserL (1).[1]TopBakedBloom
DefaultEnvironment.[0]Environment.[31]DoubleColorLaserL (1).[2]BottomBoxLight
DefaultEnvironment.[0]Environment.[31]DoubleColorLaserL (1).[3]BottomBakedBloom
DefaultEnvironment.[0]Environment.[32]DoubleColorLaserR (2)
DefaultEnvironment.[0]Environment.[32]DoubleColorLaserR (2).[0]TopBoxLight
DefaultEnvironment.[0]Environment.[32]DoubleColorLaserR (2).[1]TopBakedBloom
DefaultEnvironment.[0]Environment.[32]DoubleColorLaserR (2).[2]BottomBoxLight
DefaultEnvironment.[0]Environment.[32]DoubleColorLaserR (2).[3]BottomBakedBloom
DefaultEnvironment.[0]Environment.[33]DoubleColorLaserL (2)
DefaultEnvironment.[0]Environment.[33]DoubleColorLaserL (2).[0]TopBoxLight
DefaultEnvironment.[0]Environment.[33]DoubleColorLaserL (2).[1]TopBakedBloom
DefaultEnvironment.[0]Environment.[33]DoubleColorLaserL (2).[2]BottomBoxLight
DefaultEnvironment.[0]Environment.[33]DoubleColorLaserL (2).[3]BottomBakedBloom
DefaultEnvironment.[0]Environment.[34]DoubleColorLaserR (3)
DefaultEnvironment.[0]Environment.[34]DoubleColorLaserR (3).[0]TopBoxLight
DefaultEnvironment.[0]Environment.[34]DoubleColorLaserR (3).[1]TopBakedBloom
DefaultEnvironment.[0]Environment.[34]DoubleColorLaserR (3).[2]BottomBoxLight
DefaultEnvironment.[0]Environment.[34]DoubleColorLaserR (3).[3]BottomBakedBloom
DefaultEnvironment.[0]Environment.[35]DoubleColorLaserL (3)
DefaultEnvironment.[0]Environment.[35]DoubleColorLaserL (3).[0]TopBoxLight
DefaultEnvironment.[0]Environment.[35]DoubleColorLaserL (3).[1]TopBakedBloom
DefaultEnvironment.[0]Environment.[35]DoubleColorLaserL (3).[2]BottomBoxLight
DefaultEnvironment.[0]Environment.[35]DoubleColorLaserL (3).[3]BottomBakedBloom
DefaultEnvironment.[0]Environment.[36]DoubleColorLaserR (4)
DefaultEnvironment.[0]Environment.[36]DoubleColorLaserR (4).[0]TopBoxLight
DefaultEnvironment.[0]Environment.[36]DoubleColorLaserR (4).[1]TopBakedBloom
DefaultEnvironment.[0]Environment.[36]DoubleColorLaserR (4).[2]BottomBoxLight
DefaultEnvironment.[0]Environment.[36]DoubleColorLaserR (4).[3]BottomBakedBloom
DefaultEnvironment.[0]Environment.[37]DoubleColorLaserL (4)
DefaultEnvironment.[0]Environment.[37]DoubleColorLaserL (4).[0]TopBoxLight
DefaultEnvironment.[0]Environment.[37]DoubleColorLaserL (4).[1]TopBakedBloom
DefaultEnvironment.[0]Environment.[37]DoubleColorLaserL (4).[2]BottomBoxLight
DefaultEnvironment.[0]Environment.[37]DoubleColorLaserL (4).[3]BottomBakedBloom
DefaultEnvironment.[0]Environment.[38]RotatingLasersPair
DefaultEnvironment.[0]Environment.[38]RotatingLasersPair.[0]BaseL
DefaultEnvironment.[0]Environment.[38]RotatingLasersPair.[0]BaseL.[0]Laser
DefaultEnvironment.[0]Environment.[38]RotatingLasersPair.[0]BaseL.[0]Laser.[0]BakedBloom
DefaultEnvironment.[0]Environment.[38]RotatingLasersPair.[0]BaseL.[0]Laser.[1]BoxLight
DefaultEnvironment.[0]Environment.[38]RotatingLasersPair.[1]BaseR
DefaultEnvironment.[0]Environment.[38]RotatingLasersPair.[1]BaseR.[0]Laser
DefaultEnvironment.[0]Environment.[38]RotatingLasersPair.[1]BaseR.[0]Laser.[0]BakedBloom
DefaultEnvironment.[0]Environment.[38]RotatingLasersPair.[1]BaseR.[0]Laser.[1]BoxLight
DefaultEnvironment.[0]Environment.[39]RotatingLasersPair (1)
DefaultEnvironment.[0]Environment.[39]RotatingLasersPair (1).[0]BaseL
DefaultEnvironment.[0]Environment.[39]RotatingLasersPair (1).[0]BaseL.[0]Laser
DefaultEnvironment.[0]Environment.[39]RotatingLasersPair (1).[0]BaseL.[0]Laser.[0]BakedBloom
DefaultEnvironment.[0]Environment.[39]RotatingLasersPair (1).[0]BaseL.[0]Laser.[1]BoxLight
DefaultEnvironment.[0]Environment.[39]RotatingLasersPair (1).[1]BaseR
DefaultEnvironment.[0]Environment.[39]RotatingLasersPair (1).[1]BaseR.[0]Laser
DefaultEnvironment.[0]Environment.[39]RotatingLasersPair (1).[1]BaseR.[0]Laser.[0]BakedBloom
DefaultEnvironment.[0]Environment.[39]RotatingLasersPair (1).[1]BaseR.[0]Laser.[1]BoxLight
DefaultEnvironment.[0]Environment.[4]LightmapLightWithIds
DefaultEnvironment.[0]Environment.[40]RotatingLasersPair (2)
DefaultEnvironment.[0]Environment.[40]RotatingLasersPair (2).[0]BaseL
DefaultEnvironment.[0]Environment.[40]RotatingLasersPair (2).[0]BaseL.[0]Laser
DefaultEnvironment.[0]Environment.[40]RotatingLasersPair (2).[0]BaseL.[0]Laser.[0]BakedBloom
DefaultEnvironment.[0]Environment.[40]RotatingLasersPair (2).[0]BaseL.[0]Laser.[1]BoxLight
DefaultEnvironment.[0]Environment.[40]RotatingLasersPair (2).[1]BaseR
DefaultEnvironment.[0]Environment.[40]RotatingLasersPair (2).[1]BaseR.[0]Laser
DefaultEnvironment.[0]Environment.[40]RotatingLasersPair (2).[1]BaseR.[0]Laser.[0]BakedBloom
DefaultEnvironment.[0]Environment.[40]RotatingLasersPair (2).[1]BaseR.[0]Laser.[1]BoxLight
DefaultEnvironment.[0]Environment.[41]RotatingLasersPair (3)
DefaultEnvironment.[0]Environment.[41]RotatingLasersPair (3).[0]BaseL
DefaultEnvironment.[0]Environment.[41]RotatingLasersPair (3).[0]BaseL.[0]Laser
DefaultEnvironment.[0]Environment.[41]RotatingLasersPair (3).[0]BaseL.[0]Laser.[0]BakedBloom
DefaultEnvironment.[0]Environment.[41]RotatingLasersPair (3).[0]BaseL.[0]Laser.[1]BoxLight
DefaultEnvironment.[0]Environment.[41]RotatingLasersPair (3).[1]BaseR
DefaultEnvironment.[0]Environment.[41]RotatingLasersPair (3).[1]BaseR.[0]Laser
DefaultEnvironment.[0]Environment.[41]RotatingLasersPair (3).[1]BaseR.[0]Laser.[0]BakedBloom
DefaultEnvironment.[0]Environment.[41]RotatingLasersPair (3).[1]BaseR.[0]Laser.[1]BoxLight
DefaultEnvironment.[0]Environment.[42]NeonTubeL
DefaultEnvironment.[0]Environment.[42]NeonTubeL.[0]BakedBloom
DefaultEnvironment.[0]Environment.[42]NeonTubeL.[1]BoxLight
DefaultEnvironment.[0]Environment.[43]NeonTubeR
DefaultEnvironment.[0]Environment.[43]NeonTubeR.[0]BakedBloom
DefaultEnvironment.[0]Environment.[43]NeonTubeR.[1]BoxLight
DefaultEnvironment.[0]Environment.[5]BakedReflectionProbe
DefaultEnvironment.[0]Environment.[6]====== STATIC ======
DefaultEnvironment.[0]Environment.[7]PlayersPlace
DefaultEnvironment.[0]Environment.[7]PlayersPlace.[0]Mirror
DefaultEnvironment.[0]Environment.[7]PlayersPlace.[1]Feet
DefaultEnvironment.[0]Environment.[7]PlayersPlace.[2]Construction
DefaultEnvironment.[0]Environment.[7]PlayersPlace.[3]RectangleFakeGlow
DefaultEnvironment.[0]Environment.[7]PlayersPlace.[4]SaberBurnMarksParticles
DefaultEnvironment.[0]Environment.[7]PlayersPlace.[4]SaberBurnMarksParticles.[0]SaberBurnMarkSparklePS
DefaultEnvironment.[0]Environment.[7]PlayersPlace.[5]SaberBurnMarksArea
DefaultEnvironment.[0]Environment.[7]PlayersPlace.[6]Collider
DefaultEnvironment.[0]Environment.[8]TrackMirror
DefaultEnvironment.[0]Environment.[8]TrackMirror.[0]SetDepthOnly
DefaultEnvironment.[0]Environment.[9]TrackConstruction
DefaultEnvironment.[1]CinemaPlaybackController
DefaultEnvironment.[1]CinemaPlaybackController.[0]CinemaScreen
DefaultEnvironment.[1]CinemaPlaybackController.[0]CinemaScreen.[0]Body
GameCore.[1]SmallTrackLaneRing(Clone)
GameCore.[1]SmallTrackLaneRing(Clone).[0]Ring
GameCore.[10]SmallTrackLaneRing(Clone)
GameCore.[10]SmallTrackLaneRing(Clone).[0]Ring
GameCore.[11]SmallTrackLaneRing(Clone)
GameCore.[11]SmallTrackLaneRing(Clone).[0]Ring
GameCore.[12]SmallTrackLaneRing(Clone)
GameCore.[12]SmallTrackLaneRing(Clone).[0]Ring
GameCore.[13]SmallTrackLaneRing(Clone)
GameCore.[13]SmallTrackLaneRing(Clone).[0]Ring
GameCore.[14]SmallTrackLaneRing(Clone)
GameCore.[14]SmallTrackLaneRing(Clone).[0]Ring
GameCore.[15]SmallTrackLaneRing(Clone)
GameCore.[15]SmallTrackLaneRing(Clone).[0]Ring
GameCore.[16]SmallTrackLaneRing(Clone)
GameCore.[16]SmallTrackLaneRing(Clone).[0]Ring
GameCore.[17]SmallTrackLaneRing(Clone)
GameCore.[17]SmallTrackLaneRing(Clone).[0]Ring
GameCore.[18]SmallTrackLaneRing(Clone)
GameCore.[18]SmallTrackLaneRing(Clone).[0]Ring
GameCore.[19]SmallTrackLaneRing(Clone)
GameCore.[19]SmallTrackLaneRing(Clone).[0]Ring
GameCore.[2]SmallTrackLaneRing(Clone)
GameCore.[2]SmallTrackLaneRing(Clone).[0]Ring
GameCore.[20]SmallTrackLaneRing(Clone)
GameCore.[20]SmallTrackLaneRing(Clone).[0]Ring
GameCore.[21]SmallTrackLaneRing(Clone)
GameCore.[21]SmallTrackLaneRing(Clone).[0]Ring
GameCore.[22]SmallTrackLaneRing(Clone)
GameCore.[22]SmallTrackLaneRing(Clone).[0]Ring
GameCore.[23]SmallTrackLaneRing(Clone)
GameCore.[23]SmallTrackLaneRing(Clone).[0]Ring
GameCore.[24]SmallTrackLaneRing(Clone)
GameCore.[24]SmallTrackLaneRing(Clone).[0]Ring
GameCore.[25]SmallTrackLaneRing(Clone)
GameCore.[25]SmallTrackLaneRing(Clone).[0]Ring
GameCore.[26]SmallTrackLaneRing(Clone)
GameCore.[26]SmallTrackLaneRing(Clone).[0]Ring
GameCore.[27]SmallTrackLaneRing(Clone)
GameCore.[27]SmallTrackLaneRing(Clone).[0]Ring
GameCore.[28]SmallTrackLaneRing(Clone)
GameCore.[28]SmallTrackLaneRing(Clone).[0]Ring
GameCore.[29]SmallTrackLaneRing(Clone)
GameCore.[29]SmallTrackLaneRing(Clone).[0]Ring
GameCore.[3]SmallTrackLaneRing(Clone)
GameCore.[3]SmallTrackLaneRing(Clone).[0]Ring
GameCore.[30]SmallTrackLaneRing(Clone)
GameCore.[30]SmallTrackLaneRing(Clone).[0]Ring
GameCore.[31]BigTrackLaneRing(Clone)
GameCore.[31]BigTrackLaneRing(Clone).[0]Ring
GameCore.[31]BigTrackLaneRing(Clone).[1]NeonTubeBothSidesDirectional
GameCore.[31]BigTrackLaneRing(Clone).[1]NeonTubeBothSidesDirectional.[0]BakedBloom
GameCore.[31]BigTrackLaneRing(Clone).[1]NeonTubeBothSidesDirectional.[1]BoxLight
GameCore.[31]BigTrackLaneRing(Clone).[2]NeonTubeBothSidesDirectional (1)
GameCore.[31]BigTrackLaneRing(Clone).[2]NeonTubeBothSidesDirectional (1).[0]BakedBloom
GameCore.[31]BigTrackLaneRing(Clone).[2]NeonTubeBothSidesDirectional (1).[1]BoxLight
GameCore.[31]BigTrackLaneRing(Clone).[3]NeonTubeBothSidesDirectional (2)
GameCore.[31]BigTrackLaneRing(Clone).[3]NeonTubeBothSidesDirectional (2).[0]BakedBloom
GameCore.[31]BigTrackLaneRing(Clone).[3]NeonTubeBothSidesDirectional (2).[1]BoxLight
GameCore.[31]BigTrackLaneRing(Clone).[4]NeonTubeBothSidesDirectional (3)
GameCore.[31]BigTrackLaneRing(Clone).[4]NeonTubeBothSidesDirectional (3).[0]BakedBloom
GameCore.[31]BigTrackLaneRing(Clone).[4]NeonTubeBothSidesDirectional (3).[1]BoxLight
GameCore.[32]BigTrackLaneRing(Clone)
GameCore.[32]BigTrackLaneRing(Clone).[0]Ring
GameCore.[32]BigTrackLaneRing(Clone).[1]NeonTubeBothSidesDirectional
GameCore.[32]BigTrackLaneRing(Clone).[1]NeonTubeBothSidesDirectional.[0]BakedBloom
GameCore.[32]BigTrackLaneRing(Clone).[1]NeonTubeBothSidesDirectional.[1]BoxLight
GameCore.[32]BigTrackLaneRing(Clone).[2]NeonTubeBothSidesDirectional (1)
GameCore.[32]BigTrackLaneRing(Clone).[2]NeonTubeBothSidesDirectional (1).[0]BakedBloom
GameCore.[32]BigTrackLaneRing(Clone).[2]NeonTubeBothSidesDirectional (1).[1]BoxLight
GameCore.[32]BigTrackLaneRing(Clone).[3]NeonTubeBothSidesDirectional (2)
GameCore.[32]BigTrackLaneRing(Clone).[3]NeonTubeBothSidesDirectional (2).[0]BakedBloom
GameCore.[32]BigTrackLaneRing(Clone).[3]NeonTubeBothSidesDirectional (2).[1]BoxLight
GameCore.[32]BigTrackLaneRing(Clone).[4]NeonTubeBothSidesDirectional (3)
GameCore.[32]BigTrackLaneRing(Clone).[4]NeonTubeBothSidesDirectional (3).[0]BakedBloom
GameCore.[32]BigTrackLaneRing(Clone).[4]NeonTubeBothSidesDirectional (3).[1]BoxLight
GameCore.[33]BigTrackLaneRing(Clone)
GameCore.[33]BigTrackLaneRing(Clone).[0]Ring
GameCore.[33]BigTrackLaneRing(Clone).[1]NeonTubeBothSidesDirectional
GameCore.[33]BigTrackLaneRing(Clone).[1]NeonTubeBothSidesDirectional.[0]BakedBloom
GameCore.[33]BigTrackLaneRing(Clone).[1]NeonTubeBothSidesDirectional.[1]BoxLight
GameCore.[33]BigTrackLaneRing(Clone).[2]NeonTubeBothSidesDirectional (1)
GameCore.[33]BigTrackLaneRing(Clone).[2]NeonTubeBothSidesDirectional (1).[0]BakedBloom
GameCore.[33]BigTrackLaneRing(Clone).[2]NeonTubeBothSidesDirectional (1).[1]BoxLight
GameCore.[33]BigTrackLaneRing(Clone).[3]NeonTubeBothSidesDirectional (2)
GameCore.[33]BigTrackLaneRing(Clone).[3]NeonTubeBothSidesDirectional (2).[0]BakedBloom
GameCore.[33]BigTrackLaneRing(Clone).[3]NeonTubeBothSidesDirectional (2).[1]BoxLight
GameCore.[33]BigTrackLaneRing(Clone).[4]NeonTubeBothSidesDirectional (3)
GameCore.[33]BigTrackLaneRing(Clone).[4]NeonTubeBothSidesDirectional (3).[0]BakedBloom
GameCore.[33]BigTrackLaneRing(Clone).[4]NeonTubeBothSidesDirectional (3).[1]BoxLight
GameCore.[34]BigTrackLaneRing(Clone)
GameCore.[34]BigTrackLaneRing(Clone).[0]Ring
GameCore.[34]BigTrackLaneRing(Clone).[1]NeonTubeBothSidesDirectional
GameCore.[34]BigTrackLaneRing(Clone).[1]NeonTubeBothSidesDirectional.[0]BakedBloom
GameCore.[34]BigTrackLaneRing(Clone).[1]NeonTubeBothSidesDirectional.[1]BoxLight
GameCore.[34]BigTrackLaneRing(Clone).[2]NeonTubeBothSidesDirectional (1)
GameCore.[34]BigTrackLaneRing(Clone).[2]NeonTubeBothSidesDirectional (1).[0]BakedBloom
GameCore.[34]BigTrackLaneRing(Clone).[2]NeonTubeBothSidesDirectional (1).[1]BoxLight
GameCore.[34]BigTrackLaneRing(Clone).[3]NeonTubeBothSidesDirectional (2)
GameCore.[34]BigTrackLaneRing(Clone).[3]NeonTubeBothSidesDirectional (2).[0]BakedBloom
GameCore.[34]BigTrackLaneRing(Clone).[3]NeonTubeBothSidesDirectional (2).[1]BoxLight
GameCore.[34]BigTrackLaneRing(Clone).[4]NeonTubeBothSidesDirectional (3)
GameCore.[34]BigTrackLaneRing(Clone).[4]NeonTubeBothSidesDirectional (3).[0]BakedBloom
GameCore.[34]BigTrackLaneRing(Clone).[4]NeonTubeBothSidesDirectional (3).[1]BoxLight
GameCore.[35]BigTrackLaneRing(Clone)
GameCore.[35]BigTrackLaneRing(Clone).[0]Ring
GameCore.[35]BigTrackLaneRing(Clone).[1]NeonTubeBothSidesDirectional
GameCore.[35]BigTrackLaneRing(Clone).[1]NeonTubeBothSidesDirectional.[0]BakedBloom
GameCore.[35]BigTrackLaneRing(Clone).[1]NeonTubeBothSidesDirectional.[1]BoxLight
GameCore.[35]BigTrackLaneRing(Clone).[2]NeonTubeBothSidesDirectional (1)
GameCore.[35]BigTrackLaneRing(Clone).[2]NeonTubeBothSidesDirectional (1).[0]BakedBloom
GameCore.[35]BigTrackLaneRing(Clone).[2]NeonTubeBothSidesDirectional (1).[1]BoxLight
GameCore.[35]BigTrackLaneRing(Clone).[3]NeonTubeBothSidesDirectional (2)
GameCore.[35]BigTrackLaneRing(Clone).[3]NeonTubeBothSidesDirectional (2).[0]BakedBloom
GameCore.[35]BigTrackLaneRing(Clone).[3]NeonTubeBothSidesDirectional (2).[1]BoxLight
GameCore.[35]BigTrackLaneRing(Clone).[4]NeonTubeBothSidesDirectional (3)
GameCore.[35]BigTrackLaneRing(Clone).[4]NeonTubeBothSidesDirectional (3).[0]BakedBloom
GameCore.[35]BigTrackLaneRing(Clone).[4]NeonTubeBothSidesDirectional (3).[1]BoxLight
GameCore.[36]BigTrackLaneRing(Clone)
GameCore.[36]BigTrackLaneRing(Clone).[0]Ring
GameCore.[36]BigTrackLaneRing(Clone).[1]NeonTubeBothSidesDirectional
GameCore.[36]BigTrackLaneRing(Clone).[1]NeonTubeBothSidesDirectional.[0]BakedBloom
GameCore.[36]BigTrackLaneRing(Clone).[1]NeonTubeBothSidesDirectional.[1]BoxLight
GameCore.[36]BigTrackLaneRing(Clone).[2]NeonTubeBothSidesDirectional (1)
GameCore.[36]BigTrackLaneRing(Clone).[2]NeonTubeBothSidesDirectional (1).[0]BakedBloom
GameCore.[36]BigTrackLaneRing(Clone).[2]NeonTubeBothSidesDirectional (1).[1]BoxLight
GameCore.[36]BigTrackLaneRing(Clone).[3]NeonTubeBothSidesDirectional (2)
GameCore.[36]BigTrackLaneRing(Clone).[3]NeonTubeBothSidesDirectional (2).[0]BakedBloom
GameCore.[36]BigTrackLaneRing(Clone).[3]NeonTubeBothSidesDirectional (2).[1]BoxLight
GameCore.[36]BigTrackLaneRing(Clone).[4]NeonTubeBothSidesDirectional (3)
GameCore.[36]BigTrackLaneRing(Clone).[4]NeonTubeBothSidesDirectional (3).[0]BakedBloom
GameCore.[36]BigTrackLaneRing(Clone).[4]NeonTubeBothSidesDirectional (3).[1]BoxLight
GameCore.[37]BigTrackLaneRing(Clone)
GameCore.[37]BigTrackLaneRing(Clone).[0]Ring
GameCore.[37]BigTrackLaneRing(Clone).[1]NeonTubeBothSidesDirectional
GameCore.[37]BigTrackLaneRing(Clone).[1]NeonTubeBothSidesDirectional.[0]BakedBloom
GameCore.[37]BigTrackLaneRing(Clone).[1]NeonTubeBothSidesDirectional.[1]BoxLight
GameCore.[37]BigTrackLaneRing(Clone).[2]NeonTubeBothSidesDirectional (1)
GameCore.[37]BigTrackLaneRing(Clone).[2]NeonTubeBothSidesDirectional (1).[0]BakedBloom
GameCore.[37]BigTrackLaneRing(Clone).[2]NeonTubeBothSidesDirectional (1).[1]BoxLight
GameCore.[37]BigTrackLaneRing(Clone).[3]NeonTubeBothSidesDirectional (2)
GameCore.[37]BigTrackLaneRing(Clone).[3]NeonTubeBothSidesDirectional (2).[0]BakedBloom
GameCore.[37]BigTrackLaneRing(Clone).[3]NeonTubeBothSidesDirectional (2).[1]BoxLight
GameCore.[37]BigTrackLaneRing(Clone).[4]NeonTubeBothSidesDirectional (3)
GameCore.[37]BigTrackLaneRing(Clone).[4]NeonTubeBothSidesDirectional (3).[0]BakedBloom
GameCore.[37]BigTrackLaneRing(Clone).[4]NeonTubeBothSidesDirectional (3).[1]BoxLight
GameCore.[38]BigTrackLaneRing(Clone)
GameCore.[38]BigTrackLaneRing(Clone).[0]Ring
GameCore.[38]BigTrackLaneRing(Clone).[1]NeonTubeBothSidesDirectional
GameCore.[38]BigTrackLaneRing(Clone).[1]NeonTubeBothSidesDirectional.[0]BakedBloom
GameCore.[38]BigTrackLaneRing(Clone).[1]NeonTubeBothSidesDirectional.[1]BoxLight
GameCore.[38]BigTrackLaneRing(Clone).[2]NeonTubeBothSidesDirectional (1)
GameCore.[38]BigTrackLaneRing(Clone).[2]NeonTubeBothSidesDirectional (1).[0]BakedBloom
GameCore.[38]BigTrackLaneRing(Clone).[2]NeonTubeBothSidesDirectional (1).[1]BoxLight
GameCore.[38]BigTrackLaneRing(Clone).[3]NeonTubeBothSidesDirectional (2)
GameCore.[38]BigTrackLaneRing(Clone).[3]NeonTubeBothSidesDirectional (2).[0]BakedBloom
GameCore.[38]BigTrackLaneRing(Clone).[3]NeonTubeBothSidesDirectional (2).[1]BoxLight
GameCore.[38]BigTrackLaneRing(Clone).[4]NeonTubeBothSidesDirectional (3)
GameCore.[38]BigTrackLaneRing(Clone).[4]NeonTubeBothSidesDirectional (3).[0]BakedBloom
GameCore.[38]BigTrackLaneRing(Clone).[4]NeonTubeBothSidesDirectional (3).[1]BoxLight
GameCore.[39]BigTrackLaneRing(Clone)
GameCore.[39]BigTrackLaneRing(Clone).[0]Ring
GameCore.[39]BigTrackLaneRing(Clone).[1]NeonTubeBothSidesDirectional
GameCore.[39]BigTrackLaneRing(Clone).[1]NeonTubeBothSidesDirectional.[0]BakedBloom
GameCore.[39]BigTrackLaneRing(Clone).[1]NeonTubeBothSidesDirectional.[1]BoxLight
GameCore.[39]BigTrackLaneRing(Clone).[2]NeonTubeBothSidesDirectional (1)
GameCore.[39]BigTrackLaneRing(Clone).[2]NeonTubeBothSidesDirectional (1).[0]BakedBloom
GameCore.[39]BigTrackLaneRing(Clone).[2]NeonTubeBothSidesDirectional (1).[1]BoxLight
GameCore.[39]BigTrackLaneRing(Clone).[3]NeonTubeBothSidesDirectional (2)
GameCore.[39]BigTrackLaneRing(Clone).[3]NeonTubeBothSidesDirectional (2).[0]BakedBloom
GameCore.[39]BigTrackLaneRing(Clone).[3]NeonTubeBothSidesDirectional (2).[1]BoxLight
GameCore.[39]BigTrackLaneRing(Clone).[4]NeonTubeBothSidesDirectional (3)
GameCore.[39]BigTrackLaneRing(Clone).[4]NeonTubeBothSidesDirectional (3).[0]BakedBloom
GameCore.[39]BigTrackLaneRing(Clone).[4]NeonTubeBothSidesDirectional (3).[1]BoxLight
GameCore.[4]SmallTrackLaneRing(Clone)
GameCore.[4]SmallTrackLaneRing(Clone).[0]Ring
GameCore.[40]BigTrackLaneRing(Clone)
GameCore.[40]BigTrackLaneRing(Clone).[0]Ring
GameCore.[40]BigTrackLaneRing(Clone).[1]NeonTubeBothSidesDirectional
GameCore.[40]BigTrackLaneRing(Clone).[1]NeonTubeBothSidesDirectional.[0]BakedBloom
GameCore.[40]BigTrackLaneRing(Clone).[1]NeonTubeBothSidesDirectional.[1]BoxLight
GameCore.[40]BigTrackLaneRing(Clone).[2]NeonTubeBothSidesDirectional (1)
GameCore.[40]BigTrackLaneRing(Clone).[2]NeonTubeBothSidesDirectional (1).[0]BakedBloom
GameCore.[40]BigTrackLaneRing(Clone).[2]NeonTubeBothSidesDirectional (1).[1]BoxLight
GameCore.[40]BigTrackLaneRing(Clone).[3]NeonTubeBothSidesDirectional (2)
GameCore.[40]BigTrackLaneRing(Clone).[3]NeonTubeBothSidesDirectional (2).[0]BakedBloom
GameCore.[40]BigTrackLaneRing(Clone).[3]NeonTubeBothSidesDirectional (2).[1]BoxLight
GameCore.[40]BigTrackLaneRing(Clone).[4]NeonTubeBothSidesDirectional (3)
GameCore.[40]BigTrackLaneRing(Clone).[4]NeonTubeBothSidesDirectional (3).[0]BakedBloom
GameCore.[40]BigTrackLaneRing(Clone).[4]NeonTubeBothSidesDirectional (3).[1]BoxLight
GameCore.[41]BigTrackLaneRing(Clone)
GameCore.[41]BigTrackLaneRing(Clone).[0]Ring
GameCore.[41]BigTrackLaneRing(Clone).[1]NeonTubeBothSidesDirectional
GameCore.[41]BigTrackLaneRing(Clone).[1]NeonTubeBothSidesDirectional.[0]BakedBloom
GameCore.[41]BigTrackLaneRing(Clone).[1]NeonTubeBothSidesDirectional.[1]BoxLight
GameCore.[41]BigTrackLaneRing(Clone).[2]NeonTubeBothSidesDirectional (1)
GameCore.[41]BigTrackLaneRing(Clone).[2]NeonTubeBothSidesDirectional (1).[0]BakedBloom
GameCore.[41]BigTrackLaneRing(Clone).[2]NeonTubeBothSidesDirectional (1).[1]BoxLight
GameCore.[41]BigTrackLaneRing(Clone).[3]NeonTubeBothSidesDirectional (2)
GameCore.[41]BigTrackLaneRing(Clone).[3]NeonTubeBothSidesDirectional (2).[0]BakedBloom
GameCore.[41]BigTrackLaneRing(Clone).[3]NeonTubeBothSidesDirectional (2).[1]BoxLight
GameCore.[41]BigTrackLaneRing(Clone).[4]NeonTubeBothSidesDirectional (3)
GameCore.[41]BigTrackLaneRing(Clone).[4]NeonTubeBothSidesDirectional (3).[0]BakedBloom
GameCore.[41]BigTrackLaneRing(Clone).[4]NeonTubeBothSidesDirectional (3).[1]BoxLight
GameCore.[42]BigTrackLaneRing(Clone)
GameCore.[42]BigTrackLaneRing(Clone).[0]Ring
GameCore.[42]BigTrackLaneRing(Clone).[1]NeonTubeBothSidesDirectional
GameCore.[42]BigTrackLaneRing(Clone).[1]NeonTubeBothSidesDirectional.[0]BakedBloom
GameCore.[42]BigTrackLaneRing(Clone).[1]NeonTubeBothSidesDirectional.[1]BoxLight
GameCore.[42]BigTrackLaneRing(Clone).[2]NeonTubeBothSidesDirectional (1)
GameCore.[42]BigTrackLaneRing(Clone).[2]NeonTubeBothSidesDirectional (1).[0]BakedBloom
GameCore.[42]BigTrackLaneRing(Clone).[2]NeonTubeBothSidesDirectional (1).[1]BoxLight
GameCore.[42]BigTrackLaneRing(Clone).[3]NeonTubeBothSidesDirectional (2)
GameCore.[42]BigTrackLaneRing(Clone).[3]NeonTubeBothSidesDirectional (2).[0]BakedBloom
GameCore.[42]BigTrackLaneRing(Clone).[3]NeonTubeBothSidesDirectional (2).[1]BoxLight
GameCore.[42]BigTrackLaneRing(Clone).[4]NeonTubeBothSidesDirectional (3)
GameCore.[42]BigTrackLaneRing(Clone).[4]NeonTubeBothSidesDirectional (3).[0]BakedBloom
GameCore.[42]BigTrackLaneRing(Clone).[4]NeonTubeBothSidesDirectional (3).[1]BoxLight
GameCore.[43]BigTrackLaneRing(Clone)
GameCore.[43]BigTrackLaneRing(Clone).[0]Ring
GameCore.[43]BigTrackLaneRing(Clone).[1]NeonTubeBothSidesDirectional
GameCore.[43]BigTrackLaneRing(Clone).[1]NeonTubeBothSidesDirectional.[0]BakedBloom
GameCore.[43]BigTrackLaneRing(Clone).[1]NeonTubeBothSidesDirectional.[1]BoxLight
GameCore.[43]BigTrackLaneRing(Clone).[2]NeonTubeBothSidesDirectional (1)
GameCore.[43]BigTrackLaneRing(Clone).[2]NeonTubeBothSidesDirectional (1).[0]BakedBloom
GameCore.[43]BigTrackLaneRing(Clone).[2]NeonTubeBothSidesDirectional (1).[1]BoxLight
GameCore.[43]BigTrackLaneRing(Clone).[3]NeonTubeBothSidesDirectional (2)
GameCore.[43]BigTrackLaneRing(Clone).[3]NeonTubeBothSidesDirectional (2).[0]BakedBloom
GameCore.[43]BigTrackLaneRing(Clone).[3]NeonTubeBothSidesDirectional (2).[1]BoxLight
GameCore.[43]BigTrackLaneRing(Clone).[4]NeonTubeBothSidesDirectional (3)
GameCore.[43]BigTrackLaneRing(Clone).[4]NeonTubeBothSidesDirectional (3).[0]BakedBloom
GameCore.[43]BigTrackLaneRing(Clone).[4]NeonTubeBothSidesDirectional (3).[1]BoxLight
GameCore.[44]BigTrackLaneRing(Clone)
GameCore.[44]BigTrackLaneRing(Clone).[0]Ring
GameCore.[44]BigTrackLaneRing(Clone).[1]NeonTubeBothSidesDirectional
GameCore.[44]BigTrackLaneRing(Clone).[1]NeonTubeBothSidesDirectional.[0]BakedBloom
GameCore.[44]BigTrackLaneRing(Clone).[1]NeonTubeBothSidesDirectional.[1]BoxLight
GameCore.[44]BigTrackLaneRing(Clone).[2]NeonTubeBothSidesDirectional (1)
GameCore.[44]BigTrackLaneRing(Clone).[2]NeonTubeBothSidesDirectional (1).[0]BakedBloom
GameCore.[44]BigTrackLaneRing(Clone).[2]NeonTubeBothSidesDirectional (1).[1]BoxLight
GameCore.[44]BigTrackLaneRing(Clone).[3]NeonTubeBothSidesDirectional (2)
GameCore.[44]BigTrackLaneRing(Clone).[3]NeonTubeBothSidesDirectional (2).[0]BakedBloom
GameCore.[44]BigTrackLaneRing(Clone).[3]NeonTubeBothSidesDirectional (2).[1]BoxLight
GameCore.[44]BigTrackLaneRing(Clone).[4]NeonTubeBothSidesDirectional (3)
GameCore.[44]BigTrackLaneRing(Clone).[4]NeonTubeBothSidesDirectional (3).[0]BakedBloom
GameCore.[44]BigTrackLaneRing(Clone).[4]NeonTubeBothSidesDirectional (3).[1]BoxLight
GameCore.[45]BigTrackLaneRing(Clone)
GameCore.[45]BigTrackLaneRing(Clone).[0]Ring
GameCore.[45]BigTrackLaneRing(Clone).[1]NeonTubeBothSidesDirectional
GameCore.[45]BigTrackLaneRing(Clone).[1]NeonTubeBothSidesDirectional.[0]BakedBloom
GameCore.[45]BigTrackLaneRing(Clone).[1]NeonTubeBothSidesDirectional.[1]BoxLight
GameCore.[45]BigTrackLaneRing(Clone).[2]NeonTubeBothSidesDirectional (1)
GameCore.[45]BigTrackLaneRing(Clone).[2]NeonTubeBothSidesDirectional (1).[0]BakedBloom
GameCore.[45]BigTrackLaneRing(Clone).[2]NeonTubeBothSidesDirectional (1).[1]BoxLight
GameCore.[45]BigTrackLaneRing(Clone).[3]NeonTubeBothSidesDirectional (2)
GameCore.[45]BigTrackLaneRing(Clone).[3]NeonTubeBothSidesDirectional (2).[0]BakedBloom
GameCore.[45]BigTrackLaneRing(Clone).[3]NeonTubeBothSidesDirectional (2).[1]BoxLight
GameCore.[45]BigTrackLaneRing(Clone).[4]NeonTubeBothSidesDirectional (3)
GameCore.[45]BigTrackLaneRing(Clone).[4]NeonTubeBothSidesDirectional (3).[0]BakedBloom
GameCore.[45]BigTrackLaneRing(Clone).[4]NeonTubeBothSidesDirectional (3).[1]BoxLight
GameCore.[5]SmallTrackLaneRing(Clone)
GameCore.[5]SmallTrackLaneRing(Clone).[0]Ring
GameCore.[6]SmallTrackLaneRing(Clone)
GameCore.[6]SmallTrackLaneRing(Clone).[0]Ring
GameCore.[7]SmallTrackLaneRing(Clone)
GameCore.[7]SmallTrackLaneRing(Clone).[0]Ring
GameCore.[8]SmallTrackLaneRing(Clone)
GameCore.[8]SmallTrackLaneRing(Clone).[0]Ring
GameCore.[9]SmallTrackLaneRing(Clone)
GameCore.[9]SmallTrackLaneRing(Clone).[0]Ring