DragonsEnvironment.[0]Environment
DragonsEnvironment.[0]Environment.[0]DecoratorContext
DragonsEnvironment.[0]Environment.[1]SceneSetup
DragonsEnvironment.[0]Environment.[10]GlowLineL
DragonsEnvironment.[0]Environment.[10]GlowLineL.[0]BoxLight
DragonsEnvironment.[0]Environment.[10]GlowLineL.[1]BakedBloom
DragonsEnvironment.[0]Environment.[11]BasicGameHUD
DragonsEnvironment.[0]Environment.[11]BasicGameHUD.[0]EnergyPanel
DragonsEnvironment.[0]Environment.[11]BasicGameHUD.[0]EnergyPanel.[0]BG
DragonsEnvironment.[0]Environment.[11]BasicGameHUD.[0]EnergyPanel.[1]BarBG
DragonsEnvironment.[0]Environment.[11]BasicGameHUD.[0]EnergyPanel.[2]EnergyIconEmpty
DragonsEnvironment.[0]Environment.[11]BasicGameHUD.[0]EnergyPanel.[3]EnergyIconFull
DragonsEnvironment.[0]Environment.[11]BasicGameHUD.[0]EnergyPanel.[4]EnergyBarWrapper
DragonsEnvironment.[0]Environment.[11]BasicGameHUD.[0]EnergyPanel.[4]EnergyBarWrapper.[0]EnergyBar
DragonsEnvironment.[0]Environment.[11]BasicGameHUD.[0]EnergyPanel.[5]Laser
DragonsEnvironment.[0]Environment.[11]BasicGameHUD.[0]EnergyPanel.[5]Laser.[0]BoxLight
DragonsEnvironment.[0]Environment.[11]BasicGameHUD.[0]EnergyPanel.[5]Laser.[1]BakedBloom
DragonsEnvironment.[0]Environment.[11]BasicGameHUD.[0]EnergyPanel.[6]FailIcon
DragonsEnvironment.[0]Environment.[11]BasicGameHUD.[1]LeftPanel
DragonsEnvironment.[0]Environment.[11]BasicGameHUD.[1]LeftPanel.[0]BG
DragonsEnvironment.[0]Environment.[11]BasicGameHUD.[1]LeftPanel.[1]Top
DragonsEnvironment.[0]Environment.[11]BasicGameHUD.[1]LeftPanel.[2]ComboPanel
DragonsEnvironment.[0]Environment.[11]BasicGameHUD.[1]LeftPanel.[2]ComboPanel.[0]ComboText
DragonsEnvironment.[0]Environment.[11]BasicGameHUD.[1]LeftPanel.[2]ComboPanel.[1]ComboCanvas
DragonsEnvironment.[0]Environment.[11]BasicGameHUD.[1]LeftPanel.[2]ComboPanel.[1]ComboCanvas.[0]NumText
DragonsEnvironment.[0]Environment.[11]BasicGameHUD.[1]LeftPanel.[2]ComboPanel.[2]Line0
DragonsEnvironment.[0]Environment.[11]BasicGameHUD.[1]LeftPanel.[2]ComboPanel.[3]Line1
DragonsEnvironment.[0]Environment.[11]BasicGameHUD.[1]LeftPanel.[3]ScoreCanvas
DragonsEnvironment.[0]Environment.[11]BasicGameHUD.[1]LeftPanel.[3]ScoreCanvas.[0]ScoreText
DragonsEnvironment.[0]Environment.[11]BasicGameHUD.[1]LeftPanel.[3]ScoreCanvas.[1]ImmediateRankText
DragonsEnvironment.[0]Environment.[11]BasicGameHUD.[1]LeftPanel.[3]ScoreCanvas.[2]RelativeScoreText
DragonsEnvironment.[0]Environment.[11]BasicGameHUD.[2]RightPanel
DragonsEnvironment.[0]Environment.[11]BasicGameHUD.[2]RightPanel.[0]BG
DragonsEnvironment.[0]Environment.[11]BasicGameHUD.[2]RightPanel.[1]Top
DragonsEnvironment.[0]Environment.[11]BasicGameHUD.[2]RightPanel.[2]MultiplierCanvas
DragonsEnvironment.[0]Environment.[11]BasicGameHUD.[2]RightPanel.[2]MultiplierCanvas.[0]BGCircle
DragonsEnvironment.[0]Environment.[11]BasicGameHUD.[2]RightPanel.[2]MultiplierCanvas.[1]FGCircle
DragonsEnvironment.[0]Environment.[11]BasicGameHUD.[2]RightPanel.[2]MultiplierCanvas.[2]AnimationCircle
DragonsEnvironment.[0]Environment.[11]BasicGameHUD.[2]RightPanel.[2]MultiplierCanvas.[3]TextOverlayPanelOutline1
DragonsEnvironment.[0]Environment.[11]BasicGameHUD.[2]RightPanel.[2]MultiplierCanvas.[3]TextOverlayPanelOutline1.[0]XText
DragonsEnvironment.[0]Environment.[11]BasicGameHUD.[2]RightPanel.[2]MultiplierCanvas.[3]TextOverlayPanelOutline1.[1]NumText
DragonsEnvironment.[0]Environment.[11]BasicGameHUD.[2]RightPanel.[2]MultiplierCanvas.[4]TextOverlayPanelOutline0
DragonsEnvironment.[0]Environment.[11]BasicGameHUD.[2]RightPanel.[2]MultiplierCanvas.[4]TextOverlayPanelOutline0.[0]XText
DragonsEnvironment.[0]Environment.[11]BasicGameHUD.[2]RightPanel.[2]MultiplierCanvas.[4]TextOverlayPanelOutline0.[1]NumText
DragonsEnvironment.[0]Environment.[11]BasicGameHUD.[2]RightPanel.[2]MultiplierCanvas.[5]TextPanel
DragonsEnvironment.[0]Environment.[11]BasicGameHUD.[2]RightPanel.[2]MultiplierCanvas.[5]TextPanel.[0]XText
DragonsEnvironment.[0]Environment.[11]BasicGameHUD.[2]RightPanel.[2]MultiplierCanvas.[5]TextPanel.[1]NumText
DragonsEnvironment.[0]Environment.[11]BasicGameHUD.[2]RightPanel.[3]SongProgressCanvas
DragonsEnvironment.[0]Environment.[11]BasicGameHUD.[2]RightPanel.[3]SongProgressCanvas.[0]Progress
DragonsEnvironment.[0]Environment.[11]BasicGameHUD.[2]RightPanel.[3]SongProgressCanvas.[1]Slider
DragonsEnvironment.[0]Environment.[11]BasicGameHUD.[2]RightPanel.[3]SongProgressCanvas.[1]Slider.[0]Background
DragonsEnvironment.[0]Environment.[11]BasicGameHUD.[2]RightPanel.[3]SongProgressCanvas.[1]Slider.[1]Handle Slide Area
DragonsEnvironment.[0]Environment.[11]BasicGameHUD.[2]RightPanel.[3]SongProgressCanvas.[1]Slider.[1]Handle Slide Area.[0]Handle
DragonsEnvironment.[0]Environment.[11]BasicGameHUD.[2]RightPanel.[3]SongProgressCanvas.[2]DurationMinutes
DragonsEnvironment.[0]Environment.[11]BasicGameHUD.[2]RightPanel.[3]SongProgressCanvas.[3]DurationSeconds
DragonsEnvironment.[0]Environment.[11]BasicGameHUD.[2]RightPanel.[3]SongProgressCanvas.[4]ProgressMinutes
DragonsEnvironment.[0]Environment.[11]BasicGameHUD.[2]RightPanel.[3]SongProgressCanvas.[5]ProgressSeconds
DragonsEnvironment.[0]Environment.[11]BasicGameHUD.[2]RightPanel.[3]SongProgressCanvas.[6]BG
DragonsEnvironment.[0]Environment.[12]Spectrograms
DragonsEnvironment.[0]Environment.[12]Spectrograms.[0]Spectrogram
DragonsEnvironment.[0]Environment.[12]Spectrograms.[0]Spectrogram.[0]Spectrogram0
DragonsEnvironment.[0]Environment.[12]Spectrograms.[0]Spectrogram.[1]Spectrogram1
DragonsEnvironment.[0]Environment.[12]Spectrograms.[1]Spectrogram
DragonsEnvironment.[0]Environment.[12]Spectrograms.[1]Spectrogram.[0]Spectrogram0
DragonsEnvironment.[0]Environment.[12]Spectrograms.[1]Spectrogram.[1]Spectrogram1
DragonsEnvironment.[0]Environment.[13]PanelsTrackLaneRings
DragonsEnvironment.[0]Environment.[14]BigTrackLaneRings
DragonsEnvironment.[0]Environment.[15]BigSmokePS
DragonsEnvironment.[0]Environment.[16]DustPS
DragonsEnvironment.[0]Environment.[17]DragonsSidePSL
DragonsEnvironment.[0]Environment.[18]DragonsSidePSR
DragonsEnvironment.[0]Environment.[19]GlowLineR
DragonsEnvironment.[0]Environment.[19]GlowLineR.[0]BoxLight
DragonsEnvironment.[0]Environment.[19]GlowLineR.[1]BakedBloom
DragonsEnvironment.[0]Environment.[2]====== STATIC ======
DragonsEnvironment.[0]Environment.[20]CoreLighting
DragonsEnvironment.[0]Environment.[20]CoreLighting.[0]LightManager
DragonsEnvironment.[0]Environment.[20]CoreLighting.[1]LightWrapper0
DragonsEnvironment.[0]Environment.[20]CoreLighting.[1]LightWrapper0.[0]DirectionalLight
DragonsEnvironment.[0]Environment.[20]CoreLighting.[2]LightWrapper1
DragonsEnvironment.[0]Environment.[20]CoreLighting.[2]LightWrapper1.[0]DirectionalLight
DragonsEnvironment.[0]Environment.[20]CoreLighting.[3]DirectionalLight
DragonsEnvironment.[0]Environment.[20]CoreLighting.[4]DirectionalLight
DragonsEnvironment.[0]Environment.[20]CoreLighting.[5]DirectionalLight
DragonsEnvironment.[0]Environment.[21]LightEffects
DragonsEnvironment.[0]Environment.[22]LightWithIdManager
DragonsEnvironment.[0]Environment.[23]FrontLights
DragonsEnvironment.[0]Environment.[23]FrontLights.[0]NeonTube
DragonsEnvironment.[0]Environment.[23]FrontLights.[0]NeonTube.[0]BakedBloom
DragonsEnvironment.[0]Environment.[23]FrontLights.[0]NeonTube.[1]BoxLight
DragonsEnvironment.[0]Environment.[23]FrontLights.[1]NeonTube (1)
DragonsEnvironment.[0]Environment.[23]FrontLights.[1]NeonTube (1).[0]BakedBloom
DragonsEnvironment.[0]Environment.[23]FrontLights.[1]NeonTube (1).[1]BoxLight
DragonsEnvironment.[0]Environment.[24]ConstructionGlowLine (1)
DragonsEnvironment.[0]Environment.[24]ConstructionGlowLine (1).[0]BoxLight
DragonsEnvironment.[0]Environment.[24]ConstructionGlowLine (1).[1]BakedBloom
DragonsEnvironment.[0]Environment.[25]ConstructionGlowLine (6)
DragonsEnvironment.[0]Environment.[25]ConstructionGlowLine (6).[0]BoxLight
DragonsEnvironment.[0]Environment.[25]ConstructionGlowLine (6).[1]BakedBloom
DragonsEnvironment.[0]Environment.[26]ConstructionGlowLine (4)
DragonsEnvironment.[0]Environment.[26]ConstructionGlowLine (4).[0]BoxLight
DragonsEnvironment.[0]Environment.[26]ConstructionGlowLine (4).[1]BakedBloom
DragonsEnvironment.[0]Environment.[27]ConstructionGlowLine (5)
DragonsEnvironment.[0]Environment.[27]ConstructionGlowLine (5).[0]BoxLight
DragonsEnvironment.[0]Environment.[27]ConstructionGlowLine (5).[1]BakedBloom
DragonsEnvironment.[0]Environment.[28]GradientBackground
DragonsEnvironment.[0]Environment.[29]RotatingLasersPair
DragonsEnvironment.[0]Environment.[29]RotatingLasersPair.[0]BaseL
DragonsEnvironment.[0]Environment.[29]RotatingLasersPair.[0]BaseL.[0]Laser
DragonsEnvironment.[0]Environment.[29]RotatingLasersPair.[0]BaseL.[0]Laser.[0]BakedBloom
DragonsEnvironment.[0]Environment.[29]RotatingLasersPair.[0]BaseL.[0]Laser.[1]BoxLight
DragonsEnvironment.[0]Environment.[29]RotatingLasersPair.[1]BaseR
DragonsEnvironment.[0]Environment.[29]RotatingLasersPair.[1]BaseR.[0]Laser
DragonsEnvironment.[0]Environment.[29]RotatingLasersPair.[1]BaseR.[0]Laser.[0]BakedBloom
DragonsEnvironment.[0]Environment.[29]RotatingLasersPair.[1]BaseR.[0]Laser.[1]BoxLight
DragonsEnvironment.[0]Environment.[3]PlayersPlace
DragonsEnvironment.[0]Environment.[3]PlayersPlace.[0]Mirror
DragonsEnvironment.[0]Environment.[3]PlayersPlace.[1]Feet
DragonsEnvironment.[0]Environment.[3]PlayersPlace.[2]Construction
DragonsEnvironment.[0]Environment.[3]PlayersPlace.[3]RectangleFakeGlow
DragonsEnvironment.[0]Environment.[3]PlayersPlace.[4]SaberBurnMarksParticles
DragonsEnvironment.[0]Environment.[3]PlayersPlace.[4]SaberBurnMarksParticles.[0]SaberBurnMarkSparklePS
DragonsEnvironment.[0]Environment.[3]PlayersPlace.[5]SaberBurnMarksArea
DragonsEnvironment.[0]Environment.[3]PlayersPlace.[6]Collider
DragonsEnvironment.[0]Environment.[30]RotatingLasersPair (1)
DragonsEnvironment.[0]Environment.[30]RotatingLasersPair (1).[0]BaseL
DragonsEnvironment.[0]Environment.[30]RotatingLasersPair (1).[0]BaseL.[0]Laser
DragonsEnvironment.[0]Environment.[30]RotatingLasersPair (1).[0]BaseL.[0]Laser.[0]BakedBloom
DragonsEnvironment.[0]Environment.[30]RotatingLasersPair (1).[0]BaseL.[0]Laser.[1]BoxLight
DragonsEnvironment.[0]Environment.[30]RotatingLasersPair (1).[1]BaseR
DragonsEnvironment.[0]Environment.[30]RotatingLasersPair (1).[1]BaseR.[0]Laser
DragonsEnvironment.[0]Environment.[30]RotatingLasersPair (1).[1]BaseR.[0]Laser.[0]BakedBloom
DragonsEnvironment.[0]Environment.[30]RotatingLasersPair (1).[1]BaseR.[0]Laser.[1]BoxLight
DragonsEnvironment.[0]Environment.[31]RotatingLasersPair (2)
DragonsEnvironment.[0]Environment.[31]RotatingLasersPair (2).[0]BaseL
DragonsEnvironment.[0]Environment.[31]RotatingLasersPair (2).[0]BaseL.[0]Laser
DragonsEnvironment.[0]Environment.[31]RotatingLasersPair (2).[0]BaseL.[0]Laser.[0]BakedBloom
DragonsEnvironment.[0]Environment.[31]RotatingLasersPair (2).[0]BaseL.[0]Laser.[1]BoxLight
DragonsEnvironment.[0]Environment.[31]RotatingLasersPair (2).[1]BaseR
DragonsEnvironment.[0]Environment.[31]RotatingLasersPair (2).[1]BaseR.[0]Laser
DragonsEnvironment.[0]Environment.[31]RotatingLasersPair (2).[1]BaseR.[0]Laser.[0]BakedBloom
DragonsEnvironment.[0]Environment.[31]RotatingLasersPair (2).[1]BaseR.[0]Laser.[1]BoxLight
DragonsEnvironment.[0]Environment.[32]RotatingLasersPair (3)
DragonsEnvironment.[0]Environment.[32]RotatingLasersPair (3).[0]BaseL
DragonsEnvironment.[0]Environment.[32]RotatingLasersPair (3).[0]BaseL.[0]Laser
DragonsEnvironment.[0]Environment.[32]RotatingLasersPair (3).[0]BaseL.[0]Laser.[0]BakedBloom
DragonsEnvironment.[0]Environment.[32]RotatingLasersPair (3).[0]BaseL.[0]Laser.[1]BoxLight
DragonsEnvironment.[0]Environment.[32]RotatingLasersPair (3).[1]BaseR
DragonsEnvironment.[0]Environment.[32]RotatingLasersPair (3).[1]BaseR.[0]Laser
DragonsEnvironment.[0]Environment.[32]RotatingLasersPair (3).[1]BaseR.[0]Laser.[0]BakedBloom
DragonsEnvironment.[0]Environment.[32]RotatingLasersPair (3).[1]BaseR.[0]Laser.[1]BoxLight
DragonsEnvironment.[0]Environment.[33]RotatingLasersPair (4)
DragonsEnvironment.[0]Environment.[33]RotatingLasersPair (4).[0]BaseL
DragonsEnvironment.[0]Environment.[33]RotatingLasersPair (4).[0]BaseL.[0]Laser
DragonsEnvironment.[0]Environment.[33]RotatingLasersPair (4).[0]BaseL.[0]Laser.[0]BakedBloom
DragonsEnvironment.[0]Environment.[33]RotatingLasersPair (4).[0]BaseL.[0]Laser.[1]BoxLight
DragonsEnvironment.[0]Environment.[33]RotatingLasersPair (4).[1]BaseR
DragonsEnvironment.[0]Environment.[33]RotatingLasersPair (4).[1]BaseR.[0]Laser
DragonsEnvironment.[0]Environment.[33]RotatingLasersPair (4).[1]BaseR.[0]Laser.[0]BakedBloom
DragonsEnvironment.[0]Environment.[33]RotatingLasersPair (4).[1]BaseR.[0]Laser.[1]BoxLight
DragonsEnvironment.[0]Environment.[34]BakedReflectionProbe
DragonsEnvironment.[0]Environment.[35]BSBakedLightingLightWithIds
DragonsEnvironment.[0]Environment.[36]FakeMirrorSettings
DragonsEnvironment.[0]Environment.[37]BakedReflectionProbeInstaller
DragonsEnvironment.[0]Environment.[4]TrackMirror
DragonsEnvironment.[0]Environment.[4]TrackMirror.[0]TrackMirrorSetDepth
DragonsEnvironment.[0]Environment.[5]TrackConstruction
DragonsEnvironment.[0]Environment.[6]HallConstruction
DragonsEnvironment.[0]Environment.[7]Underground
DragonsEnvironment.[0]Environment.[8]====== DYNAMIC ======
DragonsEnvironment.[0]Environment.[9]====== LIGHTS ======
DragonsEnvironment.[1]CinemaPlaybackController
DragonsEnvironment.[1]CinemaPlaybackController.[0]CinemaScreen
DragonsEnvironment.[1]CinemaPlaybackController.[0]CinemaScreen.[0]Body
GameCore.[1]PanelsTrackLaneRing(Clone)
GameCore.[1]PanelsTrackLaneRing(Clone).[0]Ring
GameCore.[10]PanelsTrackLaneRing(Clone)
GameCore.[10]PanelsTrackLaneRing(Clone).[0]Ring
GameCore.[11]PanelsTrackLaneRing(Clone)
GameCore.[11]PanelsTrackLaneRing(Clone).[0]Ring
GameCore.[12]PanelsTrackLaneRing(Clone)
GameCore.[12]PanelsTrackLaneRing(Clone).[0]Ring
GameCore.[13]PanelsTrackLaneRing(Clone)
GameCore.[13]PanelsTrackLaneRing(Clone).[0]Ring
GameCore.[14]PanelsTrackLaneRing(Clone)
GameCore.[14]PanelsTrackLaneRing(Clone).[0]Ring
GameCore.[15]PanelsTrackLaneRing(Clone)
GameCore.[15]PanelsTrackLaneRing(Clone).[0]Ring
GameCore.[16]PanelsTrackLaneRing(Clone)
GameCore.[16]PanelsTrackLaneRing(Clone).[0]Ring
GameCore.[17]PanelsTrackLaneRing(Clone)
GameCore.[17]PanelsTrackLaneRing(Clone).[0]Ring
GameCore.[18]PanelsTrackLaneRing(Clone)
GameCore.[18]PanelsTrackLaneRing(Clone).[0]Ring
GameCore.[19]PanelsTrackLaneRing(Clone)
GameCore.[19]PanelsTrackLaneRing(Clone).[0]Ring
GameCore.[2]PanelsTrackLaneRing(Clone)
GameCore.[2]PanelsTrackLaneRing(Clone).[0]Ring
GameCore.[20]PanelsTrackLaneRing(Clone)
GameCore.[20]PanelsTrackLaneRing(Clone).[0]Ring
GameCore.[21]PanelsTrackLaneRing(Clone)
GameCore.[21]PanelsTrackLaneRing(Clone).[0]Ring
GameCore.[22]PanelsTrackLaneRing(Clone)
GameCore.[22]PanelsTrackLaneRing(Clone).[0]Ring
GameCore.[23]PanelsTrackLaneRing(Clone)
GameCore.[23]PanelsTrackLaneRing(Clone).[0]Ring
GameCore.[24]PanelsTrackLaneRing(Clone)
GameCore.[24]PanelsTrackLaneRing(Clone).[0]Ring
GameCore.[25]PanelsTrackLaneRing(Clone)
GameCore.[25]PanelsTrackLaneRing(Clone).[0]Ring
GameCore.[26]PanelsTrackLaneRing(Clone)
GameCore.[26]PanelsTrackLaneRing(Clone).[0]Ring
GameCore.[27]PanelsTrackLaneRing(Clone)
GameCore.[27]PanelsTrackLaneRing(Clone).[0]Ring
GameCore.[28]PanelsTrackLaneRing(Clone)
GameCore.[28]PanelsTrackLaneRing(Clone).[0]Ring
GameCore.[29]PanelsTrackLaneRing(Clone)
GameCore.[29]PanelsTrackLaneRing(Clone).[0]Ring
GameCore.[3]PanelsTrackLaneRing(Clone)
GameCore.[3]PanelsTrackLaneRing(Clone).[0]Ring
GameCore.[30]PanelsTrackLaneRing(Clone)
GameCore.[30]PanelsTrackLaneRing(Clone).[0]Ring
GameCore.[31]BigTrackLaneRing(Clone)
GameCore.[31]BigTrackLaneRing(Clone).[0]Ring
GameCore.[31]BigTrackLaneRing(Clone).[1]NeonTubeBothSidesDirectional
GameCore.[31]BigTrackLaneRing(Clone).[1]NeonTubeBothSidesDirectional.[0]BakedBloom
GameCore.[31]BigTrackLaneRing(Clone).[1]NeonTubeBothSidesDirectional.[1]BoxLight
GameCore.[31]BigTrackLaneRing(Clone).[2]NeonTubeBothSidesDirectional (1)
GameCore.[31]BigTrackLaneRing(Clone).[2]NeonTubeBothSidesDirectional (1).[0]BakedBloom
GameCore.[31]BigTrackLaneRing(Clone).[2]NeonTubeBothSidesDirectional (1).[1]BoxLight
GameCore.[31]BigTrackLaneRing(Clone).[3]NeonTubeBothSidesDirectional (2)
GameCore.[31]BigTrackLaneRing(Clone).[3]NeonTubeBothSidesDirectional (2).[0]BakedBloom
GameCore.[31]BigTrackLaneRing(Clone).[3]NeonTubeBothSidesDirectional (2).[1]BoxLight
GameCore.[31]BigTrackLaneRing(Clone).[4]NeonTubeBothSidesDirectional (3)
GameCore.[31]BigTrackLaneRing(Clone).[4]NeonTubeBothSidesDirectional (3).[0]BakedBloom
GameCore.[31]BigTrackLaneRing(Clone).[4]NeonTubeBothSidesDirectional (3).[1]BoxLight
GameCore.[32]BigTrackLaneRing(Clone)
GameCore.[32]BigTrackLaneRing(Clone).[0]Ring
GameCore.[32]BigTrackLaneRing(Clone).[1]NeonTubeBothSidesDirectional
GameCore.[32]BigTrackLaneRing(Clone).[1]NeonTubeBothSidesDirectional.[0]BakedBloom
GameCore.[32]BigTrackLaneRing(Clone).[1]NeonTubeBothSidesDirectional.[1]BoxLight
GameCore.[32]BigTrackLaneRing(Clone).[2]NeonTubeBothSidesDirectional (1)
GameCore.[32]BigTrackLaneRing(Clone).[2]NeonTubeBothSidesDirectional (1).[0]BakedBloom
GameCore.[32]BigTrackLaneRing(Clone).[2]NeonTubeBothSidesDirectional (1).[1]BoxLight
GameCore.[32]BigTrackLaneRing(Clone).[3]NeonTubeBothSidesDirectional (2)
GameCore.[32]BigTrackLaneRing(Clone).[3]NeonTubeBothSidesDirectional (2).[0]BakedBloom
GameCore.[32]BigTrackLaneRing(Clone).[3]NeonTubeBothSidesDirectional (2).[1]BoxLight
GameCore.[32]BigTrackLaneRing(Clone).[4]NeonTubeBothSidesDirectional (3)
GameCore.[32]BigTrackLaneRing(Clone).[4]NeonTubeBothSidesDirectional (3).[0]BakedBloom
GameCore.[32]BigTrackLaneRing(Clone).[4]NeonTubeBothSidesDirectional (3).[1]BoxLight
GameCore.[33]BigTrackLaneRing(Clone)
GameCore.[33]BigTrackLaneRing(Clone).[0]Ring
GameCore.[33]BigTrackLaneRing(Clone).[1]NeonTubeBothSidesDirectional
GameCore.[33]BigTrackLaneRing(Clone).[1]NeonTubeBothSidesDirectional.[0]BakedBloom
GameCore.[33]BigTrackLaneRing(Clone).[1]NeonTubeBothSidesDirectional.[1]BoxLight
GameCore.[33]BigTrackLaneRing(Clone).[2]NeonTubeBothSidesDirectional (1)
GameCore.[33]BigTrackLaneRing(Clone).[2]NeonTubeBothSidesDirectional (1).[0]BakedBloom
GameCore.[33]BigTrackLaneRing(Clone).[2]NeonTubeBothSidesDirectional (1).[1]BoxLight
GameCore.[33]BigTrackLaneRing(Clone).[3]NeonTubeBothSidesDirectional (2)
GameCore.[33]BigTrackLaneRing(Clone).[3]NeonTubeBothSidesDirectional (2).[0]BakedBloom
GameCore.[33]BigTrackLaneRing(Clone).[3]NeonTubeBothSidesDirectional (2).[1]BoxLight
GameCore.[33]BigTrackLaneRing(Clone).[4]NeonTubeBothSidesDirectional (3)
GameCore.[33]BigTrackLaneRing(Clone).[4]NeonTubeBothSidesDirectional (3).[0]BakedBloom
GameCore.[33]BigTrackLaneRing(Clone).[4]NeonTubeBothSidesDirectional (3).[1]BoxLight
GameCore.[34]BigTrackLaneRing(Clone)
GameCore.[34]BigTrackLaneRing(Clone).[0]Ring
GameCore.[34]BigTrackLaneRing(Clone).[1]NeonTubeBothSidesDirectional
GameCore.[34]BigTrackLaneRing(Clone).[1]NeonTubeBothSidesDirectional.[0]BakedBloom
GameCore.[34]BigTrackLaneRing(Clone).[1]NeonTubeBothSidesDirectional.[1]BoxLight
GameCore.[34]BigTrackLaneRing(Clone).[2]NeonTubeBothSidesDirectional (1)
GameCore.[34]BigTrackLaneRing(Clone).[2]NeonTubeBothSidesDirectional (1).[0]BakedBloom
GameCore.[34]BigTrackLaneRing(Clone).[2]NeonTubeBothSidesDirectional (1).[1]BoxLight
GameCore.[34]BigTrackLaneRing(Clone).[3]NeonTubeBothSidesDirectional (2)
GameCore.[34]BigTrackLaneRing(Clone).[3]NeonTubeBothSidesDirectional (2).[0]BakedBloom
GameCore.[34]BigTrackLaneRing(Clone).[3]NeonTubeBothSidesDirectional (2).[1]BoxLight
GameCore.[34]BigTrackLaneRing(Clone).[4]NeonTubeBothSidesDirectional (3)
GameCore.[34]BigTrackLaneRing(Clone).[4]NeonTubeBothSidesDirectional (3).[0]BakedBloom
GameCore.[34]BigTrackLaneRing(Clone).[4]NeonTubeBothSidesDirectional (3).[1]BoxLight
GameCore.[35]BigTrackLaneRing(Clone)
GameCore.[35]BigTrackLaneRing(Clone).[0]Ring
GameCore.[35]BigTrackLaneRing(Clone).[1]NeonTubeBothSidesDirectional
GameCore.[35]BigTrackLaneRing(Clone).[1]NeonTubeBothSidesDirectional.[0]BakedBloom
GameCore.[35]BigTrackLaneRing(Clone).[1]NeonTubeBothSidesDirectional.[1]BoxLight
GameCore.[35]BigTrackLaneRing(Clone).[2]NeonTubeBothSidesDirectional (1)
GameCore.[35]BigTrackLaneRing(Clone).[2]NeonTubeBothSidesDirectional (1).[0]BakedBloom
GameCore.[35]BigTrackLaneRing(Clone).[2]NeonTubeBothSidesDirectional (1).[1]BoxLight
GameCore.[35]BigTrackLaneRing(Clone).[3]NeonTubeBothSidesDirectional (2)
GameCore.[35]BigTrackLaneRing(Clone).[3]NeonTubeBothSidesDirectional (2).[0]BakedBloom
GameCore.[35]BigTrackLaneRing(Clone).[3]NeonTubeBothSidesDirectional (2).[1]BoxLight
GameCore.[35]BigTrackLaneRing(Clone).[4]NeonTubeBothSidesDirectional (3)
GameCore.[35]BigTrackLaneRing(Clone).[4]NeonTubeBothSidesDirectional (3).[0]BakedBloom
GameCore.[35]BigTrackLaneRing(Clone).[4]NeonTubeBothSidesDirectional (3).[1]BoxLight
GameCore.[36]BigTrackLaneRing(Clone)
GameCore.[36]BigTrackLaneRing(Clone).[0]Ring
GameCore.[36]BigTrackLaneRing(Clone).[1]NeonTubeBothSidesDirectional
GameCore.[36]BigTrackLaneRing(Clone).[1]NeonTubeBothSidesDirectional.[0]BakedBloom
GameCore.[36]BigTrackLaneRing(Clone).[1]NeonTubeBothSidesDirectional.[1]BoxLight
GameCore.[36]BigTrackLaneRing(Clone).[2]NeonTubeBothSidesDirectional (1)
GameCore.[36]BigTrackLaneRing(Clone).[2]NeonTubeBothSidesDirectional (1).[0]BakedBloom
GameCore.[36]BigTrackLaneRing(Clone).[2]NeonTubeBothSidesDirectional (1).[1]BoxLight
GameCore.[36]BigTrackLaneRing(Clone).[3]NeonTubeBothSidesDirectional (2)
GameCore.[36]BigTrackLaneRing(Clone).[3]NeonTubeBothSidesDirectional (2).[0]BakedBloom
GameCore.[36]BigTrackLaneRing(Clone).[3]NeonTubeBothSidesDirectional (2).[1]BoxLight
GameCore.[36]BigTrackLaneRing(Clone).[4]NeonTubeBothSidesDirectional (3)
GameCore.[36]BigTrackLaneRing(Clone).[4]NeonTubeBothSidesDirectional (3).[0]BakedBloom
GameCore.[36]BigTrackLaneRing(Clone).[4]NeonTubeBothSidesDirectional (3).[1]BoxLight
GameCore.[37]BigTrackLaneRing(Clone)
GameCore.[37]BigTrackLaneRing(Clone).[0]Ring
GameCore.[37]BigTrackLaneRing(Clone).[1]NeonTubeBothSidesDirectional
GameCore.[37]BigTrackLaneRing(Clone).[1]NeonTubeBothSidesDirectional.[0]BakedBloom
GameCore.[37]BigTrackLaneRing(Clone).[1]NeonTubeBothSidesDirectional.[1]BoxLight
GameCore.[37]BigTrackLaneRing(Clone).[2]NeonTubeBothSidesDirectional (1)
GameCore.[37]BigTrackLaneRing(Clone).[2]NeonTubeBothSidesDirectional (1).[0]BakedBloom
GameCore.[37]BigTrackLaneRing(Clone).[2]NeonTubeBothSidesDirectional (1).[1]BoxLight
GameCore.[37]BigTrackLaneRing(Clone).[3]NeonTubeBothSidesDirectional (2)
GameCore.[37]BigTrackLaneRing(Clone).[3]NeonTubeBothSidesDirectional (2).[0]BakedBloom
GameCore.[37]BigTrackLaneRing(Clone).[3]NeonTubeBothSidesDirectional (2).[1]BoxLight
GameCore.[37]BigTrackLaneRing(Clone).[4]NeonTubeBothSidesDirectional (3)
GameCore.[37]BigTrackLaneRing(Clone).[4]NeonTubeBothSidesDirectional (3).[0]BakedBloom
GameCore.[37]BigTrackLaneRing(Clone).[4]NeonTubeBothSidesDirectional (3).[1]BoxLight
GameCore.[38]BigTrackLaneRing(Clone)
GameCore.[38]BigTrackLaneRing(Clone).[0]Ring
GameCore.[38]BigTrackLaneRing(Clone).[1]NeonTubeBothSidesDirectional
GameCore.[38]BigTrackLaneRing(Clone).[1]NeonTubeBothSidesDirectional.[0]BakedBloom
GameCore.[38]BigTrackLaneRing(Clone).[1]NeonTubeBothSidesDirectional.[1]BoxLight
GameCore.[38]BigTrackLaneRing(Clone).[2]NeonTubeBothSidesDirectional (1)
GameCore.[38]BigTrackLaneRing(Clone).[2]NeonTubeBothSidesDirectional (1).[0]BakedBloom
GameCore.[38]BigTrackLaneRing(Clone).[2]NeonTubeBothSidesDirectional (1).[1]BoxLight
GameCore.[38]BigTrackLaneRing(Clone).[3]NeonTubeBothSidesDirectional (2)
GameCore.[38]BigTrackLaneRing(Clone).[3]NeonTubeBothSidesDirectional (2).[0]BakedBloom
GameCore.[38]BigTrackLaneRing(Clone).[3]NeonTubeBothSidesDirectional (2).[1]BoxLight
GameCore.[38]BigTrackLaneRing(Clone).[4]NeonTubeBothSidesDirectional (3)
GameCore.[38]BigTrackLaneRing(Clone).[4]NeonTubeBothSidesDirectional (3).[0]BakedBloom
GameCore.[38]BigTrackLaneRing(Clone).[4]NeonTubeBothSidesDirectional (3).[1]BoxLight
GameCore.[39]BigTrackLaneRing(Clone)
GameCore.[39]BigTrackLaneRing(Clone).[0]Ring
GameCore.[39]BigTrackLaneRing(Clone).[1]NeonTubeBothSidesDirectional
GameCore.[39]BigTrackLaneRing(Clone).[1]NeonTubeBothSidesDirectional.[0]BakedBloom
GameCore.[39]BigTrackLaneRing(Clone).[1]NeonTubeBothSidesDirectional.[1]BoxLight
GameCore.[39]BigTrackLaneRing(Clone).[2]NeonTubeBothSidesDirectional (1)
GameCore.[39]BigTrackLaneRing(Clone).[2]NeonTubeBothSidesDirectional (1).[0]BakedBloom
GameCore.[39]BigTrackLaneRing(Clone).[2]NeonTubeBothSidesDirectional (1).[1]BoxLight
GameCore.[39]BigTrackLaneRing(Clone).[3]NeonTubeBothSidesDirectional (2)
GameCore.[39]BigTrackLaneRing(Clone).[3]NeonTubeBothSidesDirectional (2).[0]BakedBloom
GameCore.[39]BigTrackLaneRing(Clone).[3]NeonTubeBothSidesDirectional (2).[1]BoxLight
GameCore.[39]BigTrackLaneRing(Clone).[4]NeonTubeBothSidesDirectional (3)
GameCore.[39]BigTrackLaneRing(Clone).[4]NeonTubeBothSidesDirectional (3).[0]BakedBloom
GameCore.[39]BigTrackLaneRing(Clone).[4]NeonTubeBothSidesDirectional (3).[1]BoxLight
GameCore.[4]PanelsTrackLaneRing(Clone)
GameCore.[4]PanelsTrackLaneRing(Clone).[0]Ring
GameCore.[40]BigTrackLaneRing(Clone)
GameCore.[40]BigTrackLaneRing(Clone).[0]Ring
GameCore.[40]BigTrackLaneRing(Clone).[1]NeonTubeBothSidesDirectional
GameCore.[40]BigTrackLaneRing(Clone).[1]NeonTubeBothSidesDirectional.[0]BakedBloom
GameCore.[40]BigTrackLaneRing(Clone).[1]NeonTubeBothSidesDirectional.[1]BoxLight
GameCore.[40]BigTrackLaneRing(Clone).[2]NeonTubeBothSidesDirectional (1)
GameCore.[40]BigTrackLaneRing(Clone).[2]NeonTubeBothSidesDirectional (1).[0]BakedBloom
GameCore.[40]BigTrackLaneRing(Clone).[2]NeonTubeBothSidesDirectional (1).[1]BoxLight
GameCore.[40]BigTrackLaneRing(Clone).[3]NeonTubeBothSidesDirectional (2)
GameCore.[40]BigTrackLaneRing(Clone).[3]NeonTubeBothSidesDirectional (2).[0]BakedBloom
GameCore.[40]BigTrackLaneRing(Clone).[3]NeonTubeBothSidesDirectional (2).[1]BoxLight
GameCore.[40]BigTrackLaneRing(Clone).[4]NeonTubeBothSidesDirectional (3)
GameCore.[40]BigTrackLaneRing(Clone).[4]NeonTubeBothSidesDirectional (3).[0]BakedBloom
GameCore.[40]BigTrackLaneRing(Clone).[4]NeonTubeBothSidesDirectional (3).[1]BoxLight
GameCore.[41]BigTrackLaneRing(Clone)
GameCore.[41]BigTrackLaneRing(Clone).[0]Ring
GameCore.[41]BigTrackLaneRing(Clone).[1]NeonTubeBothSidesDirectional
GameCore.[41]BigTrackLaneRing(Clone).[1]NeonTubeBothSidesDirectional.[0]BakedBloom
GameCore.[41]BigTrackLaneRing(Clone).[1]NeonTubeBothSidesDirectional.[1]BoxLight
GameCore.[41]BigTrackLaneRing(Clone).[2]NeonTubeBothSidesDirectional (1)
GameCore.[41]BigTrackLaneRing(Clone).[2]NeonTubeBothSidesDirectional (1).[0]BakedBloom
GameCore.[41]BigTrackLaneRing(Clone).[2]NeonTubeBothSidesDirectional (1).[1]BoxLight
GameCore.[41]BigTrackLaneRing(Clone).[3]NeonTubeBothSidesDirectional (2)
GameCore.[41]BigTrackLaneRing(Clone).[3]NeonTubeBothSidesDirectional (2).[0]BakedBloom
GameCore.[41]BigTrackLaneRing(Clone).[3]NeonTubeBothSidesDirectional (2).[1]BoxLight
GameCore.[41]BigTrackLaneRing(Clone).[4]NeonTubeBothSidesDirectional (3)
GameCore.[41]BigTrackLaneRing(Clone).[4]NeonTubeBothSidesDirectional (3).[0]BakedBloom
GameCore.[41]BigTrackLaneRing(Clone).[4]NeonTubeBothSidesDirectional (3).[1]BoxLight
GameCore.[42]BigTrackLaneRing(Clone)
GameCore.[42]BigTrackLaneRing(Clone).[0]Ring
GameCore.[42]BigTrackLaneRing(Clone).[1]NeonTubeBothSidesDirectional
GameCore.[42]BigTrackLaneRing(Clone).[1]NeonTubeBothSidesDirectional.[0]BakedBloom
GameCore.[42]BigTrackLaneRing(Clone).[1]NeonTubeBothSidesDirectional.[1]BoxLight
GameCore.[42]BigTrackLaneRing(Clone).[2]NeonTubeBothSidesDirectional (1)
GameCore.[42]BigTrackLaneRing(Clone).[2]NeonTubeBothSidesDirectional (1).[0]BakedBloom
GameCore.[42]BigTrackLaneRing(Clone).[2]NeonTubeBothSidesDirectional (1).[1]BoxLight
GameCore.[42]BigTrackLaneRing(Clone).[3]NeonTubeBothSidesDirectional (2)
GameCore.[42]BigTrackLaneRing(Clone).[3]NeonTubeBothSidesDirectional (2).[0]BakedBloom
GameCore.[42]BigTrackLaneRing(Clone).[3]NeonTubeBothSidesDirectional (2).[1]BoxLight
GameCore.[42]BigTrackLaneRing(Clone).[4]NeonTubeBothSidesDirectional (3)
GameCore.[42]BigTrackLaneRing(Clone).[4]NeonTubeBothSidesDirectional (3).[0]BakedBloom
GameCore.[42]BigTrackLaneRing(Clone).[4]NeonTubeBothSidesDirectional (3).[1]BoxLight
GameCore.[43]BigTrackLaneRing(Clone)
GameCore.[43]BigTrackLaneRing(Clone).[0]Ring
GameCore.[43]BigTrackLaneRing(Clone).[1]NeonTubeBothSidesDirectional
GameCore.[43]BigTrackLaneRing(Clone).[1]NeonTubeBothSidesDirectional.[0]BakedBloom
GameCore.[43]BigTrackLaneRing(Clone).[1]NeonTubeBothSidesDirectional.[1]BoxLight
GameCore.[43]BigTrackLaneRing(Clone).[2]NeonTubeBothSidesDirectional (1)
GameCore.[43]BigTrackLaneRing(Clone).[2]NeonTubeBothSidesDirectional (1).[0]BakedBloom
GameCore.[43]BigTrackLaneRing(Clone).[2]NeonTubeBothSidesDirectional (1).[1]BoxLight
GameCore.[43]BigTrackLaneRing(Clone).[3]NeonTubeBothSidesDirectional (2)
GameCore.[43]BigTrackLaneRing(Clone).[3]NeonTubeBothSidesDirectional (2).[0]BakedBloom
GameCore.[43]BigTrackLaneRing(Clone).[3]NeonTubeBothSidesDirectional (2).[1]BoxLight
GameCore.[43]BigTrackLaneRing(Clone).[4]NeonTubeBothSidesDirectional (3)
GameCore.[43]BigTrackLaneRing(Clone).[4]NeonTubeBothSidesDirectional (3).[0]BakedBloom
GameCore.[43]BigTrackLaneRing(Clone).[4]NeonTubeBothSidesDirectional (3).[1]BoxLight
GameCore.[44]BigTrackLaneRing(Clone)
GameCore.[44]BigTrackLaneRing(Clone).[0]Ring
GameCore.[44]BigTrackLaneRing(Clone).[1]NeonTubeBothSidesDirectional
GameCore.[44]BigTrackLaneRing(Clone).[1]NeonTubeBothSidesDirectional.[0]BakedBloom
GameCore.[44]BigTrackLaneRing(Clone).[1]NeonTubeBothSidesDirectional.[1]BoxLight
GameCore.[44]BigTrackLaneRing(Clone).[2]NeonTubeBothSidesDirectional (1)
GameCore.[44]BigTrackLaneRing(Clone).[2]NeonTubeBothSidesDirectional (1).[0]BakedBloom
GameCore.[44]BigTrackLaneRing(Clone).[2]NeonTubeBothSidesDirectional (1).[1]BoxLight
GameCore.[44]BigTrackLaneRing(Clone).[3]NeonTubeBothSidesDirectional (2)
GameCore.[44]BigTrackLaneRing(Clone).[3]NeonTubeBothSidesDirectional (2).[0]BakedBloom
GameCore.[44]BigTrackLaneRing(Clone).[3]NeonTubeBothSidesDirectional (2).[1]BoxLight
GameCore.[44]BigTrackLaneRing(Clone).[4]NeonTubeBothSidesDirectional (3)
GameCore.[44]BigTrackLaneRing(Clone).[4]NeonTubeBothSidesDirectional (3).[0]BakedBloom
GameCore.[44]BigTrackLaneRing(Clone).[4]NeonTubeBothSidesDirectional (3).[1]BoxLight
GameCore.[45]BigTrackLaneRing(Clone)
GameCore.[45]BigTrackLaneRing(Clone).[0]Ring
GameCore.[45]BigTrackLaneRing(Clone).[1]NeonTubeBothSidesDirectional
GameCore.[45]BigTrackLaneRing(Clone).[1]NeonTubeBothSidesDirectional.[0]BakedBloom
GameCore.[45]BigTrackLaneRing(Clone).[1]NeonTubeBothSidesDirectional.[1]BoxLight
GameCore.[45]BigTrackLaneRing(Clone).[2]NeonTubeBothSidesDirectional (1)
GameCore.[45]BigTrackLaneRing(Clone).[2]NeonTubeBothSidesDirectional (1).[0]BakedBloom
GameCore.[45]BigTrackLaneRing(Clone).[2]NeonTubeBothSidesDirectional (1).[1]BoxLight
GameCore.[45]BigTrackLaneRing(Clone).[3]NeonTubeBothSidesDirectional (2)
GameCore.[45]BigTrackLaneRing(Clone).[3]NeonTubeBothSidesDirectional (2).[0]BakedBloom
GameCore.[45]BigTrackLaneRing(Clone).[3]NeonTubeBothSidesDirectional (2).[1]BoxLight
GameCore.[45]BigTrackLaneRing(Clone).[4]NeonTubeBothSidesDirectional (3)
GameCore.[45]BigTrackLaneRing(Clone).[4]NeonTubeBothSidesDirectional (3).[0]BakedBloom
GameCore.[45]BigTrackLaneRing(Clone).[4]NeonTubeBothSidesDirectional (3).[1]BoxLight
GameCore.[5]PanelsTrackLaneRing(Clone)
GameCore.[5]PanelsTrackLaneRing(Clone).[0]Ring
GameCore.[6]PanelsTrackLaneRing(Clone)
GameCore.[6]PanelsTrackLaneRing(Clone).[0]Ring
GameCore.[7]PanelsTrackLaneRing(Clone)
GameCore.[7]PanelsTrackLaneRing(Clone).[0]Ring
GameCore.[8]PanelsTrackLaneRing(Clone)
GameCore.[8]PanelsTrackLaneRing(Clone).[0]Ring
GameCore.[9]PanelsTrackLaneRing(Clone)
GameCore.[9]PanelsTrackLaneRing(Clone).[0]Ring