FitBeatEnvironment.[0]Environment
FitBeatEnvironment.[0]Environment.[0]DecoratorContext
FitBeatEnvironment.[0]Environment.[1]SceneSetup
FitBeatEnvironment.[0]Environment.[10]Spectrograms
FitBeatEnvironment.[0]Environment.[10]Spectrograms.[0]Spectrogram1
FitBeatEnvironment.[0]Environment.[10]Spectrograms.[1]Spectrogram0
FitBeatEnvironment.[0]Environment.[10]Spectrograms.[2]Spectrogram1
FitBeatEnvironment.[0]Environment.[10]Spectrograms.[3]Spectrogram0
FitBeatEnvironment.[0]Environment.[11]PanelsLightsTrackLaneRings
FitBeatEnvironment.[0]Environment.[12]BigCenterLightsTrackLaneRings
FitBeatEnvironment.[0]Environment.[13]BigSmokePS
FitBeatEnvironment.[0]Environment.[14]CoreLighting
FitBeatEnvironment.[0]Environment.[14]CoreLighting.[0]LightManager
FitBeatEnvironment.[0]Environment.[14]CoreLighting.[1]LightWrapper0
FitBeatEnvironment.[0]Environment.[14]CoreLighting.[1]LightWrapper0.[0]DirectionalLight
FitBeatEnvironment.[0]Environment.[14]CoreLighting.[2]LightWrapper1
FitBeatEnvironment.[0]Environment.[14]CoreLighting.[2]LightWrapper1.[0]DirectionalLight
FitBeatEnvironment.[0]Environment.[14]CoreLighting.[3]DirectionalLight
FitBeatEnvironment.[0]Environment.[14]CoreLighting.[4]DirectionalLight
FitBeatEnvironment.[0]Environment.[14]CoreLighting.[5]DirectionalLight
FitBeatEnvironment.[0]Environment.[15]LightEffects
FitBeatEnvironment.[0]Environment.[16]LightWithIdManager
FitBeatEnvironment.[0]Environment.[17]FrontLights
FitBeatEnvironment.[0]Environment.[17]FrontLights.[0]NeonTube
FitBeatEnvironment.[0]Environment.[17]FrontLights.[0]NeonTube.[0]BakedBloom
FitBeatEnvironment.[0]Environment.[17]FrontLights.[0]NeonTube.[1]BoxLight
FitBeatEnvironment.[0]Environment.[17]FrontLights.[1]NeonTube (1)
FitBeatEnvironment.[0]Environment.[17]FrontLights.[1]NeonTube (1).[0]BakedBloom
FitBeatEnvironment.[0]Environment.[17]FrontLights.[1]NeonTube (1).[1]BoxLight
FitBeatEnvironment.[0]Environment.[18]RotatingLasersPair
FitBeatEnvironment.[0]Environment.[18]RotatingLasersPair.[0]BaseL
FitBeatEnvironment.[0]Environment.[18]RotatingLasersPair.[0]BaseL.[0]Laser
FitBeatEnvironment.[0]Environment.[18]RotatingLasersPair.[0]BaseL.[0]Laser.[0]BakedBloom
FitBeatEnvironment.[0]Environment.[18]RotatingLasersPair.[0]BaseL.[0]Laser.[1]BoxLight
FitBeatEnvironment.[0]Environment.[18]RotatingLasersPair.[1]BaseR
FitBeatEnvironment.[0]Environment.[18]RotatingLasersPair.[1]BaseR.[0]Laser
FitBeatEnvironment.[0]Environment.[18]RotatingLasersPair.[1]BaseR.[0]Laser.[0]BakedBloom
FitBeatEnvironment.[0]Environment.[18]RotatingLasersPair.[1]BaseR.[0]Laser.[1]BoxLight
FitBeatEnvironment.[0]Environment.[19]RotatingLasersPair (1)
FitBeatEnvironment.[0]Environment.[19]RotatingLasersPair (1).[0]BaseL
FitBeatEnvironment.[0]Environment.[19]RotatingLasersPair (1).[0]BaseL.[0]Laser
FitBeatEnvironment.[0]Environment.[19]RotatingLasersPair (1).[0]BaseL.[0]Laser.[0]BakedBloom
FitBeatEnvironment.[0]Environment.[19]RotatingLasersPair (1).[0]BaseL.[0]Laser.[1]BoxLight
FitBeatEnvironment.[0]Environment.[19]RotatingLasersPair (1).[1]BaseR
FitBeatEnvironment.[0]Environment.[19]RotatingLasersPair (1).[1]BaseR.[0]Laser
FitBeatEnvironment.[0]Environment.[19]RotatingLasersPair (1).[1]BaseR.[0]Laser.[0]BakedBloom
FitBeatEnvironment.[0]Environment.[19]RotatingLasersPair (1).[1]BaseR.[0]Laser.[1]BoxLight
FitBeatEnvironment.[0]Environment.[2]====== STATIC ======
FitBeatEnvironment.[0]Environment.[20]RotatingLasersPair (2)
FitBeatEnvironment.[0]Environment.[20]RotatingLasersPair (2).[0]BaseL
FitBeatEnvironment.[0]Environment.[20]RotatingLasersPair (2).[0]BaseL.[0]Laser
FitBeatEnvironment.[0]Environment.[20]RotatingLasersPair (2).[0]BaseL.[0]Laser.[0]BakedBloom
FitBeatEnvironment.[0]Environment.[20]RotatingLasersPair (2).[0]BaseL.[0]Laser.[1]BoxLight
FitBeatEnvironment.[0]Environment.[20]RotatingLasersPair (2).[1]BaseR
FitBeatEnvironment.[0]Environment.[20]RotatingLasersPair (2).[1]BaseR.[0]Laser
FitBeatEnvironment.[0]Environment.[20]RotatingLasersPair (2).[1]BaseR.[0]Laser.[0]BakedBloom
FitBeatEnvironment.[0]Environment.[20]RotatingLasersPair (2).[1]BaseR.[0]Laser.[1]BoxLight
FitBeatEnvironment.[0]Environment.[21]RotatingLasersPair (3)
FitBeatEnvironment.[0]Environment.[21]RotatingLasersPair (3).[0]BaseL
FitBeatEnvironment.[0]Environment.[21]RotatingLasersPair (3).[0]BaseL.[0]Laser
FitBeatEnvironment.[0]Environment.[21]RotatingLasersPair (3).[0]BaseL.[0]Laser.[0]BakedBloom
FitBeatEnvironment.[0]Environment.[21]RotatingLasersPair (3).[0]BaseL.[0]Laser.[1]BoxLight
FitBeatEnvironment.[0]Environment.[21]RotatingLasersPair (3).[1]BaseR
FitBeatEnvironment.[0]Environment.[21]RotatingLasersPair (3).[1]BaseR.[0]Laser
FitBeatEnvironment.[0]Environment.[21]RotatingLasersPair (3).[1]BaseR.[0]Laser.[0]BakedBloom
FitBeatEnvironment.[0]Environment.[21]RotatingLasersPair (3).[1]BaseR.[0]Laser.[1]BoxLight
FitBeatEnvironment.[0]Environment.[22]RotatingLasersPair (4)
FitBeatEnvironment.[0]Environment.[22]RotatingLasersPair (4).[0]BaseL
FitBeatEnvironment.[0]Environment.[22]RotatingLasersPair (4).[0]BaseL.[0]Laser
FitBeatEnvironment.[0]Environment.[22]RotatingLasersPair (4).[0]BaseL.[0]Laser.[0]BakedBloom
FitBeatEnvironment.[0]Environment.[22]RotatingLasersPair (4).[0]BaseL.[0]Laser.[1]BoxLight
FitBeatEnvironment.[0]Environment.[22]RotatingLasersPair (4).[1]BaseR
FitBeatEnvironment.[0]Environment.[22]RotatingLasersPair (4).[1]BaseR.[0]Laser
FitBeatEnvironment.[0]Environment.[22]RotatingLasersPair (4).[1]BaseR.[0]Laser.[0]BakedBloom
FitBeatEnvironment.[0]Environment.[22]RotatingLasersPair (4).[1]BaseR.[0]Laser.[1]BoxLight
FitBeatEnvironment.[0]Environment.[23]RotatingLasersPair (5)
FitBeatEnvironment.[0]Environment.[23]RotatingLasersPair (5).[0]BaseL
FitBeatEnvironment.[0]Environment.[23]RotatingLasersPair (5).[0]BaseL.[0]Laser
FitBeatEnvironment.[0]Environment.[23]RotatingLasersPair (5).[0]BaseL.[0]Laser.[0]BakedBloom
FitBeatEnvironment.[0]Environment.[23]RotatingLasersPair (5).[0]BaseL.[0]Laser.[1]BoxLight
FitBeatEnvironment.[0]Environment.[23]RotatingLasersPair (5).[1]BaseR
FitBeatEnvironment.[0]Environment.[23]RotatingLasersPair (5).[1]BaseR.[0]Laser
FitBeatEnvironment.[0]Environment.[23]RotatingLasersPair (5).[1]BaseR.[0]Laser.[0]BakedBloom
FitBeatEnvironment.[0]Environment.[23]RotatingLasersPair (5).[1]BaseR.[0]Laser.[1]BoxLight
FitBeatEnvironment.[0]Environment.[24]RotatingLasersPair (6)
FitBeatEnvironment.[0]Environment.[24]RotatingLasersPair (6).[0]BaseL
FitBeatEnvironment.[0]Environment.[24]RotatingLasersPair (6).[0]BaseL.[0]Laser
FitBeatEnvironment.[0]Environment.[24]RotatingLasersPair (6).[0]BaseL.[0]Laser.[0]BakedBloom
FitBeatEnvironment.[0]Environment.[24]RotatingLasersPair (6).[0]BaseL.[0]Laser.[1]BoxLight
FitBeatEnvironment.[0]Environment.[24]RotatingLasersPair (6).[1]BaseR
FitBeatEnvironment.[0]Environment.[24]RotatingLasersPair (6).[1]BaseR.[0]Laser
FitBeatEnvironment.[0]Environment.[24]RotatingLasersPair (6).[1]BaseR.[0]Laser.[0]BakedBloom
FitBeatEnvironment.[0]Environment.[24]RotatingLasersPair (6).[1]BaseR.[0]Laser.[1]BoxLight
FitBeatEnvironment.[0]Environment.[25]RotatingLasersPair (7)
FitBeatEnvironment.[0]Environment.[25]RotatingLasersPair (7).[0]BaseL
FitBeatEnvironment.[0]Environment.[25]RotatingLasersPair (7).[0]BaseL.[0]Laser
FitBeatEnvironment.[0]Environment.[25]RotatingLasersPair (7).[0]BaseL.[0]Laser.[0]BakedBloom
FitBeatEnvironment.[0]Environment.[25]RotatingLasersPair (7).[0]BaseL.[0]Laser.[1]BoxLight
FitBeatEnvironment.[0]Environment.[25]RotatingLasersPair (7).[1]BaseR
FitBeatEnvironment.[0]Environment.[25]RotatingLasersPair (7).[1]BaseR.[0]Laser
FitBeatEnvironment.[0]Environment.[25]RotatingLasersPair (7).[1]BaseR.[0]Laser.[0]BakedBloom
FitBeatEnvironment.[0]Environment.[25]RotatingLasersPair (7).[1]BaseR.[0]Laser.[1]BoxLight
FitBeatEnvironment.[0]Environment.[26]GradientBackground
FitBeatEnvironment.[0]Environment.[27]BakedReflectionProbe
FitBeatEnvironment.[0]Environment.[28]BSBakedLightingLightWithIds
FitBeatEnvironment.[0]Environment.[29]FakeMirrorSettings
FitBeatEnvironment.[0]Environment.[3]PlayersPlace
FitBeatEnvironment.[0]Environment.[3]PlayersPlace.[0]Mirror
FitBeatEnvironment.[0]Environment.[3]PlayersPlace.[1]Feet
FitBeatEnvironment.[0]Environment.[3]PlayersPlace.[2]Construction
FitBeatEnvironment.[0]Environment.[3]PlayersPlace.[3]RectangleFakeGlow
FitBeatEnvironment.[0]Environment.[3]PlayersPlace.[4]SaberBurnMarksParticles
FitBeatEnvironment.[0]Environment.[3]PlayersPlace.[4]SaberBurnMarksParticles.[0]SaberBurnMarkSparklePS
FitBeatEnvironment.[0]Environment.[3]PlayersPlace.[5]SaberBurnMarksArea
FitBeatEnvironment.[0]Environment.[3]PlayersPlace.[6]Collider
FitBeatEnvironment.[0]Environment.[30]BakedReflectionProbeInstaller
FitBeatEnvironment.[0]Environment.[4]TrackMirror
FitBeatEnvironment.[0]Environment.[4]TrackMirror.[0]TrackMirrorSetDepth
FitBeatEnvironment.[0]Environment.[5]TrackConstruction
FitBeatEnvironment.[0]Environment.[6]====== DYNAMIC ======
FitBeatEnvironment.[0]Environment.[7]NarrowGameHUD
FitBeatEnvironment.[0]Environment.[7]NarrowGameHUD.[0]EnergyPanel
FitBeatEnvironment.[0]Environment.[7]NarrowGameHUD.[0]EnergyPanel.[0]BG
FitBeatEnvironment.[0]Environment.[7]NarrowGameHUD.[0]EnergyPanel.[1]BarBG
FitBeatEnvironment.[0]Environment.[7]NarrowGameHUD.[0]EnergyPanel.[2]EnergyIconEmpty
FitBeatEnvironment.[0]Environment.[7]NarrowGameHUD.[0]EnergyPanel.[3]EnergyIconFull
FitBeatEnvironment.[0]Environment.[7]NarrowGameHUD.[0]EnergyPanel.[4]EnergyBarWrapper
FitBeatEnvironment.[0]Environment.[7]NarrowGameHUD.[0]EnergyPanel.[4]EnergyBarWrapper.[0]EnergyBar
FitBeatEnvironment.[0]Environment.[7]NarrowGameHUD.[0]EnergyPanel.[5]Laser
FitBeatEnvironment.[0]Environment.[7]NarrowGameHUD.[0]EnergyPanel.[5]Laser.[0]BoxLight
FitBeatEnvironment.[0]Environment.[7]NarrowGameHUD.[0]EnergyPanel.[5]Laser.[1]BakedBloom
FitBeatEnvironment.[0]Environment.[7]NarrowGameHUD.[0]EnergyPanel.[6]FailIcon
FitBeatEnvironment.[0]Environment.[7]NarrowGameHUD.[1]LeftPanel
FitBeatEnvironment.[0]Environment.[7]NarrowGameHUD.[1]LeftPanel.[0]ComboPanel
FitBeatEnvironment.[0]Environment.[7]NarrowGameHUD.[1]LeftPanel.[0]ComboPanel.[0]ComboText
FitBeatEnvironment.[0]Environment.[7]NarrowGameHUD.[1]LeftPanel.[0]ComboPanel.[1]ComboCanvas
FitBeatEnvironment.[0]Environment.[7]NarrowGameHUD.[1]LeftPanel.[0]ComboPanel.[1]ComboCanvas.[0]NumText
FitBeatEnvironment.[0]Environment.[7]NarrowGameHUD.[1]LeftPanel.[0]ComboPanel.[2]Line0
FitBeatEnvironment.[0]Environment.[7]NarrowGameHUD.[1]LeftPanel.[0]ComboPanel.[3]Line1
FitBeatEnvironment.[0]Environment.[7]NarrowGameHUD.[1]LeftPanel.[1]ScoreCanvas
FitBeatEnvironment.[0]Environment.[7]NarrowGameHUD.[1]LeftPanel.[1]ScoreCanvas.[0]ScoreText
FitBeatEnvironment.[0]Environment.[7]NarrowGameHUD.[1]LeftPanel.[1]ScoreCanvas.[1]ImmediateRankText
FitBeatEnvironment.[0]Environment.[7]NarrowGameHUD.[1]LeftPanel.[1]ScoreCanvas.[2]RelativeScoreText
FitBeatEnvironment.[0]Environment.[7]NarrowGameHUD.[2]RightPanel
FitBeatEnvironment.[0]Environment.[7]NarrowGameHUD.[2]RightPanel.[0]MultiplierCanvas
FitBeatEnvironment.[0]Environment.[7]NarrowGameHUD.[2]RightPanel.[0]MultiplierCanvas.[0]BGCircle
FitBeatEnvironment.[0]Environment.[7]NarrowGameHUD.[2]RightPanel.[0]MultiplierCanvas.[1]FGCircle
FitBeatEnvironment.[0]Environment.[7]NarrowGameHUD.[2]RightPanel.[0]MultiplierCanvas.[2]AnimationCircle
FitBeatEnvironment.[0]Environment.[7]NarrowGameHUD.[2]RightPanel.[0]MultiplierCanvas.[3]TextOverlayPanelOutline1
FitBeatEnvironment.[0]Environment.[7]NarrowGameHUD.[2]RightPanel.[0]MultiplierCanvas.[3]TextOverlayPanelOutline1.[0]XText
FitBeatEnvironment.[0]Environment.[7]NarrowGameHUD.[2]RightPanel.[0]MultiplierCanvas.[3]TextOverlayPanelOutline1.[1]NumText
FitBeatEnvironment.[0]Environment.[7]NarrowGameHUD.[2]RightPanel.[0]MultiplierCanvas.[4]TextOverlayPanelOutline0
FitBeatEnvironment.[0]Environment.[7]NarrowGameHUD.[2]RightPanel.[0]MultiplierCanvas.[4]TextOverlayPanelOutline0.[0]XText
FitBeatEnvironment.[0]Environment.[7]NarrowGameHUD.[2]RightPanel.[0]MultiplierCanvas.[4]TextOverlayPanelOutline0.[1]NumText
FitBeatEnvironment.[0]Environment.[7]NarrowGameHUD.[2]RightPanel.[0]MultiplierCanvas.[5]TextPanel
FitBeatEnvironment.[0]Environment.[7]NarrowGameHUD.[2]RightPanel.[0]MultiplierCanvas.[5]TextPanel.[0]XText
FitBeatEnvironment.[0]Environment.[7]NarrowGameHUD.[2]RightPanel.[0]MultiplierCanvas.[5]TextPanel.[1]NumText
FitBeatEnvironment.[0]Environment.[7]NarrowGameHUD.[2]RightPanel.[1]SongProgressCanvas
FitBeatEnvironment.[0]Environment.[7]NarrowGameHUD.[2]RightPanel.[1]SongProgressCanvas.[0]Progress
FitBeatEnvironment.[0]Environment.[7]NarrowGameHUD.[2]RightPanel.[1]SongProgressCanvas.[1]Slider
FitBeatEnvironment.[0]Environment.[7]NarrowGameHUD.[2]RightPanel.[1]SongProgressCanvas.[1]Slider.[0]Background
FitBeatEnvironment.[0]Environment.[7]NarrowGameHUD.[2]RightPanel.[1]SongProgressCanvas.[1]Slider.[1]Handle Slide Area
FitBeatEnvironment.[0]Environment.[7]NarrowGameHUD.[2]RightPanel.[1]SongProgressCanvas.[1]Slider.[1]Handle Slide Area.[0]Handle
FitBeatEnvironment.[0]Environment.[7]NarrowGameHUD.[2]RightPanel.[1]SongProgressCanvas.[2]DurationMinutes
FitBeatEnvironment.[0]Environment.[7]NarrowGameHUD.[2]RightPanel.[1]SongProgressCanvas.[3]DurationSeconds
FitBeatEnvironment.[0]Environment.[7]NarrowGameHUD.[2]RightPanel.[1]SongProgressCanvas.[4]ProgressMinutes
FitBeatEnvironment.[0]Environment.[7]NarrowGameHUD.[2]RightPanel.[1]SongProgressCanvas.[5]ProgressSeconds
FitBeatEnvironment.[0]Environment.[7]NarrowGameHUD.[2]RightPanel.[1]SongProgressCanvas.[6]BG
FitBeatEnvironment.[0]Environment.[8]DustPS
FitBeatEnvironment.[0]Environment.[9]====== LIGHTS ======
FitBeatEnvironment.[1]CinemaPlaybackController
FitBeatEnvironment.[1]CinemaPlaybackController.[0]CinemaScreen
FitBeatEnvironment.[1]CinemaPlaybackController.[0]CinemaScreen.[0]Body
GameCore.[1]PanelLightTrackLaneRing(Clone)
GameCore.[1]PanelLightTrackLaneRing(Clone).[0]Ring
GameCore.[1]PanelLightTrackLaneRing(Clone).[1]Neon
GameCore.[1]PanelLightTrackLaneRing(Clone).[1]Neon.[0]BoxLight
GameCore.[1]PanelLightTrackLaneRing(Clone).[1]Neon.[1]BakedBloom
GameCore.[1]PanelLightTrackLaneRing(Clone).[2]Neon (1)
GameCore.[1]PanelLightTrackLaneRing(Clone).[2]Neon (1).[0]BoxLight
GameCore.[1]PanelLightTrackLaneRing(Clone).[2]Neon (1).[1]BakedBloom
GameCore.[10]PanelLightTrackLaneRing(Clone)
GameCore.[10]PanelLightTrackLaneRing(Clone).[0]Ring
GameCore.[10]PanelLightTrackLaneRing(Clone).[1]Neon
GameCore.[10]PanelLightTrackLaneRing(Clone).[1]Neon.[0]BoxLight
GameCore.[10]PanelLightTrackLaneRing(Clone).[1]Neon.[1]BakedBloom
GameCore.[10]PanelLightTrackLaneRing(Clone).[2]Neon (1)
GameCore.[10]PanelLightTrackLaneRing(Clone).[2]Neon (1).[0]BoxLight
GameCore.[10]PanelLightTrackLaneRing(Clone).[2]Neon (1).[1]BakedBloom
GameCore.[11]PanelLightTrackLaneRing(Clone)
GameCore.[11]PanelLightTrackLaneRing(Clone).[0]Ring
GameCore.[11]PanelLightTrackLaneRing(Clone).[1]Neon
GameCore.[11]PanelLightTrackLaneRing(Clone).[1]Neon.[0]BoxLight
GameCore.[11]PanelLightTrackLaneRing(Clone).[1]Neon.[1]BakedBloom
GameCore.[11]PanelLightTrackLaneRing(Clone).[2]Neon (1)
GameCore.[11]PanelLightTrackLaneRing(Clone).[2]Neon (1).[0]BoxLight
GameCore.[11]PanelLightTrackLaneRing(Clone).[2]Neon (1).[1]BakedBloom
GameCore.[12]PanelLightTrackLaneRing(Clone)
GameCore.[12]PanelLightTrackLaneRing(Clone).[0]Ring
GameCore.[12]PanelLightTrackLaneRing(Clone).[1]Neon
GameCore.[12]PanelLightTrackLaneRing(Clone).[1]Neon.[0]BoxLight
GameCore.[12]PanelLightTrackLaneRing(Clone).[1]Neon.[1]BakedBloom
GameCore.[12]PanelLightTrackLaneRing(Clone).[2]Neon (1)
GameCore.[12]PanelLightTrackLaneRing(Clone).[2]Neon (1).[0]BoxLight
GameCore.[12]PanelLightTrackLaneRing(Clone).[2]Neon (1).[1]BakedBloom
GameCore.[13]PanelLightTrackLaneRing(Clone)
GameCore.[13]PanelLightTrackLaneRing(Clone).[0]Ring
GameCore.[13]PanelLightTrackLaneRing(Clone).[1]Neon
GameCore.[13]PanelLightTrackLaneRing(Clone).[1]Neon.[0]BoxLight
GameCore.[13]PanelLightTrackLaneRing(Clone).[1]Neon.[1]BakedBloom
GameCore.[13]PanelLightTrackLaneRing(Clone).[2]Neon (1)
GameCore.[13]PanelLightTrackLaneRing(Clone).[2]Neon (1).[0]BoxLight
GameCore.[13]PanelLightTrackLaneRing(Clone).[2]Neon (1).[1]BakedBloom
GameCore.[14]PanelLightTrackLaneRing(Clone)
GameCore.[14]PanelLightTrackLaneRing(Clone).[0]Ring
GameCore.[14]PanelLightTrackLaneRing(Clone).[1]Neon
GameCore.[14]PanelLightTrackLaneRing(Clone).[1]Neon.[0]BoxLight
GameCore.[14]PanelLightTrackLaneRing(Clone).[1]Neon.[1]BakedBloom
GameCore.[14]PanelLightTrackLaneRing(Clone).[2]Neon (1)
GameCore.[14]PanelLightTrackLaneRing(Clone).[2]Neon (1).[0]BoxLight
GameCore.[14]PanelLightTrackLaneRing(Clone).[2]Neon (1).[1]BakedBloom
GameCore.[15]PanelLightTrackLaneRing(Clone)
GameCore.[15]PanelLightTrackLaneRing(Clone).[0]Ring
GameCore.[15]PanelLightTrackLaneRing(Clone).[1]Neon
GameCore.[15]PanelLightTrackLaneRing(Clone).[1]Neon.[0]BoxLight
GameCore.[15]PanelLightTrackLaneRing(Clone).[1]Neon.[1]BakedBloom
GameCore.[15]PanelLightTrackLaneRing(Clone).[2]Neon (1)
GameCore.[15]PanelLightTrackLaneRing(Clone).[2]Neon (1).[0]BoxLight
GameCore.[15]PanelLightTrackLaneRing(Clone).[2]Neon (1).[1]BakedBloom
GameCore.[16]BigCenterLightTrackLaneRing(Clone)
GameCore.[16]BigCenterLightTrackLaneRing(Clone).[0]Ring
GameCore.[16]BigCenterLightTrackLaneRing(Clone).[1]Neon
GameCore.[16]BigCenterLightTrackLaneRing(Clone).[1]Neon.[0]BoxLight
GameCore.[16]BigCenterLightTrackLaneRing(Clone).[1]Neon.[1]BakedBloom
GameCore.[16]BigCenterLightTrackLaneRing(Clone).[2]Neon (1)
GameCore.[16]BigCenterLightTrackLaneRing(Clone).[2]Neon (1).[0]BoxLight
GameCore.[16]BigCenterLightTrackLaneRing(Clone).[2]Neon (1).[1]BakedBloom
GameCore.[17]BigCenterLightTrackLaneRing(Clone)
GameCore.[17]BigCenterLightTrackLaneRing(Clone).[0]Ring
GameCore.[17]BigCenterLightTrackLaneRing(Clone).[1]Neon
GameCore.[17]BigCenterLightTrackLaneRing(Clone).[1]Neon.[0]BoxLight
GameCore.[17]BigCenterLightTrackLaneRing(Clone).[1]Neon.[1]BakedBloom
GameCore.[17]BigCenterLightTrackLaneRing(Clone).[2]Neon (1)
GameCore.[17]BigCenterLightTrackLaneRing(Clone).[2]Neon (1).[0]BoxLight
GameCore.[17]BigCenterLightTrackLaneRing(Clone).[2]Neon (1).[1]BakedBloom
GameCore.[18]BigCenterLightTrackLaneRing(Clone)
GameCore.[18]BigCenterLightTrackLaneRing(Clone).[0]Ring
GameCore.[18]BigCenterLightTrackLaneRing(Clone).[1]Neon
GameCore.[18]BigCenterLightTrackLaneRing(Clone).[1]Neon.[0]BoxLight
GameCore.[18]BigCenterLightTrackLaneRing(Clone).[1]Neon.[1]BakedBloom
GameCore.[18]BigCenterLightTrackLaneRing(Clone).[2]Neon (1)
GameCore.[18]BigCenterLightTrackLaneRing(Clone).[2]Neon (1).[0]BoxLight
GameCore.[18]BigCenterLightTrackLaneRing(Clone).[2]Neon (1).[1]BakedBloom
GameCore.[19]BigCenterLightTrackLaneRing(Clone)
GameCore.[19]BigCenterLightTrackLaneRing(Clone).[0]Ring
GameCore.[19]BigCenterLightTrackLaneRing(Clone).[1]Neon
GameCore.[19]BigCenterLightTrackLaneRing(Clone).[1]Neon.[0]BoxLight
GameCore.[19]BigCenterLightTrackLaneRing(Clone).[1]Neon.[1]BakedBloom
GameCore.[19]BigCenterLightTrackLaneRing(Clone).[2]Neon (1)
GameCore.[19]BigCenterLightTrackLaneRing(Clone).[2]Neon (1).[0]BoxLight
GameCore.[19]BigCenterLightTrackLaneRing(Clone).[2]Neon (1).[1]BakedBloom
GameCore.[2]PanelLightTrackLaneRing(Clone)
GameCore.[2]PanelLightTrackLaneRing(Clone).[0]Ring
GameCore.[2]PanelLightTrackLaneRing(Clone).[1]Neon
GameCore.[2]PanelLightTrackLaneRing(Clone).[1]Neon.[0]BoxLight
GameCore.[2]PanelLightTrackLaneRing(Clone).[1]Neon.[1]BakedBloom
GameCore.[2]PanelLightTrackLaneRing(Clone).[2]Neon (1)
GameCore.[2]PanelLightTrackLaneRing(Clone).[2]Neon (1).[0]BoxLight
GameCore.[2]PanelLightTrackLaneRing(Clone).[2]Neon (1).[1]BakedBloom
GameCore.[20]BigCenterLightTrackLaneRing(Clone)
GameCore.[20]BigCenterLightTrackLaneRing(Clone).[0]Ring
GameCore.[20]BigCenterLightTrackLaneRing(Clone).[1]Neon
GameCore.[20]BigCenterLightTrackLaneRing(Clone).[1]Neon.[0]BoxLight
GameCore.[20]BigCenterLightTrackLaneRing(Clone).[1]Neon.[1]BakedBloom
GameCore.[20]BigCenterLightTrackLaneRing(Clone).[2]Neon (1)
GameCore.[20]BigCenterLightTrackLaneRing(Clone).[2]Neon (1).[0]BoxLight
GameCore.[20]BigCenterLightTrackLaneRing(Clone).[2]Neon (1).[1]BakedBloom
GameCore.[21]BigCenterLightTrackLaneRing(Clone)
GameCore.[21]BigCenterLightTrackLaneRing(Clone).[0]Ring
GameCore.[21]BigCenterLightTrackLaneRing(Clone).[1]Neon
GameCore.[21]BigCenterLightTrackLaneRing(Clone).[1]Neon.[0]BoxLight
GameCore.[21]BigCenterLightTrackLaneRing(Clone).[1]Neon.[1]BakedBloom
GameCore.[21]BigCenterLightTrackLaneRing(Clone).[2]Neon (1)
GameCore.[21]BigCenterLightTrackLaneRing(Clone).[2]Neon (1).[0]BoxLight
GameCore.[21]BigCenterLightTrackLaneRing(Clone).[2]Neon (1).[1]BakedBloom
GameCore.[22]BigCenterLightTrackLaneRing(Clone)
GameCore.[22]BigCenterLightTrackLaneRing(Clone).[0]Ring
GameCore.[22]BigCenterLightTrackLaneRing(Clone).[1]Neon
GameCore.[22]BigCenterLightTrackLaneRing(Clone).[1]Neon.[0]BoxLight
GameCore.[22]BigCenterLightTrackLaneRing(Clone).[1]Neon.[1]BakedBloom
GameCore.[22]BigCenterLightTrackLaneRing(Clone).[2]Neon (1)
GameCore.[22]BigCenterLightTrackLaneRing(Clone).[2]Neon (1).[0]BoxLight
GameCore.[22]BigCenterLightTrackLaneRing(Clone).[2]Neon (1).[1]BakedBloom
GameCore.[23]BigCenterLightTrackLaneRing(Clone)
GameCore.[23]BigCenterLightTrackLaneRing(Clone).[0]Ring
GameCore.[23]BigCenterLightTrackLaneRing(Clone).[1]Neon
GameCore.[23]BigCenterLightTrackLaneRing(Clone).[1]Neon.[0]BoxLight
GameCore.[23]BigCenterLightTrackLaneRing(Clone).[1]Neon.[1]BakedBloom
GameCore.[23]BigCenterLightTrackLaneRing(Clone).[2]Neon (1)
GameCore.[23]BigCenterLightTrackLaneRing(Clone).[2]Neon (1).[0]BoxLight
GameCore.[23]BigCenterLightTrackLaneRing(Clone).[2]Neon (1).[1]BakedBloom
GameCore.[24]BigCenterLightTrackLaneRing(Clone)
GameCore.[24]BigCenterLightTrackLaneRing(Clone).[0]Ring
GameCore.[24]BigCenterLightTrackLaneRing(Clone).[1]Neon
GameCore.[24]BigCenterLightTrackLaneRing(Clone).[1]Neon.[0]BoxLight
GameCore.[24]BigCenterLightTrackLaneRing(Clone).[1]Neon.[1]BakedBloom
GameCore.[24]BigCenterLightTrackLaneRing(Clone).[2]Neon (1)
GameCore.[24]BigCenterLightTrackLaneRing(Clone).[2]Neon (1).[0]BoxLight
GameCore.[24]BigCenterLightTrackLaneRing(Clone).[2]Neon (1).[1]BakedBloom
GameCore.[25]BigCenterLightTrackLaneRing(Clone)
GameCore.[25]BigCenterLightTrackLaneRing(Clone).[0]Ring
GameCore.[25]BigCenterLightTrackLaneRing(Clone).[1]Neon
GameCore.[25]BigCenterLightTrackLaneRing(Clone).[1]Neon.[0]BoxLight
GameCore.[25]BigCenterLightTrackLaneRing(Clone).[1]Neon.[1]BakedBloom
GameCore.[25]BigCenterLightTrackLaneRing(Clone).[2]Neon (1)
GameCore.[25]BigCenterLightTrackLaneRing(Clone).[2]Neon (1).[0]BoxLight
GameCore.[25]BigCenterLightTrackLaneRing(Clone).[2]Neon (1).[1]BakedBloom
GameCore.[26]BigCenterLightTrackLaneRing(Clone)
GameCore.[26]BigCenterLightTrackLaneRing(Clone).[0]Ring
GameCore.[26]BigCenterLightTrackLaneRing(Clone).[1]Neon
GameCore.[26]BigCenterLightTrackLaneRing(Clone).[1]Neon.[0]BoxLight
GameCore.[26]BigCenterLightTrackLaneRing(Clone).[1]Neon.[1]BakedBloom
GameCore.[26]BigCenterLightTrackLaneRing(Clone).[2]Neon (1)
GameCore.[26]BigCenterLightTrackLaneRing(Clone).[2]Neon (1).[0]BoxLight
GameCore.[26]BigCenterLightTrackLaneRing(Clone).[2]Neon (1).[1]BakedBloom
GameCore.[27]BigCenterLightTrackLaneRing(Clone)
GameCore.[27]BigCenterLightTrackLaneRing(Clone).[0]Ring
GameCore.[27]BigCenterLightTrackLaneRing(Clone).[1]Neon
GameCore.[27]BigCenterLightTrackLaneRing(Clone).[1]Neon.[0]BoxLight
GameCore.[27]BigCenterLightTrackLaneRing(Clone).[1]Neon.[1]BakedBloom
GameCore.[27]BigCenterLightTrackLaneRing(Clone).[2]Neon (1)
GameCore.[27]BigCenterLightTrackLaneRing(Clone).[2]Neon (1).[0]BoxLight
GameCore.[27]BigCenterLightTrackLaneRing(Clone).[2]Neon (1).[1]BakedBloom
GameCore.[28]BigCenterLightTrackLaneRing(Clone)
GameCore.[28]BigCenterLightTrackLaneRing(Clone).[0]Ring
GameCore.[28]BigCenterLightTrackLaneRing(Clone).[1]Neon
GameCore.[28]BigCenterLightTrackLaneRing(Clone).[1]Neon.[0]BoxLight
GameCore.[28]BigCenterLightTrackLaneRing(Clone).[1]Neon.[1]BakedBloom
GameCore.[28]BigCenterLightTrackLaneRing(Clone).[2]Neon (1)
GameCore.[28]BigCenterLightTrackLaneRing(Clone).[2]Neon (1).[0]BoxLight
GameCore.[28]BigCenterLightTrackLaneRing(Clone).[2]Neon (1).[1]BakedBloom
GameCore.[29]BigCenterLightTrackLaneRing(Clone)
GameCore.[29]BigCenterLightTrackLaneRing(Clone).[0]Ring
GameCore.[29]BigCenterLightTrackLaneRing(Clone).[1]Neon
GameCore.[29]BigCenterLightTrackLaneRing(Clone).[1]Neon.[0]BoxLight
GameCore.[29]BigCenterLightTrackLaneRing(Clone).[1]Neon.[1]BakedBloom
GameCore.[29]BigCenterLightTrackLaneRing(Clone).[2]Neon (1)
GameCore.[29]BigCenterLightTrackLaneRing(Clone).[2]Neon (1).[0]BoxLight
GameCore.[29]BigCenterLightTrackLaneRing(Clone).[2]Neon (1).[1]BakedBloom
GameCore.[3]PanelLightTrackLaneRing(Clone)
GameCore.[3]PanelLightTrackLaneRing(Clone).[0]Ring
GameCore.[3]PanelLightTrackLaneRing(Clone).[1]Neon
GameCore.[3]PanelLightTrackLaneRing(Clone).[1]Neon.[0]BoxLight
GameCore.[3]PanelLightTrackLaneRing(Clone).[1]Neon.[1]BakedBloom
GameCore.[3]PanelLightTrackLaneRing(Clone).[2]Neon (1)
GameCore.[3]PanelLightTrackLaneRing(Clone).[2]Neon (1).[0]BoxLight
GameCore.[3]PanelLightTrackLaneRing(Clone).[2]Neon (1).[1]BakedBloom
GameCore.[30]BigCenterLightTrackLaneRing(Clone)
GameCore.[30]BigCenterLightTrackLaneRing(Clone).[0]Ring
GameCore.[30]BigCenterLightTrackLaneRing(Clone).[1]Neon
GameCore.[30]BigCenterLightTrackLaneRing(Clone).[1]Neon.[0]BoxLight
GameCore.[30]BigCenterLightTrackLaneRing(Clone).[1]Neon.[1]BakedBloom
GameCore.[30]BigCenterLightTrackLaneRing(Clone).[2]Neon (1)
GameCore.[30]BigCenterLightTrackLaneRing(Clone).[2]Neon (1).[0]BoxLight
GameCore.[30]BigCenterLightTrackLaneRing(Clone).[2]Neon (1).[1]BakedBloom
GameCore.[4]PanelLightTrackLaneRing(Clone)
GameCore.[4]PanelLightTrackLaneRing(Clone).[0]Ring
GameCore.[4]PanelLightTrackLaneRing(Clone).[1]Neon
GameCore.[4]PanelLightTrackLaneRing(Clone).[1]Neon.[0]BoxLight
GameCore.[4]PanelLightTrackLaneRing(Clone).[1]Neon.[1]BakedBloom
GameCore.[4]PanelLightTrackLaneRing(Clone).[2]Neon (1)
GameCore.[4]PanelLightTrackLaneRing(Clone).[2]Neon (1).[0]BoxLight
GameCore.[4]PanelLightTrackLaneRing(Clone).[2]Neon (1).[1]BakedBloom
GameCore.[5]PanelLightTrackLaneRing(Clone)
GameCore.[5]PanelLightTrackLaneRing(Clone).[0]Ring
GameCore.[5]PanelLightTrackLaneRing(Clone).[1]Neon
GameCore.[5]PanelLightTrackLaneRing(Clone).[1]Neon.[0]BoxLight
GameCore.[5]PanelLightTrackLaneRing(Clone).[1]Neon.[1]BakedBloom
GameCore.[5]PanelLightTrackLaneRing(Clone).[2]Neon (1)
GameCore.[5]PanelLightTrackLaneRing(Clone).[2]Neon (1).[0]BoxLight
GameCore.[5]PanelLightTrackLaneRing(Clone).[2]Neon (1).[1]BakedBloom
GameCore.[6]PanelLightTrackLaneRing(Clone)
GameCore.[6]PanelLightTrackLaneRing(Clone).[0]Ring
GameCore.[6]PanelLightTrackLaneRing(Clone).[1]Neon
GameCore.[6]PanelLightTrackLaneRing(Clone).[1]Neon.[0]BoxLight
GameCore.[6]PanelLightTrackLaneRing(Clone).[1]Neon.[1]BakedBloom
GameCore.[6]PanelLightTrackLaneRing(Clone).[2]Neon (1)
GameCore.[6]PanelLightTrackLaneRing(Clone).[2]Neon (1).[0]BoxLight
GameCore.[6]PanelLightTrackLaneRing(Clone).[2]Neon (1).[1]BakedBloom
GameCore.[7]PanelLightTrackLaneRing(Clone)
GameCore.[7]PanelLightTrackLaneRing(Clone).[0]Ring
GameCore.[7]PanelLightTrackLaneRing(Clone).[1]Neon
GameCore.[7]PanelLightTrackLaneRing(Clone).[1]Neon.[0]BoxLight
GameCore.[7]PanelLightTrackLaneRing(Clone).[1]Neon.[1]BakedBloom
GameCore.[7]PanelLightTrackLaneRing(Clone).[2]Neon (1)
GameCore.[7]PanelLightTrackLaneRing(Clone).[2]Neon (1).[0]BoxLight
GameCore.[7]PanelLightTrackLaneRing(Clone).[2]Neon (1).[1]BakedBloom
GameCore.[8]PanelLightTrackLaneRing(Clone)
GameCore.[8]PanelLightTrackLaneRing(Clone).[0]Ring
GameCore.[8]PanelLightTrackLaneRing(Clone).[1]Neon
GameCore.[8]PanelLightTrackLaneRing(Clone).[1]Neon.[0]BoxLight
GameCore.[8]PanelLightTrackLaneRing(Clone).[1]Neon.[1]BakedBloom
GameCore.[8]PanelLightTrackLaneRing(Clone).[2]Neon (1)
GameCore.[8]PanelLightTrackLaneRing(Clone).[2]Neon (1).[0]BoxLight
GameCore.[8]PanelLightTrackLaneRing(Clone).[2]Neon (1).[1]BakedBloom
GameCore.[9]PanelLightTrackLaneRing(Clone)
GameCore.[9]PanelLightTrackLaneRing(Clone).[0]Ring
GameCore.[9]PanelLightTrackLaneRing(Clone).[1]Neon
GameCore.[9]PanelLightTrackLaneRing(Clone).[1]Neon.[0]BoxLight
GameCore.[9]PanelLightTrackLaneRing(Clone).[1]Neon.[1]BakedBloom
GameCore.[9]PanelLightTrackLaneRing(Clone).[2]Neon (1)
GameCore.[9]PanelLightTrackLaneRing(Clone).[2]Neon (1).[0]BoxLight
GameCore.[9]PanelLightTrackLaneRing(Clone).[2]Neon (1).[1]BakedBloom