GameCore.[1]LightLinesTrackLaneRing(Clone)
GameCore.[1]LightLinesTrackLaneRing(Clone).[0]GlowLine
GameCore.[1]LightLinesTrackLaneRing(Clone).[0]GlowLine.[0]BoxLight
GameCore.[1]LightLinesTrackLaneRing(Clone).[0]GlowLine.[1]BakedBloom
GameCore.[1]LightLinesTrackLaneRing(Clone).[1]GlowLine (1)
GameCore.[1]LightLinesTrackLaneRing(Clone).[1]GlowLine (1).[0]BoxLight
GameCore.[1]LightLinesTrackLaneRing(Clone).[1]GlowLine (1).[1]BakedBloom
GameCore.[10]LightLinesTrackLaneRing(Clone)
GameCore.[10]LightLinesTrackLaneRing(Clone).[0]GlowLine
GameCore.[10]LightLinesTrackLaneRing(Clone).[0]GlowLine.[0]BoxLight
GameCore.[10]LightLinesTrackLaneRing(Clone).[0]GlowLine.[1]BakedBloom
GameCore.[10]LightLinesTrackLaneRing(Clone).[1]GlowLine (1)
GameCore.[10]LightLinesTrackLaneRing(Clone).[1]GlowLine (1).[0]BoxLight
GameCore.[10]LightLinesTrackLaneRing(Clone).[1]GlowLine (1).[1]BakedBloom
GameCore.[11]LightLinesTrackLaneRing(Clone)
GameCore.[11]LightLinesTrackLaneRing(Clone).[0]GlowLine
GameCore.[11]LightLinesTrackLaneRing(Clone).[0]GlowLine.[0]BoxLight
GameCore.[11]LightLinesTrackLaneRing(Clone).[0]GlowLine.[1]BakedBloom
GameCore.[11]LightLinesTrackLaneRing(Clone).[1]GlowLine (1)
GameCore.[11]LightLinesTrackLaneRing(Clone).[1]GlowLine (1).[0]BoxLight
GameCore.[11]LightLinesTrackLaneRing(Clone).[1]GlowLine (1).[1]BakedBloom
GameCore.[12]LightLinesTrackLaneRing(Clone)
GameCore.[12]LightLinesTrackLaneRing(Clone).[0]GlowLine
GameCore.[12]LightLinesTrackLaneRing(Clone).[0]GlowLine.[0]BoxLight
GameCore.[12]LightLinesTrackLaneRing(Clone).[0]GlowLine.[1]BakedBloom
GameCore.[12]LightLinesTrackLaneRing(Clone).[1]GlowLine (1)
GameCore.[12]LightLinesTrackLaneRing(Clone).[1]GlowLine (1).[0]BoxLight
GameCore.[12]LightLinesTrackLaneRing(Clone).[1]GlowLine (1).[1]BakedBloom
GameCore.[13]LightLinesTrackLaneRing(Clone)
GameCore.[13]LightLinesTrackLaneRing(Clone).[0]GlowLine
GameCore.[13]LightLinesTrackLaneRing(Clone).[0]GlowLine.[0]BoxLight
GameCore.[13]LightLinesTrackLaneRing(Clone).[0]GlowLine.[1]BakedBloom
GameCore.[13]LightLinesTrackLaneRing(Clone).[1]GlowLine (1)
GameCore.[13]LightLinesTrackLaneRing(Clone).[1]GlowLine (1).[0]BoxLight
GameCore.[13]LightLinesTrackLaneRing(Clone).[1]GlowLine (1).[1]BakedBloom
GameCore.[14]LightLinesTrackLaneRing(Clone)
GameCore.[14]LightLinesTrackLaneRing(Clone).[0]GlowLine
GameCore.[14]LightLinesTrackLaneRing(Clone).[0]GlowLine.[0]BoxLight
GameCore.[14]LightLinesTrackLaneRing(Clone).[0]GlowLine.[1]BakedBloom
GameCore.[14]LightLinesTrackLaneRing(Clone).[1]GlowLine (1)
GameCore.[14]LightLinesTrackLaneRing(Clone).[1]GlowLine (1).[0]BoxLight
GameCore.[14]LightLinesTrackLaneRing(Clone).[1]GlowLine (1).[1]BakedBloom
GameCore.[15]LightLinesTrackLaneRing(Clone)
GameCore.[15]LightLinesTrackLaneRing(Clone).[0]GlowLine
GameCore.[15]LightLinesTrackLaneRing(Clone).[0]GlowLine.[0]BoxLight
GameCore.[15]LightLinesTrackLaneRing(Clone).[0]GlowLine.[1]BakedBloom
GameCore.[15]LightLinesTrackLaneRing(Clone).[1]GlowLine (1)
GameCore.[15]LightLinesTrackLaneRing(Clone).[1]GlowLine (1).[0]BoxLight
GameCore.[15]LightLinesTrackLaneRing(Clone).[1]GlowLine (1).[1]BakedBloom
GameCore.[16]LightLinesTrackLaneRing(Clone)
GameCore.[16]LightLinesTrackLaneRing(Clone).[0]GlowLine
GameCore.[16]LightLinesTrackLaneRing(Clone).[0]GlowLine.[0]BoxLight
GameCore.[16]LightLinesTrackLaneRing(Clone).[0]GlowLine.[1]BakedBloom
GameCore.[16]LightLinesTrackLaneRing(Clone).[1]GlowLine (1)
GameCore.[16]LightLinesTrackLaneRing(Clone).[1]GlowLine (1).[0]BoxLight
GameCore.[16]LightLinesTrackLaneRing(Clone).[1]GlowLine (1).[1]BakedBloom
GameCore.[17]LightLinesTrackLaneRing(Clone)
GameCore.[17]LightLinesTrackLaneRing(Clone).[0]GlowLine
GameCore.[17]LightLinesTrackLaneRing(Clone).[0]GlowLine.[0]BoxLight
GameCore.[17]LightLinesTrackLaneRing(Clone).[0]GlowLine.[1]BakedBloom
GameCore.[17]LightLinesTrackLaneRing(Clone).[1]GlowLine (1)
GameCore.[17]LightLinesTrackLaneRing(Clone).[1]GlowLine (1).[0]BoxLight
GameCore.[17]LightLinesTrackLaneRing(Clone).[1]GlowLine (1).[1]BakedBloom
GameCore.[18]LightLinesTrackLaneRing(Clone)
GameCore.[18]LightLinesTrackLaneRing(Clone).[0]GlowLine
GameCore.[18]LightLinesTrackLaneRing(Clone).[0]GlowLine.[0]BoxLight
GameCore.[18]LightLinesTrackLaneRing(Clone).[0]GlowLine.[1]BakedBloom
GameCore.[18]LightLinesTrackLaneRing(Clone).[1]GlowLine (1)
GameCore.[18]LightLinesTrackLaneRing(Clone).[1]GlowLine (1).[0]BoxLight
GameCore.[18]LightLinesTrackLaneRing(Clone).[1]GlowLine (1).[1]BakedBloom
GameCore.[19]LightLinesTrackLaneRing(Clone)
GameCore.[19]LightLinesTrackLaneRing(Clone).[0]GlowLine
GameCore.[19]LightLinesTrackLaneRing(Clone).[0]GlowLine.[0]BoxLight
GameCore.[19]LightLinesTrackLaneRing(Clone).[0]GlowLine.[1]BakedBloom
GameCore.[19]LightLinesTrackLaneRing(Clone).[1]GlowLine (1)
GameCore.[19]LightLinesTrackLaneRing(Clone).[1]GlowLine (1).[0]BoxLight
GameCore.[19]LightLinesTrackLaneRing(Clone).[1]GlowLine (1).[1]BakedBloom
GameCore.[2]LightLinesTrackLaneRing(Clone)
GameCore.[2]LightLinesTrackLaneRing(Clone).[0]GlowLine
GameCore.[2]LightLinesTrackLaneRing(Clone).[0]GlowLine.[0]BoxLight
GameCore.[2]LightLinesTrackLaneRing(Clone).[0]GlowLine.[1]BakedBloom
GameCore.[2]LightLinesTrackLaneRing(Clone).[1]GlowLine (1)
GameCore.[2]LightLinesTrackLaneRing(Clone).[1]GlowLine (1).[0]BoxLight
GameCore.[2]LightLinesTrackLaneRing(Clone).[1]GlowLine (1).[1]BakedBloom
GameCore.[20]LightLinesTrackLaneRing(Clone)
GameCore.[20]LightLinesTrackLaneRing(Clone).[0]GlowLine
GameCore.[20]LightLinesTrackLaneRing(Clone).[0]GlowLine.[0]BoxLight
GameCore.[20]LightLinesTrackLaneRing(Clone).[0]GlowLine.[1]BakedBloom
GameCore.[20]LightLinesTrackLaneRing(Clone).[1]GlowLine (1)
GameCore.[20]LightLinesTrackLaneRing(Clone).[1]GlowLine (1).[0]BoxLight
GameCore.[20]LightLinesTrackLaneRing(Clone).[1]GlowLine (1).[1]BakedBloom
GameCore.[21]LightLinesTrackLaneRing(Clone)
GameCore.[21]LightLinesTrackLaneRing(Clone).[0]GlowLine
GameCore.[21]LightLinesTrackLaneRing(Clone).[0]GlowLine.[0]BoxLight
GameCore.[21]LightLinesTrackLaneRing(Clone).[0]GlowLine.[1]BakedBloom
GameCore.[21]LightLinesTrackLaneRing(Clone).[1]GlowLine (1)
GameCore.[21]LightLinesTrackLaneRing(Clone).[1]GlowLine (1).[0]BoxLight
GameCore.[21]LightLinesTrackLaneRing(Clone).[1]GlowLine (1).[1]BakedBloom
GameCore.[22]LightLinesTrackLaneRing(Clone)
GameCore.[22]LightLinesTrackLaneRing(Clone).[0]GlowLine
GameCore.[22]LightLinesTrackLaneRing(Clone).[0]GlowLine.[0]BoxLight
GameCore.[22]LightLinesTrackLaneRing(Clone).[0]GlowLine.[1]BakedBloom
GameCore.[22]LightLinesTrackLaneRing(Clone).[1]GlowLine (1)
GameCore.[22]LightLinesTrackLaneRing(Clone).[1]GlowLine (1).[0]BoxLight
GameCore.[22]LightLinesTrackLaneRing(Clone).[1]GlowLine (1).[1]BakedBloom
GameCore.[23]LightLinesTrackLaneRing(Clone)
GameCore.[23]LightLinesTrackLaneRing(Clone).[0]GlowLine
GameCore.[23]LightLinesTrackLaneRing(Clone).[0]GlowLine.[0]BoxLight
GameCore.[23]LightLinesTrackLaneRing(Clone).[0]GlowLine.[1]BakedBloom
GameCore.[23]LightLinesTrackLaneRing(Clone).[1]GlowLine (1)
GameCore.[23]LightLinesTrackLaneRing(Clone).[1]GlowLine (1).[0]BoxLight
GameCore.[23]LightLinesTrackLaneRing(Clone).[1]GlowLine (1).[1]BakedBloom
GameCore.[24]LightLinesTrackLaneRing(Clone)
GameCore.[24]LightLinesTrackLaneRing(Clone).[0]GlowLine
GameCore.[24]LightLinesTrackLaneRing(Clone).[0]GlowLine.[0]BoxLight
GameCore.[24]LightLinesTrackLaneRing(Clone).[0]GlowLine.[1]BakedBloom
GameCore.[24]LightLinesTrackLaneRing(Clone).[1]GlowLine (1)
GameCore.[24]LightLinesTrackLaneRing(Clone).[1]GlowLine (1).[0]BoxLight
GameCore.[24]LightLinesTrackLaneRing(Clone).[1]GlowLine (1).[1]BakedBloom
GameCore.[25]LightLinesTrackLaneRing(Clone)
GameCore.[25]LightLinesTrackLaneRing(Clone).[0]GlowLine
GameCore.[25]LightLinesTrackLaneRing(Clone).[0]GlowLine.[0]BoxLight
GameCore.[25]LightLinesTrackLaneRing(Clone).[0]GlowLine.[1]BakedBloom
GameCore.[25]LightLinesTrackLaneRing(Clone).[1]GlowLine (1)
GameCore.[25]LightLinesTrackLaneRing(Clone).[1]GlowLine (1).[0]BoxLight
GameCore.[25]LightLinesTrackLaneRing(Clone).[1]GlowLine (1).[1]BakedBloom
GameCore.[26]LightLinesTrackLaneRing(Clone)
GameCore.[26]LightLinesTrackLaneRing(Clone).[0]GlowLine
GameCore.[26]LightLinesTrackLaneRing(Clone).[0]GlowLine.[0]BoxLight
GameCore.[26]LightLinesTrackLaneRing(Clone).[0]GlowLine.[1]BakedBloom
GameCore.[26]LightLinesTrackLaneRing(Clone).[1]GlowLine (1)
GameCore.[26]LightLinesTrackLaneRing(Clone).[1]GlowLine (1).[0]BoxLight
GameCore.[26]LightLinesTrackLaneRing(Clone).[1]GlowLine (1).[1]BakedBloom
GameCore.[27]LightLinesTrackLaneRing(Clone)
GameCore.[27]LightLinesTrackLaneRing(Clone).[0]GlowLine
GameCore.[27]LightLinesTrackLaneRing(Clone).[0]GlowLine.[0]BoxLight
GameCore.[27]LightLinesTrackLaneRing(Clone).[0]GlowLine.[1]BakedBloom
GameCore.[27]LightLinesTrackLaneRing(Clone).[1]GlowLine (1)
GameCore.[27]LightLinesTrackLaneRing(Clone).[1]GlowLine (1).[0]BoxLight
GameCore.[27]LightLinesTrackLaneRing(Clone).[1]GlowLine (1).[1]BakedBloom
GameCore.[28]LightLinesTrackLaneRing(Clone)
GameCore.[28]LightLinesTrackLaneRing(Clone).[0]GlowLine
GameCore.[28]LightLinesTrackLaneRing(Clone).[0]GlowLine.[0]BoxLight
GameCore.[28]LightLinesTrackLaneRing(Clone).[0]GlowLine.[1]BakedBloom
GameCore.[28]LightLinesTrackLaneRing(Clone).[1]GlowLine (1)
GameCore.[28]LightLinesTrackLaneRing(Clone).[1]GlowLine (1).[0]BoxLight
GameCore.[28]LightLinesTrackLaneRing(Clone).[1]GlowLine (1).[1]BakedBloom
GameCore.[29]LightLinesTrackLaneRing(Clone)
GameCore.[29]LightLinesTrackLaneRing(Clone).[0]GlowLine
GameCore.[29]LightLinesTrackLaneRing(Clone).[0]GlowLine.[0]BoxLight
GameCore.[29]LightLinesTrackLaneRing(Clone).[0]GlowLine.[1]BakedBloom
GameCore.[29]LightLinesTrackLaneRing(Clone).[1]GlowLine (1)
GameCore.[29]LightLinesTrackLaneRing(Clone).[1]GlowLine (1).[0]BoxLight
GameCore.[29]LightLinesTrackLaneRing(Clone).[1]GlowLine (1).[1]BakedBloom
GameCore.[3]LightLinesTrackLaneRing(Clone)
GameCore.[3]LightLinesTrackLaneRing(Clone).[0]GlowLine
GameCore.[3]LightLinesTrackLaneRing(Clone).[0]GlowLine.[0]BoxLight
GameCore.[3]LightLinesTrackLaneRing(Clone).[0]GlowLine.[1]BakedBloom
GameCore.[3]LightLinesTrackLaneRing(Clone).[1]GlowLine (1)
GameCore.[3]LightLinesTrackLaneRing(Clone).[1]GlowLine (1).[0]BoxLight
GameCore.[3]LightLinesTrackLaneRing(Clone).[1]GlowLine (1).[1]BakedBloom
GameCore.[30]LightLinesTrackLaneRing(Clone)
GameCore.[30]LightLinesTrackLaneRing(Clone).[0]GlowLine
GameCore.[30]LightLinesTrackLaneRing(Clone).[0]GlowLine.[0]BoxLight
GameCore.[30]LightLinesTrackLaneRing(Clone).[0]GlowLine.[1]BakedBloom
GameCore.[30]LightLinesTrackLaneRing(Clone).[1]GlowLine (1)
GameCore.[30]LightLinesTrackLaneRing(Clone).[1]GlowLine (1).[0]BoxLight
GameCore.[30]LightLinesTrackLaneRing(Clone).[1]GlowLine (1).[1]BakedBloom
GameCore.[4]LightLinesTrackLaneRing(Clone)
GameCore.[4]LightLinesTrackLaneRing(Clone).[0]GlowLine
GameCore.[4]LightLinesTrackLaneRing(Clone).[0]GlowLine.[0]BoxLight
GameCore.[4]LightLinesTrackLaneRing(Clone).[0]GlowLine.[1]BakedBloom
GameCore.[4]LightLinesTrackLaneRing(Clone).[1]GlowLine (1)
GameCore.[4]LightLinesTrackLaneRing(Clone).[1]GlowLine (1).[0]BoxLight
GameCore.[4]LightLinesTrackLaneRing(Clone).[1]GlowLine (1).[1]BakedBloom
GameCore.[5]LightLinesTrackLaneRing(Clone)
GameCore.[5]LightLinesTrackLaneRing(Clone).[0]GlowLine
GameCore.[5]LightLinesTrackLaneRing(Clone).[0]GlowLine.[0]BoxLight
GameCore.[5]LightLinesTrackLaneRing(Clone).[0]GlowLine.[1]BakedBloom
GameCore.[5]LightLinesTrackLaneRing(Clone).[1]GlowLine (1)
GameCore.[5]LightLinesTrackLaneRing(Clone).[1]GlowLine (1).[0]BoxLight
GameCore.[5]LightLinesTrackLaneRing(Clone).[1]GlowLine (1).[1]BakedBloom
GameCore.[6]LightLinesTrackLaneRing(Clone)
GameCore.[6]LightLinesTrackLaneRing(Clone).[0]GlowLine
GameCore.[6]LightLinesTrackLaneRing(Clone).[0]GlowLine.[0]BoxLight
GameCore.[6]LightLinesTrackLaneRing(Clone).[0]GlowLine.[1]BakedBloom
GameCore.[6]LightLinesTrackLaneRing(Clone).[1]GlowLine (1)
GameCore.[6]LightLinesTrackLaneRing(Clone).[1]GlowLine (1).[0]BoxLight
GameCore.[6]LightLinesTrackLaneRing(Clone).[1]GlowLine (1).[1]BakedBloom
GameCore.[7]LightLinesTrackLaneRing(Clone)
GameCore.[7]LightLinesTrackLaneRing(Clone).[0]GlowLine
GameCore.[7]LightLinesTrackLaneRing(Clone).[0]GlowLine.[0]BoxLight
GameCore.[7]LightLinesTrackLaneRing(Clone).[0]GlowLine.[1]BakedBloom
GameCore.[7]LightLinesTrackLaneRing(Clone).[1]GlowLine (1)
GameCore.[7]LightLinesTrackLaneRing(Clone).[1]GlowLine (1).[0]BoxLight
GameCore.[7]LightLinesTrackLaneRing(Clone).[1]GlowLine (1).[1]BakedBloom
GameCore.[8]LightLinesTrackLaneRing(Clone)
GameCore.[8]LightLinesTrackLaneRing(Clone).[0]GlowLine
GameCore.[8]LightLinesTrackLaneRing(Clone).[0]GlowLine.[0]BoxLight
GameCore.[8]LightLinesTrackLaneRing(Clone).[0]GlowLine.[1]BakedBloom
GameCore.[8]LightLinesTrackLaneRing(Clone).[1]GlowLine (1)
GameCore.[8]LightLinesTrackLaneRing(Clone).[1]GlowLine (1).[0]BoxLight
GameCore.[8]LightLinesTrackLaneRing(Clone).[1]GlowLine (1).[1]BakedBloom
GameCore.[9]LightLinesTrackLaneRing(Clone)
GameCore.[9]LightLinesTrackLaneRing(Clone).[0]GlowLine
GameCore.[9]LightLinesTrackLaneRing(Clone).[0]GlowLine.[0]BoxLight
GameCore.[9]LightLinesTrackLaneRing(Clone).[0]GlowLine.[1]BakedBloom
GameCore.[9]LightLinesTrackLaneRing(Clone).[1]GlowLine (1)
GameCore.[9]LightLinesTrackLaneRing(Clone).[1]GlowLine (1).[0]BoxLight
GameCore.[9]LightLinesTrackLaneRing(Clone).[1]GlowLine (1).[1]BakedBloom
GreenDayEnvironment.[0]Environment
GreenDayEnvironment.[0]Environment.[0]DecoratorContext
GreenDayEnvironment.[0]Environment.[1]SceneSetup
GreenDayEnvironment.[0]Environment.[10]LightLinesTrackLaneRings
GreenDayEnvironment.[0]Environment.[11]DustPS
GreenDayEnvironment.[0]Environment.[12]====== LIGHTS ======
GreenDayEnvironment.[0]Environment.[13]CoreLighting
GreenDayEnvironment.[0]Environment.[13]CoreLighting.[0]LightManager
GreenDayEnvironment.[0]Environment.[13]CoreLighting.[1]LightWrapper0
GreenDayEnvironment.[0]Environment.[13]CoreLighting.[1]LightWrapper0.[0]DirectionalLight
GreenDayEnvironment.[0]Environment.[13]CoreLighting.[2]LightWrapper1
GreenDayEnvironment.[0]Environment.[13]CoreLighting.[2]LightWrapper1.[0]DirectionalLight
GreenDayEnvironment.[0]Environment.[13]CoreLighting.[3]DirectionalLight
GreenDayEnvironment.[0]Environment.[13]CoreLighting.[4]DirectionalLight
GreenDayEnvironment.[0]Environment.[13]CoreLighting.[5]DirectionalLight
GreenDayEnvironment.[0]Environment.[14]LightWithIdManager
GreenDayEnvironment.[0]Environment.[15]LightEffects
GreenDayEnvironment.[0]Environment.[16]FrontLight
GreenDayEnvironment.[0]Environment.[16]FrontLight.[0]BakedBloom
GreenDayEnvironment.[0]Environment.[16]FrontLight.[1]BoxLight
GreenDayEnvironment.[0]Environment.[17]GlowLineR
GreenDayEnvironment.[0]Environment.[17]GlowLineR.[0]BakedBloom
GreenDayEnvironment.[0]Environment.[17]GlowLineR.[1]BoxLight
GreenDayEnvironment.[0]Environment.[18]GlowLineL
GreenDayEnvironment.[0]Environment.[18]GlowLineL.[0]BakedBloom
GreenDayEnvironment.[0]Environment.[18]GlowLineL.[1]BoxLight
GreenDayEnvironment.[0]Environment.[19]GlowLineL (2)
GreenDayEnvironment.[0]Environment.[19]GlowLineL (2).[0]BakedBloom
GreenDayEnvironment.[0]Environment.[19]GlowLineL (2).[1]BoxLight
GreenDayEnvironment.[0]Environment.[2]====== STATIC ======
GreenDayEnvironment.[0]Environment.[20]GlowLineL (4)
GreenDayEnvironment.[0]Environment.[20]GlowLineL (4).[0]BakedBloom
GreenDayEnvironment.[0]Environment.[20]GlowLineL (4).[1]BoxLight
GreenDayEnvironment.[0]Environment.[21]GlowLineL (13)
GreenDayEnvironment.[0]Environment.[21]GlowLineL (13).[0]BakedBloom
GreenDayEnvironment.[0]Environment.[21]GlowLineL (13).[1]BoxLight
GreenDayEnvironment.[0]Environment.[22]GlowLineL (14)
GreenDayEnvironment.[0]Environment.[22]GlowLineL (14).[0]BakedBloom
GreenDayEnvironment.[0]Environment.[22]GlowLineL (14).[1]BoxLight
GreenDayEnvironment.[0]Environment.[23]GlowLineL (7)
GreenDayEnvironment.[0]Environment.[23]GlowLineL (7).[0]BakedBloom
GreenDayEnvironment.[0]Environment.[23]GlowLineL (7).[1]BoxLight
GreenDayEnvironment.[0]Environment.[24]GlowLineL (8)
GreenDayEnvironment.[0]Environment.[24]GlowLineL (8).[0]BakedBloom
GreenDayEnvironment.[0]Environment.[24]GlowLineL (8).[1]BoxLight
GreenDayEnvironment.[0]Environment.[25]GlowLineL (15)
GreenDayEnvironment.[0]Environment.[25]GlowLineL (15).[0]BakedBloom
GreenDayEnvironment.[0]Environment.[25]GlowLineL (15).[1]BoxLight
GreenDayEnvironment.[0]Environment.[26]GlowLineL (16)
GreenDayEnvironment.[0]Environment.[26]GlowLineL (16).[0]BakedBloom
GreenDayEnvironment.[0]Environment.[26]GlowLineL (16).[1]BoxLight
GreenDayEnvironment.[0]Environment.[27]GlowLineL (17)
GreenDayEnvironment.[0]Environment.[27]GlowLineL (17).[0]BakedBloom
GreenDayEnvironment.[0]Environment.[27]GlowLineL (17).[1]BoxLight
GreenDayEnvironment.[0]Environment.[28]GlowLineL (18)
GreenDayEnvironment.[0]Environment.[28]GlowLineL (18).[0]BakedBloom
GreenDayEnvironment.[0]Environment.[28]GlowLineL (18).[1]BoxLight
GreenDayEnvironment.[0]Environment.[29]GlowLineL (19)
GreenDayEnvironment.[0]Environment.[29]GlowLineL (19).[0]BakedBloom
GreenDayEnvironment.[0]Environment.[29]GlowLineL (19).[1]BoxLight
GreenDayEnvironment.[0]Environment.[3]PlayersPlace
GreenDayEnvironment.[0]Environment.[3]PlayersPlace.[0]Mirror
GreenDayEnvironment.[0]Environment.[3]PlayersPlace.[1]Feet
GreenDayEnvironment.[0]Environment.[3]PlayersPlace.[2]Construction
GreenDayEnvironment.[0]Environment.[3]PlayersPlace.[3]RectangleFakeGlow
GreenDayEnvironment.[0]Environment.[3]PlayersPlace.[4]SaberBurnMarksParticles
GreenDayEnvironment.[0]Environment.[3]PlayersPlace.[4]SaberBurnMarksParticles.[0]SaberBurnMarkSparklePS
GreenDayEnvironment.[0]Environment.[3]PlayersPlace.[5]SaberBurnMarksArea
GreenDayEnvironment.[0]Environment.[3]PlayersPlace.[6]Collider
GreenDayEnvironment.[0]Environment.[30]GlowLineL (20)
GreenDayEnvironment.[0]Environment.[30]GlowLineL (20).[0]BakedBloom
GreenDayEnvironment.[0]Environment.[30]GlowLineL (20).[1]BoxLight
GreenDayEnvironment.[0]Environment.[31]GlowLineL (21)
GreenDayEnvironment.[0]Environment.[31]GlowLineL (21).[0]BakedBloom
GreenDayEnvironment.[0]Environment.[31]GlowLineL (21).[1]BoxLight
GreenDayEnvironment.[0]Environment.[32]GlowLineL (22)
GreenDayEnvironment.[0]Environment.[32]GlowLineL (22).[0]BakedBloom
GreenDayEnvironment.[0]Environment.[32]GlowLineL (22).[1]BoxLight
GreenDayEnvironment.[0]Environment.[33]GlowLineL (23)
GreenDayEnvironment.[0]Environment.[33]GlowLineL (23).[0]BakedBloom
GreenDayEnvironment.[0]Environment.[33]GlowLineL (23).[1]BoxLight
GreenDayEnvironment.[0]Environment.[34]GlowLineL (24)
GreenDayEnvironment.[0]Environment.[34]GlowLineL (24).[0]BakedBloom
GreenDayEnvironment.[0]Environment.[34]GlowLineL (24).[1]BoxLight
GreenDayEnvironment.[0]Environment.[35]RotatingLasersPair
GreenDayEnvironment.[0]Environment.[35]RotatingLasersPair.[0]BaseL
GreenDayEnvironment.[0]Environment.[35]RotatingLasersPair.[0]BaseL.[0]Laser
GreenDayEnvironment.[0]Environment.[35]RotatingLasersPair.[0]BaseL.[0]Laser.[0]BakedBloom
GreenDayEnvironment.[0]Environment.[35]RotatingLasersPair.[0]BaseL.[0]Laser.[1]BoxLight
GreenDayEnvironment.[0]Environment.[35]RotatingLasersPair.[1]BaseR
GreenDayEnvironment.[0]Environment.[35]RotatingLasersPair.[1]BaseR.[0]Laser
GreenDayEnvironment.[0]Environment.[35]RotatingLasersPair.[1]BaseR.[0]Laser.[0]BakedBloom
GreenDayEnvironment.[0]Environment.[35]RotatingLasersPair.[1]BaseR.[0]Laser.[1]BoxLight
GreenDayEnvironment.[0]Environment.[36]RotatingLasersPair (1)
GreenDayEnvironment.[0]Environment.[36]RotatingLasersPair (1).[0]BaseL
GreenDayEnvironment.[0]Environment.[36]RotatingLasersPair (1).[0]BaseL.[0]Laser
GreenDayEnvironment.[0]Environment.[36]RotatingLasersPair (1).[0]BaseL.[0]Laser.[0]BakedBloom
GreenDayEnvironment.[0]Environment.[36]RotatingLasersPair (1).[0]BaseL.[0]Laser.[1]BoxLight
GreenDayEnvironment.[0]Environment.[36]RotatingLasersPair (1).[1]BaseR
GreenDayEnvironment.[0]Environment.[36]RotatingLasersPair (1).[1]BaseR.[0]Laser
GreenDayEnvironment.[0]Environment.[36]RotatingLasersPair (1).[1]BaseR.[0]Laser.[0]BakedBloom
GreenDayEnvironment.[0]Environment.[36]RotatingLasersPair (1).[1]BaseR.[0]Laser.[1]BoxLight
GreenDayEnvironment.[0]Environment.[37]RotatingLasersPair (2)
GreenDayEnvironment.[0]Environment.[37]RotatingLasersPair (2).[0]BaseL
GreenDayEnvironment.[0]Environment.[37]RotatingLasersPair (2).[0]BaseL.[0]Laser
GreenDayEnvironment.[0]Environment.[37]RotatingLasersPair (2).[0]BaseL.[0]Laser.[0]BakedBloom
GreenDayEnvironment.[0]Environment.[37]RotatingLasersPair (2).[0]BaseL.[0]Laser.[1]BoxLight
GreenDayEnvironment.[0]Environment.[37]RotatingLasersPair (2).[1]BaseR
GreenDayEnvironment.[0]Environment.[37]RotatingLasersPair (2).[1]BaseR.[0]Laser
GreenDayEnvironment.[0]Environment.[37]RotatingLasersPair (2).[1]BaseR.[0]Laser.[0]BakedBloom
GreenDayEnvironment.[0]Environment.[37]RotatingLasersPair (2).[1]BaseR.[0]Laser.[1]BoxLight
GreenDayEnvironment.[0]Environment.[38]RotatingLasersPair (3)
GreenDayEnvironment.[0]Environment.[38]RotatingLasersPair (3).[0]BaseL
GreenDayEnvironment.[0]Environment.[38]RotatingLasersPair (3).[0]BaseL.[0]Laser
GreenDayEnvironment.[0]Environment.[38]RotatingLasersPair (3).[0]BaseL.[0]Laser.[0]BakedBloom
GreenDayEnvironment.[0]Environment.[38]RotatingLasersPair (3).[0]BaseL.[0]Laser.[1]BoxLight
GreenDayEnvironment.[0]Environment.[38]RotatingLasersPair (3).[1]BaseR
GreenDayEnvironment.[0]Environment.[38]RotatingLasersPair (3).[1]BaseR.[0]Laser
GreenDayEnvironment.[0]Environment.[38]RotatingLasersPair (3).[1]BaseR.[0]Laser.[0]BakedBloom
GreenDayEnvironment.[0]Environment.[38]RotatingLasersPair (3).[1]BaseR.[0]Laser.[1]BoxLight
GreenDayEnvironment.[0]Environment.[39]RotatingLasersPair (4)
GreenDayEnvironment.[0]Environment.[39]RotatingLasersPair (4).[0]BaseL
GreenDayEnvironment.[0]Environment.[39]RotatingLasersPair (4).[0]BaseL.[0]Laser
GreenDayEnvironment.[0]Environment.[39]RotatingLasersPair (4).[0]BaseL.[0]Laser.[0]BakedBloom
GreenDayEnvironment.[0]Environment.[39]RotatingLasersPair (4).[0]BaseL.[0]Laser.[1]BoxLight
GreenDayEnvironment.[0]Environment.[39]RotatingLasersPair (4).[1]BaseR
GreenDayEnvironment.[0]Environment.[39]RotatingLasersPair (4).[1]BaseR.[0]Laser
GreenDayEnvironment.[0]Environment.[39]RotatingLasersPair (4).[1]BaseR.[0]Laser.[0]BakedBloom
GreenDayEnvironment.[0]Environment.[39]RotatingLasersPair (4).[1]BaseR.[0]Laser.[1]BoxLight
GreenDayEnvironment.[0]Environment.[4]TrackMirror
GreenDayEnvironment.[0]Environment.[4]TrackMirror.[0]TrackMirrorSetDepth
GreenDayEnvironment.[0]Environment.[40]RotatingLasersPair (5)
GreenDayEnvironment.[0]Environment.[40]RotatingLasersPair (5).[0]BaseL
GreenDayEnvironment.[0]Environment.[40]RotatingLasersPair (5).[0]BaseL.[0]Laser
GreenDayEnvironment.[0]Environment.[40]RotatingLasersPair (5).[0]BaseL.[0]Laser.[0]BakedBloom
GreenDayEnvironment.[0]Environment.[40]RotatingLasersPair (5).[0]BaseL.[0]Laser.[1]BoxLight
GreenDayEnvironment.[0]Environment.[40]RotatingLasersPair (5).[1]BaseR
GreenDayEnvironment.[0]Environment.[40]RotatingLasersPair (5).[1]BaseR.[0]Laser
GreenDayEnvironment.[0]Environment.[40]RotatingLasersPair (5).[1]BaseR.[0]Laser.[0]BakedBloom
GreenDayEnvironment.[0]Environment.[40]RotatingLasersPair (5).[1]BaseR.[0]Laser.[1]BoxLight
GreenDayEnvironment.[0]Environment.[41]GradientBackground
GreenDayEnvironment.[0]Environment.[42]GreenDayCity
GreenDayEnvironment.[0]Environment.[42]GreenDayCity.[0]ArmHeartBase
GreenDayEnvironment.[0]Environment.[42]GreenDayCity.[1]ArmHeartBloodLighting
GreenDayEnvironment.[0]Environment.[42]GreenDayCity.[2]ArmHeartLighting
GreenDayEnvironment.[0]Environment.[42]GreenDayCity.[3]BackgroundBuildings
GreenDayEnvironment.[0]Environment.[42]GreenDayCity.[4]SpeakersLeft
GreenDayEnvironment.[0]Environment.[42]GreenDayCity.[5]SpeakersRight
GreenDayEnvironment.[0]Environment.[43]BakedReflectionProbe
GreenDayEnvironment.[0]Environment.[44]BSBakedLightingLightWithIds
GreenDayEnvironment.[0]Environment.[45]FakeMirrorSettings
GreenDayEnvironment.[0]Environment.[46]BakedReflectionProbeInstaller
GreenDayEnvironment.[0]Environment.[5]TrackConstruction
GreenDayEnvironment.[0]Environment.[6]====== DYNAMIC ======
GreenDayEnvironment.[0]Environment.[7]NarrowGameHUD
GreenDayEnvironment.[0]Environment.[7]NarrowGameHUD.[0]EnergyPanel
GreenDayEnvironment.[0]Environment.[7]NarrowGameHUD.[0]EnergyPanel.[0]BG
GreenDayEnvironment.[0]Environment.[7]NarrowGameHUD.[0]EnergyPanel.[1]BarBG
GreenDayEnvironment.[0]Environment.[7]NarrowGameHUD.[0]EnergyPanel.[2]EnergyIconEmpty
GreenDayEnvironment.[0]Environment.[7]NarrowGameHUD.[0]EnergyPanel.[3]EnergyIconFull
GreenDayEnvironment.[0]Environment.[7]NarrowGameHUD.[0]EnergyPanel.[4]EnergyBarWrapper
GreenDayEnvironment.[0]Environment.[7]NarrowGameHUD.[0]EnergyPanel.[4]EnergyBarWrapper.[0]EnergyBar
GreenDayEnvironment.[0]Environment.[7]NarrowGameHUD.[0]EnergyPanel.[5]Laser
GreenDayEnvironment.[0]Environment.[7]NarrowGameHUD.[0]EnergyPanel.[5]Laser.[0]BoxLight
GreenDayEnvironment.[0]Environment.[7]NarrowGameHUD.[0]EnergyPanel.[5]Laser.[1]BakedBloom
GreenDayEnvironment.[0]Environment.[7]NarrowGameHUD.[0]EnergyPanel.[6]FailIcon
GreenDayEnvironment.[0]Environment.[7]NarrowGameHUD.[1]LeftPanel
GreenDayEnvironment.[0]Environment.[7]NarrowGameHUD.[1]LeftPanel.[0]ComboPanel
GreenDayEnvironment.[0]Environment.[7]NarrowGameHUD.[1]LeftPanel.[0]ComboPanel.[0]ComboText
GreenDayEnvironment.[0]Environment.[7]NarrowGameHUD.[1]LeftPanel.[0]ComboPanel.[1]ComboCanvas
GreenDayEnvironment.[0]Environment.[7]NarrowGameHUD.[1]LeftPanel.[0]ComboPanel.[1]ComboCanvas.[0]NumText
GreenDayEnvironment.[0]Environment.[7]NarrowGameHUD.[1]LeftPanel.[0]ComboPanel.[2]Line0
GreenDayEnvironment.[0]Environment.[7]NarrowGameHUD.[1]LeftPanel.[0]ComboPanel.[3]Line1
GreenDayEnvironment.[0]Environment.[7]NarrowGameHUD.[1]LeftPanel.[1]ScoreCanvas
GreenDayEnvironment.[0]Environment.[7]NarrowGameHUD.[1]LeftPanel.[1]ScoreCanvas.[0]ScoreText
GreenDayEnvironment.[0]Environment.[7]NarrowGameHUD.[1]LeftPanel.[1]ScoreCanvas.[1]ImmediateRankText
GreenDayEnvironment.[0]Environment.[7]NarrowGameHUD.[1]LeftPanel.[1]ScoreCanvas.[2]RelativeScoreText
GreenDayEnvironment.[0]Environment.[7]NarrowGameHUD.[2]RightPanel
GreenDayEnvironment.[0]Environment.[7]NarrowGameHUD.[2]RightPanel.[0]MultiplierCanvas
GreenDayEnvironment.[0]Environment.[7]NarrowGameHUD.[2]RightPanel.[0]MultiplierCanvas.[0]BGCircle
GreenDayEnvironment.[0]Environment.[7]NarrowGameHUD.[2]RightPanel.[0]MultiplierCanvas.[1]FGCircle
GreenDayEnvironment.[0]Environment.[7]NarrowGameHUD.[2]RightPanel.[0]MultiplierCanvas.[2]AnimationCircle
GreenDayEnvironment.[0]Environment.[7]NarrowGameHUD.[2]RightPanel.[0]MultiplierCanvas.[3]TextOverlayPanelOutline1
GreenDayEnvironment.[0]Environment.[7]NarrowGameHUD.[2]RightPanel.[0]MultiplierCanvas.[3]TextOverlayPanelOutline1.[0]XText
GreenDayEnvironment.[0]Environment.[7]NarrowGameHUD.[2]RightPanel.[0]MultiplierCanvas.[3]TextOverlayPanelOutline1.[1]NumText
GreenDayEnvironment.[0]Environment.[7]NarrowGameHUD.[2]RightPanel.[0]MultiplierCanvas.[4]TextOverlayPanelOutline0
GreenDayEnvironment.[0]Environment.[7]NarrowGameHUD.[2]RightPanel.[0]MultiplierCanvas.[4]TextOverlayPanelOutline0.[0]XText
GreenDayEnvironment.[0]Environment.[7]NarrowGameHUD.[2]RightPanel.[0]MultiplierCanvas.[4]TextOverlayPanelOutline0.[1]NumText
GreenDayEnvironment.[0]Environment.[7]NarrowGameHUD.[2]RightPanel.[0]MultiplierCanvas.[5]TextPanel
GreenDayEnvironment.[0]Environment.[7]NarrowGameHUD.[2]RightPanel.[0]MultiplierCanvas.[5]TextPanel.[0]XText
GreenDayEnvironment.[0]Environment.[7]NarrowGameHUD.[2]RightPanel.[0]MultiplierCanvas.[5]TextPanel.[1]NumText
GreenDayEnvironment.[0]Environment.[7]NarrowGameHUD.[2]RightPanel.[1]SongProgressCanvas
GreenDayEnvironment.[0]Environment.[7]NarrowGameHUD.[2]RightPanel.[1]SongProgressCanvas.[0]Progress
GreenDayEnvironment.[0]Environment.[7]NarrowGameHUD.[2]RightPanel.[1]SongProgressCanvas.[1]Slider
GreenDayEnvironment.[0]Environment.[7]NarrowGameHUD.[2]RightPanel.[1]SongProgressCanvas.[1]Slider.[0]Background
GreenDayEnvironment.[0]Environment.[7]NarrowGameHUD.[2]RightPanel.[1]SongProgressCanvas.[1]Slider.[1]Handle Slide Area
GreenDayEnvironment.[0]Environment.[7]NarrowGameHUD.[2]RightPanel.[1]SongProgressCanvas.[1]Slider.[1]Handle Slide Area.[0]Handle
GreenDayEnvironment.[0]Environment.[7]NarrowGameHUD.[2]RightPanel.[1]SongProgressCanvas.[2]DurationMinutes
GreenDayEnvironment.[0]Environment.[7]NarrowGameHUD.[2]RightPanel.[1]SongProgressCanvas.[3]DurationSeconds
GreenDayEnvironment.[0]Environment.[7]NarrowGameHUD.[2]RightPanel.[1]SongProgressCanvas.[4]ProgressMinutes
GreenDayEnvironment.[0]Environment.[7]NarrowGameHUD.[2]RightPanel.[1]SongProgressCanvas.[5]ProgressSeconds
GreenDayEnvironment.[0]Environment.[7]NarrowGameHUD.[2]RightPanel.[1]SongProgressCanvas.[6]BG
GreenDayEnvironment.[0]Environment.[8]Logo
GreenDayEnvironment.[0]Environment.[9]BigSmokePS
GreenDayEnvironment.[1]CinemaPlaybackController
GreenDayEnvironment.[1]CinemaPlaybackController.[0]CinemaScreen
GreenDayEnvironment.[1]CinemaPlaybackController.[0]CinemaScreen.[0]Body