InterscopeEnvironment.[0]Environment
InterscopeEnvironment.[0]Environment.[0]DecoratorContext
InterscopeEnvironment.[0]Environment.[1]SceneSetup
InterscopeEnvironment.[0]Environment.[10]BakedReflectionProbe
InterscopeEnvironment.[0]Environment.[11]Logo
InterscopeEnvironment.[0]Environment.[12]PlayersPlace
InterscopeEnvironment.[0]Environment.[12]PlayersPlace.[0]Mirror
InterscopeEnvironment.[0]Environment.[12]PlayersPlace.[1]Feet
InterscopeEnvironment.[0]Environment.[12]PlayersPlace.[2]Construction
InterscopeEnvironment.[0]Environment.[12]PlayersPlace.[3]RectangleFakeGlow
InterscopeEnvironment.[0]Environment.[12]PlayersPlace.[4]SaberBurnMarksParticles
InterscopeEnvironment.[0]Environment.[12]PlayersPlace.[4]SaberBurnMarksParticles.[0]SaberBurnMarkSparklePS
InterscopeEnvironment.[0]Environment.[12]PlayersPlace.[5]SaberBurnMarksArea
InterscopeEnvironment.[0]Environment.[12]PlayersPlace.[6]Collider
InterscopeEnvironment.[0]Environment.[13]Floor
InterscopeEnvironment.[0]Environment.[13]Floor.[0]FloorDepthWrite
InterscopeEnvironment.[0]Environment.[14]RearPillar
InterscopeEnvironment.[0]Environment.[15]RearPillar (2)
InterscopeEnvironment.[0]Environment.[16]Pillar (4)
InterscopeEnvironment.[0]Environment.[16]Pillar (4).[0]PillarL
InterscopeEnvironment.[0]Environment.[16]Pillar (4).[1]PillarR
InterscopeEnvironment.[0]Environment.[16]Pillar (4).[2]NeonLightL
InterscopeEnvironment.[0]Environment.[16]Pillar (4).[2]NeonLightL.[0]BoxLight
InterscopeEnvironment.[0]Environment.[16]Pillar (4).[2]NeonLightL.[1]BakedBloom
InterscopeEnvironment.[0]Environment.[16]Pillar (4).[3]NeonLightR
InterscopeEnvironment.[0]Environment.[16]Pillar (4).[3]NeonLightR.[0]BoxLight
InterscopeEnvironment.[0]Environment.[16]Pillar (4).[3]NeonLightR.[1]BakedBloom
InterscopeEnvironment.[0]Environment.[17]Pillar (3)
InterscopeEnvironment.[0]Environment.[17]Pillar (3).[0]PillarL
InterscopeEnvironment.[0]Environment.[17]Pillar (3).[1]PillarR
InterscopeEnvironment.[0]Environment.[17]Pillar (3).[2]NeonLightL
InterscopeEnvironment.[0]Environment.[17]Pillar (3).[2]NeonLightL.[0]BoxLight
InterscopeEnvironment.[0]Environment.[17]Pillar (3).[2]NeonLightL.[1]BakedBloom
InterscopeEnvironment.[0]Environment.[17]Pillar (3).[3]NeonLightR
InterscopeEnvironment.[0]Environment.[17]Pillar (3).[3]NeonLightR.[0]BoxLight
InterscopeEnvironment.[0]Environment.[17]Pillar (3).[3]NeonLightR.[1]BakedBloom
InterscopeEnvironment.[0]Environment.[18]Pillar (2)
InterscopeEnvironment.[0]Environment.[18]Pillar (2).[0]PillarL
InterscopeEnvironment.[0]Environment.[18]Pillar (2).[1]PillarR
InterscopeEnvironment.[0]Environment.[18]Pillar (2).[2]NeonLightL
InterscopeEnvironment.[0]Environment.[18]Pillar (2).[2]NeonLightL.[0]BoxLight
InterscopeEnvironment.[0]Environment.[18]Pillar (2).[2]NeonLightL.[1]BakedBloom
InterscopeEnvironment.[0]Environment.[18]Pillar (2).[3]NeonLightR
InterscopeEnvironment.[0]Environment.[18]Pillar (2).[3]NeonLightR.[0]BoxLight
InterscopeEnvironment.[0]Environment.[18]Pillar (2).[3]NeonLightR.[1]BakedBloom
InterscopeEnvironment.[0]Environment.[19]Pillar (1)
InterscopeEnvironment.[0]Environment.[19]Pillar (1).[0]PillarL
InterscopeEnvironment.[0]Environment.[19]Pillar (1).[1]PillarR
InterscopeEnvironment.[0]Environment.[19]Pillar (1).[2]NeonLightL
InterscopeEnvironment.[0]Environment.[19]Pillar (1).[2]NeonLightL.[0]BoxLight
InterscopeEnvironment.[0]Environment.[19]Pillar (1).[2]NeonLightL.[1]BakedBloom
InterscopeEnvironment.[0]Environment.[19]Pillar (1).[3]NeonLightR
InterscopeEnvironment.[0]Environment.[19]Pillar (1).[3]NeonLightR.[0]BoxLight
InterscopeEnvironment.[0]Environment.[19]Pillar (1).[3]NeonLightR.[1]BakedBloom
InterscopeEnvironment.[0]Environment.[2]BakedReflectionProbeInstaller
InterscopeEnvironment.[0]Environment.[20]Pillar
InterscopeEnvironment.[0]Environment.[20]Pillar.[0]PillarL
InterscopeEnvironment.[0]Environment.[20]Pillar.[1]PillarR
InterscopeEnvironment.[0]Environment.[20]Pillar.[2]NeonLightL
InterscopeEnvironment.[0]Environment.[20]Pillar.[2]NeonLightL.[0]BoxLight
InterscopeEnvironment.[0]Environment.[20]Pillar.[2]NeonLightL.[1]BakedBloom
InterscopeEnvironment.[0]Environment.[20]Pillar.[3]NeonLightR
InterscopeEnvironment.[0]Environment.[20]Pillar.[3]NeonLightR.[0]BoxLight
InterscopeEnvironment.[0]Environment.[20]Pillar.[3]NeonLightR.[1]BakedBloom
InterscopeEnvironment.[0]Environment.[21]Plane (3)
InterscopeEnvironment.[0]Environment.[22]Plane (2)
InterscopeEnvironment.[0]Environment.[23]Plane (1)
InterscopeEnvironment.[0]Environment.[24]Plane (4)
InterscopeEnvironment.[0]Environment.[25]Plane (5)
InterscopeEnvironment.[0]Environment.[26]Plane (6)
InterscopeEnvironment.[0]Environment.[27]RearPillar (1)
InterscopeEnvironment.[0]Environment.[28]RearPillar (3)
InterscopeEnvironment.[0]Environment.[29]RearPillar (4)
InterscopeEnvironment.[0]Environment.[3]FakeMirrorSettings
InterscopeEnvironment.[0]Environment.[30]RearPillar (5)
InterscopeEnvironment.[0]Environment.[31]====== DYNAMIC ======
InterscopeEnvironment.[0]Environment.[32]Spectrograms
InterscopeEnvironment.[0]Environment.[32]Spectrograms.[0]Spectrogram
InterscopeEnvironment.[0]Environment.[32]Spectrograms.[1]Spectrogram (1)
InterscopeEnvironment.[0]Environment.[33]BigSmokePS
InterscopeEnvironment.[0]Environment.[34]====== LIGHTS ======
InterscopeEnvironment.[0]Environment.[35]DustPS
InterscopeEnvironment.[0]Environment.[36]FrontLight
InterscopeEnvironment.[0]Environment.[37]NarrowGameHUD
InterscopeEnvironment.[0]Environment.[37]NarrowGameHUD.[0]EnergyPanel
InterscopeEnvironment.[0]Environment.[37]NarrowGameHUD.[0]EnergyPanel.[0]BG
InterscopeEnvironment.[0]Environment.[37]NarrowGameHUD.[0]EnergyPanel.[1]BarBG
InterscopeEnvironment.[0]Environment.[37]NarrowGameHUD.[0]EnergyPanel.[2]EnergyIconEmpty
InterscopeEnvironment.[0]Environment.[37]NarrowGameHUD.[0]EnergyPanel.[3]EnergyIconFull
InterscopeEnvironment.[0]Environment.[37]NarrowGameHUD.[0]EnergyPanel.[4]EnergyBarWrapper
InterscopeEnvironment.[0]Environment.[37]NarrowGameHUD.[0]EnergyPanel.[4]EnergyBarWrapper.[0]EnergyBar
InterscopeEnvironment.[0]Environment.[37]NarrowGameHUD.[0]EnergyPanel.[5]Laser
InterscopeEnvironment.[0]Environment.[37]NarrowGameHUD.[0]EnergyPanel.[5]Laser.[0]BoxLight
InterscopeEnvironment.[0]Environment.[37]NarrowGameHUD.[0]EnergyPanel.[5]Laser.[1]BakedBloom
InterscopeEnvironment.[0]Environment.[37]NarrowGameHUD.[0]EnergyPanel.[6]FailIcon
InterscopeEnvironment.[0]Environment.[37]NarrowGameHUD.[1]LeftPanel
InterscopeEnvironment.[0]Environment.[37]NarrowGameHUD.[1]LeftPanel.[0]ComboPanel
InterscopeEnvironment.[0]Environment.[37]NarrowGameHUD.[1]LeftPanel.[0]ComboPanel.[0]ComboText
InterscopeEnvironment.[0]Environment.[37]NarrowGameHUD.[1]LeftPanel.[0]ComboPanel.[1]ComboCanvas
InterscopeEnvironment.[0]Environment.[37]NarrowGameHUD.[1]LeftPanel.[0]ComboPanel.[1]ComboCanvas.[0]NumText
InterscopeEnvironment.[0]Environment.[37]NarrowGameHUD.[1]LeftPanel.[0]ComboPanel.[2]Line0
InterscopeEnvironment.[0]Environment.[37]NarrowGameHUD.[1]LeftPanel.[0]ComboPanel.[3]Line1
InterscopeEnvironment.[0]Environment.[37]NarrowGameHUD.[1]LeftPanel.[1]ScoreCanvas
InterscopeEnvironment.[0]Environment.[37]NarrowGameHUD.[1]LeftPanel.[1]ScoreCanvas.[0]ScoreText
InterscopeEnvironment.[0]Environment.[37]NarrowGameHUD.[1]LeftPanel.[1]ScoreCanvas.[1]ImmediateRankText
InterscopeEnvironment.[0]Environment.[37]NarrowGameHUD.[1]LeftPanel.[1]ScoreCanvas.[2]RelativeScoreText
InterscopeEnvironment.[0]Environment.[37]NarrowGameHUD.[2]RightPanel
InterscopeEnvironment.[0]Environment.[37]NarrowGameHUD.[2]RightPanel.[0]MultiplierCanvas
InterscopeEnvironment.[0]Environment.[37]NarrowGameHUD.[2]RightPanel.[0]MultiplierCanvas.[0]BGCircle
InterscopeEnvironment.[0]Environment.[37]NarrowGameHUD.[2]RightPanel.[0]MultiplierCanvas.[1]FGCircle
InterscopeEnvironment.[0]Environment.[37]NarrowGameHUD.[2]RightPanel.[0]MultiplierCanvas.[2]AnimationCircle
InterscopeEnvironment.[0]Environment.[37]NarrowGameHUD.[2]RightPanel.[0]MultiplierCanvas.[3]TextOverlayPanelOutline1
InterscopeEnvironment.[0]Environment.[37]NarrowGameHUD.[2]RightPanel.[0]MultiplierCanvas.[3]TextOverlayPanelOutline1.[0]XText
InterscopeEnvironment.[0]Environment.[37]NarrowGameHUD.[2]RightPanel.[0]MultiplierCanvas.[3]TextOverlayPanelOutline1.[1]NumText
InterscopeEnvironment.[0]Environment.[37]NarrowGameHUD.[2]RightPanel.[0]MultiplierCanvas.[4]TextOverlayPanelOutline0
InterscopeEnvironment.[0]Environment.[37]NarrowGameHUD.[2]RightPanel.[0]MultiplierCanvas.[4]TextOverlayPanelOutline0.[0]XText
InterscopeEnvironment.[0]Environment.[37]NarrowGameHUD.[2]RightPanel.[0]MultiplierCanvas.[4]TextOverlayPanelOutline0.[1]NumText
InterscopeEnvironment.[0]Environment.[37]NarrowGameHUD.[2]RightPanel.[0]MultiplierCanvas.[5]TextPanel
InterscopeEnvironment.[0]Environment.[37]NarrowGameHUD.[2]RightPanel.[0]MultiplierCanvas.[5]TextPanel.[0]XText
InterscopeEnvironment.[0]Environment.[37]NarrowGameHUD.[2]RightPanel.[0]MultiplierCanvas.[5]TextPanel.[1]NumText
InterscopeEnvironment.[0]Environment.[37]NarrowGameHUD.[2]RightPanel.[1]SongProgressCanvas
InterscopeEnvironment.[0]Environment.[37]NarrowGameHUD.[2]RightPanel.[1]SongProgressCanvas.[0]Progress
InterscopeEnvironment.[0]Environment.[37]NarrowGameHUD.[2]RightPanel.[1]SongProgressCanvas.[1]Slider
InterscopeEnvironment.[0]Environment.[37]NarrowGameHUD.[2]RightPanel.[1]SongProgressCanvas.[1]Slider.[0]Background
InterscopeEnvironment.[0]Environment.[37]NarrowGameHUD.[2]RightPanel.[1]SongProgressCanvas.[1]Slider.[1]Handle Slide Area
InterscopeEnvironment.[0]Environment.[37]NarrowGameHUD.[2]RightPanel.[1]SongProgressCanvas.[1]Slider.[1]Handle Slide Area.[0]Handle
InterscopeEnvironment.[0]Environment.[37]NarrowGameHUD.[2]RightPanel.[1]SongProgressCanvas.[2]DurationMinutes
InterscopeEnvironment.[0]Environment.[37]NarrowGameHUD.[2]RightPanel.[1]SongProgressCanvas.[3]DurationSeconds
InterscopeEnvironment.[0]Environment.[37]NarrowGameHUD.[2]RightPanel.[1]SongProgressCanvas.[4]ProgressMinutes
InterscopeEnvironment.[0]Environment.[37]NarrowGameHUD.[2]RightPanel.[1]SongProgressCanvas.[5]ProgressSeconds
InterscopeEnvironment.[0]Environment.[37]NarrowGameHUD.[2]RightPanel.[1]SongProgressCanvas.[6]BG
InterscopeEnvironment.[0]Environment.[38]Car1
InterscopeEnvironment.[0]Environment.[38]Car1.[0]FloorCollider
InterscopeEnvironment.[0]Environment.[38]Car1.[1]RearWheels
InterscopeEnvironment.[0]Environment.[38]Car1.[1]RearWheels.[0]RearWheels
InterscopeEnvironment.[0]Environment.[38]Car1.[2]FrontWheels
InterscopeEnvironment.[0]Environment.[38]Car1.[2]FrontWheels.[0]FrontWheels
InterscopeEnvironment.[0]Environment.[38]Car1.[3]Body
InterscopeEnvironment.[0]Environment.[38]Car1.[3]Body.[0]Body
InterscopeEnvironment.[0]Environment.[39]Car2
InterscopeEnvironment.[0]Environment.[39]Car2.[0]FloorCollider
InterscopeEnvironment.[0]Environment.[39]Car2.[1]RearWheels
InterscopeEnvironment.[0]Environment.[39]Car2.[1]RearWheels.[0]RearWheels
InterscopeEnvironment.[0]Environment.[39]Car2.[2]FrontWheels
InterscopeEnvironment.[0]Environment.[39]Car2.[2]FrontWheels.[0]FrontWheels
InterscopeEnvironment.[0]Environment.[39]Car2.[3]Body
InterscopeEnvironment.[0]Environment.[39]Car2.[3]Body.[0]Body
InterscopeEnvironment.[0]Environment.[4]CoreLighting
InterscopeEnvironment.[0]Environment.[4]CoreLighting.[0]LightManager
InterscopeEnvironment.[0]Environment.[40]Car3
InterscopeEnvironment.[0]Environment.[40]Car3.[0]FloorCollider
InterscopeEnvironment.[0]Environment.[40]Car3.[1]RearWheels
InterscopeEnvironment.[0]Environment.[40]Car3.[2]FrontWheels
InterscopeEnvironment.[0]Environment.[40]Car3.[2]FrontWheels.[0]FrontWheels
InterscopeEnvironment.[0]Environment.[40]Car3.[3]Body
InterscopeEnvironment.[0]Environment.[40]Car3.[3]Body.[0]Body
InterscopeEnvironment.[0]Environment.[41]Car4
InterscopeEnvironment.[0]Environment.[41]Car4.[0]FloorCollider
InterscopeEnvironment.[0]Environment.[41]Car4.[1]RearWheels
InterscopeEnvironment.[0]Environment.[41]Car4.[1]RearWheels.[0]RearWheels
InterscopeEnvironment.[0]Environment.[41]Car4.[2]FrontWheels
InterscopeEnvironment.[0]Environment.[41]Car4.[2]FrontWheels.[0]FrontWheels
InterscopeEnvironment.[0]Environment.[41]Car4.[3]Body
InterscopeEnvironment.[0]Environment.[41]Car4.[3]Body.[0]Body
InterscopeEnvironment.[0]Environment.[42]FarCar1
InterscopeEnvironment.[0]Environment.[42]FarCar1.[0]FloorCollider
InterscopeEnvironment.[0]Environment.[42]FarCar1.[1]RearWheels
InterscopeEnvironment.[0]Environment.[42]FarCar1.[2]FrontWheels
InterscopeEnvironment.[0]Environment.[42]FarCar1.[2]FrontWheels.[0]FrontWheels
InterscopeEnvironment.[0]Environment.[42]FarCar1.[3]Body
InterscopeEnvironment.[0]Environment.[42]FarCar1.[3]Body.[0]Body
InterscopeEnvironment.[0]Environment.[43]FarCar2
InterscopeEnvironment.[0]Environment.[43]FarCar2.[0]FloorCollider
InterscopeEnvironment.[0]Environment.[43]FarCar2.[1]RearWheels
InterscopeEnvironment.[0]Environment.[43]FarCar2.[2]FrontWheels
InterscopeEnvironment.[0]Environment.[43]FarCar2.[2]FrontWheels.[0]FrontWheels
InterscopeEnvironment.[0]Environment.[43]FarCar2.[3]Body
InterscopeEnvironment.[0]Environment.[43]FarCar2.[3]Body.[0]Body
InterscopeEnvironment.[0]Environment.[44]FarCar3
InterscopeEnvironment.[0]Environment.[44]FarCar3.[0]FloorCollider
InterscopeEnvironment.[0]Environment.[44]FarCar3.[1]RearWheels
InterscopeEnvironment.[0]Environment.[44]FarCar3.[2]FrontWheels
InterscopeEnvironment.[0]Environment.[44]FarCar3.[2]FrontWheels.[0]FrontWheels
InterscopeEnvironment.[0]Environment.[44]FarCar3.[3]Body
InterscopeEnvironment.[0]Environment.[44]FarCar3.[3]Body.[0]Body
InterscopeEnvironment.[0]Environment.[45]FarCar4
InterscopeEnvironment.[0]Environment.[45]FarCar4.[0]FloorCollider
InterscopeEnvironment.[0]Environment.[45]FarCar4.[1]RearWheels
InterscopeEnvironment.[0]Environment.[45]FarCar4.[2]FrontWheels
InterscopeEnvironment.[0]Environment.[45]FarCar4.[2]FrontWheels.[0]FrontWheels
InterscopeEnvironment.[0]Environment.[45]FarCar4.[3]Body
InterscopeEnvironment.[0]Environment.[45]FarCar4.[3]Body.[0]Body
InterscopeEnvironment.[0]Environment.[46]NeonTop
InterscopeEnvironment.[0]Environment.[46]NeonTop.[0]BoxLight
InterscopeEnvironment.[0]Environment.[46]NeonTop.[1]BakedBloom
InterscopeEnvironment.[0]Environment.[47]NeonTop (1)
InterscopeEnvironment.[0]Environment.[47]NeonTop (1).[0]BoxLight
InterscopeEnvironment.[0]Environment.[47]NeonTop (1).[1]BakedBloom
InterscopeEnvironment.[0]Environment.[48]NeonTop (2)
InterscopeEnvironment.[0]Environment.[48]NeonTop (2).[0]BoxLight
InterscopeEnvironment.[0]Environment.[48]NeonTop (2).[1]BakedBloom
InterscopeEnvironment.[0]Environment.[49]NeonTop (3)
InterscopeEnvironment.[0]Environment.[49]NeonTop (3).[0]BoxLight
InterscopeEnvironment.[0]Environment.[49]NeonTop (3).[1]BakedBloom
InterscopeEnvironment.[0]Environment.[5]LightEffects
InterscopeEnvironment.[0]Environment.[50]NeonTop (4)
InterscopeEnvironment.[0]Environment.[50]NeonTop (4).[0]BoxLight
InterscopeEnvironment.[0]Environment.[50]NeonTop (4).[1]BakedBloom
InterscopeEnvironment.[0]Environment.[51]SinMoveLasersPair
InterscopeEnvironment.[0]Environment.[51]SinMoveLasersPair.[0]LaserL
InterscopeEnvironment.[0]Environment.[51]SinMoveLasersPair.[0]LaserL.[0]BoxLight
InterscopeEnvironment.[0]Environment.[51]SinMoveLasersPair.[0]LaserL.[1]BakedBloom
InterscopeEnvironment.[0]Environment.[51]SinMoveLasersPair.[1]LaserR
InterscopeEnvironment.[0]Environment.[51]SinMoveLasersPair.[1]LaserR.[0]BoxLight
InterscopeEnvironment.[0]Environment.[51]SinMoveLasersPair.[1]LaserR.[1]BakedBloom
InterscopeEnvironment.[0]Environment.[52]SinMoveLasersPair (1)
InterscopeEnvironment.[0]Environment.[52]SinMoveLasersPair (1).[0]LaserL
InterscopeEnvironment.[0]Environment.[52]SinMoveLasersPair (1).[0]LaserL.[0]BoxLight
InterscopeEnvironment.[0]Environment.[52]SinMoveLasersPair (1).[0]LaserL.[1]BakedBloom
InterscopeEnvironment.[0]Environment.[52]SinMoveLasersPair (1).[1]LaserR
InterscopeEnvironment.[0]Environment.[52]SinMoveLasersPair (1).[1]LaserR.[0]BoxLight
InterscopeEnvironment.[0]Environment.[52]SinMoveLasersPair (1).[1]LaserR.[1]BakedBloom
InterscopeEnvironment.[0]Environment.[53]SinMoveLasersPair (2)
InterscopeEnvironment.[0]Environment.[53]SinMoveLasersPair (2).[0]LaserL
InterscopeEnvironment.[0]Environment.[53]SinMoveLasersPair (2).[0]LaserL.[0]BoxLight
InterscopeEnvironment.[0]Environment.[53]SinMoveLasersPair (2).[0]LaserL.[1]BakedBloom
InterscopeEnvironment.[0]Environment.[53]SinMoveLasersPair (2).[1]LaserR
InterscopeEnvironment.[0]Environment.[53]SinMoveLasersPair (2).[1]LaserR.[0]BoxLight
InterscopeEnvironment.[0]Environment.[53]SinMoveLasersPair (2).[1]LaserR.[1]BakedBloom
InterscopeEnvironment.[0]Environment.[54]SinMoveLasersPair (3)
InterscopeEnvironment.[0]Environment.[54]SinMoveLasersPair (3).[0]LaserL
InterscopeEnvironment.[0]Environment.[54]SinMoveLasersPair (3).[0]LaserL.[0]BoxLight
InterscopeEnvironment.[0]Environment.[54]SinMoveLasersPair (3).[0]LaserL.[1]BakedBloom
InterscopeEnvironment.[0]Environment.[54]SinMoveLasersPair (3).[1]LaserR
InterscopeEnvironment.[0]Environment.[54]SinMoveLasersPair (3).[1]LaserR.[0]BoxLight
InterscopeEnvironment.[0]Environment.[54]SinMoveLasersPair (3).[1]LaserR.[1]BakedBloom
InterscopeEnvironment.[0]Environment.[55]SinMoveLasersPair (4)
InterscopeEnvironment.[0]Environment.[55]SinMoveLasersPair (4).[0]LaserL
InterscopeEnvironment.[0]Environment.[55]SinMoveLasersPair (4).[0]LaserL.[0]BoxLight
InterscopeEnvironment.[0]Environment.[55]SinMoveLasersPair (4).[0]LaserL.[1]BakedBloom
InterscopeEnvironment.[0]Environment.[55]SinMoveLasersPair (4).[1]LaserR
InterscopeEnvironment.[0]Environment.[55]SinMoveLasersPair (4).[1]LaserR.[0]BoxLight
InterscopeEnvironment.[0]Environment.[55]SinMoveLasersPair (4).[1]LaserR.[1]BakedBloom
InterscopeEnvironment.[0]Environment.[56]SinMoveLasersPair (5)
InterscopeEnvironment.[0]Environment.[56]SinMoveLasersPair (5).[0]LaserL
InterscopeEnvironment.[0]Environment.[56]SinMoveLasersPair (5).[0]LaserL.[0]BoxLight
InterscopeEnvironment.[0]Environment.[56]SinMoveLasersPair (5).[0]LaserL.[1]BakedBloom
InterscopeEnvironment.[0]Environment.[56]SinMoveLasersPair (5).[1]LaserR
InterscopeEnvironment.[0]Environment.[56]SinMoveLasersPair (5).[1]LaserR.[0]BoxLight
InterscopeEnvironment.[0]Environment.[56]SinMoveLasersPair (5).[1]LaserR.[1]BakedBloom
InterscopeEnvironment.[0]Environment.[57]SinMoveLasersPair (6)
InterscopeEnvironment.[0]Environment.[57]SinMoveLasersPair (6).[0]LaserL
InterscopeEnvironment.[0]Environment.[57]SinMoveLasersPair (6).[0]LaserL.[0]BoxLight
InterscopeEnvironment.[0]Environment.[57]SinMoveLasersPair (6).[0]LaserL.[1]BakedBloom
InterscopeEnvironment.[0]Environment.[57]SinMoveLasersPair (6).[1]LaserR
InterscopeEnvironment.[0]Environment.[57]SinMoveLasersPair (6).[1]LaserR.[0]BoxLight
InterscopeEnvironment.[0]Environment.[57]SinMoveLasersPair (6).[1]LaserR.[1]BakedBloom
InterscopeEnvironment.[0]Environment.[6]LightWithIdManager
InterscopeEnvironment.[0]Environment.[7]BSRealtimeLightmapping
InterscopeEnvironment.[0]Environment.[8]====== STATIC ======
InterscopeEnvironment.[0]Environment.[9]LightmapLightsWithIds
InterscopeEnvironment.[0]Environment.[9]LightmapLightsWithIds.[0]A
InterscopeEnvironment.[0]Environment.[9]LightmapLightsWithIds.[1]B
InterscopeEnvironment.[0]Environment.[9]LightmapLightsWithIds.[2]C
InterscopeEnvironment.[0]Environment.[9]LightmapLightsWithIds.[3]D
InterscopeEnvironment.[0]Environment.[9]LightmapLightsWithIds.[4]E
InterscopeEnvironment.[1]CinemaPlaybackController
InterscopeEnvironment.[1]CinemaPlaybackController.[0]CinemaScreen
InterscopeEnvironment.[1]CinemaPlaybackController.[0]CinemaScreen.[0]Body