GameCore.[1]ConeRing(Clone)
GameCore.[1]ConeRing(Clone).[0]Cone
GameCore.[1]ConeRing(Clone).[0]Cone.[0]Cone
GameCore.[1]ConeRing(Clone).[0]Cone.[1]ConeLight3
GameCore.[1]ConeRing(Clone).[0]Cone.[10]ConeLight0
GameCore.[1]ConeRing(Clone).[0]Cone.[11]NeonTubeDirectional (6)
GameCore.[1]ConeRing(Clone).[0]Cone.[11]NeonTubeDirectional (6).[0]BakedBloom
GameCore.[1]ConeRing(Clone).[0]Cone.[2]NeonTubeDirectional (4)
GameCore.[1]ConeRing(Clone).[0]Cone.[2]NeonTubeDirectional (4).[0]BakedBloom
GameCore.[1]ConeRing(Clone).[0]Cone.[3]NeonTubeDirectional (5)
GameCore.[1]ConeRing(Clone).[0]Cone.[3]NeonTubeDirectional (5).[0]BakedBloom
GameCore.[1]ConeRing(Clone).[0]Cone.[4]ConeLight2
GameCore.[1]ConeRing(Clone).[0]Cone.[5]NeonTubeDirectional (2)
GameCore.[1]ConeRing(Clone).[0]Cone.[5]NeonTubeDirectional (2).[0]BakedBloom
GameCore.[1]ConeRing(Clone).[0]Cone.[6]NeonTubeDirectional (3)
GameCore.[1]ConeRing(Clone).[0]Cone.[6]NeonTubeDirectional (3).[0]BakedBloom
GameCore.[1]ConeRing(Clone).[0]Cone.[7]ConeLight1
GameCore.[1]ConeRing(Clone).[0]Cone.[8]NeonTubeDirectional
GameCore.[1]ConeRing(Clone).[0]Cone.[8]NeonTubeDirectional.[0]BakedBloom
GameCore.[1]ConeRing(Clone).[0]Cone.[9]NeonTubeDirectional (1)
GameCore.[1]ConeRing(Clone).[0]Cone.[9]NeonTubeDirectional (1).[0]BakedBloom
GameCore.[1]ConeRing(Clone).[1]Cone (1)
GameCore.[1]ConeRing(Clone).[1]Cone (1).[0]Cone
GameCore.[1]ConeRing(Clone).[1]Cone (1).[1]ConeLight3
GameCore.[1]ConeRing(Clone).[1]Cone (1).[10]ConeLight0
GameCore.[1]ConeRing(Clone).[1]Cone (1).[11]NeonTubeDirectional (6)
GameCore.[1]ConeRing(Clone).[1]Cone (1).[11]NeonTubeDirectional (6).[0]BakedBloom
GameCore.[1]ConeRing(Clone).[1]Cone (1).[2]NeonTubeDirectional (4)
GameCore.[1]ConeRing(Clone).[1]Cone (1).[2]NeonTubeDirectional (4).[0]BakedBloom
GameCore.[1]ConeRing(Clone).[1]Cone (1).[3]NeonTubeDirectional (5)
GameCore.[1]ConeRing(Clone).[1]Cone (1).[3]NeonTubeDirectional (5).[0]BakedBloom
GameCore.[1]ConeRing(Clone).[1]Cone (1).[4]ConeLight2
GameCore.[1]ConeRing(Clone).[1]Cone (1).[5]NeonTubeDirectional (2)
GameCore.[1]ConeRing(Clone).[1]Cone (1).[5]NeonTubeDirectional (2).[0]BakedBloom
GameCore.[1]ConeRing(Clone).[1]Cone (1).[6]NeonTubeDirectional (3)
GameCore.[1]ConeRing(Clone).[1]Cone (1).[6]NeonTubeDirectional (3).[0]BakedBloom
GameCore.[1]ConeRing(Clone).[1]Cone (1).[7]ConeLight1
GameCore.[1]ConeRing(Clone).[1]Cone (1).[8]NeonTubeDirectional
GameCore.[1]ConeRing(Clone).[1]Cone (1).[8]NeonTubeDirectional.[0]BakedBloom
GameCore.[1]ConeRing(Clone).[1]Cone (1).[9]NeonTubeDirectional (1)
GameCore.[1]ConeRing(Clone).[1]Cone (1).[9]NeonTubeDirectional (1).[0]BakedBloom
GameCore.[10]ConeRing(Clone)
GameCore.[10]ConeRing(Clone).[0]Cone
GameCore.[10]ConeRing(Clone).[0]Cone.[0]Cone
GameCore.[10]ConeRing(Clone).[0]Cone.[1]ConeLight3
GameCore.[10]ConeRing(Clone).[0]Cone.[10]ConeLight0
GameCore.[10]ConeRing(Clone).[0]Cone.[11]NeonTubeDirectional (6)
GameCore.[10]ConeRing(Clone).[0]Cone.[11]NeonTubeDirectional (6).[0]BakedBloom
GameCore.[10]ConeRing(Clone).[0]Cone.[2]NeonTubeDirectional (4)
GameCore.[10]ConeRing(Clone).[0]Cone.[2]NeonTubeDirectional (4).[0]BakedBloom
GameCore.[10]ConeRing(Clone).[0]Cone.[3]NeonTubeDirectional (5)
GameCore.[10]ConeRing(Clone).[0]Cone.[3]NeonTubeDirectional (5).[0]BakedBloom
GameCore.[10]ConeRing(Clone).[0]Cone.[4]ConeLight2
GameCore.[10]ConeRing(Clone).[0]Cone.[5]NeonTubeDirectional (2)
GameCore.[10]ConeRing(Clone).[0]Cone.[5]NeonTubeDirectional (2).[0]BakedBloom
GameCore.[10]ConeRing(Clone).[0]Cone.[6]NeonTubeDirectional (3)
GameCore.[10]ConeRing(Clone).[0]Cone.[6]NeonTubeDirectional (3).[0]BakedBloom
GameCore.[10]ConeRing(Clone).[0]Cone.[7]ConeLight1
GameCore.[10]ConeRing(Clone).[0]Cone.[8]NeonTubeDirectional
GameCore.[10]ConeRing(Clone).[0]Cone.[8]NeonTubeDirectional.[0]BakedBloom
GameCore.[10]ConeRing(Clone).[0]Cone.[9]NeonTubeDirectional (1)
GameCore.[10]ConeRing(Clone).[0]Cone.[9]NeonTubeDirectional (1).[0]BakedBloom
GameCore.[10]ConeRing(Clone).[1]Cone (1)
GameCore.[10]ConeRing(Clone).[1]Cone (1).[0]Cone
GameCore.[10]ConeRing(Clone).[1]Cone (1).[1]ConeLight3
GameCore.[10]ConeRing(Clone).[1]Cone (1).[10]ConeLight0
GameCore.[10]ConeRing(Clone).[1]Cone (1).[11]NeonTubeDirectional (6)
GameCore.[10]ConeRing(Clone).[1]Cone (1).[11]NeonTubeDirectional (6).[0]BakedBloom
GameCore.[10]ConeRing(Clone).[1]Cone (1).[2]NeonTubeDirectional (4)
GameCore.[10]ConeRing(Clone).[1]Cone (1).[2]NeonTubeDirectional (4).[0]BakedBloom
GameCore.[10]ConeRing(Clone).[1]Cone (1).[3]NeonTubeDirectional (5)
GameCore.[10]ConeRing(Clone).[1]Cone (1).[3]NeonTubeDirectional (5).[0]BakedBloom
GameCore.[10]ConeRing(Clone).[1]Cone (1).[4]ConeLight2
GameCore.[10]ConeRing(Clone).[1]Cone (1).[5]NeonTubeDirectional (2)
GameCore.[10]ConeRing(Clone).[1]Cone (1).[5]NeonTubeDirectional (2).[0]BakedBloom
GameCore.[10]ConeRing(Clone).[1]Cone (1).[6]NeonTubeDirectional (3)
GameCore.[10]ConeRing(Clone).[1]Cone (1).[6]NeonTubeDirectional (3).[0]BakedBloom
GameCore.[10]ConeRing(Clone).[1]Cone (1).[7]ConeLight1
GameCore.[10]ConeRing(Clone).[1]Cone (1).[8]NeonTubeDirectional
GameCore.[10]ConeRing(Clone).[1]Cone (1).[8]NeonTubeDirectional.[0]BakedBloom
GameCore.[10]ConeRing(Clone).[1]Cone (1).[9]NeonTubeDirectional (1)
GameCore.[10]ConeRing(Clone).[1]Cone (1).[9]NeonTubeDirectional (1).[0]BakedBloom
GameCore.[11]ConeRing(Clone)
GameCore.[11]ConeRing(Clone).[0]Cone
GameCore.[11]ConeRing(Clone).[0]Cone.[0]Cone
GameCore.[11]ConeRing(Clone).[0]Cone.[1]ConeLight3
GameCore.[11]ConeRing(Clone).[0]Cone.[10]ConeLight0
GameCore.[11]ConeRing(Clone).[0]Cone.[11]NeonTubeDirectional (6)
GameCore.[11]ConeRing(Clone).[0]Cone.[11]NeonTubeDirectional (6).[0]BakedBloom
GameCore.[11]ConeRing(Clone).[0]Cone.[2]NeonTubeDirectional (4)
GameCore.[11]ConeRing(Clone).[0]Cone.[2]NeonTubeDirectional (4).[0]BakedBloom
GameCore.[11]ConeRing(Clone).[0]Cone.[3]NeonTubeDirectional (5)
GameCore.[11]ConeRing(Clone).[0]Cone.[3]NeonTubeDirectional (5).[0]BakedBloom
GameCore.[11]ConeRing(Clone).[0]Cone.[4]ConeLight2
GameCore.[11]ConeRing(Clone).[0]Cone.[5]NeonTubeDirectional (2)
GameCore.[11]ConeRing(Clone).[0]Cone.[5]NeonTubeDirectional (2).[0]BakedBloom
GameCore.[11]ConeRing(Clone).[0]Cone.[6]NeonTubeDirectional (3)
GameCore.[11]ConeRing(Clone).[0]Cone.[6]NeonTubeDirectional (3).[0]BakedBloom
GameCore.[11]ConeRing(Clone).[0]Cone.[7]ConeLight1
GameCore.[11]ConeRing(Clone).[0]Cone.[8]NeonTubeDirectional
GameCore.[11]ConeRing(Clone).[0]Cone.[8]NeonTubeDirectional.[0]BakedBloom
GameCore.[11]ConeRing(Clone).[0]Cone.[9]NeonTubeDirectional (1)
GameCore.[11]ConeRing(Clone).[0]Cone.[9]NeonTubeDirectional (1).[0]BakedBloom
GameCore.[11]ConeRing(Clone).[1]Cone (1)
GameCore.[11]ConeRing(Clone).[1]Cone (1).[0]Cone
GameCore.[11]ConeRing(Clone).[1]Cone (1).[1]ConeLight3
GameCore.[11]ConeRing(Clone).[1]Cone (1).[10]ConeLight0
GameCore.[11]ConeRing(Clone).[1]Cone (1).[11]NeonTubeDirectional (6)
GameCore.[11]ConeRing(Clone).[1]Cone (1).[11]NeonTubeDirectional (6).[0]BakedBloom
GameCore.[11]ConeRing(Clone).[1]Cone (1).[2]NeonTubeDirectional (4)
GameCore.[11]ConeRing(Clone).[1]Cone (1).[2]NeonTubeDirectional (4).[0]BakedBloom
GameCore.[11]ConeRing(Clone).[1]Cone (1).[3]NeonTubeDirectional (5)
GameCore.[11]ConeRing(Clone).[1]Cone (1).[3]NeonTubeDirectional (5).[0]BakedBloom
GameCore.[11]ConeRing(Clone).[1]Cone (1).[4]ConeLight2
GameCore.[11]ConeRing(Clone).[1]Cone (1).[5]NeonTubeDirectional (2)
GameCore.[11]ConeRing(Clone).[1]Cone (1).[5]NeonTubeDirectional (2).[0]BakedBloom
GameCore.[11]ConeRing(Clone).[1]Cone (1).[6]NeonTubeDirectional (3)
GameCore.[11]ConeRing(Clone).[1]Cone (1).[6]NeonTubeDirectional (3).[0]BakedBloom
GameCore.[11]ConeRing(Clone).[1]Cone (1).[7]ConeLight1
GameCore.[11]ConeRing(Clone).[1]Cone (1).[8]NeonTubeDirectional
GameCore.[11]ConeRing(Clone).[1]Cone (1).[8]NeonTubeDirectional.[0]BakedBloom
GameCore.[11]ConeRing(Clone).[1]Cone (1).[9]NeonTubeDirectional (1)
GameCore.[11]ConeRing(Clone).[1]Cone (1).[9]NeonTubeDirectional (1).[0]BakedBloom
GameCore.[12]ConeRing(Clone)
GameCore.[12]ConeRing(Clone).[0]Cone
GameCore.[12]ConeRing(Clone).[0]Cone.[0]Cone
GameCore.[12]ConeRing(Clone).[0]Cone.[1]ConeLight3
GameCore.[12]ConeRing(Clone).[0]Cone.[10]ConeLight0
GameCore.[12]ConeRing(Clone).[0]Cone.[11]NeonTubeDirectional (6)
GameCore.[12]ConeRing(Clone).[0]Cone.[11]NeonTubeDirectional (6).[0]BakedBloom
GameCore.[12]ConeRing(Clone).[0]Cone.[2]NeonTubeDirectional (4)
GameCore.[12]ConeRing(Clone).[0]Cone.[2]NeonTubeDirectional (4).[0]BakedBloom
GameCore.[12]ConeRing(Clone).[0]Cone.[3]NeonTubeDirectional (5)
GameCore.[12]ConeRing(Clone).[0]Cone.[3]NeonTubeDirectional (5).[0]BakedBloom
GameCore.[12]ConeRing(Clone).[0]Cone.[4]ConeLight2
GameCore.[12]ConeRing(Clone).[0]Cone.[5]NeonTubeDirectional (2)
GameCore.[12]ConeRing(Clone).[0]Cone.[5]NeonTubeDirectional (2).[0]BakedBloom
GameCore.[12]ConeRing(Clone).[0]Cone.[6]NeonTubeDirectional (3)
GameCore.[12]ConeRing(Clone).[0]Cone.[6]NeonTubeDirectional (3).[0]BakedBloom
GameCore.[12]ConeRing(Clone).[0]Cone.[7]ConeLight1
GameCore.[12]ConeRing(Clone).[0]Cone.[8]NeonTubeDirectional
GameCore.[12]ConeRing(Clone).[0]Cone.[8]NeonTubeDirectional.[0]BakedBloom
GameCore.[12]ConeRing(Clone).[0]Cone.[9]NeonTubeDirectional (1)
GameCore.[12]ConeRing(Clone).[0]Cone.[9]NeonTubeDirectional (1).[0]BakedBloom
GameCore.[12]ConeRing(Clone).[1]Cone (1)
GameCore.[12]ConeRing(Clone).[1]Cone (1).[0]Cone
GameCore.[12]ConeRing(Clone).[1]Cone (1).[1]ConeLight3
GameCore.[12]ConeRing(Clone).[1]Cone (1).[10]ConeLight0
GameCore.[12]ConeRing(Clone).[1]Cone (1).[11]NeonTubeDirectional (6)
GameCore.[12]ConeRing(Clone).[1]Cone (1).[11]NeonTubeDirectional (6).[0]BakedBloom
GameCore.[12]ConeRing(Clone).[1]Cone (1).[2]NeonTubeDirectional (4)
GameCore.[12]ConeRing(Clone).[1]Cone (1).[2]NeonTubeDirectional (4).[0]BakedBloom
GameCore.[12]ConeRing(Clone).[1]Cone (1).[3]NeonTubeDirectional (5)
GameCore.[12]ConeRing(Clone).[1]Cone (1).[3]NeonTubeDirectional (5).[0]BakedBloom
GameCore.[12]ConeRing(Clone).[1]Cone (1).[4]ConeLight2
GameCore.[12]ConeRing(Clone).[1]Cone (1).[5]NeonTubeDirectional (2)
GameCore.[12]ConeRing(Clone).[1]Cone (1).[5]NeonTubeDirectional (2).[0]BakedBloom
GameCore.[12]ConeRing(Clone).[1]Cone (1).[6]NeonTubeDirectional (3)
GameCore.[12]ConeRing(Clone).[1]Cone (1).[6]NeonTubeDirectional (3).[0]BakedBloom
GameCore.[12]ConeRing(Clone).[1]Cone (1).[7]ConeLight1
GameCore.[12]ConeRing(Clone).[1]Cone (1).[8]NeonTubeDirectional
GameCore.[12]ConeRing(Clone).[1]Cone (1).[8]NeonTubeDirectional.[0]BakedBloom
GameCore.[12]ConeRing(Clone).[1]Cone (1).[9]NeonTubeDirectional (1)
GameCore.[12]ConeRing(Clone).[1]Cone (1).[9]NeonTubeDirectional (1).[0]BakedBloom
GameCore.[13]ConeRing(Clone)
GameCore.[13]ConeRing(Clone).[0]Cone
GameCore.[13]ConeRing(Clone).[0]Cone.[0]Cone
GameCore.[13]ConeRing(Clone).[0]Cone.[1]ConeLight3
GameCore.[13]ConeRing(Clone).[0]Cone.[10]ConeLight0
GameCore.[13]ConeRing(Clone).[0]Cone.[11]NeonTubeDirectional (6)
GameCore.[13]ConeRing(Clone).[0]Cone.[11]NeonTubeDirectional (6).[0]BakedBloom
GameCore.[13]ConeRing(Clone).[0]Cone.[2]NeonTubeDirectional (4)
GameCore.[13]ConeRing(Clone).[0]Cone.[2]NeonTubeDirectional (4).[0]BakedBloom
GameCore.[13]ConeRing(Clone).[0]Cone.[3]NeonTubeDirectional (5)
GameCore.[13]ConeRing(Clone).[0]Cone.[3]NeonTubeDirectional (5).[0]BakedBloom
GameCore.[13]ConeRing(Clone).[0]Cone.[4]ConeLight2
GameCore.[13]ConeRing(Clone).[0]Cone.[5]NeonTubeDirectional (2)
GameCore.[13]ConeRing(Clone).[0]Cone.[5]NeonTubeDirectional (2).[0]BakedBloom
GameCore.[13]ConeRing(Clone).[0]Cone.[6]NeonTubeDirectional (3)
GameCore.[13]ConeRing(Clone).[0]Cone.[6]NeonTubeDirectional (3).[0]BakedBloom
GameCore.[13]ConeRing(Clone).[0]Cone.[7]ConeLight1
GameCore.[13]ConeRing(Clone).[0]Cone.[8]NeonTubeDirectional
GameCore.[13]ConeRing(Clone).[0]Cone.[8]NeonTubeDirectional.[0]BakedBloom
GameCore.[13]ConeRing(Clone).[0]Cone.[9]NeonTubeDirectional (1)
GameCore.[13]ConeRing(Clone).[0]Cone.[9]NeonTubeDirectional (1).[0]BakedBloom
GameCore.[13]ConeRing(Clone).[1]Cone (1)
GameCore.[13]ConeRing(Clone).[1]Cone (1).[0]Cone
GameCore.[13]ConeRing(Clone).[1]Cone (1).[1]ConeLight3
GameCore.[13]ConeRing(Clone).[1]Cone (1).[10]ConeLight0
GameCore.[13]ConeRing(Clone).[1]Cone (1).[11]NeonTubeDirectional (6)
GameCore.[13]ConeRing(Clone).[1]Cone (1).[11]NeonTubeDirectional (6).[0]BakedBloom
GameCore.[13]ConeRing(Clone).[1]Cone (1).[2]NeonTubeDirectional (4)
GameCore.[13]ConeRing(Clone).[1]Cone (1).[2]NeonTubeDirectional (4).[0]BakedBloom
GameCore.[13]ConeRing(Clone).[1]Cone (1).[3]NeonTubeDirectional (5)
GameCore.[13]ConeRing(Clone).[1]Cone (1).[3]NeonTubeDirectional (5).[0]BakedBloom
GameCore.[13]ConeRing(Clone).[1]Cone (1).[4]ConeLight2
GameCore.[13]ConeRing(Clone).[1]Cone (1).[5]NeonTubeDirectional (2)
GameCore.[13]ConeRing(Clone).[1]Cone (1).[5]NeonTubeDirectional (2).[0]BakedBloom
GameCore.[13]ConeRing(Clone).[1]Cone (1).[6]NeonTubeDirectional (3)
GameCore.[13]ConeRing(Clone).[1]Cone (1).[6]NeonTubeDirectional (3).[0]BakedBloom
GameCore.[13]ConeRing(Clone).[1]Cone (1).[7]ConeLight1
GameCore.[13]ConeRing(Clone).[1]Cone (1).[8]NeonTubeDirectional
GameCore.[13]ConeRing(Clone).[1]Cone (1).[8]NeonTubeDirectional.[0]BakedBloom
GameCore.[13]ConeRing(Clone).[1]Cone (1).[9]NeonTubeDirectional (1)
GameCore.[13]ConeRing(Clone).[1]Cone (1).[9]NeonTubeDirectional (1).[0]BakedBloom
GameCore.[14]ConeRing(Clone)
GameCore.[14]ConeRing(Clone).[0]Cone
GameCore.[14]ConeRing(Clone).[0]Cone.[0]Cone
GameCore.[14]ConeRing(Clone).[0]Cone.[1]ConeLight3
GameCore.[14]ConeRing(Clone).[0]Cone.[10]ConeLight0
GameCore.[14]ConeRing(Clone).[0]Cone.[11]NeonTubeDirectional (6)
GameCore.[14]ConeRing(Clone).[0]Cone.[11]NeonTubeDirectional (6).[0]BakedBloom
GameCore.[14]ConeRing(Clone).[0]Cone.[2]NeonTubeDirectional (4)
GameCore.[14]ConeRing(Clone).[0]Cone.[2]NeonTubeDirectional (4).[0]BakedBloom
GameCore.[14]ConeRing(Clone).[0]Cone.[3]NeonTubeDirectional (5)
GameCore.[14]ConeRing(Clone).[0]Cone.[3]NeonTubeDirectional (5).[0]BakedBloom
GameCore.[14]ConeRing(Clone).[0]Cone.[4]ConeLight2
GameCore.[14]ConeRing(Clone).[0]Cone.[5]NeonTubeDirectional (2)
GameCore.[14]ConeRing(Clone).[0]Cone.[5]NeonTubeDirectional (2).[0]BakedBloom
GameCore.[14]ConeRing(Clone).[0]Cone.[6]NeonTubeDirectional (3)
GameCore.[14]ConeRing(Clone).[0]Cone.[6]NeonTubeDirectional (3).[0]BakedBloom
GameCore.[14]ConeRing(Clone).[0]Cone.[7]ConeLight1
GameCore.[14]ConeRing(Clone).[0]Cone.[8]NeonTubeDirectional
GameCore.[14]ConeRing(Clone).[0]Cone.[8]NeonTubeDirectional.[0]BakedBloom
GameCore.[14]ConeRing(Clone).[0]Cone.[9]NeonTubeDirectional (1)
GameCore.[14]ConeRing(Clone).[0]Cone.[9]NeonTubeDirectional (1).[0]BakedBloom
GameCore.[14]ConeRing(Clone).[1]Cone (1)
GameCore.[14]ConeRing(Clone).[1]Cone (1).[0]Cone
GameCore.[14]ConeRing(Clone).[1]Cone (1).[1]ConeLight3
GameCore.[14]ConeRing(Clone).[1]Cone (1).[10]ConeLight0
GameCore.[14]ConeRing(Clone).[1]Cone (1).[11]NeonTubeDirectional (6)
GameCore.[14]ConeRing(Clone).[1]Cone (1).[11]NeonTubeDirectional (6).[0]BakedBloom
GameCore.[14]ConeRing(Clone).[1]Cone (1).[2]NeonTubeDirectional (4)
GameCore.[14]ConeRing(Clone).[1]Cone (1).[2]NeonTubeDirectional (4).[0]BakedBloom
GameCore.[14]ConeRing(Clone).[1]Cone (1).[3]NeonTubeDirectional (5)
GameCore.[14]ConeRing(Clone).[1]Cone (1).[3]NeonTubeDirectional (5).[0]BakedBloom
GameCore.[14]ConeRing(Clone).[1]Cone (1).[4]ConeLight2
GameCore.[14]ConeRing(Clone).[1]Cone (1).[5]NeonTubeDirectional (2)
GameCore.[14]ConeRing(Clone).[1]Cone (1).[5]NeonTubeDirectional (2).[0]BakedBloom
GameCore.[14]ConeRing(Clone).[1]Cone (1).[6]NeonTubeDirectional (3)
GameCore.[14]ConeRing(Clone).[1]Cone (1).[6]NeonTubeDirectional (3).[0]BakedBloom
GameCore.[14]ConeRing(Clone).[1]Cone (1).[7]ConeLight1
GameCore.[14]ConeRing(Clone).[1]Cone (1).[8]NeonTubeDirectional
GameCore.[14]ConeRing(Clone).[1]Cone (1).[8]NeonTubeDirectional.[0]BakedBloom
GameCore.[14]ConeRing(Clone).[1]Cone (1).[9]NeonTubeDirectional (1)
GameCore.[14]ConeRing(Clone).[1]Cone (1).[9]NeonTubeDirectional (1).[0]BakedBloom
GameCore.[15]ConeRing(Clone)
GameCore.[15]ConeRing(Clone).[0]Cone
GameCore.[15]ConeRing(Clone).[0]Cone.[0]Cone
GameCore.[15]ConeRing(Clone).[0]Cone.[1]ConeLight3
GameCore.[15]ConeRing(Clone).[0]Cone.[10]ConeLight0
GameCore.[15]ConeRing(Clone).[0]Cone.[11]NeonTubeDirectional (6)
GameCore.[15]ConeRing(Clone).[0]Cone.[11]NeonTubeDirectional (6).[0]BakedBloom
GameCore.[15]ConeRing(Clone).[0]Cone.[2]NeonTubeDirectional (4)
GameCore.[15]ConeRing(Clone).[0]Cone.[2]NeonTubeDirectional (4).[0]BakedBloom
GameCore.[15]ConeRing(Clone).[0]Cone.[3]NeonTubeDirectional (5)
GameCore.[15]ConeRing(Clone).[0]Cone.[3]NeonTubeDirectional (5).[0]BakedBloom
GameCore.[15]ConeRing(Clone).[0]Cone.[4]ConeLight2
GameCore.[15]ConeRing(Clone).[0]Cone.[5]NeonTubeDirectional (2)
GameCore.[15]ConeRing(Clone).[0]Cone.[5]NeonTubeDirectional (2).[0]BakedBloom
GameCore.[15]ConeRing(Clone).[0]Cone.[6]NeonTubeDirectional (3)
GameCore.[15]ConeRing(Clone).[0]Cone.[6]NeonTubeDirectional (3).[0]BakedBloom
GameCore.[15]ConeRing(Clone).[0]Cone.[7]ConeLight1
GameCore.[15]ConeRing(Clone).[0]Cone.[8]NeonTubeDirectional
GameCore.[15]ConeRing(Clone).[0]Cone.[8]NeonTubeDirectional.[0]BakedBloom
GameCore.[15]ConeRing(Clone).[0]Cone.[9]NeonTubeDirectional (1)
GameCore.[15]ConeRing(Clone).[0]Cone.[9]NeonTubeDirectional (1).[0]BakedBloom
GameCore.[15]ConeRing(Clone).[1]Cone (1)
GameCore.[15]ConeRing(Clone).[1]Cone (1).[0]Cone
GameCore.[15]ConeRing(Clone).[1]Cone (1).[1]ConeLight3
GameCore.[15]ConeRing(Clone).[1]Cone (1).[10]ConeLight0
GameCore.[15]ConeRing(Clone).[1]Cone (1).[11]NeonTubeDirectional (6)
GameCore.[15]ConeRing(Clone).[1]Cone (1).[11]NeonTubeDirectional (6).[0]BakedBloom
GameCore.[15]ConeRing(Clone).[1]Cone (1).[2]NeonTubeDirectional (4)
GameCore.[15]ConeRing(Clone).[1]Cone (1).[2]NeonTubeDirectional (4).[0]BakedBloom
GameCore.[15]ConeRing(Clone).[1]Cone (1).[3]NeonTubeDirectional (5)
GameCore.[15]ConeRing(Clone).[1]Cone (1).[3]NeonTubeDirectional (5).[0]BakedBloom
GameCore.[15]ConeRing(Clone).[1]Cone (1).[4]ConeLight2
GameCore.[15]ConeRing(Clone).[1]Cone (1).[5]NeonTubeDirectional (2)
GameCore.[15]ConeRing(Clone).[1]Cone (1).[5]NeonTubeDirectional (2).[0]BakedBloom
GameCore.[15]ConeRing(Clone).[1]Cone (1).[6]NeonTubeDirectional (3)
GameCore.[15]ConeRing(Clone).[1]Cone (1).[6]NeonTubeDirectional (3).[0]BakedBloom
GameCore.[15]ConeRing(Clone).[1]Cone (1).[7]ConeLight1
GameCore.[15]ConeRing(Clone).[1]Cone (1).[8]NeonTubeDirectional
GameCore.[15]ConeRing(Clone).[1]Cone (1).[8]NeonTubeDirectional.[0]BakedBloom
GameCore.[15]ConeRing(Clone).[1]Cone (1).[9]NeonTubeDirectional (1)
GameCore.[15]ConeRing(Clone).[1]Cone (1).[9]NeonTubeDirectional (1).[0]BakedBloom
GameCore.[16]ConeRing(Clone)
GameCore.[16]ConeRing(Clone).[0]Cone
GameCore.[16]ConeRing(Clone).[0]Cone.[0]Cone
GameCore.[16]ConeRing(Clone).[0]Cone.[1]ConeLight3
GameCore.[16]ConeRing(Clone).[0]Cone.[10]ConeLight0
GameCore.[16]ConeRing(Clone).[0]Cone.[11]NeonTubeDirectional (6)
GameCore.[16]ConeRing(Clone).[0]Cone.[11]NeonTubeDirectional (6).[0]BakedBloom
GameCore.[16]ConeRing(Clone).[0]Cone.[2]NeonTubeDirectional (4)
GameCore.[16]ConeRing(Clone).[0]Cone.[2]NeonTubeDirectional (4).[0]BakedBloom
GameCore.[16]ConeRing(Clone).[0]Cone.[3]NeonTubeDirectional (5)
GameCore.[16]ConeRing(Clone).[0]Cone.[3]NeonTubeDirectional (5).[0]BakedBloom
GameCore.[16]ConeRing(Clone).[0]Cone.[4]ConeLight2
GameCore.[16]ConeRing(Clone).[0]Cone.[5]NeonTubeDirectional (2)
GameCore.[16]ConeRing(Clone).[0]Cone.[5]NeonTubeDirectional (2).[0]BakedBloom
GameCore.[16]ConeRing(Clone).[0]Cone.[6]NeonTubeDirectional (3)
GameCore.[16]ConeRing(Clone).[0]Cone.[6]NeonTubeDirectional (3).[0]BakedBloom
GameCore.[16]ConeRing(Clone).[0]Cone.[7]ConeLight1
GameCore.[16]ConeRing(Clone).[0]Cone.[8]NeonTubeDirectional
GameCore.[16]ConeRing(Clone).[0]Cone.[8]NeonTubeDirectional.[0]BakedBloom
GameCore.[16]ConeRing(Clone).[0]Cone.[9]NeonTubeDirectional (1)
GameCore.[16]ConeRing(Clone).[0]Cone.[9]NeonTubeDirectional (1).[0]BakedBloom
GameCore.[16]ConeRing(Clone).[1]Cone (1)
GameCore.[16]ConeRing(Clone).[1]Cone (1).[0]Cone
GameCore.[16]ConeRing(Clone).[1]Cone (1).[1]ConeLight3
GameCore.[16]ConeRing(Clone).[1]Cone (1).[10]ConeLight0
GameCore.[16]ConeRing(Clone).[1]Cone (1).[11]NeonTubeDirectional (6)
GameCore.[16]ConeRing(Clone).[1]Cone (1).[11]NeonTubeDirectional (6).[0]BakedBloom
GameCore.[16]ConeRing(Clone).[1]Cone (1).[2]NeonTubeDirectional (4)
GameCore.[16]ConeRing(Clone).[1]Cone (1).[2]NeonTubeDirectional (4).[0]BakedBloom
GameCore.[16]ConeRing(Clone).[1]Cone (1).[3]NeonTubeDirectional (5)
GameCore.[16]ConeRing(Clone).[1]Cone (1).[3]NeonTubeDirectional (5).[0]BakedBloom
GameCore.[16]ConeRing(Clone).[1]Cone (1).[4]ConeLight2
GameCore.[16]ConeRing(Clone).[1]Cone (1).[5]NeonTubeDirectional (2)
GameCore.[16]ConeRing(Clone).[1]Cone (1).[5]NeonTubeDirectional (2).[0]BakedBloom
GameCore.[16]ConeRing(Clone).[1]Cone (1).[6]NeonTubeDirectional (3)
GameCore.[16]ConeRing(Clone).[1]Cone (1).[6]NeonTubeDirectional (3).[0]BakedBloom
GameCore.[16]ConeRing(Clone).[1]Cone (1).[7]ConeLight1
GameCore.[16]ConeRing(Clone).[1]Cone (1).[8]NeonTubeDirectional
GameCore.[16]ConeRing(Clone).[1]Cone (1).[8]NeonTubeDirectional.[0]BakedBloom
GameCore.[16]ConeRing(Clone).[1]Cone (1).[9]NeonTubeDirectional (1)
GameCore.[16]ConeRing(Clone).[1]Cone (1).[9]NeonTubeDirectional (1).[0]BakedBloom
GameCore.[17]ConeRing(Clone)
GameCore.[17]ConeRing(Clone).[0]Cone
GameCore.[17]ConeRing(Clone).[0]Cone.[0]Cone
GameCore.[17]ConeRing(Clone).[0]Cone.[1]ConeLight3
GameCore.[17]ConeRing(Clone).[0]Cone.[10]ConeLight0
GameCore.[17]ConeRing(Clone).[0]Cone.[11]NeonTubeDirectional (6)
GameCore.[17]ConeRing(Clone).[0]Cone.[11]NeonTubeDirectional (6).[0]BakedBloom
GameCore.[17]ConeRing(Clone).[0]Cone.[2]NeonTubeDirectional (4)
GameCore.[17]ConeRing(Clone).[0]Cone.[2]NeonTubeDirectional (4).[0]BakedBloom
GameCore.[17]ConeRing(Clone).[0]Cone.[3]NeonTubeDirectional (5)
GameCore.[17]ConeRing(Clone).[0]Cone.[3]NeonTubeDirectional (5).[0]BakedBloom
GameCore.[17]ConeRing(Clone).[0]Cone.[4]ConeLight2
GameCore.[17]ConeRing(Clone).[0]Cone.[5]NeonTubeDirectional (2)
GameCore.[17]ConeRing(Clone).[0]Cone.[5]NeonTubeDirectional (2).[0]BakedBloom
GameCore.[17]ConeRing(Clone).[0]Cone.[6]NeonTubeDirectional (3)
GameCore.[17]ConeRing(Clone).[0]Cone.[6]NeonTubeDirectional (3).[0]BakedBloom
GameCore.[17]ConeRing(Clone).[0]Cone.[7]ConeLight1
GameCore.[17]ConeRing(Clone).[0]Cone.[8]NeonTubeDirectional
GameCore.[17]ConeRing(Clone).[0]Cone.[8]NeonTubeDirectional.[0]BakedBloom
GameCore.[17]ConeRing(Clone).[0]Cone.[9]NeonTubeDirectional (1)
GameCore.[17]ConeRing(Clone).[0]Cone.[9]NeonTubeDirectional (1).[0]BakedBloom
GameCore.[17]ConeRing(Clone).[1]Cone (1)
GameCore.[17]ConeRing(Clone).[1]Cone (1).[0]Cone
GameCore.[17]ConeRing(Clone).[1]Cone (1).[1]ConeLight3
GameCore.[17]ConeRing(Clone).[1]Cone (1).[10]ConeLight0
GameCore.[17]ConeRing(Clone).[1]Cone (1).[11]NeonTubeDirectional (6)
GameCore.[17]ConeRing(Clone).[1]Cone (1).[11]NeonTubeDirectional (6).[0]BakedBloom
GameCore.[17]ConeRing(Clone).[1]Cone (1).[2]NeonTubeDirectional (4)
GameCore.[17]ConeRing(Clone).[1]Cone (1).[2]NeonTubeDirectional (4).[0]BakedBloom
GameCore.[17]ConeRing(Clone).[1]Cone (1).[3]NeonTubeDirectional (5)
GameCore.[17]ConeRing(Clone).[1]Cone (1).[3]NeonTubeDirectional (5).[0]BakedBloom
GameCore.[17]ConeRing(Clone).[1]Cone (1).[4]ConeLight2
GameCore.[17]ConeRing(Clone).[1]Cone (1).[5]NeonTubeDirectional (2)
GameCore.[17]ConeRing(Clone).[1]Cone (1).[5]NeonTubeDirectional (2).[0]BakedBloom
GameCore.[17]ConeRing(Clone).[1]Cone (1).[6]NeonTubeDirectional (3)
GameCore.[17]ConeRing(Clone).[1]Cone (1).[6]NeonTubeDirectional (3).[0]BakedBloom
GameCore.[17]ConeRing(Clone).[1]Cone (1).[7]ConeLight1
GameCore.[17]ConeRing(Clone).[1]Cone (1).[8]NeonTubeDirectional
GameCore.[17]ConeRing(Clone).[1]Cone (1).[8]NeonTubeDirectional.[0]BakedBloom
GameCore.[17]ConeRing(Clone).[1]Cone (1).[9]NeonTubeDirectional (1)
GameCore.[17]ConeRing(Clone).[1]Cone (1).[9]NeonTubeDirectional (1).[0]BakedBloom
GameCore.[18]ConeRing(Clone)
GameCore.[18]ConeRing(Clone).[0]Cone
GameCore.[18]ConeRing(Clone).[0]Cone.[0]Cone
GameCore.[18]ConeRing(Clone).[0]Cone.[1]ConeLight3
GameCore.[18]ConeRing(Clone).[0]Cone.[10]ConeLight0
GameCore.[18]ConeRing(Clone).[0]Cone.[11]NeonTubeDirectional (6)
GameCore.[18]ConeRing(Clone).[0]Cone.[11]NeonTubeDirectional (6).[0]BakedBloom
GameCore.[18]ConeRing(Clone).[0]Cone.[2]NeonTubeDirectional (4)
GameCore.[18]ConeRing(Clone).[0]Cone.[2]NeonTubeDirectional (4).[0]BakedBloom
GameCore.[18]ConeRing(Clone).[0]Cone.[3]NeonTubeDirectional (5)
GameCore.[18]ConeRing(Clone).[0]Cone.[3]NeonTubeDirectional (5).[0]BakedBloom
GameCore.[18]ConeRing(Clone).[0]Cone.[4]ConeLight2
GameCore.[18]ConeRing(Clone).[0]Cone.[5]NeonTubeDirectional (2)
GameCore.[18]ConeRing(Clone).[0]Cone.[5]NeonTubeDirectional (2).[0]BakedBloom
GameCore.[18]ConeRing(Clone).[0]Cone.[6]NeonTubeDirectional (3)
GameCore.[18]ConeRing(Clone).[0]Cone.[6]NeonTubeDirectional (3).[0]BakedBloom
GameCore.[18]ConeRing(Clone).[0]Cone.[7]ConeLight1
GameCore.[18]ConeRing(Clone).[0]Cone.[8]NeonTubeDirectional
GameCore.[18]ConeRing(Clone).[0]Cone.[8]NeonTubeDirectional.[0]BakedBloom
GameCore.[18]ConeRing(Clone).[0]Cone.[9]NeonTubeDirectional (1)
GameCore.[18]ConeRing(Clone).[0]Cone.[9]NeonTubeDirectional (1).[0]BakedBloom
GameCore.[18]ConeRing(Clone).[1]Cone (1)
GameCore.[18]ConeRing(Clone).[1]Cone (1).[0]Cone
GameCore.[18]ConeRing(Clone).[1]Cone (1).[1]ConeLight3
GameCore.[18]ConeRing(Clone).[1]Cone (1).[10]ConeLight0
GameCore.[18]ConeRing(Clone).[1]Cone (1).[11]NeonTubeDirectional (6)
GameCore.[18]ConeRing(Clone).[1]Cone (1).[11]NeonTubeDirectional (6).[0]BakedBloom
GameCore.[18]ConeRing(Clone).[1]Cone (1).[2]NeonTubeDirectional (4)
GameCore.[18]ConeRing(Clone).[1]Cone (1).[2]NeonTubeDirectional (4).[0]BakedBloom
GameCore.[18]ConeRing(Clone).[1]Cone (1).[3]NeonTubeDirectional (5)
GameCore.[18]ConeRing(Clone).[1]Cone (1).[3]NeonTubeDirectional (5).[0]BakedBloom
GameCore.[18]ConeRing(Clone).[1]Cone (1).[4]ConeLight2
GameCore.[18]ConeRing(Clone).[1]Cone (1).[5]NeonTubeDirectional (2)
GameCore.[18]ConeRing(Clone).[1]Cone (1).[5]NeonTubeDirectional (2).[0]BakedBloom
GameCore.[18]ConeRing(Clone).[1]Cone (1).[6]NeonTubeDirectional (3)
GameCore.[18]ConeRing(Clone).[1]Cone (1).[6]NeonTubeDirectional (3).[0]BakedBloom
GameCore.[18]ConeRing(Clone).[1]Cone (1).[7]ConeLight1
GameCore.[18]ConeRing(Clone).[1]Cone (1).[8]NeonTubeDirectional
GameCore.[18]ConeRing(Clone).[1]Cone (1).[8]NeonTubeDirectional.[0]BakedBloom
GameCore.[18]ConeRing(Clone).[1]Cone (1).[9]NeonTubeDirectional (1)
GameCore.[18]ConeRing(Clone).[1]Cone (1).[9]NeonTubeDirectional (1).[0]BakedBloom
GameCore.[19]ConeRing(Clone)
GameCore.[19]ConeRing(Clone).[0]Cone
GameCore.[19]ConeRing(Clone).[0]Cone.[0]Cone
GameCore.[19]ConeRing(Clone).[0]Cone.[1]ConeLight3
GameCore.[19]ConeRing(Clone).[0]Cone.[10]ConeLight0
GameCore.[19]ConeRing(Clone).[0]Cone.[11]NeonTubeDirectional (6)
GameCore.[19]ConeRing(Clone).[0]Cone.[11]NeonTubeDirectional (6).[0]BakedBloom
GameCore.[19]ConeRing(Clone).[0]Cone.[2]NeonTubeDirectional (4)
GameCore.[19]ConeRing(Clone).[0]Cone.[2]NeonTubeDirectional (4).[0]BakedBloom
GameCore.[19]ConeRing(Clone).[0]Cone.[3]NeonTubeDirectional (5)
GameCore.[19]ConeRing(Clone).[0]Cone.[3]NeonTubeDirectional (5).[0]BakedBloom
GameCore.[19]ConeRing(Clone).[0]Cone.[4]ConeLight2
GameCore.[19]ConeRing(Clone).[0]Cone.[5]NeonTubeDirectional (2)
GameCore.[19]ConeRing(Clone).[0]Cone.[5]NeonTubeDirectional (2).[0]BakedBloom
GameCore.[19]ConeRing(Clone).[0]Cone.[6]NeonTubeDirectional (3)
GameCore.[19]ConeRing(Clone).[0]Cone.[6]NeonTubeDirectional (3).[0]BakedBloom
GameCore.[19]ConeRing(Clone).[0]Cone.[7]ConeLight1
GameCore.[19]ConeRing(Clone).[0]Cone.[8]NeonTubeDirectional
GameCore.[19]ConeRing(Clone).[0]Cone.[8]NeonTubeDirectional.[0]BakedBloom
GameCore.[19]ConeRing(Clone).[0]Cone.[9]NeonTubeDirectional (1)
GameCore.[19]ConeRing(Clone).[0]Cone.[9]NeonTubeDirectional (1).[0]BakedBloom
GameCore.[19]ConeRing(Clone).[1]Cone (1)
GameCore.[19]ConeRing(Clone).[1]Cone (1).[0]Cone
GameCore.[19]ConeRing(Clone).[1]Cone (1).[1]ConeLight3
GameCore.[19]ConeRing(Clone).[1]Cone (1).[10]ConeLight0
GameCore.[19]ConeRing(Clone).[1]Cone (1).[11]NeonTubeDirectional (6)
GameCore.[19]ConeRing(Clone).[1]Cone (1).[11]NeonTubeDirectional (6).[0]BakedBloom
GameCore.[19]ConeRing(Clone).[1]Cone (1).[2]NeonTubeDirectional (4)
GameCore.[19]ConeRing(Clone).[1]Cone (1).[2]NeonTubeDirectional (4).[0]BakedBloom
GameCore.[19]ConeRing(Clone).[1]Cone (1).[3]NeonTubeDirectional (5)
GameCore.[19]ConeRing(Clone).[1]Cone (1).[3]NeonTubeDirectional (5).[0]BakedBloom
GameCore.[19]ConeRing(Clone).[1]Cone (1).[4]ConeLight2
GameCore.[19]ConeRing(Clone).[1]Cone (1).[5]NeonTubeDirectional (2)
GameCore.[19]ConeRing(Clone).[1]Cone (1).[5]NeonTubeDirectional (2).[0]BakedBloom
GameCore.[19]ConeRing(Clone).[1]Cone (1).[6]NeonTubeDirectional (3)
GameCore.[19]ConeRing(Clone).[1]Cone (1).[6]NeonTubeDirectional (3).[0]BakedBloom
GameCore.[19]ConeRing(Clone).[1]Cone (1).[7]ConeLight1
GameCore.[19]ConeRing(Clone).[1]Cone (1).[8]NeonTubeDirectional
GameCore.[19]ConeRing(Clone).[1]Cone (1).[8]NeonTubeDirectional.[0]BakedBloom
GameCore.[19]ConeRing(Clone).[1]Cone (1).[9]NeonTubeDirectional (1)
GameCore.[19]ConeRing(Clone).[1]Cone (1).[9]NeonTubeDirectional (1).[0]BakedBloom
GameCore.[2]ConeRing(Clone)
GameCore.[2]ConeRing(Clone).[0]Cone
GameCore.[2]ConeRing(Clone).[0]Cone.[0]Cone
GameCore.[2]ConeRing(Clone).[0]Cone.[1]ConeLight3
GameCore.[2]ConeRing(Clone).[0]Cone.[10]ConeLight0
GameCore.[2]ConeRing(Clone).[0]Cone.[11]NeonTubeDirectional (6)
GameCore.[2]ConeRing(Clone).[0]Cone.[11]NeonTubeDirectional (6).[0]BakedBloom
GameCore.[2]ConeRing(Clone).[0]Cone.[2]NeonTubeDirectional (4)
GameCore.[2]ConeRing(Clone).[0]Cone.[2]NeonTubeDirectional (4).[0]BakedBloom
GameCore.[2]ConeRing(Clone).[0]Cone.[3]NeonTubeDirectional (5)
GameCore.[2]ConeRing(Clone).[0]Cone.[3]NeonTubeDirectional (5).[0]BakedBloom
GameCore.[2]ConeRing(Clone).[0]Cone.[4]ConeLight2
GameCore.[2]ConeRing(Clone).[0]Cone.[5]NeonTubeDirectional (2)
GameCore.[2]ConeRing(Clone).[0]Cone.[5]NeonTubeDirectional (2).[0]BakedBloom
GameCore.[2]ConeRing(Clone).[0]Cone.[6]NeonTubeDirectional (3)
GameCore.[2]ConeRing(Clone).[0]Cone.[6]NeonTubeDirectional (3).[0]BakedBloom
GameCore.[2]ConeRing(Clone).[0]Cone.[7]ConeLight1
GameCore.[2]ConeRing(Clone).[0]Cone.[8]NeonTubeDirectional
GameCore.[2]ConeRing(Clone).[0]Cone.[8]NeonTubeDirectional.[0]BakedBloom
GameCore.[2]ConeRing(Clone).[0]Cone.[9]NeonTubeDirectional (1)
GameCore.[2]ConeRing(Clone).[0]Cone.[9]NeonTubeDirectional (1).[0]BakedBloom
GameCore.[2]ConeRing(Clone).[1]Cone (1)
GameCore.[2]ConeRing(Clone).[1]Cone (1).[0]Cone
GameCore.[2]ConeRing(Clone).[1]Cone (1).[1]ConeLight3
GameCore.[2]ConeRing(Clone).[1]Cone (1).[10]ConeLight0
GameCore.[2]ConeRing(Clone).[1]Cone (1).[11]NeonTubeDirectional (6)
GameCore.[2]ConeRing(Clone).[1]Cone (1).[11]NeonTubeDirectional (6).[0]BakedBloom
GameCore.[2]ConeRing(Clone).[1]Cone (1).[2]NeonTubeDirectional (4)
GameCore.[2]ConeRing(Clone).[1]Cone (1).[2]NeonTubeDirectional (4).[0]BakedBloom
GameCore.[2]ConeRing(Clone).[1]Cone (1).[3]NeonTubeDirectional (5)
GameCore.[2]ConeRing(Clone).[1]Cone (1).[3]NeonTubeDirectional (5).[0]BakedBloom
GameCore.[2]ConeRing(Clone).[1]Cone (1).[4]ConeLight2
GameCore.[2]ConeRing(Clone).[1]Cone (1).[5]NeonTubeDirectional (2)
GameCore.[2]ConeRing(Clone).[1]Cone (1).[5]NeonTubeDirectional (2).[0]BakedBloom
GameCore.[2]ConeRing(Clone).[1]Cone (1).[6]NeonTubeDirectional (3)
GameCore.[2]ConeRing(Clone).[1]Cone (1).[6]NeonTubeDirectional (3).[0]BakedBloom
GameCore.[2]ConeRing(Clone).[1]Cone (1).[7]ConeLight1
GameCore.[2]ConeRing(Clone).[1]Cone (1).[8]NeonTubeDirectional
GameCore.[2]ConeRing(Clone).[1]Cone (1).[8]NeonTubeDirectional.[0]BakedBloom
GameCore.[2]ConeRing(Clone).[1]Cone (1).[9]NeonTubeDirectional (1)
GameCore.[2]ConeRing(Clone).[1]Cone (1).[9]NeonTubeDirectional (1).[0]BakedBloom
GameCore.[20]ConeRing(Clone)
GameCore.[20]ConeRing(Clone).[0]Cone
GameCore.[20]ConeRing(Clone).[0]Cone.[0]Cone
GameCore.[20]ConeRing(Clone).[0]Cone.[1]ConeLight3
GameCore.[20]ConeRing(Clone).[0]Cone.[10]ConeLight0
GameCore.[20]ConeRing(Clone).[0]Cone.[11]NeonTubeDirectional (6)
GameCore.[20]ConeRing(Clone).[0]Cone.[11]NeonTubeDirectional (6).[0]BakedBloom
GameCore.[20]ConeRing(Clone).[0]Cone.[2]NeonTubeDirectional (4)
GameCore.[20]ConeRing(Clone).[0]Cone.[2]NeonTubeDirectional (4).[0]BakedBloom
GameCore.[20]ConeRing(Clone).[0]Cone.[3]NeonTubeDirectional (5)
GameCore.[20]ConeRing(Clone).[0]Cone.[3]NeonTubeDirectional (5).[0]BakedBloom
GameCore.[20]ConeRing(Clone).[0]Cone.[4]ConeLight2
GameCore.[20]ConeRing(Clone).[0]Cone.[5]NeonTubeDirectional (2)
GameCore.[20]ConeRing(Clone).[0]Cone.[5]NeonTubeDirectional (2).[0]BakedBloom
GameCore.[20]ConeRing(Clone).[0]Cone.[6]NeonTubeDirectional (3)
GameCore.[20]ConeRing(Clone).[0]Cone.[6]NeonTubeDirectional (3).[0]BakedBloom
GameCore.[20]ConeRing(Clone).[0]Cone.[7]ConeLight1
GameCore.[20]ConeRing(Clone).[0]Cone.[8]NeonTubeDirectional
GameCore.[20]ConeRing(Clone).[0]Cone.[8]NeonTubeDirectional.[0]BakedBloom
GameCore.[20]ConeRing(Clone).[0]Cone.[9]NeonTubeDirectional (1)
GameCore.[20]ConeRing(Clone).[0]Cone.[9]NeonTubeDirectional (1).[0]BakedBloom
GameCore.[20]ConeRing(Clone).[1]Cone (1)
GameCore.[20]ConeRing(Clone).[1]Cone (1).[0]Cone
GameCore.[20]ConeRing(Clone).[1]Cone (1).[1]ConeLight3
GameCore.[20]ConeRing(Clone).[1]Cone (1).[10]ConeLight0
GameCore.[20]ConeRing(Clone).[1]Cone (1).[11]NeonTubeDirectional (6)
GameCore.[20]ConeRing(Clone).[1]Cone (1).[11]NeonTubeDirectional (6).[0]BakedBloom
GameCore.[20]ConeRing(Clone).[1]Cone (1).[2]NeonTubeDirectional (4)
GameCore.[20]ConeRing(Clone).[1]Cone (1).[2]NeonTubeDirectional (4).[0]BakedBloom
GameCore.[20]ConeRing(Clone).[1]Cone (1).[3]NeonTubeDirectional (5)
GameCore.[20]ConeRing(Clone).[1]Cone (1).[3]NeonTubeDirectional (5).[0]BakedBloom
GameCore.[20]ConeRing(Clone).[1]Cone (1).[4]ConeLight2
GameCore.[20]ConeRing(Clone).[1]Cone (1).[5]NeonTubeDirectional (2)
GameCore.[20]ConeRing(Clone).[1]Cone (1).[5]NeonTubeDirectional (2).[0]BakedBloom
GameCore.[20]ConeRing(Clone).[1]Cone (1).[6]NeonTubeDirectional (3)
GameCore.[20]ConeRing(Clone).[1]Cone (1).[6]NeonTubeDirectional (3).[0]BakedBloom
GameCore.[20]ConeRing(Clone).[1]Cone (1).[7]ConeLight1
GameCore.[20]ConeRing(Clone).[1]Cone (1).[8]NeonTubeDirectional
GameCore.[20]ConeRing(Clone).[1]Cone (1).[8]NeonTubeDirectional.[0]BakedBloom
GameCore.[20]ConeRing(Clone).[1]Cone (1).[9]NeonTubeDirectional (1)
GameCore.[20]ConeRing(Clone).[1]Cone (1).[9]NeonTubeDirectional (1).[0]BakedBloom
GameCore.[21]ConeRingBig(Clone)
GameCore.[21]ConeRingBig(Clone).[0]BigCone0
GameCore.[21]ConeRingBig(Clone).[0]BigCone0.[0]NeonTube
GameCore.[21]ConeRingBig(Clone).[0]BigCone0.[0]NeonTube.[0]BakedBloom
GameCore.[21]ConeRingBig(Clone).[0]BigCone0.[0]NeonTube.[1]BoxLight
GameCore.[21]ConeRingBig(Clone).[1]BigCone1
GameCore.[21]ConeRingBig(Clone).[1]BigCone1.[0]NeonTube
GameCore.[21]ConeRingBig(Clone).[1]BigCone1.[0]NeonTube.[0]BakedBloom
GameCore.[21]ConeRingBig(Clone).[1]BigCone1.[0]NeonTube.[1]BoxLight
GameCore.[22]ConeRingBig(Clone)
GameCore.[22]ConeRingBig(Clone).[0]BigCone0
GameCore.[22]ConeRingBig(Clone).[0]BigCone0.[0]NeonTube
GameCore.[22]ConeRingBig(Clone).[0]BigCone0.[0]NeonTube.[0]BakedBloom
GameCore.[22]ConeRingBig(Clone).[0]BigCone0.[0]NeonTube.[1]BoxLight
GameCore.[22]ConeRingBig(Clone).[1]BigCone1
GameCore.[22]ConeRingBig(Clone).[1]BigCone1.[0]NeonTube
GameCore.[22]ConeRingBig(Clone).[1]BigCone1.[0]NeonTube.[0]BakedBloom
GameCore.[22]ConeRingBig(Clone).[1]BigCone1.[0]NeonTube.[1]BoxLight
GameCore.[23]ConeRingBig(Clone)
GameCore.[23]ConeRingBig(Clone).[0]BigCone0
GameCore.[23]ConeRingBig(Clone).[0]BigCone0.[0]NeonTube
GameCore.[23]ConeRingBig(Clone).[0]BigCone0.[0]NeonTube.[0]BakedBloom
GameCore.[23]ConeRingBig(Clone).[0]BigCone0.[0]NeonTube.[1]BoxLight
GameCore.[23]ConeRingBig(Clone).[1]BigCone1
GameCore.[23]ConeRingBig(Clone).[1]BigCone1.[0]NeonTube
GameCore.[23]ConeRingBig(Clone).[1]BigCone1.[0]NeonTube.[0]BakedBloom
GameCore.[23]ConeRingBig(Clone).[1]BigCone1.[0]NeonTube.[1]BoxLight
GameCore.[24]ConeRingBig(Clone)
GameCore.[24]ConeRingBig(Clone).[0]BigCone0
GameCore.[24]ConeRingBig(Clone).[0]BigCone0.[0]NeonTube
GameCore.[24]ConeRingBig(Clone).[0]BigCone0.[0]NeonTube.[0]BakedBloom
GameCore.[24]ConeRingBig(Clone).[0]BigCone0.[0]NeonTube.[1]BoxLight
GameCore.[24]ConeRingBig(Clone).[1]BigCone1
GameCore.[24]ConeRingBig(Clone).[1]BigCone1.[0]NeonTube
GameCore.[24]ConeRingBig(Clone).[1]BigCone1.[0]NeonTube.[0]BakedBloom
GameCore.[24]ConeRingBig(Clone).[1]BigCone1.[0]NeonTube.[1]BoxLight
GameCore.[25]ConeRingBig(Clone)
GameCore.[25]ConeRingBig(Clone).[0]BigCone0
GameCore.[25]ConeRingBig(Clone).[0]BigCone0.[0]NeonTube
GameCore.[25]ConeRingBig(Clone).[0]BigCone0.[0]NeonTube.[0]BakedBloom
GameCore.[25]ConeRingBig(Clone).[0]BigCone0.[0]NeonTube.[1]BoxLight
GameCore.[25]ConeRingBig(Clone).[1]BigCone1
GameCore.[25]ConeRingBig(Clone).[1]BigCone1.[0]NeonTube
GameCore.[25]ConeRingBig(Clone).[1]BigCone1.[0]NeonTube.[0]BakedBloom
GameCore.[25]ConeRingBig(Clone).[1]BigCone1.[0]NeonTube.[1]BoxLight
GameCore.[26]ConeRingBig(Clone)
GameCore.[26]ConeRingBig(Clone).[0]BigCone0
GameCore.[26]ConeRingBig(Clone).[0]BigCone0.[0]NeonTube
GameCore.[26]ConeRingBig(Clone).[0]BigCone0.[0]NeonTube.[0]BakedBloom
GameCore.[26]ConeRingBig(Clone).[0]BigCone0.[0]NeonTube.[1]BoxLight
GameCore.[26]ConeRingBig(Clone).[1]BigCone1
GameCore.[26]ConeRingBig(Clone).[1]BigCone1.[0]NeonTube
GameCore.[26]ConeRingBig(Clone).[1]BigCone1.[0]NeonTube.[0]BakedBloom
GameCore.[26]ConeRingBig(Clone).[1]BigCone1.[0]NeonTube.[1]BoxLight
GameCore.[27]ConeRingBig(Clone)
GameCore.[27]ConeRingBig(Clone).[0]BigCone0
GameCore.[27]ConeRingBig(Clone).[0]BigCone0.[0]NeonTube
GameCore.[27]ConeRingBig(Clone).[0]BigCone0.[0]NeonTube.[0]BakedBloom
GameCore.[27]ConeRingBig(Clone).[0]BigCone0.[0]NeonTube.[1]BoxLight
GameCore.[27]ConeRingBig(Clone).[1]BigCone1
GameCore.[27]ConeRingBig(Clone).[1]BigCone1.[0]NeonTube
GameCore.[27]ConeRingBig(Clone).[1]BigCone1.[0]NeonTube.[0]BakedBloom
GameCore.[27]ConeRingBig(Clone).[1]BigCone1.[0]NeonTube.[1]BoxLight
GameCore.[28]ConeRingBig(Clone)
GameCore.[28]ConeRingBig(Clone).[0]BigCone0
GameCore.[28]ConeRingBig(Clone).[0]BigCone0.[0]NeonTube
GameCore.[28]ConeRingBig(Clone).[0]BigCone0.[0]NeonTube.[0]BakedBloom
GameCore.[28]ConeRingBig(Clone).[0]BigCone0.[0]NeonTube.[1]BoxLight
GameCore.[28]ConeRingBig(Clone).[1]BigCone1
GameCore.[28]ConeRingBig(Clone).[1]BigCone1.[0]NeonTube
GameCore.[28]ConeRingBig(Clone).[1]BigCone1.[0]NeonTube.[0]BakedBloom
GameCore.[28]ConeRingBig(Clone).[1]BigCone1.[0]NeonTube.[1]BoxLight
GameCore.[29]ConeRingBig(Clone)
GameCore.[29]ConeRingBig(Clone).[0]BigCone0
GameCore.[29]ConeRingBig(Clone).[0]BigCone0.[0]NeonTube
GameCore.[29]ConeRingBig(Clone).[0]BigCone0.[0]NeonTube.[0]BakedBloom
GameCore.[29]ConeRingBig(Clone).[0]BigCone0.[0]NeonTube.[1]BoxLight
GameCore.[29]ConeRingBig(Clone).[1]BigCone1
GameCore.[29]ConeRingBig(Clone).[1]BigCone1.[0]NeonTube
GameCore.[29]ConeRingBig(Clone).[1]BigCone1.[0]NeonTube.[0]BakedBloom
GameCore.[29]ConeRingBig(Clone).[1]BigCone1.[0]NeonTube.[1]BoxLight
GameCore.[3]ConeRing(Clone)
GameCore.[3]ConeRing(Clone).[0]Cone
GameCore.[3]ConeRing(Clone).[0]Cone.[0]Cone
GameCore.[3]ConeRing(Clone).[0]Cone.[1]ConeLight3
GameCore.[3]ConeRing(Clone).[0]Cone.[10]ConeLight0
GameCore.[3]ConeRing(Clone).[0]Cone.[11]NeonTubeDirectional (6)
GameCore.[3]ConeRing(Clone).[0]Cone.[11]NeonTubeDirectional (6).[0]BakedBloom
GameCore.[3]ConeRing(Clone).[0]Cone.[2]NeonTubeDirectional (4)
GameCore.[3]ConeRing(Clone).[0]Cone.[2]NeonTubeDirectional (4).[0]BakedBloom
GameCore.[3]ConeRing(Clone).[0]Cone.[3]NeonTubeDirectional (5)
GameCore.[3]ConeRing(Clone).[0]Cone.[3]NeonTubeDirectional (5).[0]BakedBloom
GameCore.[3]ConeRing(Clone).[0]Cone.[4]ConeLight2
GameCore.[3]ConeRing(Clone).[0]Cone.[5]NeonTubeDirectional (2)
GameCore.[3]ConeRing(Clone).[0]Cone.[5]NeonTubeDirectional (2).[0]BakedBloom
GameCore.[3]ConeRing(Clone).[0]Cone.[6]NeonTubeDirectional (3)
GameCore.[3]ConeRing(Clone).[0]Cone.[6]NeonTubeDirectional (3).[0]BakedBloom
GameCore.[3]ConeRing(Clone).[0]Cone.[7]ConeLight1
GameCore.[3]ConeRing(Clone).[0]Cone.[8]NeonTubeDirectional
GameCore.[3]ConeRing(Clone).[0]Cone.[8]NeonTubeDirectional.[0]BakedBloom
GameCore.[3]ConeRing(Clone).[0]Cone.[9]NeonTubeDirectional (1)
GameCore.[3]ConeRing(Clone).[0]Cone.[9]NeonTubeDirectional (1).[0]BakedBloom
GameCore.[3]ConeRing(Clone).[1]Cone (1)
GameCore.[3]ConeRing(Clone).[1]Cone (1).[0]Cone
GameCore.[3]ConeRing(Clone).[1]Cone (1).[1]ConeLight3
GameCore.[3]ConeRing(Clone).[1]Cone (1).[10]ConeLight0
GameCore.[3]ConeRing(Clone).[1]Cone (1).[11]NeonTubeDirectional (6)
GameCore.[3]ConeRing(Clone).[1]Cone (1).[11]NeonTubeDirectional (6).[0]BakedBloom
GameCore.[3]ConeRing(Clone).[1]Cone (1).[2]NeonTubeDirectional (4)
GameCore.[3]ConeRing(Clone).[1]Cone (1).[2]NeonTubeDirectional (4).[0]BakedBloom
GameCore.[3]ConeRing(Clone).[1]Cone (1).[3]NeonTubeDirectional (5)
GameCore.[3]ConeRing(Clone).[1]Cone (1).[3]NeonTubeDirectional (5).[0]BakedBloom
GameCore.[3]ConeRing(Clone).[1]Cone (1).[4]ConeLight2
GameCore.[3]ConeRing(Clone).[1]Cone (1).[5]NeonTubeDirectional (2)
GameCore.[3]ConeRing(Clone).[1]Cone (1).[5]NeonTubeDirectional (2).[0]BakedBloom
GameCore.[3]ConeRing(Clone).[1]Cone (1).[6]NeonTubeDirectional (3)
GameCore.[3]ConeRing(Clone).[1]Cone (1).[6]NeonTubeDirectional (3).[0]BakedBloom
GameCore.[3]ConeRing(Clone).[1]Cone (1).[7]ConeLight1
GameCore.[3]ConeRing(Clone).[1]Cone (1).[8]NeonTubeDirectional
GameCore.[3]ConeRing(Clone).[1]Cone (1).[8]NeonTubeDirectional.[0]BakedBloom
GameCore.[3]ConeRing(Clone).[1]Cone (1).[9]NeonTubeDirectional (1)
GameCore.[3]ConeRing(Clone).[1]Cone (1).[9]NeonTubeDirectional (1).[0]BakedBloom
GameCore.[30]ConeRingBig(Clone)
GameCore.[30]ConeRingBig(Clone).[0]BigCone0
GameCore.[30]ConeRingBig(Clone).[0]BigCone0.[0]NeonTube
GameCore.[30]ConeRingBig(Clone).[0]BigCone0.[0]NeonTube.[0]BakedBloom
GameCore.[30]ConeRingBig(Clone).[0]BigCone0.[0]NeonTube.[1]BoxLight
GameCore.[30]ConeRingBig(Clone).[1]BigCone1
GameCore.[30]ConeRingBig(Clone).[1]BigCone1.[0]NeonTube
GameCore.[30]ConeRingBig(Clone).[1]BigCone1.[0]NeonTube.[0]BakedBloom
GameCore.[30]ConeRingBig(Clone).[1]BigCone1.[0]NeonTube.[1]BoxLight
GameCore.[31]ConeRingBig(Clone)
GameCore.[31]ConeRingBig(Clone).[0]BigCone0
GameCore.[31]ConeRingBig(Clone).[0]BigCone0.[0]NeonTube
GameCore.[31]ConeRingBig(Clone).[0]BigCone0.[0]NeonTube.[0]BakedBloom
GameCore.[31]ConeRingBig(Clone).[0]BigCone0.[0]NeonTube.[1]BoxLight
GameCore.[31]ConeRingBig(Clone).[1]BigCone1
GameCore.[31]ConeRingBig(Clone).[1]BigCone1.[0]NeonTube
GameCore.[31]ConeRingBig(Clone).[1]BigCone1.[0]NeonTube.[0]BakedBloom
GameCore.[31]ConeRingBig(Clone).[1]BigCone1.[0]NeonTube.[1]BoxLight
GameCore.[32]ConeRingBig(Clone)
GameCore.[32]ConeRingBig(Clone).[0]BigCone0
GameCore.[32]ConeRingBig(Clone).[0]BigCone0.[0]NeonTube
GameCore.[32]ConeRingBig(Clone).[0]BigCone0.[0]NeonTube.[0]BakedBloom
GameCore.[32]ConeRingBig(Clone).[0]BigCone0.[0]NeonTube.[1]BoxLight
GameCore.[32]ConeRingBig(Clone).[1]BigCone1
GameCore.[32]ConeRingBig(Clone).[1]BigCone1.[0]NeonTube
GameCore.[32]ConeRingBig(Clone).[1]BigCone1.[0]NeonTube.[0]BakedBloom
GameCore.[32]ConeRingBig(Clone).[1]BigCone1.[0]NeonTube.[1]BoxLight
GameCore.[33]ConeRingBig(Clone)
GameCore.[33]ConeRingBig(Clone).[0]BigCone0
GameCore.[33]ConeRingBig(Clone).[0]BigCone0.[0]NeonTube
GameCore.[33]ConeRingBig(Clone).[0]BigCone0.[0]NeonTube.[0]BakedBloom
GameCore.[33]ConeRingBig(Clone).[0]BigCone0.[0]NeonTube.[1]BoxLight
GameCore.[33]ConeRingBig(Clone).[1]BigCone1
GameCore.[33]ConeRingBig(Clone).[1]BigCone1.[0]NeonTube
GameCore.[33]ConeRingBig(Clone).[1]BigCone1.[0]NeonTube.[0]BakedBloom
GameCore.[33]ConeRingBig(Clone).[1]BigCone1.[0]NeonTube.[1]BoxLight
GameCore.[34]ConeRingBig(Clone)
GameCore.[34]ConeRingBig(Clone).[0]BigCone0
GameCore.[34]ConeRingBig(Clone).[0]BigCone0.[0]NeonTube
GameCore.[34]ConeRingBig(Clone).[0]BigCone0.[0]NeonTube.[0]BakedBloom
GameCore.[34]ConeRingBig(Clone).[0]BigCone0.[0]NeonTube.[1]BoxLight
GameCore.[34]ConeRingBig(Clone).[1]BigCone1
GameCore.[34]ConeRingBig(Clone).[1]BigCone1.[0]NeonTube
GameCore.[34]ConeRingBig(Clone).[1]BigCone1.[0]NeonTube.[0]BakedBloom
GameCore.[34]ConeRingBig(Clone).[1]BigCone1.[0]NeonTube.[1]BoxLight
GameCore.[35]ConeRingBig(Clone)
GameCore.[35]ConeRingBig(Clone).[0]BigCone0
GameCore.[35]ConeRingBig(Clone).[0]BigCone0.[0]NeonTube
GameCore.[35]ConeRingBig(Clone).[0]BigCone0.[0]NeonTube.[0]BakedBloom
GameCore.[35]ConeRingBig(Clone).[0]BigCone0.[0]NeonTube.[1]BoxLight
GameCore.[35]ConeRingBig(Clone).[1]BigCone1
GameCore.[35]ConeRingBig(Clone).[1]BigCone1.[0]NeonTube
GameCore.[35]ConeRingBig(Clone).[1]BigCone1.[0]NeonTube.[0]BakedBloom
GameCore.[35]ConeRingBig(Clone).[1]BigCone1.[0]NeonTube.[1]BoxLight
GameCore.[36]ConeRingBig(Clone)
GameCore.[36]ConeRingBig(Clone).[0]BigCone0
GameCore.[36]ConeRingBig(Clone).[0]BigCone0.[0]NeonTube
GameCore.[36]ConeRingBig(Clone).[0]BigCone0.[0]NeonTube.[0]BakedBloom
GameCore.[36]ConeRingBig(Clone).[0]BigCone0.[0]NeonTube.[1]BoxLight
GameCore.[36]ConeRingBig(Clone).[1]BigCone1
GameCore.[36]ConeRingBig(Clone).[1]BigCone1.[0]NeonTube
GameCore.[36]ConeRingBig(Clone).[1]BigCone1.[0]NeonTube.[0]BakedBloom
GameCore.[36]ConeRingBig(Clone).[1]BigCone1.[0]NeonTube.[1]BoxLight
GameCore.[37]ConeRingBig(Clone)
GameCore.[37]ConeRingBig(Clone).[0]BigCone0
GameCore.[37]ConeRingBig(Clone).[0]BigCone0.[0]NeonTube
GameCore.[37]ConeRingBig(Clone).[0]BigCone0.[0]NeonTube.[0]BakedBloom
GameCore.[37]ConeRingBig(Clone).[0]BigCone0.[0]NeonTube.[1]BoxLight
GameCore.[37]ConeRingBig(Clone).[1]BigCone1
GameCore.[37]ConeRingBig(Clone).[1]BigCone1.[0]NeonTube
GameCore.[37]ConeRingBig(Clone).[1]BigCone1.[0]NeonTube.[0]BakedBloom
GameCore.[37]ConeRingBig(Clone).[1]BigCone1.[0]NeonTube.[1]BoxLight
GameCore.[38]ConeRingBig(Clone)
GameCore.[38]ConeRingBig(Clone).[0]BigCone0
GameCore.[38]ConeRingBig(Clone).[0]BigCone0.[0]NeonTube
GameCore.[38]ConeRingBig(Clone).[0]BigCone0.[0]NeonTube.[0]BakedBloom
GameCore.[38]ConeRingBig(Clone).[0]BigCone0.[0]NeonTube.[1]BoxLight
GameCore.[38]ConeRingBig(Clone).[1]BigCone1
GameCore.[38]ConeRingBig(Clone).[1]BigCone1.[0]NeonTube
GameCore.[38]ConeRingBig(Clone).[1]BigCone1.[0]NeonTube.[0]BakedBloom
GameCore.[38]ConeRingBig(Clone).[1]BigCone1.[0]NeonTube.[1]BoxLight
GameCore.[39]ConeRingBig(Clone)
GameCore.[39]ConeRingBig(Clone).[0]BigCone0
GameCore.[39]ConeRingBig(Clone).[0]BigCone0.[0]NeonTube
GameCore.[39]ConeRingBig(Clone).[0]BigCone0.[0]NeonTube.[0]BakedBloom
GameCore.[39]ConeRingBig(Clone).[0]BigCone0.[0]NeonTube.[1]BoxLight
GameCore.[39]ConeRingBig(Clone).[1]BigCone1
GameCore.[39]ConeRingBig(Clone).[1]BigCone1.[0]NeonTube
GameCore.[39]ConeRingBig(Clone).[1]BigCone1.[0]NeonTube.[0]BakedBloom
GameCore.[39]ConeRingBig(Clone).[1]BigCone1.[0]NeonTube.[1]BoxLight
GameCore.[4]ConeRing(Clone)
GameCore.[4]ConeRing(Clone).[0]Cone
GameCore.[4]ConeRing(Clone).[0]Cone.[0]Cone
GameCore.[4]ConeRing(Clone).[0]Cone.[1]ConeLight3
GameCore.[4]ConeRing(Clone).[0]Cone.[10]ConeLight0
GameCore.[4]ConeRing(Clone).[0]Cone.[11]NeonTubeDirectional (6)
GameCore.[4]ConeRing(Clone).[0]Cone.[11]NeonTubeDirectional (6).[0]BakedBloom
GameCore.[4]ConeRing(Clone).[0]Cone.[2]NeonTubeDirectional (4)
GameCore.[4]ConeRing(Clone).[0]Cone.[2]NeonTubeDirectional (4).[0]BakedBloom
GameCore.[4]ConeRing(Clone).[0]Cone.[3]NeonTubeDirectional (5)
GameCore.[4]ConeRing(Clone).[0]Cone.[3]NeonTubeDirectional (5).[0]BakedBloom
GameCore.[4]ConeRing(Clone).[0]Cone.[4]ConeLight2
GameCore.[4]ConeRing(Clone).[0]Cone.[5]NeonTubeDirectional (2)
GameCore.[4]ConeRing(Clone).[0]Cone.[5]NeonTubeDirectional (2).[0]BakedBloom
GameCore.[4]ConeRing(Clone).[0]Cone.[6]NeonTubeDirectional (3)
GameCore.[4]ConeRing(Clone).[0]Cone.[6]NeonTubeDirectional (3).[0]BakedBloom
GameCore.[4]ConeRing(Clone).[0]Cone.[7]ConeLight1
GameCore.[4]ConeRing(Clone).[0]Cone.[8]NeonTubeDirectional
GameCore.[4]ConeRing(Clone).[0]Cone.[8]NeonTubeDirectional.[0]BakedBloom
GameCore.[4]ConeRing(Clone).[0]Cone.[9]NeonTubeDirectional (1)
GameCore.[4]ConeRing(Clone).[0]Cone.[9]NeonTubeDirectional (1).[0]BakedBloom
GameCore.[4]ConeRing(Clone).[1]Cone (1)
GameCore.[4]ConeRing(Clone).[1]Cone (1).[0]Cone
GameCore.[4]ConeRing(Clone).[1]Cone (1).[1]ConeLight3
GameCore.[4]ConeRing(Clone).[1]Cone (1).[10]ConeLight0
GameCore.[4]ConeRing(Clone).[1]Cone (1).[11]NeonTubeDirectional (6)
GameCore.[4]ConeRing(Clone).[1]Cone (1).[11]NeonTubeDirectional (6).[0]BakedBloom
GameCore.[4]ConeRing(Clone).[1]Cone (1).[2]NeonTubeDirectional (4)
GameCore.[4]ConeRing(Clone).[1]Cone (1).[2]NeonTubeDirectional (4).[0]BakedBloom
GameCore.[4]ConeRing(Clone).[1]Cone (1).[3]NeonTubeDirectional (5)
GameCore.[4]ConeRing(Clone).[1]Cone (1).[3]NeonTubeDirectional (5).[0]BakedBloom
GameCore.[4]ConeRing(Clone).[1]Cone (1).[4]ConeLight2
GameCore.[4]ConeRing(Clone).[1]Cone (1).[5]NeonTubeDirectional (2)
GameCore.[4]ConeRing(Clone).[1]Cone (1).[5]NeonTubeDirectional (2).[0]BakedBloom
GameCore.[4]ConeRing(Clone).[1]Cone (1).[6]NeonTubeDirectional (3)
GameCore.[4]ConeRing(Clone).[1]Cone (1).[6]NeonTubeDirectional (3).[0]BakedBloom
GameCore.[4]ConeRing(Clone).[1]Cone (1).[7]ConeLight1
GameCore.[4]ConeRing(Clone).[1]Cone (1).[8]NeonTubeDirectional
GameCore.[4]ConeRing(Clone).[1]Cone (1).[8]NeonTubeDirectional.[0]BakedBloom
GameCore.[4]ConeRing(Clone).[1]Cone (1).[9]NeonTubeDirectional (1)
GameCore.[4]ConeRing(Clone).[1]Cone (1).[9]NeonTubeDirectional (1).[0]BakedBloom
GameCore.[40]ConeRingBig(Clone)
GameCore.[40]ConeRingBig(Clone).[0]BigCone0
GameCore.[40]ConeRingBig(Clone).[0]BigCone0.[0]NeonTube
GameCore.[40]ConeRingBig(Clone).[0]BigCone0.[0]NeonTube.[0]BakedBloom
GameCore.[40]ConeRingBig(Clone).[0]BigCone0.[0]NeonTube.[1]BoxLight
GameCore.[40]ConeRingBig(Clone).[1]BigCone1
GameCore.[40]ConeRingBig(Clone).[1]BigCone1.[0]NeonTube
GameCore.[40]ConeRingBig(Clone).[1]BigCone1.[0]NeonTube.[0]BakedBloom
GameCore.[40]ConeRingBig(Clone).[1]BigCone1.[0]NeonTube.[1]BoxLight
GameCore.[5]ConeRing(Clone)
GameCore.[5]ConeRing(Clone).[0]Cone
GameCore.[5]ConeRing(Clone).[0]Cone.[0]Cone
GameCore.[5]ConeRing(Clone).[0]Cone.[1]ConeLight3
GameCore.[5]ConeRing(Clone).[0]Cone.[10]ConeLight0
GameCore.[5]ConeRing(Clone).[0]Cone.[11]NeonTubeDirectional (6)
GameCore.[5]ConeRing(Clone).[0]Cone.[11]NeonTubeDirectional (6).[0]BakedBloom
GameCore.[5]ConeRing(Clone).[0]Cone.[2]NeonTubeDirectional (4)
GameCore.[5]ConeRing(Clone).[0]Cone.[2]NeonTubeDirectional (4).[0]BakedBloom
GameCore.[5]ConeRing(Clone).[0]Cone.[3]NeonTubeDirectional (5)
GameCore.[5]ConeRing(Clone).[0]Cone.[3]NeonTubeDirectional (5).[0]BakedBloom
GameCore.[5]ConeRing(Clone).[0]Cone.[4]ConeLight2
GameCore.[5]ConeRing(Clone).[0]Cone.[5]NeonTubeDirectional (2)
GameCore.[5]ConeRing(Clone).[0]Cone.[5]NeonTubeDirectional (2).[0]BakedBloom
GameCore.[5]ConeRing(Clone).[0]Cone.[6]NeonTubeDirectional (3)
GameCore.[5]ConeRing(Clone).[0]Cone.[6]NeonTubeDirectional (3).[0]BakedBloom
GameCore.[5]ConeRing(Clone).[0]Cone.[7]ConeLight1
GameCore.[5]ConeRing(Clone).[0]Cone.[8]NeonTubeDirectional
GameCore.[5]ConeRing(Clone).[0]Cone.[8]NeonTubeDirectional.[0]BakedBloom
GameCore.[5]ConeRing(Clone).[0]Cone.[9]NeonTubeDirectional (1)
GameCore.[5]ConeRing(Clone).[0]Cone.[9]NeonTubeDirectional (1).[0]BakedBloom
GameCore.[5]ConeRing(Clone).[1]Cone (1)
GameCore.[5]ConeRing(Clone).[1]Cone (1).[0]Cone
GameCore.[5]ConeRing(Clone).[1]Cone (1).[1]ConeLight3
GameCore.[5]ConeRing(Clone).[1]Cone (1).[10]ConeLight0
GameCore.[5]ConeRing(Clone).[1]Cone (1).[11]NeonTubeDirectional (6)
GameCore.[5]ConeRing(Clone).[1]Cone (1).[11]NeonTubeDirectional (6).[0]BakedBloom
GameCore.[5]ConeRing(Clone).[1]Cone (1).[2]NeonTubeDirectional (4)
GameCore.[5]ConeRing(Clone).[1]Cone (1).[2]NeonTubeDirectional (4).[0]BakedBloom
GameCore.[5]ConeRing(Clone).[1]Cone (1).[3]NeonTubeDirectional (5)
GameCore.[5]ConeRing(Clone).[1]Cone (1).[3]NeonTubeDirectional (5).[0]BakedBloom
GameCore.[5]ConeRing(Clone).[1]Cone (1).[4]ConeLight2
GameCore.[5]ConeRing(Clone).[1]Cone (1).[5]NeonTubeDirectional (2)
GameCore.[5]ConeRing(Clone).[1]Cone (1).[5]NeonTubeDirectional (2).[0]BakedBloom
GameCore.[5]ConeRing(Clone).[1]Cone (1).[6]NeonTubeDirectional (3)
GameCore.[5]ConeRing(Clone).[1]Cone (1).[6]NeonTubeDirectional (3).[0]BakedBloom
GameCore.[5]ConeRing(Clone).[1]Cone (1).[7]ConeLight1
GameCore.[5]ConeRing(Clone).[1]Cone (1).[8]NeonTubeDirectional
GameCore.[5]ConeRing(Clone).[1]Cone (1).[8]NeonTubeDirectional.[0]BakedBloom
GameCore.[5]ConeRing(Clone).[1]Cone (1).[9]NeonTubeDirectional (1)
GameCore.[5]ConeRing(Clone).[1]Cone (1).[9]NeonTubeDirectional (1).[0]BakedBloom
GameCore.[6]ConeRing(Clone)
GameCore.[6]ConeRing(Clone).[0]Cone
GameCore.[6]ConeRing(Clone).[0]Cone.[0]Cone
GameCore.[6]ConeRing(Clone).[0]Cone.[1]ConeLight3
GameCore.[6]ConeRing(Clone).[0]Cone.[10]ConeLight0
GameCore.[6]ConeRing(Clone).[0]Cone.[11]NeonTubeDirectional (6)
GameCore.[6]ConeRing(Clone).[0]Cone.[11]NeonTubeDirectional (6).[0]BakedBloom
GameCore.[6]ConeRing(Clone).[0]Cone.[2]NeonTubeDirectional (4)
GameCore.[6]ConeRing(Clone).[0]Cone.[2]NeonTubeDirectional (4).[0]BakedBloom
GameCore.[6]ConeRing(Clone).[0]Cone.[3]NeonTubeDirectional (5)
GameCore.[6]ConeRing(Clone).[0]Cone.[3]NeonTubeDirectional (5).[0]BakedBloom
GameCore.[6]ConeRing(Clone).[0]Cone.[4]ConeLight2
GameCore.[6]ConeRing(Clone).[0]Cone.[5]NeonTubeDirectional (2)
GameCore.[6]ConeRing(Clone).[0]Cone.[5]NeonTubeDirectional (2).[0]BakedBloom
GameCore.[6]ConeRing(Clone).[0]Cone.[6]NeonTubeDirectional (3)
GameCore.[6]ConeRing(Clone).[0]Cone.[6]NeonTubeDirectional (3).[0]BakedBloom
GameCore.[6]ConeRing(Clone).[0]Cone.[7]ConeLight1
GameCore.[6]ConeRing(Clone).[0]Cone.[8]NeonTubeDirectional
GameCore.[6]ConeRing(Clone).[0]Cone.[8]NeonTubeDirectional.[0]BakedBloom
GameCore.[6]ConeRing(Clone).[0]Cone.[9]NeonTubeDirectional (1)
GameCore.[6]ConeRing(Clone).[0]Cone.[9]NeonTubeDirectional (1).[0]BakedBloom
GameCore.[6]ConeRing(Clone).[1]Cone (1)
GameCore.[6]ConeRing(Clone).[1]Cone (1).[0]Cone
GameCore.[6]ConeRing(Clone).[1]Cone (1).[1]ConeLight3
GameCore.[6]ConeRing(Clone).[1]Cone (1).[10]ConeLight0
GameCore.[6]ConeRing(Clone).[1]Cone (1).[11]NeonTubeDirectional (6)
GameCore.[6]ConeRing(Clone).[1]Cone (1).[11]NeonTubeDirectional (6).[0]BakedBloom
GameCore.[6]ConeRing(Clone).[1]Cone (1).[2]NeonTubeDirectional (4)
GameCore.[6]ConeRing(Clone).[1]Cone (1).[2]NeonTubeDirectional (4).[0]BakedBloom
GameCore.[6]ConeRing(Clone).[1]Cone (1).[3]NeonTubeDirectional (5)
GameCore.[6]ConeRing(Clone).[1]Cone (1).[3]NeonTubeDirectional (5).[0]BakedBloom
GameCore.[6]ConeRing(Clone).[1]Cone (1).[4]ConeLight2
GameCore.[6]ConeRing(Clone).[1]Cone (1).[5]NeonTubeDirectional (2)
GameCore.[6]ConeRing(Clone).[1]Cone (1).[5]NeonTubeDirectional (2).[0]BakedBloom
GameCore.[6]ConeRing(Clone).[1]Cone (1).[6]NeonTubeDirectional (3)
GameCore.[6]ConeRing(Clone).[1]Cone (1).[6]NeonTubeDirectional (3).[0]BakedBloom
GameCore.[6]ConeRing(Clone).[1]Cone (1).[7]ConeLight1
GameCore.[6]ConeRing(Clone).[1]Cone (1).[8]NeonTubeDirectional
GameCore.[6]ConeRing(Clone).[1]Cone (1).[8]NeonTubeDirectional.[0]BakedBloom
GameCore.[6]ConeRing(Clone).[1]Cone (1).[9]NeonTubeDirectional (1)
GameCore.[6]ConeRing(Clone).[1]Cone (1).[9]NeonTubeDirectional (1).[0]BakedBloom
GameCore.[7]ConeRing(Clone)
GameCore.[7]ConeRing(Clone).[0]Cone
GameCore.[7]ConeRing(Clone).[0]Cone.[0]Cone
GameCore.[7]ConeRing(Clone).[0]Cone.[1]ConeLight3
GameCore.[7]ConeRing(Clone).[0]Cone.[10]ConeLight0
GameCore.[7]ConeRing(Clone).[0]Cone.[11]NeonTubeDirectional (6)
GameCore.[7]ConeRing(Clone).[0]Cone.[11]NeonTubeDirectional (6).[0]BakedBloom
GameCore.[7]ConeRing(Clone).[0]Cone.[2]NeonTubeDirectional (4)
GameCore.[7]ConeRing(Clone).[0]Cone.[2]NeonTubeDirectional (4).[0]BakedBloom
GameCore.[7]ConeRing(Clone).[0]Cone.[3]NeonTubeDirectional (5)
GameCore.[7]ConeRing(Clone).[0]Cone.[3]NeonTubeDirectional (5).[0]BakedBloom
GameCore.[7]ConeRing(Clone).[0]Cone.[4]ConeLight2
GameCore.[7]ConeRing(Clone).[0]Cone.[5]NeonTubeDirectional (2)
GameCore.[7]ConeRing(Clone).[0]Cone.[5]NeonTubeDirectional (2).[0]BakedBloom
GameCore.[7]ConeRing(Clone).[0]Cone.[6]NeonTubeDirectional (3)
GameCore.[7]ConeRing(Clone).[0]Cone.[6]NeonTubeDirectional (3).[0]BakedBloom
GameCore.[7]ConeRing(Clone).[0]Cone.[7]ConeLight1
GameCore.[7]ConeRing(Clone).[0]Cone.[8]NeonTubeDirectional
GameCore.[7]ConeRing(Clone).[0]Cone.[8]NeonTubeDirectional.[0]BakedBloom
GameCore.[7]ConeRing(Clone).[0]Cone.[9]NeonTubeDirectional (1)
GameCore.[7]ConeRing(Clone).[0]Cone.[9]NeonTubeDirectional (1).[0]BakedBloom
GameCore.[7]ConeRing(Clone).[1]Cone (1)
GameCore.[7]ConeRing(Clone).[1]Cone (1).[0]Cone
GameCore.[7]ConeRing(Clone).[1]Cone (1).[1]ConeLight3
GameCore.[7]ConeRing(Clone).[1]Cone (1).[10]ConeLight0
GameCore.[7]ConeRing(Clone).[1]Cone (1).[11]NeonTubeDirectional (6)
GameCore.[7]ConeRing(Clone).[1]Cone (1).[11]NeonTubeDirectional (6).[0]BakedBloom
GameCore.[7]ConeRing(Clone).[1]Cone (1).[2]NeonTubeDirectional (4)
GameCore.[7]ConeRing(Clone).[1]Cone (1).[2]NeonTubeDirectional (4).[0]BakedBloom
GameCore.[7]ConeRing(Clone).[1]Cone (1).[3]NeonTubeDirectional (5)
GameCore.[7]ConeRing(Clone).[1]Cone (1).[3]NeonTubeDirectional (5).[0]BakedBloom
GameCore.[7]ConeRing(Clone).[1]Cone (1).[4]ConeLight2
GameCore.[7]ConeRing(Clone).[1]Cone (1).[5]NeonTubeDirectional (2)
GameCore.[7]ConeRing(Clone).[1]Cone (1).[5]NeonTubeDirectional (2).[0]BakedBloom
GameCore.[7]ConeRing(Clone).[1]Cone (1).[6]NeonTubeDirectional (3)
GameCore.[7]ConeRing(Clone).[1]Cone (1).[6]NeonTubeDirectional (3).[0]BakedBloom
GameCore.[7]ConeRing(Clone).[1]Cone (1).[7]ConeLight1
GameCore.[7]ConeRing(Clone).[1]Cone (1).[8]NeonTubeDirectional
GameCore.[7]ConeRing(Clone).[1]Cone (1).[8]NeonTubeDirectional.[0]BakedBloom
GameCore.[7]ConeRing(Clone).[1]Cone (1).[9]NeonTubeDirectional (1)
GameCore.[7]ConeRing(Clone).[1]Cone (1).[9]NeonTubeDirectional (1).[0]BakedBloom
GameCore.[8]ConeRing(Clone)
GameCore.[8]ConeRing(Clone).[0]Cone
GameCore.[8]ConeRing(Clone).[0]Cone.[0]Cone
GameCore.[8]ConeRing(Clone).[0]Cone.[1]ConeLight3
GameCore.[8]ConeRing(Clone).[0]Cone.[10]ConeLight0
GameCore.[8]ConeRing(Clone).[0]Cone.[11]NeonTubeDirectional (6)
GameCore.[8]ConeRing(Clone).[0]Cone.[11]NeonTubeDirectional (6).[0]BakedBloom
GameCore.[8]ConeRing(Clone).[0]Cone.[2]NeonTubeDirectional (4)
GameCore.[8]ConeRing(Clone).[0]Cone.[2]NeonTubeDirectional (4).[0]BakedBloom
GameCore.[8]ConeRing(Clone).[0]Cone.[3]NeonTubeDirectional (5)
GameCore.[8]ConeRing(Clone).[0]Cone.[3]NeonTubeDirectional (5).[0]BakedBloom
GameCore.[8]ConeRing(Clone).[0]Cone.[4]ConeLight2
GameCore.[8]ConeRing(Clone).[0]Cone.[5]NeonTubeDirectional (2)
GameCore.[8]ConeRing(Clone).[0]Cone.[5]NeonTubeDirectional (2).[0]BakedBloom
GameCore.[8]ConeRing(Clone).[0]Cone.[6]NeonTubeDirectional (3)
GameCore.[8]ConeRing(Clone).[0]Cone.[6]NeonTubeDirectional (3).[0]BakedBloom
GameCore.[8]ConeRing(Clone).[0]Cone.[7]ConeLight1
GameCore.[8]ConeRing(Clone).[0]Cone.[8]NeonTubeDirectional
GameCore.[8]ConeRing(Clone).[0]Cone.[8]NeonTubeDirectional.[0]BakedBloom
GameCore.[8]ConeRing(Clone).[0]Cone.[9]NeonTubeDirectional (1)
GameCore.[8]ConeRing(Clone).[0]Cone.[9]NeonTubeDirectional (1).[0]BakedBloom
GameCore.[8]ConeRing(Clone).[1]Cone (1)
GameCore.[8]ConeRing(Clone).[1]Cone (1).[0]Cone
GameCore.[8]ConeRing(Clone).[1]Cone (1).[1]ConeLight3
GameCore.[8]ConeRing(Clone).[1]Cone (1).[10]ConeLight0
GameCore.[8]ConeRing(Clone).[1]Cone (1).[11]NeonTubeDirectional (6)
GameCore.[8]ConeRing(Clone).[1]Cone (1).[11]NeonTubeDirectional (6).[0]BakedBloom
GameCore.[8]ConeRing(Clone).[1]Cone (1).[2]NeonTubeDirectional (4)
GameCore.[8]ConeRing(Clone).[1]Cone (1).[2]NeonTubeDirectional (4).[0]BakedBloom
GameCore.[8]ConeRing(Clone).[1]Cone (1).[3]NeonTubeDirectional (5)
GameCore.[8]ConeRing(Clone).[1]Cone (1).[3]NeonTubeDirectional (5).[0]BakedBloom
GameCore.[8]ConeRing(Clone).[1]Cone (1).[4]ConeLight2
GameCore.[8]ConeRing(Clone).[1]Cone (1).[5]NeonTubeDirectional (2)
GameCore.[8]ConeRing(Clone).[1]Cone (1).[5]NeonTubeDirectional (2).[0]BakedBloom
GameCore.[8]ConeRing(Clone).[1]Cone (1).[6]NeonTubeDirectional (3)
GameCore.[8]ConeRing(Clone).[1]Cone (1).[6]NeonTubeDirectional (3).[0]BakedBloom
GameCore.[8]ConeRing(Clone).[1]Cone (1).[7]ConeLight1
GameCore.[8]ConeRing(Clone).[1]Cone (1).[8]NeonTubeDirectional
GameCore.[8]ConeRing(Clone).[1]Cone (1).[8]NeonTubeDirectional.[0]BakedBloom
GameCore.[8]ConeRing(Clone).[1]Cone (1).[9]NeonTubeDirectional (1)
GameCore.[8]ConeRing(Clone).[1]Cone (1).[9]NeonTubeDirectional (1).[0]BakedBloom
GameCore.[9]ConeRing(Clone)
GameCore.[9]ConeRing(Clone).[0]Cone
GameCore.[9]ConeRing(Clone).[0]Cone.[0]Cone
GameCore.[9]ConeRing(Clone).[0]Cone.[1]ConeLight3
GameCore.[9]ConeRing(Clone).[0]Cone.[10]ConeLight0
GameCore.[9]ConeRing(Clone).[0]Cone.[11]NeonTubeDirectional (6)
GameCore.[9]ConeRing(Clone).[0]Cone.[11]NeonTubeDirectional (6).[0]BakedBloom
GameCore.[9]ConeRing(Clone).[0]Cone.[2]NeonTubeDirectional (4)
GameCore.[9]ConeRing(Clone).[0]Cone.[2]NeonTubeDirectional (4).[0]BakedBloom
GameCore.[9]ConeRing(Clone).[0]Cone.[3]NeonTubeDirectional (5)
GameCore.[9]ConeRing(Clone).[0]Cone.[3]NeonTubeDirectional (5).[0]BakedBloom
GameCore.[9]ConeRing(Clone).[0]Cone.[4]ConeLight2
GameCore.[9]ConeRing(Clone).[0]Cone.[5]NeonTubeDirectional (2)
GameCore.[9]ConeRing(Clone).[0]Cone.[5]NeonTubeDirectional (2).[0]BakedBloom
GameCore.[9]ConeRing(Clone).[0]Cone.[6]NeonTubeDirectional (3)
GameCore.[9]ConeRing(Clone).[0]Cone.[6]NeonTubeDirectional (3).[0]BakedBloom
GameCore.[9]ConeRing(Clone).[0]Cone.[7]ConeLight1
GameCore.[9]ConeRing(Clone).[0]Cone.[8]NeonTubeDirectional
GameCore.[9]ConeRing(Clone).[0]Cone.[8]NeonTubeDirectional.[0]BakedBloom
GameCore.[9]ConeRing(Clone).[0]Cone.[9]NeonTubeDirectional (1)
GameCore.[9]ConeRing(Clone).[0]Cone.[9]NeonTubeDirectional (1).[0]BakedBloom
GameCore.[9]ConeRing(Clone).[1]Cone (1)
GameCore.[9]ConeRing(Clone).[1]Cone (1).[0]Cone
GameCore.[9]ConeRing(Clone).[1]Cone (1).[1]ConeLight3
GameCore.[9]ConeRing(Clone).[1]Cone (1).[10]ConeLight0
GameCore.[9]ConeRing(Clone).[1]Cone (1).[11]NeonTubeDirectional (6)
GameCore.[9]ConeRing(Clone).[1]Cone (1).[11]NeonTubeDirectional (6).[0]BakedBloom
GameCore.[9]ConeRing(Clone).[1]Cone (1).[2]NeonTubeDirectional (4)
GameCore.[9]ConeRing(Clone).[1]Cone (1).[2]NeonTubeDirectional (4).[0]BakedBloom
GameCore.[9]ConeRing(Clone).[1]Cone (1).[3]NeonTubeDirectional (5)
GameCore.[9]ConeRing(Clone).[1]Cone (1).[3]NeonTubeDirectional (5).[0]BakedBloom
GameCore.[9]ConeRing(Clone).[1]Cone (1).[4]ConeLight2
GameCore.[9]ConeRing(Clone).[1]Cone (1).[5]NeonTubeDirectional (2)
GameCore.[9]ConeRing(Clone).[1]Cone (1).[5]NeonTubeDirectional (2).[0]BakedBloom
GameCore.[9]ConeRing(Clone).[1]Cone (1).[6]NeonTubeDirectional (3)
GameCore.[9]ConeRing(Clone).[1]Cone (1).[6]NeonTubeDirectional (3).[0]BakedBloom
GameCore.[9]ConeRing(Clone).[1]Cone (1).[7]ConeLight1
GameCore.[9]ConeRing(Clone).[1]Cone (1).[8]NeonTubeDirectional
GameCore.[9]ConeRing(Clone).[1]Cone (1).[8]NeonTubeDirectional.[0]BakedBloom
GameCore.[9]ConeRing(Clone).[1]Cone (1).[9]NeonTubeDirectional (1)
GameCore.[9]ConeRing(Clone).[1]Cone (1).[9]NeonTubeDirectional (1).[0]BakedBloom
KaleidoscopeEnvironment.[0]Environment
KaleidoscopeEnvironment.[0]Environment.[0]DecoratorContext
KaleidoscopeEnvironment.[0]Environment.[1]SceneSetup
KaleidoscopeEnvironment.[0]Environment.[10]LightEffects
KaleidoscopeEnvironment.[0]Environment.[11]LightWithIdManager
KaleidoscopeEnvironment.[0]Environment.[12]CoreLighting
KaleidoscopeEnvironment.[0]Environment.[12]CoreLighting.[0]LightManager
KaleidoscopeEnvironment.[0]Environment.[12]CoreLighting.[1]LightWrapper0
KaleidoscopeEnvironment.[0]Environment.[12]CoreLighting.[1]LightWrapper0.[0]DirectionalLight
KaleidoscopeEnvironment.[0]Environment.[12]CoreLighting.[2]LightWrapper1
KaleidoscopeEnvironment.[0]Environment.[12]CoreLighting.[2]LightWrapper1.[0]DirectionalLight
KaleidoscopeEnvironment.[0]Environment.[12]CoreLighting.[3]DirectionalLight
KaleidoscopeEnvironment.[0]Environment.[12]CoreLighting.[4]DirectionalLight
KaleidoscopeEnvironment.[0]Environment.[12]CoreLighting.[5]DirectionalLight
KaleidoscopeEnvironment.[0]Environment.[13]GradientBackground
KaleidoscopeEnvironment.[0]Environment.[14]TrackMirror
KaleidoscopeEnvironment.[0]Environment.[14]TrackMirror.[0]TrackMirrorSetDepth
KaleidoscopeEnvironment.[0]Environment.[15]Construction
KaleidoscopeEnvironment.[0]Environment.[16]BakedReflectionProbe
KaleidoscopeEnvironment.[0]Environment.[17]BSBakedLightingLightWithIds
KaleidoscopeEnvironment.[0]Environment.[18]FakeMirrorSettings
KaleidoscopeEnvironment.[0]Environment.[19]BakedReflectionProbeInstaller
KaleidoscopeEnvironment.[0]Environment.[2]====== STATIC ======
KaleidoscopeEnvironment.[0]Environment.[3]====== DYNAMIC ======
KaleidoscopeEnvironment.[0]Environment.[4]PlayersPlace
KaleidoscopeEnvironment.[0]Environment.[4]PlayersPlace.[0]Mirror
KaleidoscopeEnvironment.[0]Environment.[4]PlayersPlace.[1]Feet
KaleidoscopeEnvironment.[0]Environment.[4]PlayersPlace.[2]Construction
KaleidoscopeEnvironment.[0]Environment.[4]PlayersPlace.[3]RectangleFakeGlow
KaleidoscopeEnvironment.[0]Environment.[4]PlayersPlace.[4]SaberBurnMarksParticles
KaleidoscopeEnvironment.[0]Environment.[4]PlayersPlace.[4]SaberBurnMarksParticles.[0]SaberBurnMarkSparklePS
KaleidoscopeEnvironment.[0]Environment.[4]PlayersPlace.[5]SaberBurnMarksArea
KaleidoscopeEnvironment.[0]Environment.[4]PlayersPlace.[6]Collider
KaleidoscopeEnvironment.[0]Environment.[5]SmallTrackLaneRings
KaleidoscopeEnvironment.[0]Environment.[6]DistantRings
KaleidoscopeEnvironment.[0]Environment.[7]DustPS
KaleidoscopeEnvironment.[0]Environment.[8]====== LIGHTS ======
KaleidoscopeEnvironment.[0]Environment.[9]NarrowGameHUD
KaleidoscopeEnvironment.[0]Environment.[9]NarrowGameHUD.[0]EnergyPanel
KaleidoscopeEnvironment.[0]Environment.[9]NarrowGameHUD.[0]EnergyPanel.[0]BG
KaleidoscopeEnvironment.[0]Environment.[9]NarrowGameHUD.[0]EnergyPanel.[1]BarBG
KaleidoscopeEnvironment.[0]Environment.[9]NarrowGameHUD.[0]EnergyPanel.[2]EnergyIconEmpty
KaleidoscopeEnvironment.[0]Environment.[9]NarrowGameHUD.[0]EnergyPanel.[3]EnergyIconFull
KaleidoscopeEnvironment.[0]Environment.[9]NarrowGameHUD.[0]EnergyPanel.[4]EnergyBarWrapper
KaleidoscopeEnvironment.[0]Environment.[9]NarrowGameHUD.[0]EnergyPanel.[4]EnergyBarWrapper.[0]EnergyBar
KaleidoscopeEnvironment.[0]Environment.[9]NarrowGameHUD.[0]EnergyPanel.[5]Laser
KaleidoscopeEnvironment.[0]Environment.[9]NarrowGameHUD.[0]EnergyPanel.[5]Laser.[0]BoxLight
KaleidoscopeEnvironment.[0]Environment.[9]NarrowGameHUD.[0]EnergyPanel.[5]Laser.[1]BakedBloom
KaleidoscopeEnvironment.[0]Environment.[9]NarrowGameHUD.[0]EnergyPanel.[6]FailIcon
KaleidoscopeEnvironment.[0]Environment.[9]NarrowGameHUD.[1]LeftPanel
KaleidoscopeEnvironment.[0]Environment.[9]NarrowGameHUD.[1]LeftPanel.[0]ComboPanel
KaleidoscopeEnvironment.[0]Environment.[9]NarrowGameHUD.[1]LeftPanel.[0]ComboPanel.[0]ComboText
KaleidoscopeEnvironment.[0]Environment.[9]NarrowGameHUD.[1]LeftPanel.[0]ComboPanel.[1]ComboCanvas
KaleidoscopeEnvironment.[0]Environment.[9]NarrowGameHUD.[1]LeftPanel.[0]ComboPanel.[1]ComboCanvas.[0]NumText
KaleidoscopeEnvironment.[0]Environment.[9]NarrowGameHUD.[1]LeftPanel.[0]ComboPanel.[2]Line0
KaleidoscopeEnvironment.[0]Environment.[9]NarrowGameHUD.[1]LeftPanel.[0]ComboPanel.[3]Line1
KaleidoscopeEnvironment.[0]Environment.[9]NarrowGameHUD.[1]LeftPanel.[1]ScoreCanvas
KaleidoscopeEnvironment.[0]Environment.[9]NarrowGameHUD.[1]LeftPanel.[1]ScoreCanvas.[0]ScoreText
KaleidoscopeEnvironment.[0]Environment.[9]NarrowGameHUD.[1]LeftPanel.[1]ScoreCanvas.[1]ImmediateRankText
KaleidoscopeEnvironment.[0]Environment.[9]NarrowGameHUD.[1]LeftPanel.[1]ScoreCanvas.[2]RelativeScoreText
KaleidoscopeEnvironment.[0]Environment.[9]NarrowGameHUD.[2]RightPanel
KaleidoscopeEnvironment.[0]Environment.[9]NarrowGameHUD.[2]RightPanel.[0]MultiplierCanvas
KaleidoscopeEnvironment.[0]Environment.[9]NarrowGameHUD.[2]RightPanel.[0]MultiplierCanvas.[0]BGCircle
KaleidoscopeEnvironment.[0]Environment.[9]NarrowGameHUD.[2]RightPanel.[0]MultiplierCanvas.[1]FGCircle
KaleidoscopeEnvironment.[0]Environment.[9]NarrowGameHUD.[2]RightPanel.[0]MultiplierCanvas.[2]AnimationCircle
KaleidoscopeEnvironment.[0]Environment.[9]NarrowGameHUD.[2]RightPanel.[0]MultiplierCanvas.[3]TextOverlayPanelOutline1
KaleidoscopeEnvironment.[0]Environment.[9]NarrowGameHUD.[2]RightPanel.[0]MultiplierCanvas.[3]TextOverlayPanelOutline1.[0]XText
KaleidoscopeEnvironment.[0]Environment.[9]NarrowGameHUD.[2]RightPanel.[0]MultiplierCanvas.[3]TextOverlayPanelOutline1.[1]NumText
KaleidoscopeEnvironment.[0]Environment.[9]NarrowGameHUD.[2]RightPanel.[0]MultiplierCanvas.[4]TextOverlayPanelOutline0
KaleidoscopeEnvironment.[0]Environment.[9]NarrowGameHUD.[2]RightPanel.[0]MultiplierCanvas.[4]TextOverlayPanelOutline0.[0]XText
KaleidoscopeEnvironment.[0]Environment.[9]NarrowGameHUD.[2]RightPanel.[0]MultiplierCanvas.[4]TextOverlayPanelOutline0.[1]NumText
KaleidoscopeEnvironment.[0]Environment.[9]NarrowGameHUD.[2]RightPanel.[0]MultiplierCanvas.[5]TextPanel
KaleidoscopeEnvironment.[0]Environment.[9]NarrowGameHUD.[2]RightPanel.[0]MultiplierCanvas.[5]TextPanel.[0]XText
KaleidoscopeEnvironment.[0]Environment.[9]NarrowGameHUD.[2]RightPanel.[0]MultiplierCanvas.[5]TextPanel.[1]NumText
KaleidoscopeEnvironment.[0]Environment.[9]NarrowGameHUD.[2]RightPanel.[1]SongProgressCanvas
KaleidoscopeEnvironment.[0]Environment.[9]NarrowGameHUD.[2]RightPanel.[1]SongProgressCanvas.[0]Progress
KaleidoscopeEnvironment.[0]Environment.[9]NarrowGameHUD.[2]RightPanel.[1]SongProgressCanvas.[1]Slider
KaleidoscopeEnvironment.[0]Environment.[9]NarrowGameHUD.[2]RightPanel.[1]SongProgressCanvas.[1]Slider.[0]Background
KaleidoscopeEnvironment.[0]Environment.[9]NarrowGameHUD.[2]RightPanel.[1]SongProgressCanvas.[1]Slider.[1]Handle Slide Area
KaleidoscopeEnvironment.[0]Environment.[9]NarrowGameHUD.[2]RightPanel.[1]SongProgressCanvas.[1]Slider.[1]Handle Slide Area.[0]Handle
KaleidoscopeEnvironment.[0]Environment.[9]NarrowGameHUD.[2]RightPanel.[1]SongProgressCanvas.[2]DurationMinutes
KaleidoscopeEnvironment.[0]Environment.[9]NarrowGameHUD.[2]RightPanel.[1]SongProgressCanvas.[3]DurationSeconds
KaleidoscopeEnvironment.[0]Environment.[9]NarrowGameHUD.[2]RightPanel.[1]SongProgressCanvas.[4]ProgressMinutes
KaleidoscopeEnvironment.[0]Environment.[9]NarrowGameHUD.[2]RightPanel.[1]SongProgressCanvas.[5]ProgressSeconds
KaleidoscopeEnvironment.[0]Environment.[9]NarrowGameHUD.[2]RightPanel.[1]SongProgressCanvas.[6]BG
KaleidoscopeEnvironment.[1]CinemaPlaybackController
KaleidoscopeEnvironment.[1]CinemaPlaybackController.[0]CinemaScreen
KaleidoscopeEnvironment.[1]CinemaPlaybackController.[0]CinemaScreen.[0]Body