LinkinParkEnvironment.[0]Environment
LinkinParkEnvironment.[0]Environment.[0]DecoratorContext
LinkinParkEnvironment.[0]Environment.[1]SceneSetup
LinkinParkEnvironment.[0]Environment.[10]TunnelRings
LinkinParkEnvironment.[0]Environment.[11]PlayersPlace
LinkinParkEnvironment.[0]Environment.[11]PlayersPlace.[0]Mirror
LinkinParkEnvironment.[0]Environment.[11]PlayersPlace.[1]Feet
LinkinParkEnvironment.[0]Environment.[11]PlayersPlace.[2]Construction
LinkinParkEnvironment.[0]Environment.[11]PlayersPlace.[3]RectangleFakeGlow
LinkinParkEnvironment.[0]Environment.[11]PlayersPlace.[4]SaberBurnMarksParticles
LinkinParkEnvironment.[0]Environment.[11]PlayersPlace.[4]SaberBurnMarksParticles.[0]SaberBurnMarkSparklePS
LinkinParkEnvironment.[0]Environment.[11]PlayersPlace.[5]SaberBurnMarksArea
LinkinParkEnvironment.[0]Environment.[11]PlayersPlace.[6]Collider
LinkinParkEnvironment.[0]Environment.[12]TrackMirror
LinkinParkEnvironment.[0]Environment.[12]TrackMirror.[0]TrackMirrorSetDepth
LinkinParkEnvironment.[0]Environment.[13]TrackConstruction
LinkinParkEnvironment.[0]Environment.[14]LinkinParkSoldier
LinkinParkEnvironment.[0]Environment.[15]LinkinParkTextLogoR
LinkinParkEnvironment.[0]Environment.[16]LinkinParkTextLogoL
LinkinParkEnvironment.[0]Environment.[17]Tunnel
LinkinParkEnvironment.[0]Environment.[17]Tunnel.[0]Floor
LinkinParkEnvironment.[0]Environment.[17]Tunnel.[1]Top
LinkinParkEnvironment.[0]Environment.[18]Tunnel (1)
LinkinParkEnvironment.[0]Environment.[18]Tunnel (1).[0]Floor
LinkinParkEnvironment.[0]Environment.[18]Tunnel (1).[1]Top
LinkinParkEnvironment.[0]Environment.[19]Tunnel (2)
LinkinParkEnvironment.[0]Environment.[19]Tunnel (2).[0]Floor
LinkinParkEnvironment.[0]Environment.[19]Tunnel (2).[1]Top
LinkinParkEnvironment.[0]Environment.[2]BakedReflectionProbeInstaller
LinkinParkEnvironment.[0]Environment.[20]Tunnel (3)
LinkinParkEnvironment.[0]Environment.[20]Tunnel (3).[0]Floor
LinkinParkEnvironment.[0]Environment.[20]Tunnel (3).[1]Top
LinkinParkEnvironment.[0]Environment.[21]Tunnel (4)
LinkinParkEnvironment.[0]Environment.[21]Tunnel (4).[0]Floor
LinkinParkEnvironment.[0]Environment.[21]Tunnel (4).[1]Top
LinkinParkEnvironment.[0]Environment.[22]Tunnel (5)
LinkinParkEnvironment.[0]Environment.[22]Tunnel (5).[0]Floor
LinkinParkEnvironment.[0]Environment.[22]Tunnel (5).[1]Top
LinkinParkEnvironment.[0]Environment.[23]Tunnel (6)
LinkinParkEnvironment.[0]Environment.[23]Tunnel (6).[0]Floor
LinkinParkEnvironment.[0]Environment.[23]Tunnel (6).[1]Top
LinkinParkEnvironment.[0]Environment.[24]Tunnel (7)
LinkinParkEnvironment.[0]Environment.[24]Tunnel (7).[0]Floor
LinkinParkEnvironment.[0]Environment.[24]Tunnel (7).[1]Top
LinkinParkEnvironment.[0]Environment.[25]Tunnel (8)
LinkinParkEnvironment.[0]Environment.[25]Tunnel (8).[0]Floor
LinkinParkEnvironment.[0]Environment.[25]Tunnel (8).[1]Top
LinkinParkEnvironment.[0]Environment.[26]Tunnel (9)
LinkinParkEnvironment.[0]Environment.[26]Tunnel (9).[0]Floor
LinkinParkEnvironment.[0]Environment.[26]Tunnel (9).[1]Top
LinkinParkEnvironment.[0]Environment.[27]Tunnel (10)
LinkinParkEnvironment.[0]Environment.[27]Tunnel (10).[0]Floor
LinkinParkEnvironment.[0]Environment.[27]Tunnel (10).[1]Top
LinkinParkEnvironment.[0]Environment.[28]====== DYNAMIC ======
LinkinParkEnvironment.[0]Environment.[29]NarrowGameHUD
LinkinParkEnvironment.[0]Environment.[29]NarrowGameHUD.[0]EnergyPanel
LinkinParkEnvironment.[0]Environment.[29]NarrowGameHUD.[0]EnergyPanel.[0]BG
LinkinParkEnvironment.[0]Environment.[29]NarrowGameHUD.[0]EnergyPanel.[1]BarBG
LinkinParkEnvironment.[0]Environment.[29]NarrowGameHUD.[0]EnergyPanel.[2]EnergyIconEmpty
LinkinParkEnvironment.[0]Environment.[29]NarrowGameHUD.[0]EnergyPanel.[3]EnergyIconFull
LinkinParkEnvironment.[0]Environment.[29]NarrowGameHUD.[0]EnergyPanel.[4]EnergyBarWrapper
LinkinParkEnvironment.[0]Environment.[29]NarrowGameHUD.[0]EnergyPanel.[4]EnergyBarWrapper.[0]EnergyBar
LinkinParkEnvironment.[0]Environment.[29]NarrowGameHUD.[0]EnergyPanel.[5]Laser
LinkinParkEnvironment.[0]Environment.[29]NarrowGameHUD.[0]EnergyPanel.[5]Laser.[0]BoxLight
LinkinParkEnvironment.[0]Environment.[29]NarrowGameHUD.[0]EnergyPanel.[5]Laser.[1]BakedBloom
LinkinParkEnvironment.[0]Environment.[29]NarrowGameHUD.[0]EnergyPanel.[6]FailIcon
LinkinParkEnvironment.[0]Environment.[29]NarrowGameHUD.[1]LeftPanel
LinkinParkEnvironment.[0]Environment.[29]NarrowGameHUD.[1]LeftPanel.[0]ComboPanel
LinkinParkEnvironment.[0]Environment.[29]NarrowGameHUD.[1]LeftPanel.[0]ComboPanel.[0]ComboText
LinkinParkEnvironment.[0]Environment.[29]NarrowGameHUD.[1]LeftPanel.[0]ComboPanel.[1]ComboCanvas
LinkinParkEnvironment.[0]Environment.[29]NarrowGameHUD.[1]LeftPanel.[0]ComboPanel.[1]ComboCanvas.[0]NumText
LinkinParkEnvironment.[0]Environment.[29]NarrowGameHUD.[1]LeftPanel.[0]ComboPanel.[2]Line0
LinkinParkEnvironment.[0]Environment.[29]NarrowGameHUD.[1]LeftPanel.[0]ComboPanel.[3]Line1
LinkinParkEnvironment.[0]Environment.[29]NarrowGameHUD.[1]LeftPanel.[1]ScoreCanvas
LinkinParkEnvironment.[0]Environment.[29]NarrowGameHUD.[1]LeftPanel.[1]ScoreCanvas.[0]ScoreText
LinkinParkEnvironment.[0]Environment.[29]NarrowGameHUD.[1]LeftPanel.[1]ScoreCanvas.[1]ImmediateRankText
LinkinParkEnvironment.[0]Environment.[29]NarrowGameHUD.[1]LeftPanel.[1]ScoreCanvas.[2]RelativeScoreText
LinkinParkEnvironment.[0]Environment.[29]NarrowGameHUD.[2]RightPanel
LinkinParkEnvironment.[0]Environment.[29]NarrowGameHUD.[2]RightPanel.[0]MultiplierCanvas
LinkinParkEnvironment.[0]Environment.[29]NarrowGameHUD.[2]RightPanel.[0]MultiplierCanvas.[0]BGCircle
LinkinParkEnvironment.[0]Environment.[29]NarrowGameHUD.[2]RightPanel.[0]MultiplierCanvas.[1]FGCircle
LinkinParkEnvironment.[0]Environment.[29]NarrowGameHUD.[2]RightPanel.[0]MultiplierCanvas.[2]AnimationCircle
LinkinParkEnvironment.[0]Environment.[29]NarrowGameHUD.[2]RightPanel.[0]MultiplierCanvas.[3]TextOverlayPanelOutline1
LinkinParkEnvironment.[0]Environment.[29]NarrowGameHUD.[2]RightPanel.[0]MultiplierCanvas.[3]TextOverlayPanelOutline1.[0]XText
LinkinParkEnvironment.[0]Environment.[29]NarrowGameHUD.[2]RightPanel.[0]MultiplierCanvas.[3]TextOverlayPanelOutline1.[1]NumText
LinkinParkEnvironment.[0]Environment.[29]NarrowGameHUD.[2]RightPanel.[0]MultiplierCanvas.[4]TextOverlayPanelOutline0
LinkinParkEnvironment.[0]Environment.[29]NarrowGameHUD.[2]RightPanel.[0]MultiplierCanvas.[4]TextOverlayPanelOutline0.[0]XText
LinkinParkEnvironment.[0]Environment.[29]NarrowGameHUD.[2]RightPanel.[0]MultiplierCanvas.[4]TextOverlayPanelOutline0.[1]NumText
LinkinParkEnvironment.[0]Environment.[29]NarrowGameHUD.[2]RightPanel.[0]MultiplierCanvas.[5]TextPanel
LinkinParkEnvironment.[0]Environment.[29]NarrowGameHUD.[2]RightPanel.[0]MultiplierCanvas.[5]TextPanel.[0]XText
LinkinParkEnvironment.[0]Environment.[29]NarrowGameHUD.[2]RightPanel.[0]MultiplierCanvas.[5]TextPanel.[1]NumText
LinkinParkEnvironment.[0]Environment.[29]NarrowGameHUD.[2]RightPanel.[1]SongProgressCanvas
LinkinParkEnvironment.[0]Environment.[29]NarrowGameHUD.[2]RightPanel.[1]SongProgressCanvas.[0]Progress
LinkinParkEnvironment.[0]Environment.[29]NarrowGameHUD.[2]RightPanel.[1]SongProgressCanvas.[1]Slider
LinkinParkEnvironment.[0]Environment.[29]NarrowGameHUD.[2]RightPanel.[1]SongProgressCanvas.[1]Slider.[0]Background
LinkinParkEnvironment.[0]Environment.[29]NarrowGameHUD.[2]RightPanel.[1]SongProgressCanvas.[1]Slider.[1]Handle Slide Area
LinkinParkEnvironment.[0]Environment.[29]NarrowGameHUD.[2]RightPanel.[1]SongProgressCanvas.[1]Slider.[1]Handle Slide Area.[0]Handle
LinkinParkEnvironment.[0]Environment.[29]NarrowGameHUD.[2]RightPanel.[1]SongProgressCanvas.[2]DurationMinutes
LinkinParkEnvironment.[0]Environment.[29]NarrowGameHUD.[2]RightPanel.[1]SongProgressCanvas.[3]DurationSeconds
LinkinParkEnvironment.[0]Environment.[29]NarrowGameHUD.[2]RightPanel.[1]SongProgressCanvas.[4]ProgressMinutes
LinkinParkEnvironment.[0]Environment.[29]NarrowGameHUD.[2]RightPanel.[1]SongProgressCanvas.[5]ProgressSeconds
LinkinParkEnvironment.[0]Environment.[29]NarrowGameHUD.[2]RightPanel.[1]SongProgressCanvas.[6]BG
LinkinParkEnvironment.[0]Environment.[3]FakeMirrorSettings
LinkinParkEnvironment.[0]Environment.[30]Spectrograms
LinkinParkEnvironment.[0]Environment.[30]Spectrograms.[0]TunnelSpectrogram
LinkinParkEnvironment.[0]Environment.[30]Spectrograms.[1]TunnelSpectrogram
LinkinParkEnvironment.[0]Environment.[31]DustPS
LinkinParkEnvironment.[0]Environment.[32]BigSmokePS
LinkinParkEnvironment.[0]Environment.[33]====== LIGHTS ======
LinkinParkEnvironment.[0]Environment.[34]CoreLighting
LinkinParkEnvironment.[0]Environment.[34]CoreLighting.[0]LightManager
LinkinParkEnvironment.[0]Environment.[34]CoreLighting.[1]DirectionalLight
LinkinParkEnvironment.[0]Environment.[34]CoreLighting.[2]DirectionalLight
LinkinParkEnvironment.[0]Environment.[34]CoreLighting.[3]DirectionalLight
LinkinParkEnvironment.[0]Environment.[34]CoreLighting.[4]DirectionalLight
LinkinParkEnvironment.[0]Environment.[34]CoreLighting.[5]DirectionalLight
LinkinParkEnvironment.[0]Environment.[35]LogoLight
LinkinParkEnvironment.[0]Environment.[36]Logo
LinkinParkEnvironment.[0]Environment.[37]LaserL
LinkinParkEnvironment.[0]Environment.[37]LaserL.[0]BoxLight
LinkinParkEnvironment.[0]Environment.[37]LaserL.[1]BakedBloom
LinkinParkEnvironment.[0]Environment.[38]LaserL (2)
LinkinParkEnvironment.[0]Environment.[38]LaserL (2).[0]BoxLight
LinkinParkEnvironment.[0]Environment.[38]LaserL (2).[1]BakedBloom
LinkinParkEnvironment.[0]Environment.[39]LarerR
LinkinParkEnvironment.[0]Environment.[39]LarerR.[0]BoxLight
LinkinParkEnvironment.[0]Environment.[39]LarerR.[1]BakedBloom
LinkinParkEnvironment.[0]Environment.[4]LightEffects
LinkinParkEnvironment.[0]Environment.[40]LarerR (2)
LinkinParkEnvironment.[0]Environment.[40]LarerR (2).[0]BoxLight
LinkinParkEnvironment.[0]Environment.[40]LarerR (2).[1]BakedBloom
LinkinParkEnvironment.[0]Environment.[41]LaserFloor (2)
LinkinParkEnvironment.[0]Environment.[41]LaserFloor (2).[0]BoxLight
LinkinParkEnvironment.[0]Environment.[41]LaserFloor (2).[1]BakedBloom
LinkinParkEnvironment.[0]Environment.[42]LaserFloor (3)
LinkinParkEnvironment.[0]Environment.[42]LaserFloor (3).[0]BoxLight
LinkinParkEnvironment.[0]Environment.[42]LaserFloor (3).[1]BakedBloom
LinkinParkEnvironment.[0]Environment.[43]LaserFloor (4)
LinkinParkEnvironment.[0]Environment.[43]LaserFloor (4).[0]BoxLight
LinkinParkEnvironment.[0]Environment.[43]LaserFloor (4).[1]BakedBloom
LinkinParkEnvironment.[0]Environment.[44]TunnelRotatingLasersPair
LinkinParkEnvironment.[0]Environment.[44]TunnelRotatingLasersPair.[0]BaseL
LinkinParkEnvironment.[0]Environment.[44]TunnelRotatingLasersPair.[0]BaseL.[0]Laser
LinkinParkEnvironment.[0]Environment.[44]TunnelRotatingLasersPair.[0]BaseL.[0]Laser.[0]BoxLight
LinkinParkEnvironment.[0]Environment.[44]TunnelRotatingLasersPair.[0]BaseL.[0]Laser.[1]BakedBloom
LinkinParkEnvironment.[0]Environment.[44]TunnelRotatingLasersPair.[1]BaseR
LinkinParkEnvironment.[0]Environment.[44]TunnelRotatingLasersPair.[1]BaseR.[0]Laser
LinkinParkEnvironment.[0]Environment.[44]TunnelRotatingLasersPair.[1]BaseR.[0]Laser.[0]BoxLight
LinkinParkEnvironment.[0]Environment.[44]TunnelRotatingLasersPair.[1]BaseR.[0]Laser.[1]BakedBloom
LinkinParkEnvironment.[0]Environment.[45]TunnelRotatingLasersPair (1)
LinkinParkEnvironment.[0]Environment.[45]TunnelRotatingLasersPair (1).[0]BaseL
LinkinParkEnvironment.[0]Environment.[45]TunnelRotatingLasersPair (1).[0]BaseL.[0]Laser
LinkinParkEnvironment.[0]Environment.[45]TunnelRotatingLasersPair (1).[0]BaseL.[0]Laser.[0]BoxLight
LinkinParkEnvironment.[0]Environment.[45]TunnelRotatingLasersPair (1).[0]BaseL.[0]Laser.[1]BakedBloom
LinkinParkEnvironment.[0]Environment.[45]TunnelRotatingLasersPair (1).[1]BaseR
LinkinParkEnvironment.[0]Environment.[45]TunnelRotatingLasersPair (1).[1]BaseR.[0]Laser
LinkinParkEnvironment.[0]Environment.[45]TunnelRotatingLasersPair (1).[1]BaseR.[0]Laser.[0]BoxLight
LinkinParkEnvironment.[0]Environment.[45]TunnelRotatingLasersPair (1).[1]BaseR.[0]Laser.[1]BakedBloom
LinkinParkEnvironment.[0]Environment.[46]TunnelRotatingLasersPair (2)
LinkinParkEnvironment.[0]Environment.[46]TunnelRotatingLasersPair (2).[0]BaseL
LinkinParkEnvironment.[0]Environment.[46]TunnelRotatingLasersPair (2).[0]BaseL.[0]Laser
LinkinParkEnvironment.[0]Environment.[46]TunnelRotatingLasersPair (2).[0]BaseL.[0]Laser.[0]BoxLight
LinkinParkEnvironment.[0]Environment.[46]TunnelRotatingLasersPair (2).[0]BaseL.[0]Laser.[1]BakedBloom
LinkinParkEnvironment.[0]Environment.[46]TunnelRotatingLasersPair (2).[1]BaseR
LinkinParkEnvironment.[0]Environment.[46]TunnelRotatingLasersPair (2).[1]BaseR.[0]Laser
LinkinParkEnvironment.[0]Environment.[46]TunnelRotatingLasersPair (2).[1]BaseR.[0]Laser.[0]BoxLight
LinkinParkEnvironment.[0]Environment.[46]TunnelRotatingLasersPair (2).[1]BaseR.[0]Laser.[1]BakedBloom
LinkinParkEnvironment.[0]Environment.[47]TunnelRotatingLasersPair (3)
LinkinParkEnvironment.[0]Environment.[47]TunnelRotatingLasersPair (3).[0]BaseL
LinkinParkEnvironment.[0]Environment.[47]TunnelRotatingLasersPair (3).[0]BaseL.[0]Laser
LinkinParkEnvironment.[0]Environment.[47]TunnelRotatingLasersPair (3).[0]BaseL.[0]Laser.[0]BoxLight
LinkinParkEnvironment.[0]Environment.[47]TunnelRotatingLasersPair (3).[0]BaseL.[0]Laser.[1]BakedBloom
LinkinParkEnvironment.[0]Environment.[47]TunnelRotatingLasersPair (3).[1]BaseR
LinkinParkEnvironment.[0]Environment.[47]TunnelRotatingLasersPair (3).[1]BaseR.[0]Laser
LinkinParkEnvironment.[0]Environment.[47]TunnelRotatingLasersPair (3).[1]BaseR.[0]Laser.[0]BoxLight
LinkinParkEnvironment.[0]Environment.[47]TunnelRotatingLasersPair (3).[1]BaseR.[0]Laser.[1]BakedBloom
LinkinParkEnvironment.[0]Environment.[48]TunnelRotatingLasersPair (4)
LinkinParkEnvironment.[0]Environment.[48]TunnelRotatingLasersPair (4).[0]BaseL
LinkinParkEnvironment.[0]Environment.[48]TunnelRotatingLasersPair (4).[0]BaseL.[0]Laser
LinkinParkEnvironment.[0]Environment.[48]TunnelRotatingLasersPair (4).[0]BaseL.[0]Laser.[0]BoxLight
LinkinParkEnvironment.[0]Environment.[48]TunnelRotatingLasersPair (4).[0]BaseL.[0]Laser.[1]BakedBloom
LinkinParkEnvironment.[0]Environment.[48]TunnelRotatingLasersPair (4).[1]BaseR
LinkinParkEnvironment.[0]Environment.[48]TunnelRotatingLasersPair (4).[1]BaseR.[0]Laser
LinkinParkEnvironment.[0]Environment.[48]TunnelRotatingLasersPair (4).[1]BaseR.[0]Laser.[0]BoxLight
LinkinParkEnvironment.[0]Environment.[48]TunnelRotatingLasersPair (4).[1]BaseR.[0]Laser.[1]BakedBloom
LinkinParkEnvironment.[0]Environment.[49]TunnelRotatingLasersPair (5)
LinkinParkEnvironment.[0]Environment.[49]TunnelRotatingLasersPair (5).[0]BaseL
LinkinParkEnvironment.[0]Environment.[49]TunnelRotatingLasersPair (5).[0]BaseL.[0]Laser
LinkinParkEnvironment.[0]Environment.[49]TunnelRotatingLasersPair (5).[0]BaseL.[0]Laser.[0]BoxLight
LinkinParkEnvironment.[0]Environment.[49]TunnelRotatingLasersPair (5).[0]BaseL.[0]Laser.[1]BakedBloom
LinkinParkEnvironment.[0]Environment.[49]TunnelRotatingLasersPair (5).[1]BaseR
LinkinParkEnvironment.[0]Environment.[49]TunnelRotatingLasersPair (5).[1]BaseR.[0]Laser
LinkinParkEnvironment.[0]Environment.[49]TunnelRotatingLasersPair (5).[1]BaseR.[0]Laser.[0]BoxLight
LinkinParkEnvironment.[0]Environment.[49]TunnelRotatingLasersPair (5).[1]BaseR.[0]Laser.[1]BakedBloom
LinkinParkEnvironment.[0]Environment.[5]LightWithIdManager
LinkinParkEnvironment.[0]Environment.[50]TunnelRotatingLasersPair (6)
LinkinParkEnvironment.[0]Environment.[50]TunnelRotatingLasersPair (6).[0]BaseL
LinkinParkEnvironment.[0]Environment.[50]TunnelRotatingLasersPair (6).[0]BaseL.[0]Laser
LinkinParkEnvironment.[0]Environment.[50]TunnelRotatingLasersPair (6).[0]BaseL.[0]Laser.[0]BoxLight
LinkinParkEnvironment.[0]Environment.[50]TunnelRotatingLasersPair (6).[0]BaseL.[0]Laser.[1]BakedBloom
LinkinParkEnvironment.[0]Environment.[50]TunnelRotatingLasersPair (6).[1]BaseR
LinkinParkEnvironment.[0]Environment.[50]TunnelRotatingLasersPair (6).[1]BaseR.[0]Laser
LinkinParkEnvironment.[0]Environment.[50]TunnelRotatingLasersPair (6).[1]BaseR.[0]Laser.[0]BoxLight
LinkinParkEnvironment.[0]Environment.[50]TunnelRotatingLasersPair (6).[1]BaseR.[0]Laser.[1]BakedBloom
LinkinParkEnvironment.[0]Environment.[51]TunnelRotatingLasersPair (7)
LinkinParkEnvironment.[0]Environment.[51]TunnelRotatingLasersPair (7).[0]BaseL
LinkinParkEnvironment.[0]Environment.[51]TunnelRotatingLasersPair (7).[0]BaseL.[0]Laser
LinkinParkEnvironment.[0]Environment.[51]TunnelRotatingLasersPair (7).[0]BaseL.[0]Laser.[0]BoxLight
LinkinParkEnvironment.[0]Environment.[51]TunnelRotatingLasersPair (7).[0]BaseL.[0]Laser.[1]BakedBloom
LinkinParkEnvironment.[0]Environment.[51]TunnelRotatingLasersPair (7).[1]BaseR
LinkinParkEnvironment.[0]Environment.[51]TunnelRotatingLasersPair (7).[1]BaseR.[0]Laser
LinkinParkEnvironment.[0]Environment.[51]TunnelRotatingLasersPair (7).[1]BaseR.[0]Laser.[0]BoxLight
LinkinParkEnvironment.[0]Environment.[51]TunnelRotatingLasersPair (7).[1]BaseR.[0]Laser.[1]BakedBloom
LinkinParkEnvironment.[0]Environment.[52]TunnelRotatingLasersPair (8)
LinkinParkEnvironment.[0]Environment.[52]TunnelRotatingLasersPair (8).[0]BaseL
LinkinParkEnvironment.[0]Environment.[52]TunnelRotatingLasersPair (8).[0]BaseL.[0]Laser
LinkinParkEnvironment.[0]Environment.[52]TunnelRotatingLasersPair (8).[0]BaseL.[0]Laser.[0]BoxLight
LinkinParkEnvironment.[0]Environment.[52]TunnelRotatingLasersPair (8).[0]BaseL.[0]Laser.[1]BakedBloom
LinkinParkEnvironment.[0]Environment.[52]TunnelRotatingLasersPair (8).[1]BaseR
LinkinParkEnvironment.[0]Environment.[52]TunnelRotatingLasersPair (8).[1]BaseR.[0]Laser
LinkinParkEnvironment.[0]Environment.[52]TunnelRotatingLasersPair (8).[1]BaseR.[0]Laser.[0]BoxLight
LinkinParkEnvironment.[0]Environment.[52]TunnelRotatingLasersPair (8).[1]BaseR.[0]Laser.[1]BakedBloom
LinkinParkEnvironment.[0]Environment.[53]TunnelRotatingLasersPair (9)
LinkinParkEnvironment.[0]Environment.[53]TunnelRotatingLasersPair (9).[0]BaseL
LinkinParkEnvironment.[0]Environment.[53]TunnelRotatingLasersPair (9).[0]BaseL.[0]Laser
LinkinParkEnvironment.[0]Environment.[53]TunnelRotatingLasersPair (9).[0]BaseL.[0]Laser.[0]BoxLight
LinkinParkEnvironment.[0]Environment.[53]TunnelRotatingLasersPair (9).[0]BaseL.[0]Laser.[1]BakedBloom
LinkinParkEnvironment.[0]Environment.[53]TunnelRotatingLasersPair (9).[1]BaseR
LinkinParkEnvironment.[0]Environment.[53]TunnelRotatingLasersPair (9).[1]BaseR.[0]Laser
LinkinParkEnvironment.[0]Environment.[53]TunnelRotatingLasersPair (9).[1]BaseR.[0]Laser.[0]BoxLight
LinkinParkEnvironment.[0]Environment.[53]TunnelRotatingLasersPair (9).[1]BaseR.[0]Laser.[1]BakedBloom
LinkinParkEnvironment.[0]Environment.[54]TunnelRotatingLasersPair (10)
LinkinParkEnvironment.[0]Environment.[54]TunnelRotatingLasersPair (10).[0]BaseL
LinkinParkEnvironment.[0]Environment.[54]TunnelRotatingLasersPair (10).[0]BaseL.[0]Laser
LinkinParkEnvironment.[0]Environment.[54]TunnelRotatingLasersPair (10).[0]BaseL.[0]Laser.[0]BoxLight
LinkinParkEnvironment.[0]Environment.[54]TunnelRotatingLasersPair (10).[0]BaseL.[0]Laser.[1]BakedBloom
LinkinParkEnvironment.[0]Environment.[54]TunnelRotatingLasersPair (10).[1]BaseR
LinkinParkEnvironment.[0]Environment.[54]TunnelRotatingLasersPair (10).[1]BaseR.[0]Laser
LinkinParkEnvironment.[0]Environment.[54]TunnelRotatingLasersPair (10).[1]BaseR.[0]Laser.[0]BoxLight
LinkinParkEnvironment.[0]Environment.[54]TunnelRotatingLasersPair (10).[1]BaseR.[0]Laser.[1]BakedBloom
LinkinParkEnvironment.[0]Environment.[55]TunnelRotatingLasersPair (11)
LinkinParkEnvironment.[0]Environment.[55]TunnelRotatingLasersPair (11).[0]BaseL
LinkinParkEnvironment.[0]Environment.[55]TunnelRotatingLasersPair (11).[0]BaseL.[0]Laser
LinkinParkEnvironment.[0]Environment.[55]TunnelRotatingLasersPair (11).[0]BaseL.[0]Laser.[0]BoxLight
LinkinParkEnvironment.[0]Environment.[55]TunnelRotatingLasersPair (11).[0]BaseL.[0]Laser.[1]BakedBloom
LinkinParkEnvironment.[0]Environment.[55]TunnelRotatingLasersPair (11).[1]BaseR
LinkinParkEnvironment.[0]Environment.[55]TunnelRotatingLasersPair (11).[1]BaseR.[0]Laser
LinkinParkEnvironment.[0]Environment.[55]TunnelRotatingLasersPair (11).[1]BaseR.[0]Laser.[0]BoxLight
LinkinParkEnvironment.[0]Environment.[55]TunnelRotatingLasersPair (11).[1]BaseR.[0]Laser.[1]BakedBloom
LinkinParkEnvironment.[0]Environment.[56]TunnelRotatingLasersPair (12)
LinkinParkEnvironment.[0]Environment.[56]TunnelRotatingLasersPair (12).[0]BaseL
LinkinParkEnvironment.[0]Environment.[56]TunnelRotatingLasersPair (12).[0]BaseL.[0]Laser
LinkinParkEnvironment.[0]Environment.[56]TunnelRotatingLasersPair (12).[0]BaseL.[0]Laser.[0]BoxLight
LinkinParkEnvironment.[0]Environment.[56]TunnelRotatingLasersPair (12).[0]BaseL.[0]Laser.[1]BakedBloom
LinkinParkEnvironment.[0]Environment.[56]TunnelRotatingLasersPair (12).[1]BaseR
LinkinParkEnvironment.[0]Environment.[56]TunnelRotatingLasersPair (12).[1]BaseR.[0]Laser
LinkinParkEnvironment.[0]Environment.[56]TunnelRotatingLasersPair (12).[1]BaseR.[0]Laser.[0]BoxLight
LinkinParkEnvironment.[0]Environment.[56]TunnelRotatingLasersPair (12).[1]BaseR.[0]Laser.[1]BakedBloom
LinkinParkEnvironment.[0]Environment.[57]TunnelRotatingLasersPair (13)
LinkinParkEnvironment.[0]Environment.[57]TunnelRotatingLasersPair (13).[0]BaseL
LinkinParkEnvironment.[0]Environment.[57]TunnelRotatingLasersPair (13).[0]BaseL.[0]Laser
LinkinParkEnvironment.[0]Environment.[57]TunnelRotatingLasersPair (13).[0]BaseL.[0]Laser.[0]BoxLight
LinkinParkEnvironment.[0]Environment.[57]TunnelRotatingLasersPair (13).[0]BaseL.[0]Laser.[1]BakedBloom
LinkinParkEnvironment.[0]Environment.[57]TunnelRotatingLasersPair (13).[1]BaseR
LinkinParkEnvironment.[0]Environment.[57]TunnelRotatingLasersPair (13).[1]BaseR.[0]Laser
LinkinParkEnvironment.[0]Environment.[57]TunnelRotatingLasersPair (13).[1]BaseR.[0]Laser.[0]BoxLight
LinkinParkEnvironment.[0]Environment.[57]TunnelRotatingLasersPair (13).[1]BaseR.[0]Laser.[1]BakedBloom
LinkinParkEnvironment.[0]Environment.[58]TunnelRotatingLasersPair (14)
LinkinParkEnvironment.[0]Environment.[58]TunnelRotatingLasersPair (14).[0]BaseL
LinkinParkEnvironment.[0]Environment.[58]TunnelRotatingLasersPair (14).[0]BaseL.[0]Laser
LinkinParkEnvironment.[0]Environment.[58]TunnelRotatingLasersPair (14).[0]BaseL.[0]Laser.[0]BoxLight
LinkinParkEnvironment.[0]Environment.[58]TunnelRotatingLasersPair (14).[0]BaseL.[0]Laser.[1]BakedBloom
LinkinParkEnvironment.[0]Environment.[58]TunnelRotatingLasersPair (14).[1]BaseR
LinkinParkEnvironment.[0]Environment.[58]TunnelRotatingLasersPair (14).[1]BaseR.[0]Laser
LinkinParkEnvironment.[0]Environment.[58]TunnelRotatingLasersPair (14).[1]BaseR.[0]Laser.[0]BoxLight
LinkinParkEnvironment.[0]Environment.[58]TunnelRotatingLasersPair (14).[1]BaseR.[0]Laser.[1]BakedBloom
LinkinParkEnvironment.[0]Environment.[59]TunnelRotatingLasersPair (15)
LinkinParkEnvironment.[0]Environment.[59]TunnelRotatingLasersPair (15).[0]BaseL
LinkinParkEnvironment.[0]Environment.[59]TunnelRotatingLasersPair (15).[0]BaseL.[0]Laser
LinkinParkEnvironment.[0]Environment.[59]TunnelRotatingLasersPair (15).[0]BaseL.[0]Laser.[0]BoxLight
LinkinParkEnvironment.[0]Environment.[59]TunnelRotatingLasersPair (15).[0]BaseL.[0]Laser.[1]BakedBloom
LinkinParkEnvironment.[0]Environment.[59]TunnelRotatingLasersPair (15).[1]BaseR
LinkinParkEnvironment.[0]Environment.[59]TunnelRotatingLasersPair (15).[1]BaseR.[0]Laser
LinkinParkEnvironment.[0]Environment.[59]TunnelRotatingLasersPair (15).[1]BaseR.[0]Laser.[0]BoxLight
LinkinParkEnvironment.[0]Environment.[59]TunnelRotatingLasersPair (15).[1]BaseR.[0]Laser.[1]BakedBloom
LinkinParkEnvironment.[0]Environment.[6]BSRealtimeLightmapping
LinkinParkEnvironment.[0]Environment.[60]TunnelRotatingLasersPair (16)
LinkinParkEnvironment.[0]Environment.[60]TunnelRotatingLasersPair (16).[0]BaseL
LinkinParkEnvironment.[0]Environment.[60]TunnelRotatingLasersPair (16).[0]BaseL.[0]Laser
LinkinParkEnvironment.[0]Environment.[60]TunnelRotatingLasersPair (16).[0]BaseL.[0]Laser.[0]BoxLight
LinkinParkEnvironment.[0]Environment.[60]TunnelRotatingLasersPair (16).[0]BaseL.[0]Laser.[1]BakedBloom
LinkinParkEnvironment.[0]Environment.[60]TunnelRotatingLasersPair (16).[1]BaseR
LinkinParkEnvironment.[0]Environment.[60]TunnelRotatingLasersPair (16).[1]BaseR.[0]Laser
LinkinParkEnvironment.[0]Environment.[60]TunnelRotatingLasersPair (16).[1]BaseR.[0]Laser.[0]BoxLight
LinkinParkEnvironment.[0]Environment.[60]TunnelRotatingLasersPair (16).[1]BaseR.[0]Laser.[1]BakedBloom
LinkinParkEnvironment.[0]Environment.[61]TunnelRotatingLasersPair (17)
LinkinParkEnvironment.[0]Environment.[61]TunnelRotatingLasersPair (17).[0]BaseL
LinkinParkEnvironment.[0]Environment.[61]TunnelRotatingLasersPair (17).[0]BaseL.[0]Laser
LinkinParkEnvironment.[0]Environment.[61]TunnelRotatingLasersPair (17).[0]BaseL.[0]Laser.[0]BoxLight
LinkinParkEnvironment.[0]Environment.[61]TunnelRotatingLasersPair (17).[0]BaseL.[0]Laser.[1]BakedBloom
LinkinParkEnvironment.[0]Environment.[61]TunnelRotatingLasersPair (17).[1]BaseR
LinkinParkEnvironment.[0]Environment.[61]TunnelRotatingLasersPair (17).[1]BaseR.[0]Laser
LinkinParkEnvironment.[0]Environment.[61]TunnelRotatingLasersPair (17).[1]BaseR.[0]Laser.[0]BoxLight
LinkinParkEnvironment.[0]Environment.[61]TunnelRotatingLasersPair (17).[1]BaseR.[0]Laser.[1]BakedBloom
LinkinParkEnvironment.[0]Environment.[62]LaserTop
LinkinParkEnvironment.[0]Environment.[62]LaserTop.[0]BoxLight
LinkinParkEnvironment.[0]Environment.[62]LaserTop.[1]BakedBloom
LinkinParkEnvironment.[0]Environment.[63]LaserTop (1)
LinkinParkEnvironment.[0]Environment.[63]LaserTop (1).[0]BoxLight
LinkinParkEnvironment.[0]Environment.[63]LaserTop (1).[1]BakedBloom
LinkinParkEnvironment.[0]Environment.[64]LaserTop (2)
LinkinParkEnvironment.[0]Environment.[64]LaserTop (2).[0]BoxLight
LinkinParkEnvironment.[0]Environment.[64]LaserTop (2).[1]BakedBloom
LinkinParkEnvironment.[0]Environment.[65]LaserTop (3)
LinkinParkEnvironment.[0]Environment.[65]LaserTop (3).[0]BoxLight
LinkinParkEnvironment.[0]Environment.[65]LaserTop (3).[1]BakedBloom
LinkinParkEnvironment.[0]Environment.[66]LaserTop (4)
LinkinParkEnvironment.[0]Environment.[66]LaserTop (4).[0]BoxLight
LinkinParkEnvironment.[0]Environment.[66]LaserTop (4).[1]BakedBloom
LinkinParkEnvironment.[0]Environment.[67]LaserTop (5)
LinkinParkEnvironment.[0]Environment.[67]LaserTop (5).[0]BoxLight
LinkinParkEnvironment.[0]Environment.[67]LaserTop (5).[1]BakedBloom
LinkinParkEnvironment.[0]Environment.[68]LaserTop (6)
LinkinParkEnvironment.[0]Environment.[68]LaserTop (6).[0]BoxLight
LinkinParkEnvironment.[0]Environment.[68]LaserTop (6).[1]BakedBloom
LinkinParkEnvironment.[0]Environment.[69]LaserTop (7)
LinkinParkEnvironment.[0]Environment.[69]LaserTop (7).[0]BoxLight
LinkinParkEnvironment.[0]Environment.[69]LaserTop (7).[1]BakedBloom
LinkinParkEnvironment.[0]Environment.[7]BSBakedLightingLightWithIds
LinkinParkEnvironment.[0]Environment.[8]BakedReflectionProbe
LinkinParkEnvironment.[0]Environment.[9]====== STATIC ======
LinkinParkEnvironment.[1]CinemaPlaybackController
LinkinParkEnvironment.[1]CinemaPlaybackController.[0]CinemaScreen
LinkinParkEnvironment.[1]CinemaPlaybackController.[0]CinemaScreen.[0]Body