GameCore.[1]SmallTrackLaneRing(Clone)
GameCore.[1]SmallTrackLaneRing(Clone).[0]Ring
GameCore.[10]SmallTrackLaneRing(Clone)
GameCore.[10]SmallTrackLaneRing(Clone).[0]Ring
GameCore.[11]SmallTrackLaneRing(Clone)
GameCore.[11]SmallTrackLaneRing(Clone).[0]Ring
GameCore.[12]SmallTrackLaneRing(Clone)
GameCore.[12]SmallTrackLaneRing(Clone).[0]Ring
GameCore.[13]SmallTrackLaneRing(Clone)
GameCore.[13]SmallTrackLaneRing(Clone).[0]Ring
GameCore.[14]SmallTrackLaneRing(Clone)
GameCore.[14]SmallTrackLaneRing(Clone).[0]Ring
GameCore.[15]SmallTrackLaneRing(Clone)
GameCore.[15]SmallTrackLaneRing(Clone).[0]Ring
GameCore.[16]SmallTrackLaneRing(Clone)
GameCore.[16]SmallTrackLaneRing(Clone).[0]Ring
GameCore.[17]SmallTrackLaneRing(Clone)
GameCore.[17]SmallTrackLaneRing(Clone).[0]Ring
GameCore.[18]SmallTrackLaneRing(Clone)
GameCore.[18]SmallTrackLaneRing(Clone).[0]Ring
GameCore.[19]SmallTrackLaneRing(Clone)
GameCore.[19]SmallTrackLaneRing(Clone).[0]Ring
GameCore.[2]SmallTrackLaneRing(Clone)
GameCore.[2]SmallTrackLaneRing(Clone).[0]Ring
GameCore.[20]SmallTrackLaneRing(Clone)
GameCore.[20]SmallTrackLaneRing(Clone).[0]Ring
GameCore.[3]SmallTrackLaneRing(Clone)
GameCore.[3]SmallTrackLaneRing(Clone).[0]Ring
GameCore.[4]SmallTrackLaneRing(Clone)
GameCore.[4]SmallTrackLaneRing(Clone).[0]Ring
GameCore.[5]SmallTrackLaneRing(Clone)
GameCore.[5]SmallTrackLaneRing(Clone).[0]Ring
GameCore.[6]SmallTrackLaneRing(Clone)
GameCore.[6]SmallTrackLaneRing(Clone).[0]Ring
GameCore.[7]SmallTrackLaneRing(Clone)
GameCore.[7]SmallTrackLaneRing(Clone).[0]Ring
GameCore.[8]SmallTrackLaneRing(Clone)
GameCore.[8]SmallTrackLaneRing(Clone).[0]Ring
GameCore.[9]SmallTrackLaneRing(Clone)
GameCore.[9]SmallTrackLaneRing(Clone).[0]Ring
MonstercatEnvironment.[0]Environment
MonstercatEnvironment.[0]Environment.[0]DecoratorContext
MonstercatEnvironment.[0]Environment.[1]SceneSetup
MonstercatEnvironment.[0]Environment.[10]Construction
MonstercatEnvironment.[0]Environment.[11]====== DYNAMIC ======
MonstercatEnvironment.[0]Environment.[12]BasicGameHUD
MonstercatEnvironment.[0]Environment.[12]BasicGameHUD.[0]EnergyPane
MonstercatEnvironment.[0]Environment.[12]BasicGameHUD.[0]EnergyPanel.[0]BG
MonstercatEnvironment.[0]Environment.[12]BasicGameHUD.[0]EnergyPanel.[1]BarBG
MonstercatEnvironment.[0]Environment.[12]BasicGameHUD.[0]EnergyPanel.[2]EnergyIconEmpty
MonstercatEnvironment.[0]Environment.[12]BasicGameHUD.[0]EnergyPanel.[3]EnergyIconFull
MonstercatEnvironment.[0]Environment.[12]BasicGameHUD.[0]EnergyPanel.[4]EnergyBarWrapper
MonstercatEnvironment.[0]Environment.[12]BasicGameHUD.[0]EnergyPanel.[4]EnergyBarWrapper.[0]EnergyBar
MonstercatEnvironment.[0]Environment.[12]BasicGameHUD.[0]EnergyPanel.[5]Laser
MonstercatEnvironment.[0]Environment.[12]BasicGameHUD.[0]EnergyPanel.[5]Laser.[0]BoxLight
MonstercatEnvironment.[0]Environment.[12]BasicGameHUD.[0]EnergyPanel.[5]Laser.[1]BakedBloom
MonstercatEnvironment.[0]Environment.[12]BasicGameHUD.[0]EnergyPanel.[6]FailIcon
MonstercatEnvironment.[0]Environment.[12]BasicGameHUD.[1]LeftPanel
MonstercatEnvironment.[0]Environment.[12]BasicGameHUD.[1]LeftPanel.[0]BG
MonstercatEnvironment.[0]Environment.[12]BasicGameHUD.[1]LeftPanel.[1]Top
MonstercatEnvironment.[0]Environment.[12]BasicGameHUD.[1]LeftPanel.[2]ComboPanel
MonstercatEnvironment.[0]Environment.[12]BasicGameHUD.[1]LeftPanel.[2]ComboPanel.[0]ComboText
MonstercatEnvironment.[0]Environment.[12]BasicGameHUD.[1]LeftPanel.[2]ComboPanel.[1]ComboCanvas
MonstercatEnvironment.[0]Environment.[12]BasicGameHUD.[1]LeftPanel.[2]ComboPanel.[1]ComboCanvas.[0]NumText
MonstercatEnvironment.[0]Environment.[12]BasicGameHUD.[1]LeftPanel.[2]ComboPanel.[2]Line0
MonstercatEnvironment.[0]Environment.[12]BasicGameHUD.[1]LeftPanel.[2]ComboPanel.[3]Line1
MonstercatEnvironment.[0]Environment.[12]BasicGameHUD.[1]LeftPanel.[3]ScoreCanvas
MonstercatEnvironment.[0]Environment.[12]BasicGameHUD.[1]LeftPanel.[3]ScoreCanvas.[0]ScoreText
MonstercatEnvironment.[0]Environment.[12]BasicGameHUD.[1]LeftPanel.[3]ScoreCanvas.[1]ImmediateRankText
MonstercatEnvironment.[0]Environment.[12]BasicGameHUD.[1]LeftPanel.[3]ScoreCanvas.[2]RelativeScoreText
MonstercatEnvironment.[0]Environment.[12]BasicGameHUD.[2]RightPanel
MonstercatEnvironment.[0]Environment.[12]BasicGameHUD.[2]RightPanel.[0]BG
MonstercatEnvironment.[0]Environment.[12]BasicGameHUD.[2]RightPanel.[1]Top
MonstercatEnvironment.[0]Environment.[12]BasicGameHUD.[2]RightPanel.[2]MultiplierCanvas
MonstercatEnvironment.[0]Environment.[12]BasicGameHUD.[2]RightPanel.[2]MultiplierCanvas.[0]BGCircle
MonstercatEnvironment.[0]Environment.[12]BasicGameHUD.[2]RightPanel.[2]MultiplierCanvas.[1]FGCircle
MonstercatEnvironment.[0]Environment.[12]BasicGameHUD.[2]RightPanel.[2]MultiplierCanvas.[2]AnimationCircle
MonstercatEnvironment.[0]Environment.[12]BasicGameHUD.[2]RightPanel.[2]MultiplierCanvas.[3]TextOverlayPanelOutline1
MonstercatEnvironment.[0]Environment.[12]BasicGameHUD.[2]RightPanel.[2]MultiplierCanvas.[3]TextOverlayPanelOutline1.[0]XText
MonstercatEnvironment.[0]Environment.[12]BasicGameHUD.[2]RightPanel.[2]MultiplierCanvas.[3]TextOverlayPanelOutline1.[1]NumText
MonstercatEnvironment.[0]Environment.[12]BasicGameHUD.[2]RightPanel.[2]MultiplierCanvas.[4]TextOverlayPanelOutline0
MonstercatEnvironment.[0]Environment.[12]BasicGameHUD.[2]RightPanel.[2]MultiplierCanvas.[4]TextOverlayPanelOutline0.[0]XText
MonstercatEnvironment.[0]Environment.[12]BasicGameHUD.[2]RightPanel.[2]MultiplierCanvas.[4]TextOverlayPanelOutline0.[1]NumText
MonstercatEnvironment.[0]Environment.[12]BasicGameHUD.[2]RightPanel.[2]MultiplierCanvas.[5]TextPanel
MonstercatEnvironment.[0]Environment.[12]BasicGameHUD.[2]RightPanel.[2]MultiplierCanvas.[5]TextPanel.[0]XText
MonstercatEnvironment.[0]Environment.[12]BasicGameHUD.[2]RightPanel.[2]MultiplierCanvas.[5]TextPanel.[1]NumText
MonstercatEnvironment.[0]Environment.[12]BasicGameHUD.[2]RightPanel.[3]SongProgressCanvas
MonstercatEnvironment.[0]Environment.[12]BasicGameHUD.[2]RightPanel.[3]SongProgressCanvas.[0]Progress
MonstercatEnvironment.[0]Environment.[12]BasicGameHUD.[2]RightPanel.[3]SongProgressCanvas.[1]Slider
MonstercatEnvironment.[0]Environment.[12]BasicGameHUD.[2]RightPanel.[3]SongProgressCanvas.[1]Slider.[0]Background
MonstercatEnvironment.[0]Environment.[12]BasicGameHUD.[2]RightPanel.[3]SongProgressCanvas.[1]Slider.[1]Handle Slide Area
MonstercatEnvironment.[0]Environment.[12]BasicGameHUD.[2]RightPanel.[3]SongProgressCanvas.[1]Slider.[1]Handle Slide Area.[0]Handle
MonstercatEnvironment.[0]Environment.[12]BasicGameHUD.[2]RightPanel.[3]SongProgressCanvas.[2]DurationMinutes
MonstercatEnvironment.[0]Environment.[12]BasicGameHUD.[2]RightPanel.[3]SongProgressCanvas.[3]DurationSeconds
MonstercatEnvironment.[0]Environment.[12]BasicGameHUD.[2]RightPanel.[3]SongProgressCanvas.[4]ProgressMinutes
MonstercatEnvironment.[0]Environment.[12]BasicGameHUD.[2]RightPanel.[3]SongProgressCanvas.[5]ProgressSeconds
MonstercatEnvironment.[0]Environment.[12]BasicGameHUD.[2]RightPanel.[3]SongProgressCanvas.[6]BG
MonstercatEnvironment.[0]Environment.[13]MonstercatLogoL
MonstercatEnvironment.[0]Environment.[14]MonstercatLogoR
MonstercatEnvironment.[0]Environment.[15]Spectrograms
MonstercatEnvironment.[0]Environment.[15]Spectrograms.[0]Spectrogram
MonstercatEnvironment.[0]Environment.[15]Spectrograms.[0]Spectrogram.[0]Spectrogram0
MonstercatEnvironment.[0]Environment.[15]Spectrograms.[0]Spectrogram.[1]Spectrogram1
MonstercatEnvironment.[0]Environment.[15]Spectrograms.[1]Spectrogram
MonstercatEnvironment.[0]Environment.[15]Spectrograms.[1]Spectrogram.[0]Spectrogram0
MonstercatEnvironment.[0]Environment.[15]Spectrograms.[1]Spectrogram.[1]Spectrogram1
MonstercatEnvironment.[0]Environment.[16]SmallTrackLaneRings
MonstercatEnvironment.[0]Environment.[17]BigSmokePS
MonstercatEnvironment.[0]Environment.[18]DustPS
MonstercatEnvironment.[0]Environment.[19]====== LIGHTS ======
MonstercatEnvironment.[0]Environment.[2]====== STATIC ======
MonstercatEnvironment.[0]Environment.[20]CoreLighting
MonstercatEnvironment.[0]Environment.[20]CoreLighting.[0]LightManager
MonstercatEnvironment.[0]Environment.[20]CoreLighting.[1]LightWrapper0
MonstercatEnvironment.[0]Environment.[20]CoreLighting.[1]LightWrapper0.[0]DirectionalLight
MonstercatEnvironment.[0]Environment.[20]CoreLighting.[2]LightWrapper1
MonstercatEnvironment.[0]Environment.[20]CoreLighting.[2]LightWrapper1.[0]DirectionalLight
MonstercatEnvironment.[0]Environment.[20]CoreLighting.[3]DirectionalLight
MonstercatEnvironment.[0]Environment.[20]CoreLighting.[4]DirectionalLight
MonstercatEnvironment.[0]Environment.[20]CoreLighting.[5]DirectionalLight
MonstercatEnvironment.[0]Environment.[21]LightWithIdManager
MonstercatEnvironment.[0]Environment.[22]LightEffects
MonstercatEnvironment.[0]Environment.[23]FrontLights
MonstercatEnvironment.[0]Environment.[23]FrontLights.[0]NeonTube
MonstercatEnvironment.[0]Environment.[23]FrontLights.[0]NeonTube.[0]BakedBloom
MonstercatEnvironment.[0]Environment.[23]FrontLights.[0]NeonTube.[1]BoxLight
MonstercatEnvironment.[0]Environment.[23]FrontLights.[1]NeonTube (1)
MonstercatEnvironment.[0]Environment.[23]FrontLights.[1]NeonTube (1).[0]BakedBloom
MonstercatEnvironment.[0]Environment.[23]FrontLights.[1]NeonTube (1).[1]BoxLight
MonstercatEnvironment.[0]Environment.[24]GlowTopLine (5)
MonstercatEnvironment.[0]Environment.[24]GlowTopLine (5).[0]BakedBloom
MonstercatEnvironment.[0]Environment.[24]GlowTopLine (5).[1]BoxLight
MonstercatEnvironment.[0]Environment.[25]GlowTopLine (6)
MonstercatEnvironment.[0]Environment.[25]GlowTopLine (6).[0]BakedBloom
MonstercatEnvironment.[0]Environment.[25]GlowTopLine (6).[1]BoxLight
MonstercatEnvironment.[0]Environment.[26]GlowTopLine (7)
MonstercatEnvironment.[0]Environment.[26]GlowTopLine (7).[0]BakedBloom
MonstercatEnvironment.[0]Environment.[26]GlowTopLine (7).[1]BoxLight
MonstercatEnvironment.[0]Environment.[27]GlowTopLine (8)
MonstercatEnvironment.[0]Environment.[27]GlowTopLine (8).[0]BakedBloom
MonstercatEnvironment.[0]Environment.[27]GlowTopLine (8).[1]BoxLight
MonstercatEnvironment.[0]Environment.[28]GlowTopLine (9)
MonstercatEnvironment.[0]Environment.[28]GlowTopLine (9).[0]BakedBloom
MonstercatEnvironment.[0]Environment.[28]GlowTopLine (9).[1]BoxLight
MonstercatEnvironment.[0]Environment.[29]GlowTopLine (10)
MonstercatEnvironment.[0]Environment.[29]GlowTopLine (10).[0]BakedBloom
MonstercatEnvironment.[0]Environment.[29]GlowTopLine (10).[1]BoxLight
MonstercatEnvironment.[0]Environment.[3]NearBuildingRight
MonstercatEnvironment.[0]Environment.[3]NearBuildingRight.[0]CombinedMesh
MonstercatEnvironment.[0]Environment.[3]NearBuildingRight.[1]Neon
MonstercatEnvironment.[0]Environment.[3]NearBuildingRight.[1]Neon.[0]BakedBloom
MonstercatEnvironment.[0]Environment.[3]NearBuildingRight.[1]Neon.[1]BoxLight
MonstercatEnvironment.[0]Environment.[3]NearBuildingRight.[2]Neon (1)
MonstercatEnvironment.[0]Environment.[3]NearBuildingRight.[2]Neon (1).[0]BakedBloom
MonstercatEnvironment.[0]Environment.[3]NearBuildingRight.[2]Neon (1).[1]BoxLight
MonstercatEnvironment.[0]Environment.[3]NearBuildingRight.[3]Neon (2)
MonstercatEnvironment.[0]Environment.[3]NearBuildingRight.[3]Neon (2).[0]BakedBloom
MonstercatEnvironment.[0]Environment.[3]NearBuildingRight.[3]Neon (2).[1]BoxLight
MonstercatEnvironment.[0]Environment.[30]GlowTopLine (11)
MonstercatEnvironment.[0]Environment.[30]GlowTopLine (11).[0]BakedBloom
MonstercatEnvironment.[0]Environment.[30]GlowTopLine (11).[1]BoxLight
MonstercatEnvironment.[0]Environment.[31]GlowLineL
MonstercatEnvironment.[0]Environment.[31]GlowLineL.[0]BakedBloom
MonstercatEnvironment.[0]Environment.[31]GlowLineL.[1]BoxLight
MonstercatEnvironment.[0]Environment.[32]GlowLineR
MonstercatEnvironment.[0]Environment.[32]GlowLineR.[0]BakedBloom
MonstercatEnvironment.[0]Environment.[32]GlowLineR.[1]BoxLight
MonstercatEnvironment.[0]Environment.[33]GlowLineL (1)
MonstercatEnvironment.[0]Environment.[33]GlowLineL (1).[0]BakedBloom
MonstercatEnvironment.[0]Environment.[33]GlowLineL (1).[1]BoxLight
MonstercatEnvironment.[0]Environment.[34]GlowLineR (1)
MonstercatEnvironment.[0]Environment.[34]GlowLineR (1).[0]BakedBloom
MonstercatEnvironment.[0]Environment.[34]GlowLineR (1).[1]BoxLight
MonstercatEnvironment.[0]Environment.[35]Laser (4)
MonstercatEnvironment.[0]Environment.[35]Laser (4).[0]BakedBloom
MonstercatEnvironment.[0]Environment.[35]Laser (4).[1]BoxLight
MonstercatEnvironment.[0]Environment.[36]Laser (5)
MonstercatEnvironment.[0]Environment.[36]Laser (5).[0]BakedBloom
MonstercatEnvironment.[0]Environment.[36]Laser (5).[1]BoxLight
MonstercatEnvironment.[0]Environment.[37]Laser (7)
MonstercatEnvironment.[0]Environment.[37]Laser (7).[0]BakedBloom
MonstercatEnvironment.[0]Environment.[37]Laser (7).[1]BoxLight
MonstercatEnvironment.[0]Environment.[38]Laser (8)
MonstercatEnvironment.[0]Environment.[38]Laser (8).[0]BakedBloom
MonstercatEnvironment.[0]Environment.[38]Laser (8).[1]BoxLight
MonstercatEnvironment.[0]Environment.[39]Laser (9)
MonstercatEnvironment.[0]Environment.[39]Laser (9).[0]BakedBloom
MonstercatEnvironment.[0]Environment.[39]Laser (9).[1]BoxLight
MonstercatEnvironment.[0]Environment.[4]NearBuildingLeft
MonstercatEnvironment.[0]Environment.[4]NearBuildingLeft.[0]CombinedMesh
MonstercatEnvironment.[0]Environment.[4]NearBuildingLeft.[1]Neon
MonstercatEnvironment.[0]Environment.[4]NearBuildingLeft.[1]Neon.[0]BakedBloom
MonstercatEnvironment.[0]Environment.[4]NearBuildingLeft.[1]Neon.[1]BoxLight
MonstercatEnvironment.[0]Environment.[4]NearBuildingLeft.[2]Neon (1)
MonstercatEnvironment.[0]Environment.[4]NearBuildingLeft.[2]Neon (1).[0]BakedBloom
MonstercatEnvironment.[0]Environment.[4]NearBuildingLeft.[2]Neon (1).[1]BoxLight
MonstercatEnvironment.[0]Environment.[4]NearBuildingLeft.[3]Neon (2)
MonstercatEnvironment.[0]Environment.[4]NearBuildingLeft.[3]Neon (2).[0]BakedBloom
MonstercatEnvironment.[0]Environment.[4]NearBuildingLeft.[3]Neon (2).[1]BoxLight
MonstercatEnvironment.[0]Environment.[40]Laser (10)
MonstercatEnvironment.[0]Environment.[40]Laser (10).[0]BakedBloom
MonstercatEnvironment.[0]Environment.[40]Laser (10).[1]BoxLight
MonstercatEnvironment.[0]Environment.[41]Laser (11)
MonstercatEnvironment.[0]Environment.[41]Laser (11).[0]BakedBloom
MonstercatEnvironment.[0]Environment.[41]Laser (11).[1]BoxLight
MonstercatEnvironment.[0]Environment.[42]Laser (12)
MonstercatEnvironment.[0]Environment.[42]Laser (12).[0]BakedBloom
MonstercatEnvironment.[0]Environment.[42]Laser (12).[1]BoxLight
MonstercatEnvironment.[0]Environment.[43]RotatingLasersPair (1)
MonstercatEnvironment.[0]Environment.[43]RotatingLasersPair (1).[0]BaseL
MonstercatEnvironment.[0]Environment.[43]RotatingLasersPair (1).[0]BaseL.[0]Laser
MonstercatEnvironment.[0]Environment.[43]RotatingLasersPair (1).[0]BaseL.[0]Laser.[0]BakedBloom
MonstercatEnvironment.[0]Environment.[43]RotatingLasersPair (1).[0]BaseL.[0]Laser.[1]BoxLight
MonstercatEnvironment.[0]Environment.[43]RotatingLasersPair (1).[1]BaseR
MonstercatEnvironment.[0]Environment.[43]RotatingLasersPair (1).[1]BaseR.[0]Laser
MonstercatEnvironment.[0]Environment.[43]RotatingLasersPair (1).[1]BaseR.[0]Laser.[0]BakedBloom
MonstercatEnvironment.[0]Environment.[43]RotatingLasersPair (1).[1]BaseR.[0]Laser.[1]BoxLight
MonstercatEnvironment.[0]Environment.[44]RotatingLasersPair (2)
MonstercatEnvironment.[0]Environment.[44]RotatingLasersPair (2).[0]BaseL
MonstercatEnvironment.[0]Environment.[44]RotatingLasersPair (2).[0]BaseL.[0]Laser
MonstercatEnvironment.[0]Environment.[44]RotatingLasersPair (2).[0]BaseL.[0]Laser.[0]BakedBloom
MonstercatEnvironment.[0]Environment.[44]RotatingLasersPair (2).[0]BaseL.[0]Laser.[1]BoxLight
MonstercatEnvironment.[0]Environment.[44]RotatingLasersPair (2).[1]BaseR
MonstercatEnvironment.[0]Environment.[44]RotatingLasersPair (2).[1]BaseR.[0]Laser
MonstercatEnvironment.[0]Environment.[44]RotatingLasersPair (2).[1]BaseR.[0]Laser.[0]BakedBloom
MonstercatEnvironment.[0]Environment.[44]RotatingLasersPair (2).[1]BaseR.[0]Laser.[1]BoxLight
MonstercatEnvironment.[0]Environment.[45]RotatingLasersPair (3)
MonstercatEnvironment.[0]Environment.[45]RotatingLasersPair (3).[0]BaseL
MonstercatEnvironment.[0]Environment.[45]RotatingLasersPair (3).[0]BaseL.[0]Laser
MonstercatEnvironment.[0]Environment.[45]RotatingLasersPair (3).[0]BaseL.[0]Laser.[0]BakedBloom
MonstercatEnvironment.[0]Environment.[45]RotatingLasersPair (3).[0]BaseL.[0]Laser.[1]BoxLight
MonstercatEnvironment.[0]Environment.[45]RotatingLasersPair (3).[1]BaseR
MonstercatEnvironment.[0]Environment.[45]RotatingLasersPair (3).[1]BaseR.[0]Laser
MonstercatEnvironment.[0]Environment.[45]RotatingLasersPair (3).[1]BaseR.[0]Laser.[0]BakedBloom
MonstercatEnvironment.[0]Environment.[45]RotatingLasersPair (3).[1]BaseR.[0]Laser.[1]BoxLight
MonstercatEnvironment.[0]Environment.[46]RotatingLasersPair
MonstercatEnvironment.[0]Environment.[46]RotatingLasersPair.[0]BaseL
MonstercatEnvironment.[0]Environment.[46]RotatingLasersPair.[0]BaseL.[0]Laser
MonstercatEnvironment.[0]Environment.[46]RotatingLasersPair.[0]BaseL.[0]Laser.[0]BakedBloom
MonstercatEnvironment.[0]Environment.[46]RotatingLasersPair.[0]BaseL.[0]Laser.[1]BoxLight
MonstercatEnvironment.[0]Environment.[46]RotatingLasersPair.[1]BaseR
MonstercatEnvironment.[0]Environment.[46]RotatingLasersPair.[1]BaseR.[0]Laser
MonstercatEnvironment.[0]Environment.[46]RotatingLasersPair.[1]BaseR.[0]Laser.[0]BakedBloom
MonstercatEnvironment.[0]Environment.[46]RotatingLasersPair.[1]BaseR.[0]Laser.[1]BoxLight
MonstercatEnvironment.[0]Environment.[47]RotatingLasersPair (4)
MonstercatEnvironment.[0]Environment.[47]RotatingLasersPair (4).[0]BaseL
MonstercatEnvironment.[0]Environment.[47]RotatingLasersPair (4).[0]BaseL.[0]Laser
MonstercatEnvironment.[0]Environment.[47]RotatingLasersPair (4).[0]BaseL.[0]Laser.[0]BakedBloom
MonstercatEnvironment.[0]Environment.[47]RotatingLasersPair (4).[0]BaseL.[0]Laser.[1]BoxLight
MonstercatEnvironment.[0]Environment.[47]RotatingLasersPair (4).[1]BaseR
MonstercatEnvironment.[0]Environment.[47]RotatingLasersPair (4).[1]BaseR.[0]Laser
MonstercatEnvironment.[0]Environment.[47]RotatingLasersPair (4).[1]BaseR.[0]Laser.[0]BakedBloom
MonstercatEnvironment.[0]Environment.[47]RotatingLasersPair (4).[1]BaseR.[0]Laser.[1]BoxLight
MonstercatEnvironment.[0]Environment.[48]GradientBackground
MonstercatEnvironment.[0]Environment.[49]BakedReflectionProbe
MonstercatEnvironment.[0]Environment.[5]PlayersPlace
MonstercatEnvironment.[0]Environment.[5]PlayersPlace.[0]Mirror
MonstercatEnvironment.[0]Environment.[5]PlayersPlace.[1]Feet
MonstercatEnvironment.[0]Environment.[5]PlayersPlace.[2]Construction
MonstercatEnvironment.[0]Environment.[5]PlayersPlace.[3]RectangleFakeGlow
MonstercatEnvironment.[0]Environment.[5]PlayersPlace.[4]SaberBurnMarksParticles
MonstercatEnvironment.[0]Environment.[5]PlayersPlace.[4]SaberBurnMarksParticles.[0]SaberBurnMarkSparklePS
MonstercatEnvironment.[0]Environment.[5]PlayersPlace.[5]SaberBurnMarksArea
MonstercatEnvironment.[0]Environment.[5]PlayersPlace.[6]Collider
MonstercatEnvironment.[0]Environment.[50]BSBakedLightingLightWithIds
MonstercatEnvironment.[0]Environment.[51]FakeMirrorSettings
MonstercatEnvironment.[0]Environment.[52]BakedReflectionProbeInstaller
MonstercatEnvironment.[0]Environment.[6]TrackMirror
MonstercatEnvironment.[0]Environment.[6]TrackMirror.[0]TrackMirrorSetDepth
MonstercatEnvironment.[0]Environment.[7]VConstruction
MonstercatEnvironment.[0]Environment.[8]FarBuildings
MonstercatEnvironment.[0]Environment.[9]SpectrogramEnd
MonstercatEnvironment.[1]CinemaPlaybackController
MonstercatEnvironment.[1]CinemaPlaybackController.[0]CinemaScreen
MonstercatEnvironment.[1]CinemaPlaybackController.[0]CinemaScreen.[0]Body