GameCore.[1]Panels4TrackLaneRing(Clone)
GameCore.[1]Panels4TrackLaneRing(Clone).[0]Ring
GameCore.[1]Panels4TrackLaneRing(Clone).[1]GlowLine
GameCore.[1]Panels4TrackLaneRing(Clone).[1]GlowLine.[0]BoxLight
GameCore.[1]Panels4TrackLaneRing(Clone).[1]GlowLine.[1]BakedBloom
GameCore.[1]Panels4TrackLaneRing(Clone).[2]GlowLine
GameCore.[1]Panels4TrackLaneRing(Clone).[2]GlowLine.[0]BoxLight
GameCore.[1]Panels4TrackLaneRing(Clone).[2]GlowLine.[1]BakedBloom
GameCore.[10]Panels4TrackLaneRing(Clone)
GameCore.[10]Panels4TrackLaneRing(Clone).[0]Ring
GameCore.[10]Panels4TrackLaneRing(Clone).[1]GlowLine
GameCore.[10]Panels4TrackLaneRing(Clone).[1]GlowLine.[0]BoxLight
GameCore.[10]Panels4TrackLaneRing(Clone).[1]GlowLine.[1]BakedBloom
GameCore.[10]Panels4TrackLaneRing(Clone).[2]GlowLine
GameCore.[10]Panels4TrackLaneRing(Clone).[2]GlowLine.[0]BoxLight
GameCore.[10]Panels4TrackLaneRing(Clone).[2]GlowLine.[1]BakedBloom
GameCore.[11]Panels4TrackLaneRing(Clone)
GameCore.[11]Panels4TrackLaneRing(Clone).[0]Ring
GameCore.[11]Panels4TrackLaneRing(Clone).[1]GlowLine
GameCore.[11]Panels4TrackLaneRing(Clone).[1]GlowLine.[0]BoxLight
GameCore.[11]Panels4TrackLaneRing(Clone).[1]GlowLine.[1]BakedBloom
GameCore.[11]Panels4TrackLaneRing(Clone).[2]GlowLine
GameCore.[11]Panels4TrackLaneRing(Clone).[2]GlowLine.[0]BoxLight
GameCore.[11]Panels4TrackLaneRing(Clone).[2]GlowLine.[1]BakedBloom
GameCore.[12]Panels4TrackLaneRing(Clone)
GameCore.[12]Panels4TrackLaneRing(Clone).[0]Ring
GameCore.[12]Panels4TrackLaneRing(Clone).[1]GlowLine
GameCore.[12]Panels4TrackLaneRing(Clone).[1]GlowLine.[0]BoxLight
GameCore.[12]Panels4TrackLaneRing(Clone).[1]GlowLine.[1]BakedBloom
GameCore.[12]Panels4TrackLaneRing(Clone).[2]GlowLine
GameCore.[12]Panels4TrackLaneRing(Clone).[2]GlowLine.[0]BoxLight
GameCore.[12]Panels4TrackLaneRing(Clone).[2]GlowLine.[1]BakedBloom
GameCore.[13]Panels4TrackLaneRing(Clone)
GameCore.[13]Panels4TrackLaneRing(Clone).[0]Ring
GameCore.[13]Panels4TrackLaneRing(Clone).[1]GlowLine
GameCore.[13]Panels4TrackLaneRing(Clone).[1]GlowLine.[0]BoxLight
GameCore.[13]Panels4TrackLaneRing(Clone).[1]GlowLine.[1]BakedBloom
GameCore.[13]Panels4TrackLaneRing(Clone).[2]GlowLine
GameCore.[13]Panels4TrackLaneRing(Clone).[2]GlowLine.[0]BoxLight
GameCore.[13]Panels4TrackLaneRing(Clone).[2]GlowLine.[1]BakedBloom
GameCore.[14]Panels4TrackLaneRing(Clone)
GameCore.[14]Panels4TrackLaneRing(Clone).[0]Ring
GameCore.[14]Panels4TrackLaneRing(Clone).[1]GlowLine
GameCore.[14]Panels4TrackLaneRing(Clone).[1]GlowLine.[0]BoxLight
GameCore.[14]Panels4TrackLaneRing(Clone).[1]GlowLine.[1]BakedBloom
GameCore.[14]Panels4TrackLaneRing(Clone).[2]GlowLine
GameCore.[14]Panels4TrackLaneRing(Clone).[2]GlowLine.[0]BoxLight
GameCore.[14]Panels4TrackLaneRing(Clone).[2]GlowLine.[1]BakedBloom
GameCore.[15]Panels4TrackLaneRing(Clone)
GameCore.[15]Panels4TrackLaneRing(Clone).[0]Ring
GameCore.[15]Panels4TrackLaneRing(Clone).[1]GlowLine
GameCore.[15]Panels4TrackLaneRing(Clone).[1]GlowLine.[0]BoxLight
GameCore.[15]Panels4TrackLaneRing(Clone).[1]GlowLine.[1]BakedBloom
GameCore.[15]Panels4TrackLaneRing(Clone).[2]GlowLine
GameCore.[15]Panels4TrackLaneRing(Clone).[2]GlowLine.[0]BoxLight
GameCore.[15]Panels4TrackLaneRing(Clone).[2]GlowLine.[1]BakedBloom
GameCore.[16]Panels4TrackLaneRing(Clone)
GameCore.[16]Panels4TrackLaneRing(Clone).[0]Ring
GameCore.[16]Panels4TrackLaneRing(Clone).[1]GlowLine
GameCore.[16]Panels4TrackLaneRing(Clone).[1]GlowLine.[0]BoxLight
GameCore.[16]Panels4TrackLaneRing(Clone).[1]GlowLine.[1]BakedBloom
GameCore.[16]Panels4TrackLaneRing(Clone).[2]GlowLine
GameCore.[16]Panels4TrackLaneRing(Clone).[2]GlowLine.[0]BoxLight
GameCore.[16]Panels4TrackLaneRing(Clone).[2]GlowLine.[1]BakedBloom
GameCore.[17]Panels4TrackLaneRing(Clone)
GameCore.[17]Panels4TrackLaneRing(Clone).[0]Ring
GameCore.[17]Panels4TrackLaneRing(Clone).[1]GlowLine
GameCore.[17]Panels4TrackLaneRing(Clone).[1]GlowLine.[0]BoxLight
GameCore.[17]Panels4TrackLaneRing(Clone).[1]GlowLine.[1]BakedBloom
GameCore.[17]Panels4TrackLaneRing(Clone).[2]GlowLine
GameCore.[17]Panels4TrackLaneRing(Clone).[2]GlowLine.[0]BoxLight
GameCore.[17]Panels4TrackLaneRing(Clone).[2]GlowLine.[1]BakedBloom
GameCore.[18]Panels4TrackLaneRing(Clone)
GameCore.[18]Panels4TrackLaneRing(Clone).[0]Ring
GameCore.[18]Panels4TrackLaneRing(Clone).[1]GlowLine
GameCore.[18]Panels4TrackLaneRing(Clone).[1]GlowLine.[0]BoxLight
GameCore.[18]Panels4TrackLaneRing(Clone).[1]GlowLine.[1]BakedBloom
GameCore.[18]Panels4TrackLaneRing(Clone).[2]GlowLine
GameCore.[18]Panels4TrackLaneRing(Clone).[2]GlowLine.[0]BoxLight
GameCore.[18]Panels4TrackLaneRing(Clone).[2]GlowLine.[1]BakedBloom
GameCore.[19]Panels4TrackLaneRing(Clone)
GameCore.[19]Panels4TrackLaneRing(Clone).[0]Ring
GameCore.[19]Panels4TrackLaneRing(Clone).[1]GlowLine
GameCore.[19]Panels4TrackLaneRing(Clone).[1]GlowLine.[0]BoxLight
GameCore.[19]Panels4TrackLaneRing(Clone).[1]GlowLine.[1]BakedBloom
GameCore.[19]Panels4TrackLaneRing(Clone).[2]GlowLine
GameCore.[19]Panels4TrackLaneRing(Clone).[2]GlowLine.[0]BoxLight
GameCore.[19]Panels4TrackLaneRing(Clone).[2]GlowLine.[1]BakedBloom
GameCore.[2]Panels4TrackLaneRing(Clone)
GameCore.[2]Panels4TrackLaneRing(Clone).[0]Ring
GameCore.[2]Panels4TrackLaneRing(Clone).[1]GlowLine
GameCore.[2]Panels4TrackLaneRing(Clone).[1]GlowLine.[0]BoxLight
GameCore.[2]Panels4TrackLaneRing(Clone).[1]GlowLine.[1]BakedBloom
GameCore.[2]Panels4TrackLaneRing(Clone).[2]GlowLine
GameCore.[2]Panels4TrackLaneRing(Clone).[2]GlowLine.[0]BoxLight
GameCore.[2]Panels4TrackLaneRing(Clone).[2]GlowLine.[1]BakedBloom
GameCore.[20]Panels4TrackLaneRing(Clone)
GameCore.[20]Panels4TrackLaneRing(Clone).[0]Ring
GameCore.[20]Panels4TrackLaneRing(Clone).[1]GlowLine
GameCore.[20]Panels4TrackLaneRing(Clone).[1]GlowLine.[0]BoxLight
GameCore.[20]Panels4TrackLaneRing(Clone).[1]GlowLine.[1]BakedBloom
GameCore.[20]Panels4TrackLaneRing(Clone).[2]GlowLine
GameCore.[20]Panels4TrackLaneRing(Clone).[2]GlowLine.[0]BoxLight
GameCore.[20]Panels4TrackLaneRing(Clone).[2]GlowLine.[1]BakedBloom
GameCore.[21]Panels4TrackLaneRing(Clone)
GameCore.[21]Panels4TrackLaneRing(Clone).[0]Ring
GameCore.[21]Panels4TrackLaneRing(Clone).[1]GlowLine
GameCore.[21]Panels4TrackLaneRing(Clone).[1]GlowLine.[0]BoxLight
GameCore.[21]Panels4TrackLaneRing(Clone).[1]GlowLine.[1]BakedBloom
GameCore.[21]Panels4TrackLaneRing(Clone).[2]GlowLine
GameCore.[21]Panels4TrackLaneRing(Clone).[2]GlowLine.[0]BoxLight
GameCore.[21]Panels4TrackLaneRing(Clone).[2]GlowLine.[1]BakedBloom
GameCore.[22]Panels4TrackLaneRing(Clone)
GameCore.[22]Panels4TrackLaneRing(Clone).[0]Ring
GameCore.[22]Panels4TrackLaneRing(Clone).[1]GlowLine
GameCore.[22]Panels4TrackLaneRing(Clone).[1]GlowLine.[0]BoxLight
GameCore.[22]Panels4TrackLaneRing(Clone).[1]GlowLine.[1]BakedBloom
GameCore.[22]Panels4TrackLaneRing(Clone).[2]GlowLine
GameCore.[22]Panels4TrackLaneRing(Clone).[2]GlowLine.[0]BoxLight
GameCore.[22]Panels4TrackLaneRing(Clone).[2]GlowLine.[1]BakedBloom
GameCore.[23]Panels4TrackLaneRing(Clone)
GameCore.[23]Panels4TrackLaneRing(Clone).[0]Ring
GameCore.[23]Panels4TrackLaneRing(Clone).[1]GlowLine
GameCore.[23]Panels4TrackLaneRing(Clone).[1]GlowLine.[0]BoxLight
GameCore.[23]Panels4TrackLaneRing(Clone).[1]GlowLine.[1]BakedBloom
GameCore.[23]Panels4TrackLaneRing(Clone).[2]GlowLine
GameCore.[23]Panels4TrackLaneRing(Clone).[2]GlowLine.[0]BoxLight
GameCore.[23]Panels4TrackLaneRing(Clone).[2]GlowLine.[1]BakedBloom
GameCore.[24]Panels4TrackLaneRing(Clone)
GameCore.[24]Panels4TrackLaneRing(Clone).[0]Ring
GameCore.[24]Panels4TrackLaneRing(Clone).[1]GlowLine
GameCore.[24]Panels4TrackLaneRing(Clone).[1]GlowLine.[0]BoxLight
GameCore.[24]Panels4TrackLaneRing(Clone).[1]GlowLine.[1]BakedBloom
GameCore.[24]Panels4TrackLaneRing(Clone).[2]GlowLine
GameCore.[24]Panels4TrackLaneRing(Clone).[2]GlowLine.[0]BoxLight
GameCore.[24]Panels4TrackLaneRing(Clone).[2]GlowLine.[1]BakedBloom
GameCore.[25]Panels4TrackLaneRing(Clone)
GameCore.[25]Panels4TrackLaneRing(Clone).[0]Ring
GameCore.[25]Panels4TrackLaneRing(Clone).[1]GlowLine
GameCore.[25]Panels4TrackLaneRing(Clone).[1]GlowLine.[0]BoxLight
GameCore.[25]Panels4TrackLaneRing(Clone).[1]GlowLine.[1]BakedBloom
GameCore.[25]Panels4TrackLaneRing(Clone).[2]GlowLine
GameCore.[25]Panels4TrackLaneRing(Clone).[2]GlowLine.[0]BoxLight
GameCore.[25]Panels4TrackLaneRing(Clone).[2]GlowLine.[1]BakedBloom
GameCore.[26]Panels4TrackLaneRing(Clone)
GameCore.[26]Panels4TrackLaneRing(Clone).[0]Ring
GameCore.[26]Panels4TrackLaneRing(Clone).[1]GlowLine
GameCore.[26]Panels4TrackLaneRing(Clone).[1]GlowLine.[0]BoxLight
GameCore.[26]Panels4TrackLaneRing(Clone).[1]GlowLine.[1]BakedBloom
GameCore.[26]Panels4TrackLaneRing(Clone).[2]GlowLine
GameCore.[26]Panels4TrackLaneRing(Clone).[2]GlowLine.[0]BoxLight
GameCore.[26]Panels4TrackLaneRing(Clone).[2]GlowLine.[1]BakedBloom
GameCore.[27]Panels4TrackLaneRing(Clone)
GameCore.[27]Panels4TrackLaneRing(Clone).[0]Ring
GameCore.[27]Panels4TrackLaneRing(Clone).[1]GlowLine
GameCore.[27]Panels4TrackLaneRing(Clone).[1]GlowLine.[0]BoxLight
GameCore.[27]Panels4TrackLaneRing(Clone).[1]GlowLine.[1]BakedBloom
GameCore.[27]Panels4TrackLaneRing(Clone).[2]GlowLine
GameCore.[27]Panels4TrackLaneRing(Clone).[2]GlowLine.[0]BoxLight
GameCore.[27]Panels4TrackLaneRing(Clone).[2]GlowLine.[1]BakedBloom
GameCore.[28]Panels4TrackLaneRing(Clone)
GameCore.[28]Panels4TrackLaneRing(Clone).[0]Ring
GameCore.[28]Panels4TrackLaneRing(Clone).[1]GlowLine
GameCore.[28]Panels4TrackLaneRing(Clone).[1]GlowLine.[0]BoxLight
GameCore.[28]Panels4TrackLaneRing(Clone).[1]GlowLine.[1]BakedBloom
GameCore.[28]Panels4TrackLaneRing(Clone).[2]GlowLine
GameCore.[28]Panels4TrackLaneRing(Clone).[2]GlowLine.[0]BoxLight
GameCore.[28]Panels4TrackLaneRing(Clone).[2]GlowLine.[1]BakedBloom
GameCore.[29]Panels4TrackLaneRing(Clone)
GameCore.[29]Panels4TrackLaneRing(Clone).[0]Ring
GameCore.[29]Panels4TrackLaneRing(Clone).[1]GlowLine
GameCore.[29]Panels4TrackLaneRing(Clone).[1]GlowLine.[0]BoxLight
GameCore.[29]Panels4TrackLaneRing(Clone).[1]GlowLine.[1]BakedBloom
GameCore.[29]Panels4TrackLaneRing(Clone).[2]GlowLine
GameCore.[29]Panels4TrackLaneRing(Clone).[2]GlowLine.[0]BoxLight
GameCore.[29]Panels4TrackLaneRing(Clone).[2]GlowLine.[1]BakedBloom
GameCore.[3]Panels4TrackLaneRing(Clone)
GameCore.[3]Panels4TrackLaneRing(Clone).[0]Ring
GameCore.[3]Panels4TrackLaneRing(Clone).[1]GlowLine
GameCore.[3]Panels4TrackLaneRing(Clone).[1]GlowLine.[0]BoxLight
GameCore.[3]Panels4TrackLaneRing(Clone).[1]GlowLine.[1]BakedBloom
GameCore.[3]Panels4TrackLaneRing(Clone).[2]GlowLine
GameCore.[3]Panels4TrackLaneRing(Clone).[2]GlowLine.[0]BoxLight
GameCore.[3]Panels4TrackLaneRing(Clone).[2]GlowLine.[1]BakedBloom
GameCore.[30]Panels4TrackLaneRing(Clone)
GameCore.[30]Panels4TrackLaneRing(Clone).[0]Ring
GameCore.[30]Panels4TrackLaneRing(Clone).[1]GlowLine
GameCore.[30]Panels4TrackLaneRing(Clone).[1]GlowLine.[0]BoxLight
GameCore.[30]Panels4TrackLaneRing(Clone).[1]GlowLine.[1]BakedBloom
GameCore.[30]Panels4TrackLaneRing(Clone).[2]GlowLine
GameCore.[30]Panels4TrackLaneRing(Clone).[2]GlowLine.[0]BoxLight
GameCore.[30]Panels4TrackLaneRing(Clone).[2]GlowLine.[1]BakedBloom
GameCore.[4]Panels4TrackLaneRing(Clone)
GameCore.[4]Panels4TrackLaneRing(Clone).[0]Ring
GameCore.[4]Panels4TrackLaneRing(Clone).[1]GlowLine
GameCore.[4]Panels4TrackLaneRing(Clone).[1]GlowLine.[0]BoxLight
GameCore.[4]Panels4TrackLaneRing(Clone).[1]GlowLine.[1]BakedBloom
GameCore.[4]Panels4TrackLaneRing(Clone).[2]GlowLine
GameCore.[4]Panels4TrackLaneRing(Clone).[2]GlowLine.[0]BoxLight
GameCore.[4]Panels4TrackLaneRing(Clone).[2]GlowLine.[1]BakedBloom
GameCore.[5]Panels4TrackLaneRing(Clone)
GameCore.[5]Panels4TrackLaneRing(Clone).[0]Ring
GameCore.[5]Panels4TrackLaneRing(Clone).[1]GlowLine
GameCore.[5]Panels4TrackLaneRing(Clone).[1]GlowLine.[0]BoxLight
GameCore.[5]Panels4TrackLaneRing(Clone).[1]GlowLine.[1]BakedBloom
GameCore.[5]Panels4TrackLaneRing(Clone).[2]GlowLine
GameCore.[5]Panels4TrackLaneRing(Clone).[2]GlowLine.[0]BoxLight
GameCore.[5]Panels4TrackLaneRing(Clone).[2]GlowLine.[1]BakedBloom
GameCore.[6]Panels4TrackLaneRing(Clone)
GameCore.[6]Panels4TrackLaneRing(Clone).[0]Ring
GameCore.[6]Panels4TrackLaneRing(Clone).[1]GlowLine
GameCore.[6]Panels4TrackLaneRing(Clone).[1]GlowLine.[0]BoxLight
GameCore.[6]Panels4TrackLaneRing(Clone).[1]GlowLine.[1]BakedBloom
GameCore.[6]Panels4TrackLaneRing(Clone).[2]GlowLine
GameCore.[6]Panels4TrackLaneRing(Clone).[2]GlowLine.[0]BoxLight
GameCore.[6]Panels4TrackLaneRing(Clone).[2]GlowLine.[1]BakedBloom
GameCore.[7]Panels4TrackLaneRing(Clone)
GameCore.[7]Panels4TrackLaneRing(Clone).[0]Ring
GameCore.[7]Panels4TrackLaneRing(Clone).[1]GlowLine
GameCore.[7]Panels4TrackLaneRing(Clone).[1]GlowLine.[0]BoxLight
GameCore.[7]Panels4TrackLaneRing(Clone).[1]GlowLine.[1]BakedBloom
GameCore.[7]Panels4TrackLaneRing(Clone).[2]GlowLine
GameCore.[7]Panels4TrackLaneRing(Clone).[2]GlowLine.[0]BoxLight
GameCore.[7]Panels4TrackLaneRing(Clone).[2]GlowLine.[1]BakedBloom
GameCore.[8]Panels4TrackLaneRing(Clone)
GameCore.[8]Panels4TrackLaneRing(Clone).[0]Ring
GameCore.[8]Panels4TrackLaneRing(Clone).[1]GlowLine
GameCore.[8]Panels4TrackLaneRing(Clone).[1]GlowLine.[0]BoxLight
GameCore.[8]Panels4TrackLaneRing(Clone).[1]GlowLine.[1]BakedBloom
GameCore.[8]Panels4TrackLaneRing(Clone).[2]GlowLine
GameCore.[8]Panels4TrackLaneRing(Clone).[2]GlowLine.[0]BoxLight
GameCore.[8]Panels4TrackLaneRing(Clone).[2]GlowLine.[1]BakedBloom
GameCore.[9]Panels4TrackLaneRing(Clone)
GameCore.[9]Panels4TrackLaneRing(Clone).[0]Ring
GameCore.[9]Panels4TrackLaneRing(Clone).[1]GlowLine
GameCore.[9]Panels4TrackLaneRing(Clone).[1]GlowLine.[0]BoxLight
GameCore.[9]Panels4TrackLaneRing(Clone).[1]GlowLine.[1]BakedBloom
GameCore.[9]Panels4TrackLaneRing(Clone).[2]GlowLine
GameCore.[9]Panels4TrackLaneRing(Clone).[2]GlowLine.[0]BoxLight
GameCore.[9]Panels4TrackLaneRing(Clone).[2]GlowLine.[1]BakedBloom
PanicEnvironment.[0]Environment
PanicEnvironment.[0]Environment.[0]DecoratorContext
PanicEnvironment.[0]Environment.[1]SceneContext
PanicEnvironment.[0]Environment.[10]TrackConstruction
PanicEnvironment.[0]Environment.[11]====== DYNAMIC ======
PanicEnvironment.[0]Environment.[12]BasicGameHUD
PanicEnvironment.[0]Environment.[12]BasicGameHUD.[0]EnergyPanel
PanicEnvironment.[0]Environment.[12]BasicGameHUD.[0]EnergyPanel.[0]BG
PanicEnvironment.[0]Environment.[12]BasicGameHUD.[0]EnergyPanel.[1]BarBG
PanicEnvironment.[0]Environment.[12]BasicGameHUD.[0]EnergyPanel.[2]EnergyIconEmpty
PanicEnvironment.[0]Environment.[12]BasicGameHUD.[0]EnergyPanel.[3]EnergyIconFull
PanicEnvironment.[0]Environment.[12]BasicGameHUD.[0]EnergyPanel.[4]EnergyBarWrapper
PanicEnvironment.[0]Environment.[12]BasicGameHUD.[0]EnergyPanel.[4]EnergyBarWrapper.[0]EnergyBar
PanicEnvironment.[0]Environment.[12]BasicGameHUD.[0]EnergyPanel.[5]Laser
PanicEnvironment.[0]Environment.[12]BasicGameHUD.[0]EnergyPanel.[5]Laser.[0]BoxLight
PanicEnvironment.[0]Environment.[12]BasicGameHUD.[0]EnergyPanel.[5]Laser.[1]BakedBloom
PanicEnvironment.[0]Environment.[12]BasicGameHUD.[0]EnergyPanel.[6]FailIcon
PanicEnvironment.[0]Environment.[12]BasicGameHUD.[1]LeftPanel
PanicEnvironment.[0]Environment.[12]BasicGameHUD.[1]LeftPanel.[0]BG
PanicEnvironment.[0]Environment.[12]BasicGameHUD.[1]LeftPanel.[1]Top
PanicEnvironment.[0]Environment.[12]BasicGameHUD.[1]LeftPanel.[2]ComboPanel
PanicEnvironment.[0]Environment.[12]BasicGameHUD.[1]LeftPanel.[2]ComboPanel.[0]ComboText
PanicEnvironment.[0]Environment.[12]BasicGameHUD.[1]LeftPanel.[2]ComboPanel.[1]ComboCanvas
PanicEnvironment.[0]Environment.[12]BasicGameHUD.[1]LeftPanel.[2]ComboPanel.[1]ComboCanvas.[0]NumText
PanicEnvironment.[0]Environment.[12]BasicGameHUD.[1]LeftPanel.[2]ComboPanel.[2]Line0
PanicEnvironment.[0]Environment.[12]BasicGameHUD.[1]LeftPanel.[2]ComboPanel.[3]Line1
PanicEnvironment.[0]Environment.[12]BasicGameHUD.[1]LeftPanel.[3]ScoreCanvas
PanicEnvironment.[0]Environment.[12]BasicGameHUD.[1]LeftPanel.[3]ScoreCanvas.[0]ScoreText
PanicEnvironment.[0]Environment.[12]BasicGameHUD.[1]LeftPanel.[3]ScoreCanvas.[1]ImmediateRankText
PanicEnvironment.[0]Environment.[12]BasicGameHUD.[1]LeftPanel.[3]ScoreCanvas.[2]RelativeScoreText
PanicEnvironment.[0]Environment.[12]BasicGameHUD.[2]RightPanel
PanicEnvironment.[0]Environment.[12]BasicGameHUD.[2]RightPanel.[0]BG
PanicEnvironment.[0]Environment.[12]BasicGameHUD.[2]RightPanel.[1]Top
PanicEnvironment.[0]Environment.[12]BasicGameHUD.[2]RightPanel.[2]MultiplierCanvas
PanicEnvironment.[0]Environment.[12]BasicGameHUD.[2]RightPanel.[2]MultiplierCanvas.[0]BGCircle
PanicEnvironment.[0]Environment.[12]BasicGameHUD.[2]RightPanel.[2]MultiplierCanvas.[1]FGCircle
PanicEnvironment.[0]Environment.[12]BasicGameHUD.[2]RightPanel.[2]MultiplierCanvas.[2]AnimationCircle
PanicEnvironment.[0]Environment.[12]BasicGameHUD.[2]RightPanel.[2]MultiplierCanvas.[3]TextOverlayPanelOutline1
PanicEnvironment.[0]Environment.[12]BasicGameHUD.[2]RightPanel.[2]MultiplierCanvas.[3]TextOverlayPanelOutline1.[0]XText
PanicEnvironment.[0]Environment.[12]BasicGameHUD.[2]RightPanel.[2]MultiplierCanvas.[3]TextOverlayPanelOutline1.[1]NumText
PanicEnvironment.[0]Environment.[12]BasicGameHUD.[2]RightPanel.[2]MultiplierCanvas.[4]TextOverlayPanelOutline0
PanicEnvironment.[0]Environment.[12]BasicGameHUD.[2]RightPanel.[2]MultiplierCanvas.[4]TextOverlayPanelOutline0.[0]XText
PanicEnvironment.[0]Environment.[12]BasicGameHUD.[2]RightPanel.[2]MultiplierCanvas.[4]TextOverlayPanelOutline0.[1]NumText
PanicEnvironment.[0]Environment.[12]BasicGameHUD.[2]RightPanel.[2]MultiplierCanvas.[5]TextPanel
PanicEnvironment.[0]Environment.[12]BasicGameHUD.[2]RightPanel.[2]MultiplierCanvas.[5]TextPanel.[0]XText
PanicEnvironment.[0]Environment.[12]BasicGameHUD.[2]RightPanel.[2]MultiplierCanvas.[5]TextPanel.[1]NumText
PanicEnvironment.[0]Environment.[12]BasicGameHUD.[2]RightPanel.[3]SongProgressCanvas
PanicEnvironment.[0]Environment.[12]BasicGameHUD.[2]RightPanel.[3]SongProgressCanvas.[0]Progress
PanicEnvironment.[0]Environment.[12]BasicGameHUD.[2]RightPanel.[3]SongProgressCanvas.[1]Slider
PanicEnvironment.[0]Environment.[12]BasicGameHUD.[2]RightPanel.[3]SongProgressCanvas.[1]Slider.[0]Background
PanicEnvironment.[0]Environment.[12]BasicGameHUD.[2]RightPanel.[3]SongProgressCanvas.[1]Slider.[1]Handle Slide Area
PanicEnvironment.[0]Environment.[12]BasicGameHUD.[2]RightPanel.[3]SongProgressCanvas.[1]Slider.[1]Handle Slide Area.[0]Handle
PanicEnvironment.[0]Environment.[12]BasicGameHUD.[2]RightPanel.[3]SongProgressCanvas.[2]DurationMinutes
PanicEnvironment.[0]Environment.[12]BasicGameHUD.[2]RightPanel.[3]SongProgressCanvas.[3]DurationSeconds
PanicEnvironment.[0]Environment.[12]BasicGameHUD.[2]RightPanel.[3]SongProgressCanvas.[4]ProgressMinutes
PanicEnvironment.[0]Environment.[12]BasicGameHUD.[2]RightPanel.[3]SongProgressCanvas.[5]ProgressSeconds
PanicEnvironment.[0]Environment.[12]BasicGameHUD.[2]RightPanel.[3]SongProgressCanvas.[6]BG
PanicEnvironment.[0]Environment.[13]Spectrograms
PanicEnvironment.[0]Environment.[13]Spectrograms.[0]Spectrogram
PanicEnvironment.[0]Environment.[13]Spectrograms.[0]Spectrogram.[0]Spectrogram0
PanicEnvironment.[0]Environment.[13]Spectrograms.[0]Spectrogram.[1]Spectrogram1
PanicEnvironment.[0]Environment.[13]Spectrograms.[1]Spectrogram
PanicEnvironment.[0]Environment.[13]Spectrograms.[1]Spectrogram.[0]Spectrogram0
PanicEnvironment.[0]Environment.[13]Spectrograms.[1]Spectrogram.[1]Spectrogram1
PanicEnvironment.[0]Environment.[14]BigSmokePS
PanicEnvironment.[0]Environment.[15]Panels4TrackLaneRings
PanicEnvironment.[0]Environment.[16]DustPS
PanicEnvironment.[0]Environment.[17]====== LIGHTS ======
PanicEnvironment.[0]Environment.[18]CoreLighting
PanicEnvironment.[0]Environment.[18]CoreLighting.[0]LightManager
PanicEnvironment.[0]Environment.[18]CoreLighting.[1]LightWrapper0
PanicEnvironment.[0]Environment.[18]CoreLighting.[1]LightWrapper0.[0]DirectionalLight
PanicEnvironment.[0]Environment.[18]CoreLighting.[2]LightWrapper1
PanicEnvironment.[0]Environment.[18]CoreLighting.[2]LightWrapper1.[0]DirectionalLight
PanicEnvironment.[0]Environment.[18]CoreLighting.[3]DirectionalLight
PanicEnvironment.[0]Environment.[18]CoreLighting.[4]DirectionalLight
PanicEnvironment.[0]Environment.[18]CoreLighting.[5]DirectionalLight
PanicEnvironment.[0]Environment.[19]ConstructionGlowLine (4)
PanicEnvironment.[0]Environment.[19]ConstructionGlowLine (4).[0]BoxLight
PanicEnvironment.[0]Environment.[19]ConstructionGlowLine (4).[1]BakedBloom
PanicEnvironment.[0]Environment.[2]====== STATIC ======
PanicEnvironment.[0]Environment.[20]ConstructionGlowLine (5)
PanicEnvironment.[0]Environment.[20]ConstructionGlowLine (5).[0]BoxLight
PanicEnvironment.[0]Environment.[20]ConstructionGlowLine (5).[1]BakedBloom
PanicEnvironment.[0]Environment.[21]ConstructionGlowLine (6)
PanicEnvironment.[0]Environment.[21]ConstructionGlowLine (6).[0]BoxLight
PanicEnvironment.[0]Environment.[21]ConstructionGlowLine (6).[1]BakedBloom
PanicEnvironment.[0]Environment.[22]ConstructionGlowLine (7)
PanicEnvironment.[0]Environment.[22]ConstructionGlowLine (7).[0]BoxLight
PanicEnvironment.[0]Environment.[22]ConstructionGlowLine (7).[1]BakedBloom
PanicEnvironment.[0]Environment.[23]ConstructionGlowLine (8)
PanicEnvironment.[0]Environment.[23]ConstructionGlowLine (8).[0]BoxLight
PanicEnvironment.[0]Environment.[23]ConstructionGlowLine (8).[1]BakedBloom
PanicEnvironment.[0]Environment.[24]ConstructionGlowLine (15)
PanicEnvironment.[0]Environment.[24]ConstructionGlowLine (15).[0]BoxLight
PanicEnvironment.[0]Environment.[24]ConstructionGlowLine (15).[1]BakedBloom
PanicEnvironment.[0]Environment.[25]LightWithIdManager
PanicEnvironment.[0]Environment.[26]LightEffects
PanicEnvironment.[0]Environment.[27]Light (5)
PanicEnvironment.[0]Environment.[28]RotatingLasersPair
PanicEnvironment.[0]Environment.[28]RotatingLasersPair.[0]BaseL
PanicEnvironment.[0]Environment.[28]RotatingLasersPair.[0]BaseL.[0]Laser
PanicEnvironment.[0]Environment.[28]RotatingLasersPair.[0]BaseL.[0]Laser.[0]BakedBloom
PanicEnvironment.[0]Environment.[28]RotatingLasersPair.[0]BaseL.[0]Laser.[1]BoxLight
PanicEnvironment.[0]Environment.[28]RotatingLasersPair.[1]BaseR
PanicEnvironment.[0]Environment.[28]RotatingLasersPair.[1]BaseR.[0]Laser
PanicEnvironment.[0]Environment.[28]RotatingLasersPair.[1]BaseR.[0]Laser.[0]BakedBloom
PanicEnvironment.[0]Environment.[28]RotatingLasersPair.[1]BaseR.[0]Laser.[1]BoxLight
PanicEnvironment.[0]Environment.[29]RotatingLasersPair (1)
PanicEnvironment.[0]Environment.[29]RotatingLasersPair (1).[0]BaseL
PanicEnvironment.[0]Environment.[29]RotatingLasersPair (1).[0]BaseL.[0]Laser
PanicEnvironment.[0]Environment.[29]RotatingLasersPair (1).[0]BaseL.[0]Laser.[0]BakedBloom
PanicEnvironment.[0]Environment.[29]RotatingLasersPair (1).[0]BaseL.[0]Laser.[1]BoxLight
PanicEnvironment.[0]Environment.[29]RotatingLasersPair (1).[1]BaseR
PanicEnvironment.[0]Environment.[29]RotatingLasersPair (1).[1]BaseR.[0]Laser
PanicEnvironment.[0]Environment.[29]RotatingLasersPair (1).[1]BaseR.[0]Laser.[0]BakedBloom
PanicEnvironment.[0]Environment.[29]RotatingLasersPair (1).[1]BaseR.[0]Laser.[1]BoxLight
PanicEnvironment.[0]Environment.[3]BackColumns
PanicEnvironment.[0]Environment.[3]BackColumns.[0]BackColumnNeon
PanicEnvironment.[0]Environment.[3]BackColumns.[0]BackColumnNeon.[0]BoxLight
PanicEnvironment.[0]Environment.[3]BackColumns.[0]BackColumnNeon.[1]BakedBloom
PanicEnvironment.[0]Environment.[3]BackColumns.[1]BackColumnNeon
PanicEnvironment.[0]Environment.[3]BackColumns.[1]BackColumnNeon.[0]BoxLight
PanicEnvironment.[0]Environment.[3]BackColumns.[1]BackColumnNeon.[1]BakedBloom
PanicEnvironment.[0]Environment.[30]RotatingLasersPair (2)
PanicEnvironment.[0]Environment.[30]RotatingLasersPair (2).[0]BaseL
PanicEnvironment.[0]Environment.[30]RotatingLasersPair (2).[0]BaseL.[0]Laser
PanicEnvironment.[0]Environment.[30]RotatingLasersPair (2).[0]BaseL.[0]Laser.[0]BakedBloom
PanicEnvironment.[0]Environment.[30]RotatingLasersPair (2).[0]BaseL.[0]Laser.[1]BoxLight
PanicEnvironment.[0]Environment.[30]RotatingLasersPair (2).[1]BaseR
PanicEnvironment.[0]Environment.[30]RotatingLasersPair (2).[1]BaseR.[0]Laser
PanicEnvironment.[0]Environment.[30]RotatingLasersPair (2).[1]BaseR.[0]Laser.[0]BakedBloom
PanicEnvironment.[0]Environment.[30]RotatingLasersPair (2).[1]BaseR.[0]Laser.[1]BoxLight
PanicEnvironment.[0]Environment.[31]RotatingLasersPair (3)
PanicEnvironment.[0]Environment.[31]RotatingLasersPair (3).[0]BaseL
PanicEnvironment.[0]Environment.[31]RotatingLasersPair (3).[0]BaseL.[0]Laser
PanicEnvironment.[0]Environment.[31]RotatingLasersPair (3).[0]BaseL.[0]Laser.[0]BakedBloom
PanicEnvironment.[0]Environment.[31]RotatingLasersPair (3).[0]BaseL.[0]Laser.[1]BoxLight
PanicEnvironment.[0]Environment.[31]RotatingLasersPair (3).[1]BaseR
PanicEnvironment.[0]Environment.[31]RotatingLasersPair (3).[1]BaseR.[0]Laser
PanicEnvironment.[0]Environment.[31]RotatingLasersPair (3).[1]BaseR.[0]Laser.[0]BakedBloom
PanicEnvironment.[0]Environment.[31]RotatingLasersPair (3).[1]BaseR.[0]Laser.[1]BoxLight
PanicEnvironment.[0]Environment.[32]RotatingLasersPair (4)
PanicEnvironment.[0]Environment.[32]RotatingLasersPair (4).[0]BaseL
PanicEnvironment.[0]Environment.[32]RotatingLasersPair (4).[0]BaseL.[0]Laser
PanicEnvironment.[0]Environment.[32]RotatingLasersPair (4).[0]BaseL.[0]Laser.[0]BakedBloom
PanicEnvironment.[0]Environment.[32]RotatingLasersPair (4).[0]BaseL.[0]Laser.[1]BoxLight
PanicEnvironment.[0]Environment.[32]RotatingLasersPair (4).[1]BaseR
PanicEnvironment.[0]Environment.[32]RotatingLasersPair (4).[1]BaseR.[0]Laser
PanicEnvironment.[0]Environment.[32]RotatingLasersPair (4).[1]BaseR.[0]Laser.[0]BakedBloom
PanicEnvironment.[0]Environment.[32]RotatingLasersPair (4).[1]BaseR.[0]Laser.[1]BoxLight
PanicEnvironment.[0]Environment.[33]RotatingLasersPair (5)
PanicEnvironment.[0]Environment.[33]RotatingLasersPair (5).[0]BaseL
PanicEnvironment.[0]Environment.[33]RotatingLasersPair (5).[0]BaseL.[0]Laser
PanicEnvironment.[0]Environment.[33]RotatingLasersPair (5).[0]BaseL.[0]Laser.[0]BakedBloom
PanicEnvironment.[0]Environment.[33]RotatingLasersPair (5).[0]BaseL.[0]Laser.[1]BoxLight
PanicEnvironment.[0]Environment.[33]RotatingLasersPair (5).[1]BaseR
PanicEnvironment.[0]Environment.[33]RotatingLasersPair (5).[1]BaseR.[0]Laser
PanicEnvironment.[0]Environment.[33]RotatingLasersPair (5).[1]BaseR.[0]Laser.[0]BakedBloom
PanicEnvironment.[0]Environment.[33]RotatingLasersPair (5).[1]BaseR.[0]Laser.[1]BoxLight
PanicEnvironment.[0]Environment.[34]RotatingLasersPair (6)
PanicEnvironment.[0]Environment.[34]RotatingLasersPair (6).[0]BaseL
PanicEnvironment.[0]Environment.[34]RotatingLasersPair (6).[0]BaseL.[0]Laser
PanicEnvironment.[0]Environment.[34]RotatingLasersPair (6).[0]BaseL.[0]Laser.[0]BakedBloom
PanicEnvironment.[0]Environment.[34]RotatingLasersPair (6).[0]BaseL.[0]Laser.[1]BoxLight
PanicEnvironment.[0]Environment.[34]RotatingLasersPair (6).[1]BaseR
PanicEnvironment.[0]Environment.[34]RotatingLasersPair (6).[1]BaseR.[0]Laser
PanicEnvironment.[0]Environment.[34]RotatingLasersPair (6).[1]BaseR.[0]Laser.[0]BakedBloom
PanicEnvironment.[0]Environment.[34]RotatingLasersPair (6).[1]BaseR.[0]Laser.[1]BoxLight
PanicEnvironment.[0]Environment.[35]NeonTube
PanicEnvironment.[0]Environment.[35]NeonTube.[0]BakedBloom
PanicEnvironment.[0]Environment.[35]NeonTube.[1]BoxLight
PanicEnvironment.[0]Environment.[36]NeonTube (1)
PanicEnvironment.[0]Environment.[36]NeonTube (1).[0]BakedBloom
PanicEnvironment.[0]Environment.[36]NeonTube (1).[1]BoxLight
PanicEnvironment.[0]Environment.[37]GradientBackground
PanicEnvironment.[0]Environment.[38]BakedReflectionProbe
PanicEnvironment.[0]Environment.[39]BSBakedLightingLightWithIds
PanicEnvironment.[0]Environment.[4]PlayersPlace
PanicEnvironment.[0]Environment.[4]PlayersPlace.[0]Mirror
PanicEnvironment.[0]Environment.[4]PlayersPlace.[1]Feet
PanicEnvironment.[0]Environment.[4]PlayersPlace.[2]Construction
PanicEnvironment.[0]Environment.[4]PlayersPlace.[3]RectangleFakeGlow
PanicEnvironment.[0]Environment.[4]PlayersPlace.[4]SaberBurnMarksParticles
PanicEnvironment.[0]Environment.[4]PlayersPlace.[4]SaberBurnMarksParticles.[0]SaberBurnMarkSparklePS
PanicEnvironment.[0]Environment.[4]PlayersPlace.[5]SaberBurnMarksArea
PanicEnvironment.[0]Environment.[4]PlayersPlace.[6]Collider
PanicEnvironment.[0]Environment.[40]FakeMirrorSettings
PanicEnvironment.[0]Environment.[41]BakedReflectionProbeInstaller
PanicEnvironment.[0]Environment.[5]Window
PanicEnvironment.[0]Environment.[6]Window
PanicEnvironment.[0]Environment.[7]BottomCones
PanicEnvironment.[0]Environment.[8]TopCones
PanicEnvironment.[0]Environment.[9]TrackMirror
PanicEnvironment.[0]Environment.[9]TrackMirror.[0]TrackMirrorSetDepth
PanicEnvironment.[1]CinemaPlaybackController
PanicEnvironment.[1]CinemaPlaybackController.[0]CinemaScreen
PanicEnvironment.[1]CinemaPlaybackController.[0]CinemaScreen.[0]Body