RocketEnvironment.[0]Environment
RocketEnvironment.[0]Environment.[0]DecoratorContext
RocketEnvironment.[0]Environment.[1]SceneSetup
RocketEnvironment.[0]Environment.[10]DustPS
RocketEnvironment.[0]Environment.[11]====== LIGHTS ======
RocketEnvironment.[0]Environment.[12]NarrowGameHUD
RocketEnvironment.[0]Environment.[12]NarrowGameHUD.[0]EnergyPanel
RocketEnvironment.[0]Environment.[12]NarrowGameHUD.[0]EnergyPanel.[0]BG
RocketEnvironment.[0]Environment.[12]NarrowGameHUD.[0]EnergyPanel.[1]BarBG
RocketEnvironment.[0]Environment.[12]NarrowGameHUD.[0]EnergyPanel.[2]EnergyIconEmpty
RocketEnvironment.[0]Environment.[12]NarrowGameHUD.[0]EnergyPanel.[3]EnergyIconFull
RocketEnvironment.[0]Environment.[12]NarrowGameHUD.[0]EnergyPanel.[4]EnergyBarWrapper
RocketEnvironment.[0]Environment.[12]NarrowGameHUD.[0]EnergyPanel.[4]EnergyBarWrapper.[0]EnergyBar
RocketEnvironment.[0]Environment.[12]NarrowGameHUD.[0]EnergyPanel.[5]Laser
RocketEnvironment.[0]Environment.[12]NarrowGameHUD.[0]EnergyPanel.[5]Laser.[0]BoxLight
RocketEnvironment.[0]Environment.[12]NarrowGameHUD.[0]EnergyPanel.[5]Laser.[1]BakedBloom
RocketEnvironment.[0]Environment.[12]NarrowGameHUD.[0]EnergyPanel.[6]FailIcon
RocketEnvironment.[0]Environment.[12]NarrowGameHUD.[1]LeftPanel
RocketEnvironment.[0]Environment.[12]NarrowGameHUD.[1]LeftPanel.[0]ComboPanel
RocketEnvironment.[0]Environment.[12]NarrowGameHUD.[1]LeftPanel.[0]ComboPanel.[0]ComboText
RocketEnvironment.[0]Environment.[12]NarrowGameHUD.[1]LeftPanel.[0]ComboPanel.[1]ComboCanvas
RocketEnvironment.[0]Environment.[12]NarrowGameHUD.[1]LeftPanel.[0]ComboPanel.[1]ComboCanvas.[0]NumText
RocketEnvironment.[0]Environment.[12]NarrowGameHUD.[1]LeftPanel.[0]ComboPanel.[2]Line0
RocketEnvironment.[0]Environment.[12]NarrowGameHUD.[1]LeftPanel.[0]ComboPanel.[3]Line1
RocketEnvironment.[0]Environment.[12]NarrowGameHUD.[1]LeftPanel.[1]ScoreCanvas
RocketEnvironment.[0]Environment.[12]NarrowGameHUD.[1]LeftPanel.[1]ScoreCanvas.[0]ScoreText
RocketEnvironment.[0]Environment.[12]NarrowGameHUD.[1]LeftPanel.[1]ScoreCanvas.[1]ImmediateRankText
RocketEnvironment.[0]Environment.[12]NarrowGameHUD.[1]LeftPanel.[1]ScoreCanvas.[2]RelativeScoreText
RocketEnvironment.[0]Environment.[12]NarrowGameHUD.[2]RightPanel
RocketEnvironment.[0]Environment.[12]NarrowGameHUD.[2]RightPanel.[0]MultiplierCanvas
RocketEnvironment.[0]Environment.[12]NarrowGameHUD.[2]RightPanel.[0]MultiplierCanvas.[0]BGCircle
RocketEnvironment.[0]Environment.[12]NarrowGameHUD.[2]RightPanel.[0]MultiplierCanvas.[1]FGCircle
RocketEnvironment.[0]Environment.[12]NarrowGameHUD.[2]RightPanel.[0]MultiplierCanvas.[2]AnimationCircle
RocketEnvironment.[0]Environment.[12]NarrowGameHUD.[2]RightPanel.[0]MultiplierCanvas.[3]TextOverlayPanelOutline1
RocketEnvironment.[0]Environment.[12]NarrowGameHUD.[2]RightPanel.[0]MultiplierCanvas.[3]TextOverlayPanelOutline1.[0]XText
RocketEnvironment.[0]Environment.[12]NarrowGameHUD.[2]RightPanel.[0]MultiplierCanvas.[3]TextOverlayPanelOutline1.[1]NumText
RocketEnvironment.[0]Environment.[12]NarrowGameHUD.[2]RightPanel.[0]MultiplierCanvas.[4]TextOverlayPanelOutline0
RocketEnvironment.[0]Environment.[12]NarrowGameHUD.[2]RightPanel.[0]MultiplierCanvas.[4]TextOverlayPanelOutline0.[0]XText
RocketEnvironment.[0]Environment.[12]NarrowGameHUD.[2]RightPanel.[0]MultiplierCanvas.[4]TextOverlayPanelOutline0.[1]NumText
RocketEnvironment.[0]Environment.[12]NarrowGameHUD.[2]RightPanel.[0]MultiplierCanvas.[5]TextPanel
RocketEnvironment.[0]Environment.[12]NarrowGameHUD.[2]RightPanel.[0]MultiplierCanvas.[5]TextPanel.[0]XText
RocketEnvironment.[0]Environment.[12]NarrowGameHUD.[2]RightPanel.[0]MultiplierCanvas.[5]TextPanel.[1]NumText
RocketEnvironment.[0]Environment.[12]NarrowGameHUD.[2]RightPanel.[1]SongProgressCanvas
RocketEnvironment.[0]Environment.[12]NarrowGameHUD.[2]RightPanel.[1]SongProgressCanvas.[0]Progress
RocketEnvironment.[0]Environment.[12]NarrowGameHUD.[2]RightPanel.[1]SongProgressCanvas.[1]Slider
RocketEnvironment.[0]Environment.[12]NarrowGameHUD.[2]RightPanel.[1]SongProgressCanvas.[1]Slider.[0]Background
RocketEnvironment.[0]Environment.[12]NarrowGameHUD.[2]RightPanel.[1]SongProgressCanvas.[1]Slider.[1]Handle Slide Area
RocketEnvironment.[0]Environment.[12]NarrowGameHUD.[2]RightPanel.[1]SongProgressCanvas.[1]Slider.[1]Handle Slide Area.[0]Handle
RocketEnvironment.[0]Environment.[12]NarrowGameHUD.[2]RightPanel.[1]SongProgressCanvas.[2]DurationMinutes
RocketEnvironment.[0]Environment.[12]NarrowGameHUD.[2]RightPanel.[1]SongProgressCanvas.[3]DurationSeconds
RocketEnvironment.[0]Environment.[12]NarrowGameHUD.[2]RightPanel.[1]SongProgressCanvas.[4]ProgressMinutes
RocketEnvironment.[0]Environment.[12]NarrowGameHUD.[2]RightPanel.[1]SongProgressCanvas.[5]ProgressSeconds
RocketEnvironment.[0]Environment.[12]NarrowGameHUD.[2]RightPanel.[1]SongProgressCanvas.[6]BG
RocketEnvironment.[0]Environment.[13]RocketArenaLight
RocketEnvironment.[0]Environment.[14]BigSmokePS
RocketEnvironment.[0]Environment.[15]RocketGateLight
RocketEnvironment.[0]Environment.[16]LightWithIdManager
RocketEnvironment.[0]Environment.[17]DirectionalLightManager
RocketEnvironment.[0]Environment.[18]CoreLighting
RocketEnvironment.[0]Environment.[18]CoreLighting.[0]LightManager
RocketEnvironment.[0]Environment.[18]CoreLighting.[1]LightWrapper0
RocketEnvironment.[0]Environment.[18]CoreLighting.[1]LightWrapper0.[0]DirectionalLight
RocketEnvironment.[0]Environment.[18]CoreLighting.[2]LightWrapper1
RocketEnvironment.[0]Environment.[18]CoreLighting.[2]LightWrapper1.[0]DirectionalLight
RocketEnvironment.[0]Environment.[18]CoreLighting.[3]DirectionalLight
RocketEnvironment.[0]Environment.[18]CoreLighting.[4]DirectionalLight
RocketEnvironment.[0]Environment.[18]CoreLighting.[5]DirectionalLight
RocketEnvironment.[0]Environment.[19]LightEffects
RocketEnvironment.[0]Environment.[2]====== STATIC ======
RocketEnvironment.[0]Environment.[20]GateLight0
RocketEnvironment.[0]Environment.[20]GateLight0.[0]BoxLight
RocketEnvironment.[0]Environment.[20]GateLight0.[1]BakedBloom
RocketEnvironment.[0]Environment.[21]GateLight1
RocketEnvironment.[0]Environment.[21]GateLight1.[0]BoxLight
RocketEnvironment.[0]Environment.[21]GateLight1.[1]BakedBloom
RocketEnvironment.[0]Environment.[22]FrontLights
RocketEnvironment.[0]Environment.[22]FrontLights.[0]NeonTube
RocketEnvironment.[0]Environment.[22]FrontLights.[0]NeonTube.[0]BakedBloom
RocketEnvironment.[0]Environment.[22]FrontLights.[0]NeonTube.[1]BoxLight
RocketEnvironment.[0]Environment.[22]FrontLights.[1]NeonTube (1)
RocketEnvironment.[0]Environment.[22]FrontLights.[1]NeonTube (1).[0]BakedBloom
RocketEnvironment.[0]Environment.[22]FrontLights.[1]NeonTube (1).[1]BoxLight
RocketEnvironment.[0]Environment.[23]GateLight1 (4)
RocketEnvironment.[0]Environment.[23]GateLight1 (4).[0]BoxLight
RocketEnvironment.[0]Environment.[23]GateLight1 (4).[1]BakedBloom
RocketEnvironment.[0]Environment.[24]EnvLight0
RocketEnvironment.[0]Environment.[24]EnvLight0.[0]BoxLight
RocketEnvironment.[0]Environment.[24]EnvLight0.[1]BakedBloom
RocketEnvironment.[0]Environment.[25]EnvLight0 (2)
RocketEnvironment.[0]Environment.[25]EnvLight0 (2).[0]BoxLight
RocketEnvironment.[0]Environment.[25]EnvLight0 (2).[1]BakedBloom
RocketEnvironment.[0]Environment.[26]EnvLight0 (4)
RocketEnvironment.[0]Environment.[26]EnvLight0 (4).[0]BoxLight
RocketEnvironment.[0]Environment.[26]EnvLight0 (4).[1]BakedBloom
RocketEnvironment.[0]Environment.[27]EnvLight0 (6)
RocketEnvironment.[0]Environment.[27]EnvLight0 (6).[0]BoxLight
RocketEnvironment.[0]Environment.[27]EnvLight0 (6).[1]BakedBloom
RocketEnvironment.[0]Environment.[28]EnvLight0 (7)
RocketEnvironment.[0]Environment.[28]EnvLight0 (7).[0]BoxLight
RocketEnvironment.[0]Environment.[28]EnvLight0 (7).[1]BakedBloom
RocketEnvironment.[0]Environment.[29]EnvLight0 (8)
RocketEnvironment.[0]Environment.[29]EnvLight0 (8).[0]BoxLight
RocketEnvironment.[0]Environment.[29]EnvLight0 (8).[1]BakedBloom
RocketEnvironment.[0]Environment.[3]Mirror
RocketEnvironment.[0]Environment.[3]Mirror.[0]MirrorSetDepth
RocketEnvironment.[0]Environment.[30]EnvLight0 (3)
RocketEnvironment.[0]Environment.[30]EnvLight0 (3).[0]BoxLight
RocketEnvironment.[0]Environment.[30]EnvLight0 (3).[1]BakedBloom
RocketEnvironment.[0]Environment.[31]EnvLight0 (5)
RocketEnvironment.[0]Environment.[31]EnvLight0 (5).[0]BoxLight
RocketEnvironment.[0]Environment.[31]EnvLight0 (5).[1]BakedBloom
RocketEnvironment.[0]Environment.[32]EnvLight0 (9)
RocketEnvironment.[0]Environment.[32]EnvLight0 (9).[0]BoxLight
RocketEnvironment.[0]Environment.[32]EnvLight0 (9).[1]BakedBloom
RocketEnvironment.[0]Environment.[33]GlowLineL (1)
RocketEnvironment.[0]Environment.[33]GlowLineL (1).[0]BakedBloom
RocketEnvironment.[0]Environment.[33]GlowLineL (1).[1]BoxLight
RocketEnvironment.[0]Environment.[34]GlowLineR (1)
RocketEnvironment.[0]Environment.[34]GlowLineR (1).[0]BakedBloom
RocketEnvironment.[0]Environment.[34]GlowLineR (1).[1]BoxLight
RocketEnvironment.[0]Environment.[35]GlowLineL (2)
RocketEnvironment.[0]Environment.[35]GlowLineL (2).[0]BakedBloom
RocketEnvironment.[0]Environment.[35]GlowLineL (2).[1]BoxLight
RocketEnvironment.[0]Environment.[36]GlowLineL (3)
RocketEnvironment.[0]Environment.[36]GlowLineL (3).[0]BakedBloom
RocketEnvironment.[0]Environment.[36]GlowLineL (3).[1]BoxLight
RocketEnvironment.[0]Environment.[37]GlowLineL (4)
RocketEnvironment.[0]Environment.[37]GlowLineL (4).[0]BakedBloom
RocketEnvironment.[0]Environment.[37]GlowLineL (4).[1]BoxLight
RocketEnvironment.[0]Environment.[38]GlowLineL (5)
RocketEnvironment.[0]Environment.[38]GlowLineL (5).[0]BakedBloom
RocketEnvironment.[0]Environment.[38]GlowLineL (5).[1]BoxLight
RocketEnvironment.[0]Environment.[39]BackColumns
RocketEnvironment.[0]Environment.[39]BackColumns.[0]BackColumnNeon
RocketEnvironment.[0]Environment.[39]BackColumns.[0]BackColumnNeon.[0]BoxLight
RocketEnvironment.[0]Environment.[39]BackColumns.[0]BackColumnNeon.[1]BakedBloom
RocketEnvironment.[0]Environment.[39]BackColumns.[1]BackColumnNeon
RocketEnvironment.[0]Environment.[39]BackColumns.[1]BackColumnNeon.[0]BoxLight
RocketEnvironment.[0]Environment.[39]BackColumns.[1]BackColumnNeon.[1]BakedBloom
RocketEnvironment.[0]Environment.[4]RocketArena
RocketEnvironment.[0]Environment.[40]GlowLineL (6)
RocketEnvironment.[0]Environment.[40]GlowLineL (6).[0]BakedBloom
RocketEnvironment.[0]Environment.[40]GlowLineL (6).[1]BoxLight
RocketEnvironment.[0]Environment.[41]GlowLineL (7)
RocketEnvironment.[0]Environment.[41]GlowLineL (7).[0]BakedBloom
RocketEnvironment.[0]Environment.[41]GlowLineL (7).[1]BoxLight
RocketEnvironment.[0]Environment.[42]GlowLineL (8)
RocketEnvironment.[0]Environment.[42]GlowLineL (8).[0]BakedBloom
RocketEnvironment.[0]Environment.[42]GlowLineL (8).[1]BoxLight
RocketEnvironment.[0]Environment.[43]GlowLineL (9)
RocketEnvironment.[0]Environment.[43]GlowLineL (9).[0]BakedBloom
RocketEnvironment.[0]Environment.[43]GlowLineL (9).[1]BoxLight
RocketEnvironment.[0]Environment.[44]GradientBackground
RocketEnvironment.[0]Environment.[45]RotatingLasersPair (13)
RocketEnvironment.[0]Environment.[45]RotatingLasersPair (13).[0]BaseL
RocketEnvironment.[0]Environment.[45]RotatingLasersPair (13).[0]BaseL.[0]Laser
RocketEnvironment.[0]Environment.[45]RotatingLasersPair (13).[0]BaseL.[0]Laser.[0]BakedBloom
RocketEnvironment.[0]Environment.[45]RotatingLasersPair (13).[0]BaseL.[0]Laser.[1]BoxLight
RocketEnvironment.[0]Environment.[45]RotatingLasersPair (13).[1]BaseR
RocketEnvironment.[0]Environment.[45]RotatingLasersPair (13).[1]BaseR.[0]Laser
RocketEnvironment.[0]Environment.[45]RotatingLasersPair (13).[1]BaseR.[0]Laser.[0]BakedBloom
RocketEnvironment.[0]Environment.[45]RotatingLasersPair (13).[1]BaseR.[0]Laser.[1]BoxLight
RocketEnvironment.[0]Environment.[46]RotatingLasersPair (12)
RocketEnvironment.[0]Environment.[46]RotatingLasersPair (12).[0]BaseL
RocketEnvironment.[0]Environment.[46]RotatingLasersPair (12).[0]BaseL.[0]Laser
RocketEnvironment.[0]Environment.[46]RotatingLasersPair (12).[0]BaseL.[0]Laser.[0]BakedBloom
RocketEnvironment.[0]Environment.[46]RotatingLasersPair (12).[0]BaseL.[0]Laser.[1]BoxLight
RocketEnvironment.[0]Environment.[46]RotatingLasersPair (12).[1]BaseR
RocketEnvironment.[0]Environment.[46]RotatingLasersPair (12).[1]BaseR.[0]Laser
RocketEnvironment.[0]Environment.[46]RotatingLasersPair (12).[1]BaseR.[0]Laser.[0]BakedBloom
RocketEnvironment.[0]Environment.[46]RotatingLasersPair (12).[1]BaseR.[0]Laser.[1]BoxLight
RocketEnvironment.[0]Environment.[47]RotatingLasersPair (7)
RocketEnvironment.[0]Environment.[47]RotatingLasersPair (7).[0]BaseL
RocketEnvironment.[0]Environment.[47]RotatingLasersPair (7).[0]BaseL.[0]Laser
RocketEnvironment.[0]Environment.[47]RotatingLasersPair (7).[0]BaseL.[0]Laser.[0]BakedBloom
RocketEnvironment.[0]Environment.[47]RotatingLasersPair (7).[0]BaseL.[0]Laser.[1]BoxLight
RocketEnvironment.[0]Environment.[47]RotatingLasersPair (7).[1]BaseR
RocketEnvironment.[0]Environment.[47]RotatingLasersPair (7).[1]BaseR.[0]Laser
RocketEnvironment.[0]Environment.[47]RotatingLasersPair (7).[1]BaseR.[0]Laser.[0]BakedBloom
RocketEnvironment.[0]Environment.[47]RotatingLasersPair (7).[1]BaseR.[0]Laser.[1]BoxLight
RocketEnvironment.[0]Environment.[48]RotatingLasersPair (8)
RocketEnvironment.[0]Environment.[48]RotatingLasersPair (8).[0]BaseL
RocketEnvironment.[0]Environment.[48]RotatingLasersPair (8).[0]BaseL.[0]Laser
RocketEnvironment.[0]Environment.[48]RotatingLasersPair (8).[0]BaseL.[0]Laser.[0]BakedBloom
RocketEnvironment.[0]Environment.[48]RotatingLasersPair (8).[0]BaseL.[0]Laser.[1]BoxLight
RocketEnvironment.[0]Environment.[48]RotatingLasersPair (8).[1]BaseR
RocketEnvironment.[0]Environment.[48]RotatingLasersPair (8).[1]BaseR.[0]Laser
RocketEnvironment.[0]Environment.[48]RotatingLasersPair (8).[1]BaseR.[0]Laser.[0]BakedBloom
RocketEnvironment.[0]Environment.[48]RotatingLasersPair (8).[1]BaseR.[0]Laser.[1]BoxLight
RocketEnvironment.[0]Environment.[49]RotatingLasersPair (9)
RocketEnvironment.[0]Environment.[49]RotatingLasersPair (9).[0]BaseL
RocketEnvironment.[0]Environment.[49]RotatingLasersPair (9).[0]BaseL.[0]Laser
RocketEnvironment.[0]Environment.[49]RotatingLasersPair (9).[0]BaseL.[0]Laser.[0]BakedBloom
RocketEnvironment.[0]Environment.[49]RotatingLasersPair (9).[0]BaseL.[0]Laser.[1]BoxLight
RocketEnvironment.[0]Environment.[49]RotatingLasersPair (9).[1]BaseR
RocketEnvironment.[0]Environment.[49]RotatingLasersPair (9).[1]BaseR.[0]Laser
RocketEnvironment.[0]Environment.[49]RotatingLasersPair (9).[1]BaseR.[0]Laser.[0]BakedBloom
RocketEnvironment.[0]Environment.[49]RotatingLasersPair (9).[1]BaseR.[0]Laser.[1]BoxLight
RocketEnvironment.[0]Environment.[5]Construction
RocketEnvironment.[0]Environment.[50]RotatingLasersPair (10)
RocketEnvironment.[0]Environment.[50]RotatingLasersPair (10).[0]BaseL
RocketEnvironment.[0]Environment.[50]RotatingLasersPair (10).[0]BaseL.[0]Laser
RocketEnvironment.[0]Environment.[50]RotatingLasersPair (10).[0]BaseL.[0]Laser.[0]BakedBloom
RocketEnvironment.[0]Environment.[50]RotatingLasersPair (10).[0]BaseL.[0]Laser.[1]BoxLight
RocketEnvironment.[0]Environment.[50]RotatingLasersPair (10).[1]BaseR
RocketEnvironment.[0]Environment.[50]RotatingLasersPair (10).[1]BaseR.[0]Laser
RocketEnvironment.[0]Environment.[50]RotatingLasersPair (10).[1]BaseR.[0]Laser.[0]BakedBloom
RocketEnvironment.[0]Environment.[50]RotatingLasersPair (10).[1]BaseR.[0]Laser.[1]BoxLight
RocketEnvironment.[0]Environment.[51]RotatingLasersPair (11)
RocketEnvironment.[0]Environment.[51]RotatingLasersPair (11).[0]BaseL
RocketEnvironment.[0]Environment.[51]RotatingLasersPair (11).[0]BaseL.[0]Laser
RocketEnvironment.[0]Environment.[51]RotatingLasersPair (11).[0]BaseL.[0]Laser.[0]BakedBloom
RocketEnvironment.[0]Environment.[51]RotatingLasersPair (11).[0]BaseL.[0]Laser.[1]BoxLight
RocketEnvironment.[0]Environment.[51]RotatingLasersPair (11).[1]BaseR
RocketEnvironment.[0]Environment.[51]RotatingLasersPair (11).[1]BaseR.[0]Laser
RocketEnvironment.[0]Environment.[51]RotatingLasersPair (11).[1]BaseR.[0]Laser.[0]BakedBloom
RocketEnvironment.[0]Environment.[51]RotatingLasersPair (11).[1]BaseR.[0]Laser.[1]BoxLight
RocketEnvironment.[0]Environment.[52]BakedReflectionProbe
RocketEnvironment.[0]Environment.[53]BSBakedLightingLightWithIds
RocketEnvironment.[0]Environment.[54]FakeMirrorSettings
RocketEnvironment.[0]Environment.[55]BakedReflectionProbeInstaller
RocketEnvironment.[0]Environment.[6]PlayersPlace
RocketEnvironment.[0]Environment.[6]PlayersPlace.[0]Mirror
RocketEnvironment.[0]Environment.[6]PlayersPlace.[1]Feet
RocketEnvironment.[0]Environment.[6]PlayersPlace.[2]Construction
RocketEnvironment.[0]Environment.[6]PlayersPlace.[3]RectangleFakeGlow
RocketEnvironment.[0]Environment.[6]PlayersPlace.[4]SaberBurnMarksParticles
RocketEnvironment.[0]Environment.[6]PlayersPlace.[4]SaberBurnMarksParticles.[0]SaberBurnMarkSparklePS
RocketEnvironment.[0]Environment.[6]PlayersPlace.[5]SaberBurnMarksArea
RocketEnvironment.[0]Environment.[6]PlayersPlace.[6]Collider
RocketEnvironment.[0]Environment.[7]RocketCarL
RocketEnvironment.[0]Environment.[7]RocketCarL.[0]Shadow
RocketEnvironment.[0]Environment.[8]RocketCarR
RocketEnvironment.[0]Environment.[8]RocketCarR.[0]Shadow
RocketEnvironment.[0]Environment.[9]====== DYNAMIC ======
RocketEnvironment.[1]CinemaPlaybackController
RocketEnvironment.[1]CinemaPlaybackController.[0]CinemaScreen
RocketEnvironment.[1]CinemaPlaybackController.[0]CinemaScreen.[0]Body