GameCore.[1]PairLaserTrackLaneRing(Clone)
GameCore.[1]PairLaserTrackLaneRing(Clone).[0]Ring
GameCore.[1]PairLaserTrackLaneRing(Clone).[1]LaserL
GameCore.[1]PairLaserTrackLaneRing(Clone).[1]LaserL.[0]BoxLight
GameCore.[1]PairLaserTrackLaneRing(Clone).[1]LaserL.[1]BakedBloom
GameCore.[1]PairLaserTrackLaneRing(Clone).[2]LaserR
GameCore.[1]PairLaserTrackLaneRing(Clone).[2]LaserR.[0]BoxLight
GameCore.[1]PairLaserTrackLaneRing(Clone).[2]LaserR.[1]BakedBloom
GameCore.[1]PairLaserTrackLaneRing(Clone).[3]LaserLF
GameCore.[1]PairLaserTrackLaneRing(Clone).[3]LaserLF.[0]BoxLight
GameCore.[1]PairLaserTrackLaneRing(Clone).[3]LaserLF.[1]BakedBloom
GameCore.[1]PairLaserTrackLaneRing(Clone).[4]LaserRF
GameCore.[1]PairLaserTrackLaneRing(Clone).[4]LaserRF.[0]BoxLight
GameCore.[1]PairLaserTrackLaneRing(Clone).[4]LaserRF.[1]BakedBloom
GameCore.[1]PairLaserTrackLaneRing(Clone).[5]RotatingLasersPair
GameCore.[1]PairLaserTrackLaneRing(Clone).[5]RotatingLasersPair.[0]BaseL
GameCore.[1]PairLaserTrackLaneRing(Clone).[5]RotatingLasersPair.[0]BaseL.[0]Laser
GameCore.[1]PairLaserTrackLaneRing(Clone).[5]RotatingLasersPair.[0]BaseL.[0]Laser.[0]BoxLight
GameCore.[1]PairLaserTrackLaneRing(Clone).[5]RotatingLasersPair.[0]BaseL.[0]Laser.[1]BakedBloom
GameCore.[1]PairLaserTrackLaneRing(Clone).[5]RotatingLasersPair.[1]BaseR
GameCore.[1]PairLaserTrackLaneRing(Clone).[5]RotatingLasersPair.[1]BaseR.[0]Laser
GameCore.[1]PairLaserTrackLaneRing(Clone).[5]RotatingLasersPair.[1]BaseR.[0]Laser.[0]BoxLight
GameCore.[1]PairLaserTrackLaneRing(Clone).[5]RotatingLasersPair.[1]BaseR.[0]Laser.[1]BakedBloom
GameCore.[10]PairLaserTrackLaneRing(Clone)
GameCore.[10]PairLaserTrackLaneRing(Clone).[0]Ring
GameCore.[10]PairLaserTrackLaneRing(Clone).[1]LaserL
GameCore.[10]PairLaserTrackLaneRing(Clone).[1]LaserL.[0]BoxLight
GameCore.[10]PairLaserTrackLaneRing(Clone).[1]LaserL.[1]BakedBloom
GameCore.[10]PairLaserTrackLaneRing(Clone).[2]LaserR
GameCore.[10]PairLaserTrackLaneRing(Clone).[2]LaserR.[0]BoxLight
GameCore.[10]PairLaserTrackLaneRing(Clone).[2]LaserR.[1]BakedBloom
GameCore.[10]PairLaserTrackLaneRing(Clone).[3]LaserLF
GameCore.[10]PairLaserTrackLaneRing(Clone).[3]LaserLF.[0]BoxLight
GameCore.[10]PairLaserTrackLaneRing(Clone).[3]LaserLF.[1]BakedBloom
GameCore.[10]PairLaserTrackLaneRing(Clone).[4]LaserRF
GameCore.[10]PairLaserTrackLaneRing(Clone).[4]LaserRF.[0]BoxLight
GameCore.[10]PairLaserTrackLaneRing(Clone).[4]LaserRF.[1]BakedBloom
GameCore.[10]PairLaserTrackLaneRing(Clone).[5]RotatingLasersPair
GameCore.[10]PairLaserTrackLaneRing(Clone).[5]RotatingLasersPair.[0]BaseL
GameCore.[10]PairLaserTrackLaneRing(Clone).[5]RotatingLasersPair.[0]BaseL.[0]Laser
GameCore.[10]PairLaserTrackLaneRing(Clone).[5]RotatingLasersPair.[0]BaseL.[0]Laser.[0]BoxLight
GameCore.[10]PairLaserTrackLaneRing(Clone).[5]RotatingLasersPair.[0]BaseL.[0]Laser.[1]BakedBloom
GameCore.[10]PairLaserTrackLaneRing(Clone).[5]RotatingLasersPair.[1]BaseR
GameCore.[10]PairLaserTrackLaneRing(Clone).[5]RotatingLasersPair.[1]BaseR.[0]Laser
GameCore.[10]PairLaserTrackLaneRing(Clone).[5]RotatingLasersPair.[1]BaseR.[0]Laser.[0]BoxLight
GameCore.[10]PairLaserTrackLaneRing(Clone).[5]RotatingLasersPair.[1]BaseR.[0]Laser.[1]BakedBloom
GameCore.[2]PairLaserTrackLaneRing(Clone)
GameCore.[2]PairLaserTrackLaneRing(Clone).[0]Ring
GameCore.[2]PairLaserTrackLaneRing(Clone).[1]LaserL
GameCore.[2]PairLaserTrackLaneRing(Clone).[1]LaserL.[0]BoxLight
GameCore.[2]PairLaserTrackLaneRing(Clone).[1]LaserL.[1]BakedBloom
GameCore.[2]PairLaserTrackLaneRing(Clone).[2]LaserR
GameCore.[2]PairLaserTrackLaneRing(Clone).[2]LaserR.[0]BoxLight
GameCore.[2]PairLaserTrackLaneRing(Clone).[2]LaserR.[1]BakedBloom
GameCore.[2]PairLaserTrackLaneRing(Clone).[3]LaserLF
GameCore.[2]PairLaserTrackLaneRing(Clone).[3]LaserLF.[0]BoxLight
GameCore.[2]PairLaserTrackLaneRing(Clone).[3]LaserLF.[1]BakedBloom
GameCore.[2]PairLaserTrackLaneRing(Clone).[4]LaserRF
GameCore.[2]PairLaserTrackLaneRing(Clone).[4]LaserRF.[0]BoxLight
GameCore.[2]PairLaserTrackLaneRing(Clone).[4]LaserRF.[1]BakedBloom
GameCore.[2]PairLaserTrackLaneRing(Clone).[5]RotatingLasersPair
GameCore.[2]PairLaserTrackLaneRing(Clone).[5]RotatingLasersPair.[0]BaseL
GameCore.[2]PairLaserTrackLaneRing(Clone).[5]RotatingLasersPair.[0]BaseL.[0]Laser
GameCore.[2]PairLaserTrackLaneRing(Clone).[5]RotatingLasersPair.[0]BaseL.[0]Laser.[0]BoxLight
GameCore.[2]PairLaserTrackLaneRing(Clone).[5]RotatingLasersPair.[0]BaseL.[0]Laser.[1]BakedBloom
GameCore.[2]PairLaserTrackLaneRing(Clone).[5]RotatingLasersPair.[1]BaseR
GameCore.[2]PairLaserTrackLaneRing(Clone).[5]RotatingLasersPair.[1]BaseR.[0]Laser
GameCore.[2]PairLaserTrackLaneRing(Clone).[5]RotatingLasersPair.[1]BaseR.[0]Laser.[0]BoxLight
GameCore.[2]PairLaserTrackLaneRing(Clone).[5]RotatingLasersPair.[1]BaseR.[0]Laser.[1]BakedBloom
GameCore.[3]PairLaserTrackLaneRing(Clone)
GameCore.[3]PairLaserTrackLaneRing(Clone).[0]Ring
GameCore.[3]PairLaserTrackLaneRing(Clone).[1]LaserL
GameCore.[3]PairLaserTrackLaneRing(Clone).[1]LaserL.[0]BoxLight
GameCore.[3]PairLaserTrackLaneRing(Clone).[1]LaserL.[1]BakedBloom
GameCore.[3]PairLaserTrackLaneRing(Clone).[2]LaserR
GameCore.[3]PairLaserTrackLaneRing(Clone).[2]LaserR.[0]BoxLight
GameCore.[3]PairLaserTrackLaneRing(Clone).[2]LaserR.[1]BakedBloom
GameCore.[3]PairLaserTrackLaneRing(Clone).[3]LaserLF
GameCore.[3]PairLaserTrackLaneRing(Clone).[3]LaserLF.[0]BoxLight
GameCore.[3]PairLaserTrackLaneRing(Clone).[3]LaserLF.[1]BakedBloom
GameCore.[3]PairLaserTrackLaneRing(Clone).[4]LaserRF
GameCore.[3]PairLaserTrackLaneRing(Clone).[4]LaserRF.[0]BoxLight
GameCore.[3]PairLaserTrackLaneRing(Clone).[4]LaserRF.[1]BakedBloom
GameCore.[3]PairLaserTrackLaneRing(Clone).[5]RotatingLasersPair
GameCore.[3]PairLaserTrackLaneRing(Clone).[5]RotatingLasersPair.[0]BaseL
GameCore.[3]PairLaserTrackLaneRing(Clone).[5]RotatingLasersPair.[0]BaseL.[0]Laser
GameCore.[3]PairLaserTrackLaneRing(Clone).[5]RotatingLasersPair.[0]BaseL.[0]Laser.[0]BoxLight
GameCore.[3]PairLaserTrackLaneRing(Clone).[5]RotatingLasersPair.[0]BaseL.[0]Laser.[1]BakedBloom
GameCore.[3]PairLaserTrackLaneRing(Clone).[5]RotatingLasersPair.[1]BaseR
GameCore.[3]PairLaserTrackLaneRing(Clone).[5]RotatingLasersPair.[1]BaseR.[0]Laser
GameCore.[3]PairLaserTrackLaneRing(Clone).[5]RotatingLasersPair.[1]BaseR.[0]Laser.[0]BoxLight
GameCore.[3]PairLaserTrackLaneRing(Clone).[5]RotatingLasersPair.[1]BaseR.[0]Laser.[1]BakedBloom
GameCore.[4]PairLaserTrackLaneRing(Clone)
GameCore.[4]PairLaserTrackLaneRing(Clone).[0]Ring
GameCore.[4]PairLaserTrackLaneRing(Clone).[1]LaserL
GameCore.[4]PairLaserTrackLaneRing(Clone).[1]LaserL.[0]BoxLight
GameCore.[4]PairLaserTrackLaneRing(Clone).[1]LaserL.[1]BakedBloom
GameCore.[4]PairLaserTrackLaneRing(Clone).[2]LaserR
GameCore.[4]PairLaserTrackLaneRing(Clone).[2]LaserR.[0]BoxLight
GameCore.[4]PairLaserTrackLaneRing(Clone).[2]LaserR.[1]BakedBloom
GameCore.[4]PairLaserTrackLaneRing(Clone).[3]LaserLF
GameCore.[4]PairLaserTrackLaneRing(Clone).[3]LaserLF.[0]BoxLight
GameCore.[4]PairLaserTrackLaneRing(Clone).[3]LaserLF.[1]BakedBloom
GameCore.[4]PairLaserTrackLaneRing(Clone).[4]LaserRF
GameCore.[4]PairLaserTrackLaneRing(Clone).[4]LaserRF.[0]BoxLight
GameCore.[4]PairLaserTrackLaneRing(Clone).[4]LaserRF.[1]BakedBloom
GameCore.[4]PairLaserTrackLaneRing(Clone).[5]RotatingLasersPair
GameCore.[4]PairLaserTrackLaneRing(Clone).[5]RotatingLasersPair.[0]BaseL
GameCore.[4]PairLaserTrackLaneRing(Clone).[5]RotatingLasersPair.[0]BaseL.[0]Laser
GameCore.[4]PairLaserTrackLaneRing(Clone).[5]RotatingLasersPair.[0]BaseL.[0]Laser.[0]BoxLight
GameCore.[4]PairLaserTrackLaneRing(Clone).[5]RotatingLasersPair.[0]BaseL.[0]Laser.[1]BakedBloom
GameCore.[4]PairLaserTrackLaneRing(Clone).[5]RotatingLasersPair.[1]BaseR
GameCore.[4]PairLaserTrackLaneRing(Clone).[5]RotatingLasersPair.[1]BaseR.[0]Laser
GameCore.[4]PairLaserTrackLaneRing(Clone).[5]RotatingLasersPair.[1]BaseR.[0]Laser.[0]BoxLight
GameCore.[4]PairLaserTrackLaneRing(Clone).[5]RotatingLasersPair.[1]BaseR.[0]Laser.[1]BakedBloom
GameCore.[5]PairLaserTrackLaneRing(Clone)
GameCore.[5]PairLaserTrackLaneRing(Clone).[0]Ring
GameCore.[5]PairLaserTrackLaneRing(Clone).[1]LaserL
GameCore.[5]PairLaserTrackLaneRing(Clone).[1]LaserL.[0]BoxLight
GameCore.[5]PairLaserTrackLaneRing(Clone).[1]LaserL.[1]BakedBloom
GameCore.[5]PairLaserTrackLaneRing(Clone).[2]LaserR
GameCore.[5]PairLaserTrackLaneRing(Clone).[2]LaserR.[0]BoxLight
GameCore.[5]PairLaserTrackLaneRing(Clone).[2]LaserR.[1]BakedBloom
GameCore.[5]PairLaserTrackLaneRing(Clone).[3]LaserLF
GameCore.[5]PairLaserTrackLaneRing(Clone).[3]LaserLF.[0]BoxLight
GameCore.[5]PairLaserTrackLaneRing(Clone).[3]LaserLF.[1]BakedBloom
GameCore.[5]PairLaserTrackLaneRing(Clone).[4]LaserRF
GameCore.[5]PairLaserTrackLaneRing(Clone).[4]LaserRF.[0]BoxLight
GameCore.[5]PairLaserTrackLaneRing(Clone).[4]LaserRF.[1]BakedBloom
GameCore.[5]PairLaserTrackLaneRing(Clone).[5]RotatingLasersPair
GameCore.[5]PairLaserTrackLaneRing(Clone).[5]RotatingLasersPair.[0]BaseL
GameCore.[5]PairLaserTrackLaneRing(Clone).[5]RotatingLasersPair.[0]BaseL.[0]Laser
GameCore.[5]PairLaserTrackLaneRing(Clone).[5]RotatingLasersPair.[0]BaseL.[0]Laser.[0]BoxLight
GameCore.[5]PairLaserTrackLaneRing(Clone).[5]RotatingLasersPair.[0]BaseL.[0]Laser.[1]BakedBloom
GameCore.[5]PairLaserTrackLaneRing(Clone).[5]RotatingLasersPair.[1]BaseR
GameCore.[5]PairLaserTrackLaneRing(Clone).[5]RotatingLasersPair.[1]BaseR.[0]Laser
GameCore.[5]PairLaserTrackLaneRing(Clone).[5]RotatingLasersPair.[1]BaseR.[0]Laser.[0]BoxLight
GameCore.[5]PairLaserTrackLaneRing(Clone).[5]RotatingLasersPair.[1]BaseR.[0]Laser.[1]BakedBloom
GameCore.[6]PairLaserTrackLaneRing(Clone)
GameCore.[6]PairLaserTrackLaneRing(Clone).[0]Ring
GameCore.[6]PairLaserTrackLaneRing(Clone).[1]LaserL
GameCore.[6]PairLaserTrackLaneRing(Clone).[1]LaserL.[0]BoxLight
GameCore.[6]PairLaserTrackLaneRing(Clone).[1]LaserL.[1]BakedBloom
GameCore.[6]PairLaserTrackLaneRing(Clone).[2]LaserR
GameCore.[6]PairLaserTrackLaneRing(Clone).[2]LaserR.[0]BoxLight
GameCore.[6]PairLaserTrackLaneRing(Clone).[2]LaserR.[1]BakedBloom
GameCore.[6]PairLaserTrackLaneRing(Clone).[3]LaserLF
GameCore.[6]PairLaserTrackLaneRing(Clone).[3]LaserLF.[0]BoxLight
GameCore.[6]PairLaserTrackLaneRing(Clone).[3]LaserLF.[1]BakedBloom
GameCore.[6]PairLaserTrackLaneRing(Clone).[4]LaserRF
GameCore.[6]PairLaserTrackLaneRing(Clone).[4]LaserRF.[0]BoxLight
GameCore.[6]PairLaserTrackLaneRing(Clone).[4]LaserRF.[1]BakedBloom
GameCore.[6]PairLaserTrackLaneRing(Clone).[5]RotatingLasersPair
GameCore.[6]PairLaserTrackLaneRing(Clone).[5]RotatingLasersPair.[0]BaseL
GameCore.[6]PairLaserTrackLaneRing(Clone).[5]RotatingLasersPair.[0]BaseL.[0]Laser
GameCore.[6]PairLaserTrackLaneRing(Clone).[5]RotatingLasersPair.[0]BaseL.[0]Laser.[0]BoxLight
GameCore.[6]PairLaserTrackLaneRing(Clone).[5]RotatingLasersPair.[0]BaseL.[0]Laser.[1]BakedBloom
GameCore.[6]PairLaserTrackLaneRing(Clone).[5]RotatingLasersPair.[1]BaseR
GameCore.[6]PairLaserTrackLaneRing(Clone).[5]RotatingLasersPair.[1]BaseR.[0]Laser
GameCore.[6]PairLaserTrackLaneRing(Clone).[5]RotatingLasersPair.[1]BaseR.[0]Laser.[0]BoxLight
GameCore.[6]PairLaserTrackLaneRing(Clone).[5]RotatingLasersPair.[1]BaseR.[0]Laser.[1]BakedBloom
GameCore.[7]PairLaserTrackLaneRing(Clone)
GameCore.[7]PairLaserTrackLaneRing(Clone).[0]Ring
GameCore.[7]PairLaserTrackLaneRing(Clone).[1]LaserL
GameCore.[7]PairLaserTrackLaneRing(Clone).[1]LaserL.[0]BoxLight
GameCore.[7]PairLaserTrackLaneRing(Clone).[1]LaserL.[1]BakedBloom
GameCore.[7]PairLaserTrackLaneRing(Clone).[2]LaserR
GameCore.[7]PairLaserTrackLaneRing(Clone).[2]LaserR.[0]BoxLight
GameCore.[7]PairLaserTrackLaneRing(Clone).[2]LaserR.[1]BakedBloom
GameCore.[7]PairLaserTrackLaneRing(Clone).[3]LaserLF
GameCore.[7]PairLaserTrackLaneRing(Clone).[3]LaserLF.[0]BoxLight
GameCore.[7]PairLaserTrackLaneRing(Clone).[3]LaserLF.[1]BakedBloom
GameCore.[7]PairLaserTrackLaneRing(Clone).[4]LaserRF
GameCore.[7]PairLaserTrackLaneRing(Clone).[4]LaserRF.[0]BoxLight
GameCore.[7]PairLaserTrackLaneRing(Clone).[4]LaserRF.[1]BakedBloom
GameCore.[7]PairLaserTrackLaneRing(Clone).[5]RotatingLasersPair
GameCore.[7]PairLaserTrackLaneRing(Clone).[5]RotatingLasersPair.[0]BaseL
GameCore.[7]PairLaserTrackLaneRing(Clone).[5]RotatingLasersPair.[0]BaseL.[0]Laser
GameCore.[7]PairLaserTrackLaneRing(Clone).[5]RotatingLasersPair.[0]BaseL.[0]Laser.[0]BoxLight
GameCore.[7]PairLaserTrackLaneRing(Clone).[5]RotatingLasersPair.[0]BaseL.[0]Laser.[1]BakedBloom
GameCore.[7]PairLaserTrackLaneRing(Clone).[5]RotatingLasersPair.[1]BaseR
GameCore.[7]PairLaserTrackLaneRing(Clone).[5]RotatingLasersPair.[1]BaseR.[0]Laser
GameCore.[7]PairLaserTrackLaneRing(Clone).[5]RotatingLasersPair.[1]BaseR.[0]Laser.[0]BoxLight
GameCore.[7]PairLaserTrackLaneRing(Clone).[5]RotatingLasersPair.[1]BaseR.[0]Laser.[1]BakedBloom
GameCore.[8]PairLaserTrackLaneRing(Clone)
GameCore.[8]PairLaserTrackLaneRing(Clone).[0]Ring
GameCore.[8]PairLaserTrackLaneRing(Clone).[1]LaserL
GameCore.[8]PairLaserTrackLaneRing(Clone).[1]LaserL.[0]BoxLight
GameCore.[8]PairLaserTrackLaneRing(Clone).[1]LaserL.[1]BakedBloom
GameCore.[8]PairLaserTrackLaneRing(Clone).[2]LaserR
GameCore.[8]PairLaserTrackLaneRing(Clone).[2]LaserR.[0]BoxLight
GameCore.[8]PairLaserTrackLaneRing(Clone).[2]LaserR.[1]BakedBloom
GameCore.[8]PairLaserTrackLaneRing(Clone).[3]LaserLF
GameCore.[8]PairLaserTrackLaneRing(Clone).[3]LaserLF.[0]BoxLight
GameCore.[8]PairLaserTrackLaneRing(Clone).[3]LaserLF.[1]BakedBloom
GameCore.[8]PairLaserTrackLaneRing(Clone).[4]LaserRF
GameCore.[8]PairLaserTrackLaneRing(Clone).[4]LaserRF.[0]BoxLight
GameCore.[8]PairLaserTrackLaneRing(Clone).[4]LaserRF.[1]BakedBloom
GameCore.[8]PairLaserTrackLaneRing(Clone).[5]RotatingLasersPair
GameCore.[8]PairLaserTrackLaneRing(Clone).[5]RotatingLasersPair.[0]BaseL
GameCore.[8]PairLaserTrackLaneRing(Clone).[5]RotatingLasersPair.[0]BaseL.[0]Laser
GameCore.[8]PairLaserTrackLaneRing(Clone).[5]RotatingLasersPair.[0]BaseL.[0]Laser.[0]BoxLight
GameCore.[8]PairLaserTrackLaneRing(Clone).[5]RotatingLasersPair.[0]BaseL.[0]Laser.[1]BakedBloom
GameCore.[8]PairLaserTrackLaneRing(Clone).[5]RotatingLasersPair.[1]BaseR
GameCore.[8]PairLaserTrackLaneRing(Clone).[5]RotatingLasersPair.[1]BaseR.[0]Laser
GameCore.[8]PairLaserTrackLaneRing(Clone).[5]RotatingLasersPair.[1]BaseR.[0]Laser.[0]BoxLight
GameCore.[8]PairLaserTrackLaneRing(Clone).[5]RotatingLasersPair.[1]BaseR.[0]Laser.[1]BakedBloom
GameCore.[9]PairLaserTrackLaneRing(Clone)
GameCore.[9]PairLaserTrackLaneRing(Clone).[0]Ring
GameCore.[9]PairLaserTrackLaneRing(Clone).[1]LaserL
GameCore.[9]PairLaserTrackLaneRing(Clone).[1]LaserL.[0]BoxLight
GameCore.[9]PairLaserTrackLaneRing(Clone).[1]LaserL.[1]BakedBloom
GameCore.[9]PairLaserTrackLaneRing(Clone).[2]LaserR
GameCore.[9]PairLaserTrackLaneRing(Clone).[2]LaserR.[0]BoxLight
GameCore.[9]PairLaserTrackLaneRing(Clone).[2]LaserR.[1]BakedBloom
GameCore.[9]PairLaserTrackLaneRing(Clone).[3]LaserLF
GameCore.[9]PairLaserTrackLaneRing(Clone).[3]LaserLF.[0]BoxLight
GameCore.[9]PairLaserTrackLaneRing(Clone).[3]LaserLF.[1]BakedBloom
GameCore.[9]PairLaserTrackLaneRing(Clone).[4]LaserRF
GameCore.[9]PairLaserTrackLaneRing(Clone).[4]LaserRF.[0]BoxLight
GameCore.[9]PairLaserTrackLaneRing(Clone).[4]LaserRF.[1]BakedBloom
GameCore.[9]PairLaserTrackLaneRing(Clone).[5]RotatingLasersPair
GameCore.[9]PairLaserTrackLaneRing(Clone).[5]RotatingLasersPair.[0]BaseL
GameCore.[9]PairLaserTrackLaneRing(Clone).[5]RotatingLasersPair.[0]BaseL.[0]Laser
GameCore.[9]PairLaserTrackLaneRing(Clone).[5]RotatingLasersPair.[0]BaseL.[0]Laser.[0]BoxLight
GameCore.[9]PairLaserTrackLaneRing(Clone).[5]RotatingLasersPair.[0]BaseL.[0]Laser.[1]BakedBloom
GameCore.[9]PairLaserTrackLaneRing(Clone).[5]RotatingLasersPair.[1]BaseR
GameCore.[9]PairLaserTrackLaneRing(Clone).[5]RotatingLasersPair.[1]BaseR.[0]Laser
GameCore.[9]PairLaserTrackLaneRing(Clone).[5]RotatingLasersPair.[1]BaseR.[0]Laser.[0]BoxLight
GameCore.[9]PairLaserTrackLaneRing(Clone).[5]RotatingLasersPair.[1]BaseR.[0]Laser.[1]BakedBloom
TimbalandEnvironment.[0]Environment
TimbalandEnvironment.[0]Environment.[0]DecoratorContext
TimbalandEnvironment.[0]Environment.[1]SceneSetup
TimbalandEnvironment.[0]Environment.[10]BasicGameHUD
TimbalandEnvironment.[0]Environment.[10]BasicGameHUD.[0]EnergyPanel
TimbalandEnvironment.[0]Environment.[10]BasicGameHUD.[0]EnergyPanel.[0]BG
TimbalandEnvironment.[0]Environment.[10]BasicGameHUD.[0]EnergyPanel.[1]BarBG
TimbalandEnvironment.[0]Environment.[10]BasicGameHUD.[0]EnergyPanel.[2]EnergyIconEmpty
TimbalandEnvironment.[0]Environment.[10]BasicGameHUD.[0]EnergyPanel.[3]EnergyIconFull
TimbalandEnvironment.[0]Environment.[10]BasicGameHUD.[0]EnergyPanel.[4]EnergyBarWrapper
TimbalandEnvironment.[0]Environment.[10]BasicGameHUD.[0]EnergyPanel.[4]EnergyBarWrapper.[0]EnergyBar
TimbalandEnvironment.[0]Environment.[10]BasicGameHUD.[0]EnergyPanel.[5]Laser
TimbalandEnvironment.[0]Environment.[10]BasicGameHUD.[0]EnergyPanel.[5]Laser.[0]BoxLight
TimbalandEnvironment.[0]Environment.[10]BasicGameHUD.[0]EnergyPanel.[5]Laser.[1]BakedBloom
TimbalandEnvironment.[0]Environment.[10]BasicGameHUD.[0]EnergyPanel.[6]FailIcon
TimbalandEnvironment.[0]Environment.[10]BasicGameHUD.[1]LeftPanel
TimbalandEnvironment.[0]Environment.[10]BasicGameHUD.[1]LeftPanel.[0]BG
TimbalandEnvironment.[0]Environment.[10]BasicGameHUD.[1]LeftPanel.[1]Top
TimbalandEnvironment.[0]Environment.[10]BasicGameHUD.[1]LeftPanel.[2]ComboPanel
TimbalandEnvironment.[0]Environment.[10]BasicGameHUD.[1]LeftPanel.[2]ComboPanel.[0]ComboText
TimbalandEnvironment.[0]Environment.[10]BasicGameHUD.[1]LeftPanel.[2]ComboPanel.[1]ComboCanvas
TimbalandEnvironment.[0]Environment.[10]BasicGameHUD.[1]LeftPanel.[2]ComboPanel.[1]ComboCanvas.[0]NumText
TimbalandEnvironment.[0]Environment.[10]BasicGameHUD.[1]LeftPanel.[2]ComboPanel.[2]Line0
TimbalandEnvironment.[0]Environment.[10]BasicGameHUD.[1]LeftPanel.[2]ComboPanel.[3]Line1
TimbalandEnvironment.[0]Environment.[10]BasicGameHUD.[1]LeftPanel.[3]ScoreCanvas
TimbalandEnvironment.[0]Environment.[10]BasicGameHUD.[1]LeftPanel.[3]ScoreCanvas.[0]ScoreText
TimbalandEnvironment.[0]Environment.[10]BasicGameHUD.[1]LeftPanel.[3]ScoreCanvas.[1]ImmediateRankText
TimbalandEnvironment.[0]Environment.[10]BasicGameHUD.[1]LeftPanel.[3]ScoreCanvas.[2]RelativeScoreText
TimbalandEnvironment.[0]Environment.[10]BasicGameHUD.[2]RightPanel
TimbalandEnvironment.[0]Environment.[10]BasicGameHUD.[2]RightPanel.[0]BG
TimbalandEnvironment.[0]Environment.[10]BasicGameHUD.[2]RightPanel.[1]Top
TimbalandEnvironment.[0]Environment.[10]BasicGameHUD.[2]RightPanel.[2]MultiplierCanvas
TimbalandEnvironment.[0]Environment.[10]BasicGameHUD.[2]RightPanel.[2]MultiplierCanvas.[0]BGCircle
TimbalandEnvironment.[0]Environment.[10]BasicGameHUD.[2]RightPanel.[2]MultiplierCanvas.[1]FGCircle
TimbalandEnvironment.[0]Environment.[10]BasicGameHUD.[2]RightPanel.[2]MultiplierCanvas.[2]AnimationCircle
TimbalandEnvironment.[0]Environment.[10]BasicGameHUD.[2]RightPanel.[2]MultiplierCanvas.[3]TextOverlayPanelOutline1
TimbalandEnvironment.[0]Environment.[10]BasicGameHUD.[2]RightPanel.[2]MultiplierCanvas.[3]TextOverlayPanelOutline1.[0]XText
TimbalandEnvironment.[0]Environment.[10]BasicGameHUD.[2]RightPanel.[2]MultiplierCanvas.[3]TextOverlayPanelOutline1.[1]NumText
TimbalandEnvironment.[0]Environment.[10]BasicGameHUD.[2]RightPanel.[2]MultiplierCanvas.[4]TextOverlayPanelOutline0
TimbalandEnvironment.[0]Environment.[10]BasicGameHUD.[2]RightPanel.[2]MultiplierCanvas.[4]TextOverlayPanelOutline0.[0]XText
TimbalandEnvironment.[0]Environment.[10]BasicGameHUD.[2]RightPanel.[2]MultiplierCanvas.[4]TextOverlayPanelOutline0.[1]NumText
TimbalandEnvironment.[0]Environment.[10]BasicGameHUD.[2]RightPanel.[2]MultiplierCanvas.[5]TextPanel
TimbalandEnvironment.[0]Environment.[10]BasicGameHUD.[2]RightPanel.[2]MultiplierCanvas.[5]TextPanel.[0]XText
TimbalandEnvironment.[0]Environment.[10]BasicGameHUD.[2]RightPanel.[2]MultiplierCanvas.[5]TextPanel.[1]NumText
TimbalandEnvironment.[0]Environment.[10]BasicGameHUD.[2]RightPanel.[3]SongProgressCanvas
TimbalandEnvironment.[0]Environment.[10]BasicGameHUD.[2]RightPanel.[3]SongProgressCanvas.[0]Progress
TimbalandEnvironment.[0]Environment.[10]BasicGameHUD.[2]RightPanel.[3]SongProgressCanvas.[1]Slider
TimbalandEnvironment.[0]Environment.[10]BasicGameHUD.[2]RightPanel.[3]SongProgressCanvas.[1]Slider.[0]Background
TimbalandEnvironment.[0]Environment.[10]BasicGameHUD.[2]RightPanel.[3]SongProgressCanvas.[1]Slider.[1]Handle Slide Area
TimbalandEnvironment.[0]Environment.[10]BasicGameHUD.[2]RightPanel.[3]SongProgressCanvas.[1]Slider.[1]Handle Slide Area.[0]Handle
TimbalandEnvironment.[0]Environment.[10]BasicGameHUD.[2]RightPanel.[3]SongProgressCanvas.[2]DurationMinutes
TimbalandEnvironment.[0]Environment.[10]BasicGameHUD.[2]RightPanel.[3]SongProgressCanvas.[3]DurationSeconds
TimbalandEnvironment.[0]Environment.[10]BasicGameHUD.[2]RightPanel.[3]SongProgressCanvas.[4]ProgressMinutes
TimbalandEnvironment.[0]Environment.[10]BasicGameHUD.[2]RightPanel.[3]SongProgressCanvas.[5]ProgressSeconds
TimbalandEnvironment.[0]Environment.[10]BasicGameHUD.[2]RightPanel.[3]SongProgressCanvas.[6]BG
TimbalandEnvironment.[0]Environment.[11]PlayersPlace
TimbalandEnvironment.[0]Environment.[11]PlayersPlace.[0]Mirror
TimbalandEnvironment.[0]Environment.[11]PlayersPlace.[1]Feet
TimbalandEnvironment.[0]Environment.[11]PlayersPlace.[2]Construction
TimbalandEnvironment.[0]Environment.[11]PlayersPlace.[3]RectangleFakeGlow
TimbalandEnvironment.[0]Environment.[11]PlayersPlace.[4]SaberBurnMarksParticles
TimbalandEnvironment.[0]Environment.[11]PlayersPlace.[4]SaberBurnMarksParticles.[0]SaberBurnMarkSparklePS
TimbalandEnvironment.[0]Environment.[11]PlayersPlace.[5]SaberBurnMarksArea
TimbalandEnvironment.[0]Environment.[11]PlayersPlace.[6]Collider
TimbalandEnvironment.[0]Environment.[12]DustPS
TimbalandEnvironment.[0]Environment.[13]====== LIGHTS ======
TimbalandEnvironment.[0]Environment.[14]PairLaserTrackLaneRings
TimbalandEnvironment.[0]Environment.[15]BigSmokePS
TimbalandEnvironment.[0]Environment.[16]CoreLighting
TimbalandEnvironment.[0]Environment.[16]CoreLighting.[0]LightManager
TimbalandEnvironment.[0]Environment.[16]CoreLighting.[1]DirectionalLight
TimbalandEnvironment.[0]Environment.[16]CoreLighting.[2]DirectionalLight
TimbalandEnvironment.[0]Environment.[16]CoreLighting.[3]DirectionalLight
TimbalandEnvironment.[0]Environment.[16]CoreLighting.[4]DirectionalLight
TimbalandEnvironment.[0]Environment.[16]CoreLighting.[5]DirectionalLight
TimbalandEnvironment.[0]Environment.[17]TimbalandLogo
TimbalandEnvironment.[0]Environment.[18]LightEffects
TimbalandEnvironment.[0]Environment.[19]LightWithIdManager
TimbalandEnvironment.[0]Environment.[2]====== STATIC ======
TimbalandEnvironment.[0]Environment.[20]TimbalandLogo (1)
TimbalandEnvironment.[0]Environment.[21]TimbalandLogo (2)
TimbalandEnvironment.[0]Environment.[22]TimbalandLogo (3)
TimbalandEnvironment.[0]Environment.[23]GlowLineL
TimbalandEnvironment.[0]Environment.[23]GlowLineL.[0]BakedBloom
TimbalandEnvironment.[0]Environment.[23]GlowLineL.[1]BoxLight
TimbalandEnvironment.[0]Environment.[24]GlowLineR
TimbalandEnvironment.[0]Environment.[24]GlowLineR.[0]BakedBloom
TimbalandEnvironment.[0]Environment.[24]GlowLineR.[1]BoxLight
TimbalandEnvironment.[0]Environment.[25]Light (4)
TimbalandEnvironment.[0]Environment.[25]Light (4).[0]BoxLight
TimbalandEnvironment.[0]Environment.[25]Light (4).[1]BakedBloom
TimbalandEnvironment.[0]Environment.[26]Light (6)
TimbalandEnvironment.[0]Environment.[26]Light (6).[0]BoxLight
TimbalandEnvironment.[0]Environment.[26]Light (6).[1]BakedBloom
TimbalandEnvironment.[0]Environment.[27]Light (5)
TimbalandEnvironment.[0]Environment.[27]Light (5).[0]BoxLight
TimbalandEnvironment.[0]Environment.[27]Light (5).[1]BakedBloom
TimbalandEnvironment.[0]Environment.[28]BackColumns
TimbalandEnvironment.[0]Environment.[28]BackColumns.[0]BackColumnNeon
TimbalandEnvironment.[0]Environment.[28]BackColumns.[0]BackColumnNeon.[0]BoxLight
TimbalandEnvironment.[0]Environment.[28]BackColumns.[0]BackColumnNeon.[1]BakedBloom
TimbalandEnvironment.[0]Environment.[28]BackColumns.[1]BackColumnNeon
TimbalandEnvironment.[0]Environment.[28]BackColumns.[1]BackColumnNeon.[0]BoxLight
TimbalandEnvironment.[0]Environment.[28]BackColumns.[1]BackColumnNeon.[1]BakedBloom
TimbalandEnvironment.[0]Environment.[29]Light (7)
TimbalandEnvironment.[0]Environment.[3]MainStructure
TimbalandEnvironment.[0]Environment.[30]GradientBackground
TimbalandEnvironment.[0]Environment.[31]BakedReflectionProbe
TimbalandEnvironment.[0]Environment.[32]BSBakedLightingLightWithIds
TimbalandEnvironment.[0]Environment.[33]FakeMirrorSettings
TimbalandEnvironment.[0]Environment.[34]BakedReflectionProbeInstaller
TimbalandEnvironment.[0]Environment.[4]TopStructure
TimbalandEnvironment.[0]Environment.[5]Buildings
TimbalandEnvironment.[0]Environment.[5]Buildings.[0]NearBuildingRight
TimbalandEnvironment.[0]Environment.[5]Buildings.[1]NearBuildingLeft
TimbalandEnvironment.[0]Environment.[6]TrackMirror
TimbalandEnvironment.[0]Environment.[6]TrackMirror.[0]TrackMirrorSetDepth
TimbalandEnvironment.[0]Environment.[7]TrackConstruction
TimbalandEnvironment.[0]Environment.[8]====== DYNAMIC ======
TimbalandEnvironment.[0]Environment.[9]Spectrograms
TimbalandEnvironment.[0]Environment.[9]Spectrograms.[0]Spectrogram
TimbalandEnvironment.[0]Environment.[9]Spectrograms.[1]Spectrogram
TimbalandEnvironment.[1]CinemaPlaybackController
TimbalandEnvironment.[1]CinemaPlaybackController.[0]CinemaScreen
TimbalandEnvironment.[1]CinemaPlaybackController.[0]CinemaScreen.[0]Body