WeaveEnvironment.[0]Environment
WeaveEnvironment.[0]Environment.[0]DecoratorContext
WeaveEnvironment.[0]Environment.[1]SceneSetup
WeaveEnvironment.[0]Environment.[10]NarrowGameHUD
WeaveEnvironment.[0]Environment.[10]NarrowGameHUD.[0]EnergyPanel
WeaveEnvironment.[0]Environment.[10]NarrowGameHUD.[0]EnergyPanel.[0]BG
WeaveEnvironment.[0]Environment.[10]NarrowGameHUD.[0]EnergyPanel.[1]BarBG
WeaveEnvironment.[0]Environment.[10]NarrowGameHUD.[0]EnergyPanel.[2]EnergyIconEmpty
WeaveEnvironment.[0]Environment.[10]NarrowGameHUD.[0]EnergyPanel.[3]EnergyIconFull
WeaveEnvironment.[0]Environment.[10]NarrowGameHUD.[0]EnergyPanel.[4]EnergyBarWrapper
WeaveEnvironment.[0]Environment.[10]NarrowGameHUD.[0]EnergyPanel.[4]EnergyBarWrapper.[0]EnergyBar
WeaveEnvironment.[0]Environment.[10]NarrowGameHUD.[0]EnergyPanel.[5]Laser
WeaveEnvironment.[0]Environment.[10]NarrowGameHUD.[0]EnergyPanel.[5]Laser.[0]BoxLight
WeaveEnvironment.[0]Environment.[10]NarrowGameHUD.[0]EnergyPanel.[5]Laser.[1]BakedBloom
WeaveEnvironment.[0]Environment.[10]NarrowGameHUD.[0]EnergyPanel.[6]FailIcon
WeaveEnvironment.[0]Environment.[10]NarrowGameHUD.[1]LeftPanel
WeaveEnvironment.[0]Environment.[10]NarrowGameHUD.[1]LeftPanel.[0]ComboPanel
WeaveEnvironment.[0]Environment.[10]NarrowGameHUD.[1]LeftPanel.[0]ComboPanel.[0]ComboText
WeaveEnvironment.[0]Environment.[10]NarrowGameHUD.[1]LeftPanel.[0]ComboPanel.[1]ComboCanvas
WeaveEnvironment.[0]Environment.[10]NarrowGameHUD.[1]LeftPanel.[0]ComboPanel.[1]ComboCanvas.[0]NumText
WeaveEnvironment.[0]Environment.[10]NarrowGameHUD.[1]LeftPanel.[0]ComboPanel.[2]Line0
WeaveEnvironment.[0]Environment.[10]NarrowGameHUD.[1]LeftPanel.[0]ComboPanel.[3]Line1
WeaveEnvironment.[0]Environment.[10]NarrowGameHUD.[1]LeftPanel.[1]ScoreCanvas
WeaveEnvironment.[0]Environment.[10]NarrowGameHUD.[1]LeftPanel.[1]ScoreCanvas.[0]ScoreText
WeaveEnvironment.[0]Environment.[10]NarrowGameHUD.[1]LeftPanel.[1]ScoreCanvas.[1]ImmediateRankText
WeaveEnvironment.[0]Environment.[10]NarrowGameHUD.[1]LeftPanel.[1]ScoreCanvas.[2]RelativeScoreText
WeaveEnvironment.[0]Environment.[10]NarrowGameHUD.[2]RightPanel
WeaveEnvironment.[0]Environment.[10]NarrowGameHUD.[2]RightPanel.[0]MultiplierCanvas
WeaveEnvironment.[0]Environment.[10]NarrowGameHUD.[2]RightPanel.[0]MultiplierCanvas.[0]BGCircle
WeaveEnvironment.[0]Environment.[10]NarrowGameHUD.[2]RightPanel.[0]MultiplierCanvas.[1]FGCircle
WeaveEnvironment.[0]Environment.[10]NarrowGameHUD.[2]RightPanel.[0]MultiplierCanvas.[2]AnimationCircle
WeaveEnvironment.[0]Environment.[10]NarrowGameHUD.[2]RightPanel.[0]MultiplierCanvas.[3]TextOverlayPanelOutline1
WeaveEnvironment.[0]Environment.[10]NarrowGameHUD.[2]RightPanel.[0]MultiplierCanvas.[3]TextOverlayPanelOutline1.[0]XText
WeaveEnvironment.[0]Environment.[10]NarrowGameHUD.[2]RightPanel.[0]MultiplierCanvas.[3]TextOverlayPanelOutline1.[1]NumText
WeaveEnvironment.[0]Environment.[10]NarrowGameHUD.[2]RightPanel.[0]MultiplierCanvas.[4]TextOverlayPanelOutline0
WeaveEnvironment.[0]Environment.[10]NarrowGameHUD.[2]RightPanel.[0]MultiplierCanvas.[4]TextOverlayPanelOutline0.[0]XText
WeaveEnvironment.[0]Environment.[10]NarrowGameHUD.[2]RightPanel.[0]MultiplierCanvas.[4]TextOverlayPanelOutline0.[1]NumText
WeaveEnvironment.[0]Environment.[10]NarrowGameHUD.[2]RightPanel.[0]MultiplierCanvas.[5]TextPanel
WeaveEnvironment.[0]Environment.[10]NarrowGameHUD.[2]RightPanel.[0]MultiplierCanvas.[5]TextPanel.[0]XText
WeaveEnvironment.[0]Environment.[10]NarrowGameHUD.[2]RightPanel.[0]MultiplierCanvas.[5]TextPanel.[1]NumText
WeaveEnvironment.[0]Environment.[10]NarrowGameHUD.[2]RightPanel.[1]SongProgressCanvas
WeaveEnvironment.[0]Environment.[10]NarrowGameHUD.[2]RightPanel.[1]SongProgressCanvas.[0]Progress
WeaveEnvironment.[0]Environment.[10]NarrowGameHUD.[2]RightPanel.[1]SongProgressCanvas.[1]Slider
WeaveEnvironment.[0]Environment.[10]NarrowGameHUD.[2]RightPanel.[1]SongProgressCanvas.[1]Slider.[0]Background
WeaveEnvironment.[0]Environment.[10]NarrowGameHUD.[2]RightPanel.[1]SongProgressCanvas.[1]Slider.[1]Handle Slide Area
WeaveEnvironment.[0]Environment.[10]NarrowGameHUD.[2]RightPanel.[1]SongProgressCanvas.[1]Slider.[1]Handle Slide Area.[0]Handle
WeaveEnvironment.[0]Environment.[10]NarrowGameHUD.[2]RightPanel.[1]SongProgressCanvas.[2]DurationMinutes
WeaveEnvironment.[0]Environment.[10]NarrowGameHUD.[2]RightPanel.[1]SongProgressCanvas.[3]DurationSeconds
WeaveEnvironment.[0]Environment.[10]NarrowGameHUD.[2]RightPanel.[1]SongProgressCanvas.[4]ProgressMinutes
WeaveEnvironment.[0]Environment.[10]NarrowGameHUD.[2]RightPanel.[1]SongProgressCanvas.[5]ProgressSeconds
WeaveEnvironment.[0]Environment.[10]NarrowGameHUD.[2]RightPanel.[1]SongProgressCanvas.[6]BG
WeaveEnvironment.[0]Environment.[11]====== LIGHTS ======
WeaveEnvironment.[0]Environment.[12]CoreLighting
WeaveEnvironment.[0]Environment.[12]CoreLighting.[0]LightManager
WeaveEnvironment.[0]Environment.[13]LightEffects
WeaveEnvironment.[0]Environment.[14]LightColorGroupEffectManager
WeaveEnvironment.[0]Environment.[15]LightRotationGroupEffectManager
WeaveEnvironment.[0]Environment.[16]LightWithIdManager
WeaveEnvironment.[0]Environment.[17]LightGroup0
WeaveEnvironment.[0]Environment.[17]LightGroup0.[0]Laser
WeaveEnvironment.[0]Environment.[17]LightGroup0.[0]Laser.[0]StaticBase
WeaveEnvironment.[0]Environment.[17]LightGroup0.[0]Laser.[1]RotationBase
WeaveEnvironment.[0]Environment.[17]LightGroup0.[0]Laser.[1]RotationBase.[0]LightSource
WeaveEnvironment.[0]Environment.[17]LightGroup0.[0]Laser.[1]RotationBase.[0]LightSource.[0]LightGlow
WeaveEnvironment.[0]Environment.[17]LightGroup0.[0]Laser.[1]RotationBase.[0]LightSource.[1]Laser
WeaveEnvironment.[0]Environment.[17]LightGroup0.[0]Laser.[1]RotationBase.[0]LightSource.[1]Laser.[0]BakedBloom
WeaveEnvironment.[0]Environment.[17]LightGroup0.[1]Laser
WeaveEnvironment.[0]Environment.[17]LightGroup0.[1]Laser.[0]StaticBase
WeaveEnvironment.[0]Environment.[17]LightGroup0.[1]Laser.[1]RotationBase
WeaveEnvironment.[0]Environment.[17]LightGroup0.[1]Laser.[1]RotationBase.[0]LightSource
WeaveEnvironment.[0]Environment.[17]LightGroup0.[1]Laser.[1]RotationBase.[0]LightSource.[0]LightGlow
WeaveEnvironment.[0]Environment.[17]LightGroup0.[1]Laser.[1]RotationBase.[0]LightSource.[1]Laser
WeaveEnvironment.[0]Environment.[17]LightGroup0.[1]Laser.[1]RotationBase.[0]LightSource.[1]Laser.[0]BakedBloom
WeaveEnvironment.[0]Environment.[17]LightGroup0.[2]Laser
WeaveEnvironment.[0]Environment.[17]LightGroup0.[2]Laser.[0]StaticBase
WeaveEnvironment.[0]Environment.[17]LightGroup0.[2]Laser.[1]RotationBase
WeaveEnvironment.[0]Environment.[17]LightGroup0.[2]Laser.[1]RotationBase.[0]LightSource
WeaveEnvironment.[0]Environment.[17]LightGroup0.[2]Laser.[1]RotationBase.[0]LightSource.[0]LightGlow
WeaveEnvironment.[0]Environment.[17]LightGroup0.[2]Laser.[1]RotationBase.[0]LightSource.[1]Laser
WeaveEnvironment.[0]Environment.[17]LightGroup0.[2]Laser.[1]RotationBase.[0]LightSource.[1]Laser.[0]BakedBloom
WeaveEnvironment.[0]Environment.[17]LightGroup0.[3]Laser
WeaveEnvironment.[0]Environment.[17]LightGroup0.[3]Laser.[0]StaticBase
WeaveEnvironment.[0]Environment.[17]LightGroup0.[3]Laser.[1]RotationBase
WeaveEnvironment.[0]Environment.[17]LightGroup0.[3]Laser.[1]RotationBase.[0]LightSource
WeaveEnvironment.[0]Environment.[17]LightGroup0.[3]Laser.[1]RotationBase.[0]LightSource.[0]LightGlow
WeaveEnvironment.[0]Environment.[17]LightGroup0.[3]Laser.[1]RotationBase.[0]LightSource.[1]Laser
WeaveEnvironment.[0]Environment.[17]LightGroup0.[3]Laser.[1]RotationBase.[0]LightSource.[1]Laser.[0]BakedBloom
WeaveEnvironment.[0]Environment.[17]LightGroup0.[4]Laser
WeaveEnvironment.[0]Environment.[17]LightGroup0.[4]Laser.[0]StaticBase
WeaveEnvironment.[0]Environment.[17]LightGroup0.[4]Laser.[1]RotationBase
WeaveEnvironment.[0]Environment.[17]LightGroup0.[4]Laser.[1]RotationBase.[0]LightSource
WeaveEnvironment.[0]Environment.[17]LightGroup0.[4]Laser.[1]RotationBase.[0]LightSource.[0]LightGlow
WeaveEnvironment.[0]Environment.[17]LightGroup0.[4]Laser.[1]RotationBase.[0]LightSource.[1]Laser
WeaveEnvironment.[0]Environment.[17]LightGroup0.[4]Laser.[1]RotationBase.[0]LightSource.[1]Laser.[0]BakedBloom
WeaveEnvironment.[0]Environment.[17]LightGroup0.[5]Laser
WeaveEnvironment.[0]Environment.[17]LightGroup0.[5]Laser.[0]StaticBase
WeaveEnvironment.[0]Environment.[17]LightGroup0.[5]Laser.[1]RotationBase
WeaveEnvironment.[0]Environment.[17]LightGroup0.[5]Laser.[1]RotationBase.[0]LightSource
WeaveEnvironment.[0]Environment.[17]LightGroup0.[5]Laser.[1]RotationBase.[0]LightSource.[0]LightGlow
WeaveEnvironment.[0]Environment.[17]LightGroup0.[5]Laser.[1]RotationBase.[0]LightSource.[1]Laser
WeaveEnvironment.[0]Environment.[17]LightGroup0.[5]Laser.[1]RotationBase.[0]LightSource.[1]Laser.[0]BakedBloom
WeaveEnvironment.[0]Environment.[17]LightGroup0.[6]Laser
WeaveEnvironment.[0]Environment.[17]LightGroup0.[6]Laser.[0]StaticBase
WeaveEnvironment.[0]Environment.[17]LightGroup0.[6]Laser.[1]RotationBase
WeaveEnvironment.[0]Environment.[17]LightGroup0.[6]Laser.[1]RotationBase.[0]LightSource
WeaveEnvironment.[0]Environment.[17]LightGroup0.[6]Laser.[1]RotationBase.[0]LightSource.[0]LightGlow
WeaveEnvironment.[0]Environment.[17]LightGroup0.[6]Laser.[1]RotationBase.[0]LightSource.[1]Laser
WeaveEnvironment.[0]Environment.[17]LightGroup0.[6]Laser.[1]RotationBase.[0]LightSource.[1]Laser.[0]BakedBloom
WeaveEnvironment.[0]Environment.[17]LightGroup0.[7]Laser
WeaveEnvironment.[0]Environment.[17]LightGroup0.[7]Laser.[0]StaticBase
WeaveEnvironment.[0]Environment.[17]LightGroup0.[7]Laser.[1]RotationBase
WeaveEnvironment.[0]Environment.[17]LightGroup0.[7]Laser.[1]RotationBase.[0]LightSource
WeaveEnvironment.[0]Environment.[17]LightGroup0.[7]Laser.[1]RotationBase.[0]LightSource.[0]LightGlow
WeaveEnvironment.[0]Environment.[17]LightGroup0.[7]Laser.[1]RotationBase.[0]LightSource.[1]Laser
WeaveEnvironment.[0]Environment.[17]LightGroup0.[7]Laser.[1]RotationBase.[0]LightSource.[1]Laser.[0]BakedBloom
WeaveEnvironment.[0]Environment.[18]LightGroup1
WeaveEnvironment.[0]Environment.[18]LightGroup1.[0]Laser
WeaveEnvironment.[0]Environment.[18]LightGroup1.[0]Laser.[0]StaticBase
WeaveEnvironment.[0]Environment.[18]LightGroup1.[0]Laser.[1]RotationBase
WeaveEnvironment.[0]Environment.[18]LightGroup1.[0]Laser.[1]RotationBase.[0]LightSource
WeaveEnvironment.[0]Environment.[18]LightGroup1.[0]Laser.[1]RotationBase.[0]LightSource.[0]LightGlow
WeaveEnvironment.[0]Environment.[18]LightGroup1.[0]Laser.[1]RotationBase.[0]LightSource.[1]Laser
WeaveEnvironment.[0]Environment.[18]LightGroup1.[0]Laser.[1]RotationBase.[0]LightSource.[1]Laser.[0]BakedBloom
WeaveEnvironment.[0]Environment.[18]LightGroup1.[1]Laser
WeaveEnvironment.[0]Environment.[18]LightGroup1.[1]Laser.[0]StaticBase
WeaveEnvironment.[0]Environment.[18]LightGroup1.[1]Laser.[1]RotationBase
WeaveEnvironment.[0]Environment.[18]LightGroup1.[1]Laser.[1]RotationBase.[0]LightSource
WeaveEnvironment.[0]Environment.[18]LightGroup1.[1]Laser.[1]RotationBase.[0]LightSource.[0]LightGlow
WeaveEnvironment.[0]Environment.[18]LightGroup1.[1]Laser.[1]RotationBase.[0]LightSource.[1]Laser
WeaveEnvironment.[0]Environment.[18]LightGroup1.[1]Laser.[1]RotationBase.[0]LightSource.[1]Laser.[0]BakedBloom
WeaveEnvironment.[0]Environment.[18]LightGroup1.[2]Laser
WeaveEnvironment.[0]Environment.[18]LightGroup1.[2]Laser.[0]StaticBase
WeaveEnvironment.[0]Environment.[18]LightGroup1.[2]Laser.[1]RotationBase
WeaveEnvironment.[0]Environment.[18]LightGroup1.[2]Laser.[1]RotationBase.[0]LightSource
WeaveEnvironment.[0]Environment.[18]LightGroup1.[2]Laser.[1]RotationBase.[0]LightSource.[0]LightGlow
WeaveEnvironment.[0]Environment.[18]LightGroup1.[2]Laser.[1]RotationBase.[0]LightSource.[1]Laser
WeaveEnvironment.[0]Environment.[18]LightGroup1.[2]Laser.[1]RotationBase.[0]LightSource.[1]Laser.[0]BakedBloom
WeaveEnvironment.[0]Environment.[18]LightGroup1.[3]Laser
WeaveEnvironment.[0]Environment.[18]LightGroup1.[3]Laser.[0]StaticBase
WeaveEnvironment.[0]Environment.[18]LightGroup1.[3]Laser.[1]RotationBase
WeaveEnvironment.[0]Environment.[18]LightGroup1.[3]Laser.[1]RotationBase.[0]LightSource
WeaveEnvironment.[0]Environment.[18]LightGroup1.[3]Laser.[1]RotationBase.[0]LightSource.[0]LightGlow
WeaveEnvironment.[0]Environment.[18]LightGroup1.[3]Laser.[1]RotationBase.[0]LightSource.[1]Laser
WeaveEnvironment.[0]Environment.[18]LightGroup1.[3]Laser.[1]RotationBase.[0]LightSource.[1]Laser.[0]BakedBloom
WeaveEnvironment.[0]Environment.[18]LightGroup1.[4]Laser
WeaveEnvironment.[0]Environment.[18]LightGroup1.[4]Laser.[0]StaticBase
WeaveEnvironment.[0]Environment.[18]LightGroup1.[4]Laser.[1]RotationBase
WeaveEnvironment.[0]Environment.[18]LightGroup1.[4]Laser.[1]RotationBase.[0]LightSource
WeaveEnvironment.[0]Environment.[18]LightGroup1.[4]Laser.[1]RotationBase.[0]LightSource.[0]LightGlow
WeaveEnvironment.[0]Environment.[18]LightGroup1.[4]Laser.[1]RotationBase.[0]LightSource.[1]Laser
WeaveEnvironment.[0]Environment.[18]LightGroup1.[4]Laser.[1]RotationBase.[0]LightSource.[1]Laser.[0]BakedBloom
WeaveEnvironment.[0]Environment.[18]LightGroup1.[5]Laser
WeaveEnvironment.[0]Environment.[18]LightGroup1.[5]Laser.[0]StaticBase
WeaveEnvironment.[0]Environment.[18]LightGroup1.[5]Laser.[1]RotationBase
WeaveEnvironment.[0]Environment.[18]LightGroup1.[5]Laser.[1]RotationBase.[0]LightSource
WeaveEnvironment.[0]Environment.[18]LightGroup1.[5]Laser.[1]RotationBase.[0]LightSource.[0]LightGlow
WeaveEnvironment.[0]Environment.[18]LightGroup1.[5]Laser.[1]RotationBase.[0]LightSource.[1]Laser
WeaveEnvironment.[0]Environment.[18]LightGroup1.[5]Laser.[1]RotationBase.[0]LightSource.[1]Laser.[0]BakedBloom
WeaveEnvironment.[0]Environment.[18]LightGroup1.[6]Laser
WeaveEnvironment.[0]Environment.[18]LightGroup1.[6]Laser.[0]StaticBase
WeaveEnvironment.[0]Environment.[18]LightGroup1.[6]Laser.[1]RotationBase
WeaveEnvironment.[0]Environment.[18]LightGroup1.[6]Laser.[1]RotationBase.[0]LightSource
WeaveEnvironment.[0]Environment.[18]LightGroup1.[6]Laser.[1]RotationBase.[0]LightSource.[0]LightGlow
WeaveEnvironment.[0]Environment.[18]LightGroup1.[6]Laser.[1]RotationBase.[0]LightSource.[1]Laser
WeaveEnvironment.[0]Environment.[18]LightGroup1.[6]Laser.[1]RotationBase.[0]LightSource.[1]Laser.[0]BakedBloom
WeaveEnvironment.[0]Environment.[18]LightGroup1.[7]Laser
WeaveEnvironment.[0]Environment.[18]LightGroup1.[7]Laser.[0]StaticBase
WeaveEnvironment.[0]Environment.[18]LightGroup1.[7]Laser.[1]RotationBase
WeaveEnvironment.[0]Environment.[18]LightGroup1.[7]Laser.[1]RotationBase.[0]LightSource
WeaveEnvironment.[0]Environment.[18]LightGroup1.[7]Laser.[1]RotationBase.[0]LightSource.[0]LightGlow
WeaveEnvironment.[0]Environment.[18]LightGroup1.[7]Laser.[1]RotationBase.[0]LightSource.[1]Laser
WeaveEnvironment.[0]Environment.[18]LightGroup1.[7]Laser.[1]RotationBase.[0]LightSource.[1]Laser.[0]BakedBloom
WeaveEnvironment.[0]Environment.[19]LightGroup2
WeaveEnvironment.[0]Environment.[19]LightGroup2.[0]Laser
WeaveEnvironment.[0]Environment.[19]LightGroup2.[0]Laser.[0]StaticBase
WeaveEnvironment.[0]Environment.[19]LightGroup2.[0]Laser.[1]RotationBase
WeaveEnvironment.[0]Environment.[19]LightGroup2.[0]Laser.[1]RotationBase.[0]LightSource
WeaveEnvironment.[0]Environment.[19]LightGroup2.[0]Laser.[1]RotationBase.[0]LightSource.[0]LightGlow
WeaveEnvironment.[0]Environment.[19]LightGroup2.[0]Laser.[1]RotationBase.[0]LightSource.[1]Laser
WeaveEnvironment.[0]Environment.[19]LightGroup2.[0]Laser.[1]RotationBase.[0]LightSource.[1]Laser.[0]BakedBloom
WeaveEnvironment.[0]Environment.[19]LightGroup2.[1]Laser
WeaveEnvironment.[0]Environment.[19]LightGroup2.[1]Laser.[0]StaticBase
WeaveEnvironment.[0]Environment.[19]LightGroup2.[1]Laser.[1]RotationBase
WeaveEnvironment.[0]Environment.[19]LightGroup2.[1]Laser.[1]RotationBase.[0]LightSource
WeaveEnvironment.[0]Environment.[19]LightGroup2.[1]Laser.[1]RotationBase.[0]LightSource.[0]LightGlow
WeaveEnvironment.[0]Environment.[19]LightGroup2.[1]Laser.[1]RotationBase.[0]LightSource.[1]Laser
WeaveEnvironment.[0]Environment.[19]LightGroup2.[1]Laser.[1]RotationBase.[0]LightSource.[1]Laser.[0]BakedBloom
WeaveEnvironment.[0]Environment.[19]LightGroup2.[2]Laser
WeaveEnvironment.[0]Environment.[19]LightGroup2.[2]Laser.[0]StaticBase
WeaveEnvironment.[0]Environment.[19]LightGroup2.[2]Laser.[1]RotationBase
WeaveEnvironment.[0]Environment.[19]LightGroup2.[2]Laser.[1]RotationBase.[0]LightSource
WeaveEnvironment.[0]Environment.[19]LightGroup2.[2]Laser.[1]RotationBase.[0]LightSource.[0]LightGlow
WeaveEnvironment.[0]Environment.[19]LightGroup2.[2]Laser.[1]RotationBase.[0]LightSource.[1]Laser
WeaveEnvironment.[0]Environment.[19]LightGroup2.[2]Laser.[1]RotationBase.[0]LightSource.[1]Laser.[0]BakedBloom
WeaveEnvironment.[0]Environment.[19]LightGroup2.[3]Laser
WeaveEnvironment.[0]Environment.[19]LightGroup2.[3]Laser.[0]StaticBase
WeaveEnvironment.[0]Environment.[19]LightGroup2.[3]Laser.[1]RotationBase
WeaveEnvironment.[0]Environment.[19]LightGroup2.[3]Laser.[1]RotationBase.[0]LightSource
WeaveEnvironment.[0]Environment.[19]LightGroup2.[3]Laser.[1]RotationBase.[0]LightSource.[0]LightGlow
WeaveEnvironment.[0]Environment.[19]LightGroup2.[3]Laser.[1]RotationBase.[0]LightSource.[1]Laser
WeaveEnvironment.[0]Environment.[19]LightGroup2.[3]Laser.[1]RotationBase.[0]LightSource.[1]Laser.[0]BakedBloom
WeaveEnvironment.[0]Environment.[19]LightGroup2.[4]Laser
WeaveEnvironment.[0]Environment.[19]LightGroup2.[4]Laser.[0]StaticBase
WeaveEnvironment.[0]Environment.[19]LightGroup2.[4]Laser.[1]RotationBase
WeaveEnvironment.[0]Environment.[19]LightGroup2.[4]Laser.[1]RotationBase.[0]LightSource
WeaveEnvironment.[0]Environment.[19]LightGroup2.[4]Laser.[1]RotationBase.[0]LightSource.[0]LightGlow
WeaveEnvironment.[0]Environment.[19]LightGroup2.[4]Laser.[1]RotationBase.[0]LightSource.[1]Laser
WeaveEnvironment.[0]Environment.[19]LightGroup2.[4]Laser.[1]RotationBase.[0]LightSource.[1]Laser.[0]BakedBloom
WeaveEnvironment.[0]Environment.[19]LightGroup2.[5]Laser
WeaveEnvironment.[0]Environment.[19]LightGroup2.[5]Laser.[0]StaticBase
WeaveEnvironment.[0]Environment.[19]LightGroup2.[5]Laser.[1]RotationBase
WeaveEnvironment.[0]Environment.[19]LightGroup2.[5]Laser.[1]RotationBase.[0]LightSource
WeaveEnvironment.[0]Environment.[19]LightGroup2.[5]Laser.[1]RotationBase.[0]LightSource.[0]LightGlow
WeaveEnvironment.[0]Environment.[19]LightGroup2.[5]Laser.[1]RotationBase.[0]LightSource.[1]Laser
WeaveEnvironment.[0]Environment.[19]LightGroup2.[5]Laser.[1]RotationBase.[0]LightSource.[1]Laser.[0]BakedBloom
WeaveEnvironment.[0]Environment.[19]LightGroup2.[6]Laser
WeaveEnvironment.[0]Environment.[19]LightGroup2.[6]Laser.[0]StaticBase
WeaveEnvironment.[0]Environment.[19]LightGroup2.[6]Laser.[1]RotationBase
WeaveEnvironment.[0]Environment.[19]LightGroup2.[6]Laser.[1]RotationBase.[0]LightSource
WeaveEnvironment.[0]Environment.[19]LightGroup2.[6]Laser.[1]RotationBase.[0]LightSource.[0]LightGlow
WeaveEnvironment.[0]Environment.[19]LightGroup2.[6]Laser.[1]RotationBase.[0]LightSource.[1]Laser
WeaveEnvironment.[0]Environment.[19]LightGroup2.[6]Laser.[1]RotationBase.[0]LightSource.[1]Laser.[0]BakedBloom
WeaveEnvironment.[0]Environment.[19]LightGroup2.[7]Laser
WeaveEnvironment.[0]Environment.[19]LightGroup2.[7]Laser.[0]StaticBase
WeaveEnvironment.[0]Environment.[19]LightGroup2.[7]Laser.[1]RotationBase
WeaveEnvironment.[0]Environment.[19]LightGroup2.[7]Laser.[1]RotationBase.[0]LightSource
WeaveEnvironment.[0]Environment.[19]LightGroup2.[7]Laser.[1]RotationBase.[0]LightSource.[0]LightGlow
WeaveEnvironment.[0]Environment.[19]LightGroup2.[7]Laser.[1]RotationBase.[0]LightSource.[1]Laser
WeaveEnvironment.[0]Environment.[19]LightGroup2.[7]Laser.[1]RotationBase.[0]LightSource.[1]Laser.[0]BakedBloom
WeaveEnvironment.[0]Environment.[2]EnvironmentBrandingManager
WeaveEnvironment.[0]Environment.[20]LightGroup3
WeaveEnvironment.[0]Environment.[20]LightGroup3.[0]Laser
WeaveEnvironment.[0]Environment.[20]LightGroup3.[0]Laser.[0]StaticBase
WeaveEnvironment.[0]Environment.[20]LightGroup3.[0]Laser.[1]RotationBase
WeaveEnvironment.[0]Environment.[20]LightGroup3.[0]Laser.[1]RotationBase.[0]LightSource
WeaveEnvironment.[0]Environment.[20]LightGroup3.[0]Laser.[1]RotationBase.[0]LightSource.[0]LightGlow
WeaveEnvironment.[0]Environment.[20]LightGroup3.[0]Laser.[1]RotationBase.[0]LightSource.[1]Laser
WeaveEnvironment.[0]Environment.[20]LightGroup3.[0]Laser.[1]RotationBase.[0]LightSource.[1]Laser.[0]BakedBloom
WeaveEnvironment.[0]Environment.[20]LightGroup3.[1]Laser
WeaveEnvironment.[0]Environment.[20]LightGroup3.[1]Laser.[0]StaticBase
WeaveEnvironment.[0]Environment.[20]LightGroup3.[1]Laser.[1]RotationBase
WeaveEnvironment.[0]Environment.[20]LightGroup3.[1]Laser.[1]RotationBase.[0]LightSource
WeaveEnvironment.[0]Environment.[20]LightGroup3.[1]Laser.[1]RotationBase.[0]LightSource.[0]LightGlow
WeaveEnvironment.[0]Environment.[20]LightGroup3.[1]Laser.[1]RotationBase.[0]LightSource.[1]Laser
WeaveEnvironment.[0]Environment.[20]LightGroup3.[1]Laser.[1]RotationBase.[0]LightSource.[1]Laser.[0]BakedBloom
WeaveEnvironment.[0]Environment.[20]LightGroup3.[2]Laser
WeaveEnvironment.[0]Environment.[20]LightGroup3.[2]Laser.[0]StaticBase
WeaveEnvironment.[0]Environment.[20]LightGroup3.[2]Laser.[1]RotationBase
WeaveEnvironment.[0]Environment.[20]LightGroup3.[2]Laser.[1]RotationBase.[0]LightSource
WeaveEnvironment.[0]Environment.[20]LightGroup3.[2]Laser.[1]RotationBase.[0]LightSource.[0]LightGlow
WeaveEnvironment.[0]Environment.[20]LightGroup3.[2]Laser.[1]RotationBase.[0]LightSource.[1]Laser
WeaveEnvironment.[0]Environment.[20]LightGroup3.[2]Laser.[1]RotationBase.[0]LightSource.[1]Laser.[0]BakedBloom
WeaveEnvironment.[0]Environment.[20]LightGroup3.[3]Laser
WeaveEnvironment.[0]Environment.[20]LightGroup3.[3]Laser.[0]StaticBase
WeaveEnvironment.[0]Environment.[20]LightGroup3.[3]Laser.[1]RotationBase
WeaveEnvironment.[0]Environment.[20]LightGroup3.[3]Laser.[1]RotationBase.[0]LightSource
WeaveEnvironment.[0]Environment.[20]LightGroup3.[3]Laser.[1]RotationBase.[0]LightSource.[0]LightGlow
WeaveEnvironment.[0]Environment.[20]LightGroup3.[3]Laser.[1]RotationBase.[0]LightSource.[1]Laser
WeaveEnvironment.[0]Environment.[20]LightGroup3.[3]Laser.[1]RotationBase.[0]LightSource.[1]Laser.[0]BakedBloom
WeaveEnvironment.[0]Environment.[20]LightGroup3.[4]Laser
WeaveEnvironment.[0]Environment.[20]LightGroup3.[4]Laser.[0]StaticBase
WeaveEnvironment.[0]Environment.[20]LightGroup3.[4]Laser.[1]RotationBase
WeaveEnvironment.[0]Environment.[20]LightGroup3.[4]Laser.[1]RotationBase.[0]LightSource
WeaveEnvironment.[0]Environment.[20]LightGroup3.[4]Laser.[1]RotationBase.[0]LightSource.[0]LightGlow
WeaveEnvironment.[0]Environment.[20]LightGroup3.[4]Laser.[1]RotationBase.[0]LightSource.[1]Laser
WeaveEnvironment.[0]Environment.[20]LightGroup3.[4]Laser.[1]RotationBase.[0]LightSource.[1]Laser.[0]BakedBloom
WeaveEnvironment.[0]Environment.[20]LightGroup3.[5]Laser
WeaveEnvironment.[0]Environment.[20]LightGroup3.[5]Laser.[0]StaticBase
WeaveEnvironment.[0]Environment.[20]LightGroup3.[5]Laser.[1]RotationBase
WeaveEnvironment.[0]Environment.[20]LightGroup3.[5]Laser.[1]RotationBase.[0]LightSource
WeaveEnvironment.[0]Environment.[20]LightGroup3.[5]Laser.[1]RotationBase.[0]LightSource.[0]LightGlow
WeaveEnvironment.[0]Environment.[20]LightGroup3.[5]Laser.[1]RotationBase.[0]LightSource.[1]Laser
WeaveEnvironment.[0]Environment.[20]LightGroup3.[5]Laser.[1]RotationBase.[0]LightSource.[1]Laser.[0]BakedBloom
WeaveEnvironment.[0]Environment.[20]LightGroup3.[6]Laser
WeaveEnvironment.[0]Environment.[20]LightGroup3.[6]Laser.[0]StaticBase
WeaveEnvironment.[0]Environment.[20]LightGroup3.[6]Laser.[1]RotationBase
WeaveEnvironment.[0]Environment.[20]LightGroup3.[6]Laser.[1]RotationBase.[0]LightSource
WeaveEnvironment.[0]Environment.[20]LightGroup3.[6]Laser.[1]RotationBase.[0]LightSource.[0]LightGlow
WeaveEnvironment.[0]Environment.[20]LightGroup3.[6]Laser.[1]RotationBase.[0]LightSource.[1]Laser
WeaveEnvironment.[0]Environment.[20]LightGroup3.[6]Laser.[1]RotationBase.[0]LightSource.[1]Laser.[0]BakedBloom
WeaveEnvironment.[0]Environment.[20]LightGroup3.[7]Laser
WeaveEnvironment.[0]Environment.[20]LightGroup3.[7]Laser.[0]StaticBase
WeaveEnvironment.[0]Environment.[20]LightGroup3.[7]Laser.[1]RotationBase
WeaveEnvironment.[0]Environment.[20]LightGroup3.[7]Laser.[1]RotationBase.[0]LightSource
WeaveEnvironment.[0]Environment.[20]LightGroup3.[7]Laser.[1]RotationBase.[0]LightSource.[0]LightGlow
WeaveEnvironment.[0]Environment.[20]LightGroup3.[7]Laser.[1]RotationBase.[0]LightSource.[1]Laser
WeaveEnvironment.[0]Environment.[20]LightGroup3.[7]Laser.[1]RotationBase.[0]LightSource.[1]Laser.[0]BakedBloom
WeaveEnvironment.[0]Environment.[21]LightGroup4
WeaveEnvironment.[0]Environment.[21]LightGroup4.[0]Laser
WeaveEnvironment.[0]Environment.[21]LightGroup4.[0]Laser.[0]StaticBase
WeaveEnvironment.[0]Environment.[21]LightGroup4.[0]Laser.[1]RotationBase
WeaveEnvironment.[0]Environment.[21]LightGroup4.[0]Laser.[1]RotationBase.[0]LightSource
WeaveEnvironment.[0]Environment.[21]LightGroup4.[0]Laser.[1]RotationBase.[0]LightSource.[0]LightGlow
WeaveEnvironment.[0]Environment.[21]LightGroup4.[0]Laser.[1]RotationBase.[0]LightSource.[1]Laser
WeaveEnvironment.[0]Environment.[21]LightGroup4.[0]Laser.[1]RotationBase.[0]LightSource.[1]Laser.[0]BakedBloom
WeaveEnvironment.[0]Environment.[21]LightGroup4.[1]Laser
WeaveEnvironment.[0]Environment.[21]LightGroup4.[1]Laser.[0]StaticBase
WeaveEnvironment.[0]Environment.[21]LightGroup4.[1]Laser.[1]RotationBase
WeaveEnvironment.[0]Environment.[21]LightGroup4.[1]Laser.[1]RotationBase.[0]LightSource
WeaveEnvironment.[0]Environment.[21]LightGroup4.[1]Laser.[1]RotationBase.[0]LightSource.[0]LightGlow
WeaveEnvironment.[0]Environment.[21]LightGroup4.[1]Laser.[1]RotationBase.[0]LightSource.[1]Laser
WeaveEnvironment.[0]Environment.[21]LightGroup4.[1]Laser.[1]RotationBase.[0]LightSource.[1]Laser.[0]BakedBloom
WeaveEnvironment.[0]Environment.[21]LightGroup4.[2]Laser
WeaveEnvironment.[0]Environment.[21]LightGroup4.[2]Laser.[0]StaticBase
WeaveEnvironment.[0]Environment.[21]LightGroup4.[2]Laser.[1]RotationBase
WeaveEnvironment.[0]Environment.[21]LightGroup4.[2]Laser.[1]RotationBase.[0]LightSource
WeaveEnvironment.[0]Environment.[21]LightGroup4.[2]Laser.[1]RotationBase.[0]LightSource.[0]LightGlow
WeaveEnvironment.[0]Environment.[21]LightGroup4.[2]Laser.[1]RotationBase.[0]LightSource.[1]Laser
WeaveEnvironment.[0]Environment.[21]LightGroup4.[2]Laser.[1]RotationBase.[0]LightSource.[1]Laser.[0]BakedBloom
WeaveEnvironment.[0]Environment.[21]LightGroup4.[3]Laser
WeaveEnvironment.[0]Environment.[21]LightGroup4.[3]Laser.[0]StaticBase
WeaveEnvironment.[0]Environment.[21]LightGroup4.[3]Laser.[1]RotationBase
WeaveEnvironment.[0]Environment.[21]LightGroup4.[3]Laser.[1]RotationBase.[0]LightSource
WeaveEnvironment.[0]Environment.[21]LightGroup4.[3]Laser.[1]RotationBase.[0]LightSource.[0]LightGlow
WeaveEnvironment.[0]Environment.[21]LightGroup4.[3]Laser.[1]RotationBase.[0]LightSource.[1]Laser
WeaveEnvironment.[0]Environment.[21]LightGroup4.[3]Laser.[1]RotationBase.[0]LightSource.[1]Laser.[0]BakedBloom
WeaveEnvironment.[0]Environment.[21]LightGroup4.[4]Laser
WeaveEnvironment.[0]Environment.[21]LightGroup4.[4]Laser.[0]StaticBase
WeaveEnvironment.[0]Environment.[21]LightGroup4.[4]Laser.[1]RotationBase
WeaveEnvironment.[0]Environment.[21]LightGroup4.[4]Laser.[1]RotationBase.[0]LightSource
WeaveEnvironment.[0]Environment.[21]LightGroup4.[4]Laser.[1]RotationBase.[0]LightSource.[0]LightGlow
WeaveEnvironment.[0]Environment.[21]LightGroup4.[4]Laser.[1]RotationBase.[0]LightSource.[1]Laser
WeaveEnvironment.[0]Environment.[21]LightGroup4.[4]Laser.[1]RotationBase.[0]LightSource.[1]Laser.[0]BakedBloom
WeaveEnvironment.[0]Environment.[21]LightGroup4.[5]Laser
WeaveEnvironment.[0]Environment.[21]LightGroup4.[5]Laser.[0]StaticBase
WeaveEnvironment.[0]Environment.[21]LightGroup4.[5]Laser.[1]RotationBase
WeaveEnvironment.[0]Environment.[21]LightGroup4.[5]Laser.[1]RotationBase.[0]LightSource
WeaveEnvironment.[0]Environment.[21]LightGroup4.[5]Laser.[1]RotationBase.[0]LightSource.[0]LightGlow
WeaveEnvironment.[0]Environment.[21]LightGroup4.[5]Laser.[1]RotationBase.[0]LightSource.[1]Laser
WeaveEnvironment.[0]Environment.[21]LightGroup4.[5]Laser.[1]RotationBase.[0]LightSource.[1]Laser.[0]BakedBloom
WeaveEnvironment.[0]Environment.[21]LightGroup4.[6]Laser
WeaveEnvironment.[0]Environment.[21]LightGroup4.[6]Laser.[0]StaticBase
WeaveEnvironment.[0]Environment.[21]LightGroup4.[6]Laser.[1]RotationBase
WeaveEnvironment.[0]Environment.[21]LightGroup4.[6]Laser.[1]RotationBase.[0]LightSource
WeaveEnvironment.[0]Environment.[21]LightGroup4.[6]Laser.[1]RotationBase.[0]LightSource.[0]LightGlow
WeaveEnvironment.[0]Environment.[21]LightGroup4.[6]Laser.[1]RotationBase.[0]LightSource.[1]Laser
WeaveEnvironment.[0]Environment.[21]LightGroup4.[6]Laser.[1]RotationBase.[0]LightSource.[1]Laser.[0]BakedBloom
WeaveEnvironment.[0]Environment.[21]LightGroup4.[7]Laser
WeaveEnvironment.[0]Environment.[21]LightGroup4.[7]Laser.[0]StaticBase
WeaveEnvironment.[0]Environment.[21]LightGroup4.[7]Laser.[1]RotationBase
WeaveEnvironment.[0]Environment.[21]LightGroup4.[7]Laser.[1]RotationBase.[0]LightSource
WeaveEnvironment.[0]Environment.[21]LightGroup4.[7]Laser.[1]RotationBase.[0]LightSource.[0]LightGlow
WeaveEnvironment.[0]Environment.[21]LightGroup4.[7]Laser.[1]RotationBase.[0]LightSource.[1]Laser
WeaveEnvironment.[0]Environment.[21]LightGroup4.[7]Laser.[1]RotationBase.[0]LightSource.[1]Laser.[0]BakedBloom
WeaveEnvironment.[0]Environment.[22]LightGroup5
WeaveEnvironment.[0]Environment.[22]LightGroup5.[0]Laser
WeaveEnvironment.[0]Environment.[22]LightGroup5.[0]Laser.[0]StaticBase
WeaveEnvironment.[0]Environment.[22]LightGroup5.[0]Laser.[1]RotationBase
WeaveEnvironment.[0]Environment.[22]LightGroup5.[0]Laser.[1]RotationBase.[0]LightSource
WeaveEnvironment.[0]Environment.[22]LightGroup5.[0]Laser.[1]RotationBase.[0]LightSource.[0]LightGlow
WeaveEnvironment.[0]Environment.[22]LightGroup5.[0]Laser.[1]RotationBase.[0]LightSource.[1]Laser
WeaveEnvironment.[0]Environment.[22]LightGroup5.[0]Laser.[1]RotationBase.[0]LightSource.[1]Laser.[0]BakedBloom
WeaveEnvironment.[0]Environment.[22]LightGroup5.[1]Laser
WeaveEnvironment.[0]Environment.[22]LightGroup5.[1]Laser.[0]StaticBase
WeaveEnvironment.[0]Environment.[22]LightGroup5.[1]Laser.[1]RotationBase
WeaveEnvironment.[0]Environment.[22]LightGroup5.[1]Laser.[1]RotationBase.[0]LightSource
WeaveEnvironment.[0]Environment.[22]LightGroup5.[1]Laser.[1]RotationBase.[0]LightSource.[0]LightGlow
WeaveEnvironment.[0]Environment.[22]LightGroup5.[1]Laser.[1]RotationBase.[0]LightSource.[1]Laser
WeaveEnvironment.[0]Environment.[22]LightGroup5.[1]Laser.[1]RotationBase.[0]LightSource.[1]Laser.[0]BakedBloom
WeaveEnvironment.[0]Environment.[22]LightGroup5.[2]Laser
WeaveEnvironment.[0]Environment.[22]LightGroup5.[2]Laser.[0]StaticBase
WeaveEnvironment.[0]Environment.[22]LightGroup5.[2]Laser.[1]RotationBase
WeaveEnvironment.[0]Environment.[22]LightGroup5.[2]Laser.[1]RotationBase.[0]LightSource
WeaveEnvironment.[0]Environment.[22]LightGroup5.[2]Laser.[1]RotationBase.[0]LightSource.[0]LightGlow
WeaveEnvironment.[0]Environment.[22]LightGroup5.[2]Laser.[1]RotationBase.[0]LightSource.[1]Laser
WeaveEnvironment.[0]Environment.[22]LightGroup5.[2]Laser.[1]RotationBase.[0]LightSource.[1]Laser.[0]BakedBloom
WeaveEnvironment.[0]Environment.[22]LightGroup5.[3]Laser
WeaveEnvironment.[0]Environment.[22]LightGroup5.[3]Laser.[0]StaticBase
WeaveEnvironment.[0]Environment.[22]LightGroup5.[3]Laser.[1]RotationBase
WeaveEnvironment.[0]Environment.[22]LightGroup5.[3]Laser.[1]RotationBase.[0]LightSource
WeaveEnvironment.[0]Environment.[22]LightGroup5.[3]Laser.[1]RotationBase.[0]LightSource.[0]LightGlow
WeaveEnvironment.[0]Environment.[22]LightGroup5.[3]Laser.[1]RotationBase.[0]LightSource.[1]Laser
WeaveEnvironment.[0]Environment.[22]LightGroup5.[3]Laser.[1]RotationBase.[0]LightSource.[1]Laser.[0]BakedBloom
WeaveEnvironment.[0]Environment.[22]LightGroup5.[4]Laser
WeaveEnvironment.[0]Environment.[22]LightGroup5.[4]Laser.[0]StaticBase
WeaveEnvironment.[0]Environment.[22]LightGroup5.[4]Laser.[1]RotationBase
WeaveEnvironment.[0]Environment.[22]LightGroup5.[4]Laser.[1]RotationBase.[0]LightSource
WeaveEnvironment.[0]Environment.[22]LightGroup5.[4]Laser.[1]RotationBase.[0]LightSource.[0]LightGlow
WeaveEnvironment.[0]Environment.[22]LightGroup5.[4]Laser.[1]RotationBase.[0]LightSource.[1]Laser
WeaveEnvironment.[0]Environment.[22]LightGroup5.[4]Laser.[1]RotationBase.[0]LightSource.[1]Laser.[0]BakedBloom
WeaveEnvironment.[0]Environment.[22]LightGroup5.[5]Laser
WeaveEnvironment.[0]Environment.[22]LightGroup5.[5]Laser.[0]StaticBase
WeaveEnvironment.[0]Environment.[22]LightGroup5.[5]Laser.[1]RotationBase
WeaveEnvironment.[0]Environment.[22]LightGroup5.[5]Laser.[1]RotationBase.[0]LightSource
WeaveEnvironment.[0]Environment.[22]LightGroup5.[5]Laser.[1]RotationBase.[0]LightSource.[0]LightGlow
WeaveEnvironment.[0]Environment.[22]LightGroup5.[5]Laser.[1]RotationBase.[0]LightSource.[1]Laser
WeaveEnvironment.[0]Environment.[22]LightGroup5.[5]Laser.[1]RotationBase.[0]LightSource.[1]Laser.[0]BakedBloom
WeaveEnvironment.[0]Environment.[22]LightGroup5.[6]Laser
WeaveEnvironment.[0]Environment.[22]LightGroup5.[6]Laser.[0]StaticBase
WeaveEnvironment.[0]Environment.[22]LightGroup5.[6]Laser.[1]RotationBase
WeaveEnvironment.[0]Environment.[22]LightGroup5.[6]Laser.[1]RotationBase.[0]LightSource
WeaveEnvironment.[0]Environment.[22]LightGroup5.[6]Laser.[1]RotationBase.[0]LightSource.[0]LightGlow
WeaveEnvironment.[0]Environment.[22]LightGroup5.[6]Laser.[1]RotationBase.[0]LightSource.[1]Laser
WeaveEnvironment.[0]Environment.[22]LightGroup5.[6]Laser.[1]RotationBase.[0]LightSource.[1]Laser.[0]BakedBloom
WeaveEnvironment.[0]Environment.[22]LightGroup5.[7]Laser
WeaveEnvironment.[0]Environment.[22]LightGroup5.[7]Laser.[0]StaticBase
WeaveEnvironment.[0]Environment.[22]LightGroup5.[7]Laser.[1]RotationBase
WeaveEnvironment.[0]Environment.[22]LightGroup5.[7]Laser.[1]RotationBase.[0]LightSource
WeaveEnvironment.[0]Environment.[22]LightGroup5.[7]Laser.[1]RotationBase.[0]LightSource.[0]LightGlow
WeaveEnvironment.[0]Environment.[22]LightGroup5.[7]Laser.[1]RotationBase.[0]LightSource.[1]Laser
WeaveEnvironment.[0]Environment.[22]LightGroup5.[7]Laser.[1]RotationBase.[0]LightSource.[1]Laser.[0]BakedBloom
WeaveEnvironment.[0]Environment.[23]LightGroup6
WeaveEnvironment.[0]Environment.[23]LightGroup6.[0]Laser
WeaveEnvironment.[0]Environment.[23]LightGroup6.[0]Laser.[0]StaticBase
WeaveEnvironment.[0]Environment.[23]LightGroup6.[0]Laser.[1]RotationBase
WeaveEnvironment.[0]Environment.[23]LightGroup6.[0]Laser.[1]RotationBase.[0]LightSource
WeaveEnvironment.[0]Environment.[23]LightGroup6.[0]Laser.[1]RotationBase.[0]LightSource.[0]LightGlow
WeaveEnvironment.[0]Environment.[23]LightGroup6.[0]Laser.[1]RotationBase.[0]LightSource.[1]Laser
WeaveEnvironment.[0]Environment.[23]LightGroup6.[0]Laser.[1]RotationBase.[0]LightSource.[1]Laser.[0]BakedBloom
WeaveEnvironment.[0]Environment.[23]LightGroup6.[1]Laser
WeaveEnvironment.[0]Environment.[23]LightGroup6.[1]Laser.[0]StaticBase
WeaveEnvironment.[0]Environment.[23]LightGroup6.[1]Laser.[1]RotationBase
WeaveEnvironment.[0]Environment.[23]LightGroup6.[1]Laser.[1]RotationBase.[0]LightSource
WeaveEnvironment.[0]Environment.[23]LightGroup6.[1]Laser.[1]RotationBase.[0]LightSource.[0]LightGlow
WeaveEnvironment.[0]Environment.[23]LightGroup6.[1]Laser.[1]RotationBase.[0]LightSource.[1]Laser
WeaveEnvironment.[0]Environment.[23]LightGroup6.[1]Laser.[1]RotationBase.[0]LightSource.[1]Laser.[0]BakedBloom
WeaveEnvironment.[0]Environment.[23]LightGroup6.[2]Laser
WeaveEnvironment.[0]Environment.[23]LightGroup6.[2]Laser.[0]StaticBase
WeaveEnvironment.[0]Environment.[23]LightGroup6.[2]Laser.[1]RotationBase
WeaveEnvironment.[0]Environment.[23]LightGroup6.[2]Laser.[1]RotationBase.[0]LightSource
WeaveEnvironment.[0]Environment.[23]LightGroup6.[2]Laser.[1]RotationBase.[0]LightSource.[0]LightGlow
WeaveEnvironment.[0]Environment.[23]LightGroup6.[2]Laser.[1]RotationBase.[0]LightSource.[1]Laser
WeaveEnvironment.[0]Environment.[23]LightGroup6.[2]Laser.[1]RotationBase.[0]LightSource.[1]Laser.[0]BakedBloom
WeaveEnvironment.[0]Environment.[23]LightGroup6.[3]Laser
WeaveEnvironment.[0]Environment.[23]LightGroup6.[3]Laser.[0]StaticBase
WeaveEnvironment.[0]Environment.[23]LightGroup6.[3]Laser.[1]RotationBase
WeaveEnvironment.[0]Environment.[23]LightGroup6.[3]Laser.[1]RotationBase.[0]LightSource
WeaveEnvironment.[0]Environment.[23]LightGroup6.[3]Laser.[1]RotationBase.[0]LightSource.[0]LightGlow
WeaveEnvironment.[0]Environment.[23]LightGroup6.[3]Laser.[1]RotationBase.[0]LightSource.[1]Laser
WeaveEnvironment.[0]Environment.[23]LightGroup6.[3]Laser.[1]RotationBase.[0]LightSource.[1]Laser.[0]BakedBloom
WeaveEnvironment.[0]Environment.[23]LightGroup6.[4]Laser
WeaveEnvironment.[0]Environment.[23]LightGroup6.[4]Laser.[0]StaticBase
WeaveEnvironment.[0]Environment.[23]LightGroup6.[4]Laser.[1]RotationBase
WeaveEnvironment.[0]Environment.[23]LightGroup6.[4]Laser.[1]RotationBase.[0]LightSource
WeaveEnvironment.[0]Environment.[23]LightGroup6.[4]Laser.[1]RotationBase.[0]LightSource.[0]LightGlow
WeaveEnvironment.[0]Environment.[23]LightGroup6.[4]Laser.[1]RotationBase.[0]LightSource.[1]Laser
WeaveEnvironment.[0]Environment.[23]LightGroup6.[4]Laser.[1]RotationBase.[0]LightSource.[1]Laser.[0]BakedBloom
WeaveEnvironment.[0]Environment.[23]LightGroup6.[5]Laser
WeaveEnvironment.[0]Environment.[23]LightGroup6.[5]Laser.[0]StaticBase
WeaveEnvironment.[0]Environment.[23]LightGroup6.[5]Laser.[1]RotationBase
WeaveEnvironment.[0]Environment.[23]LightGroup6.[5]Laser.[1]RotationBase.[0]LightSource
WeaveEnvironment.[0]Environment.[23]LightGroup6.[5]Laser.[1]RotationBase.[0]LightSource.[0]LightGlow
WeaveEnvironment.[0]Environment.[23]LightGroup6.[5]Laser.[1]RotationBase.[0]LightSource.[1]Laser
WeaveEnvironment.[0]Environment.[23]LightGroup6.[5]Laser.[1]RotationBase.[0]LightSource.[1]Laser.[0]BakedBloom
WeaveEnvironment.[0]Environment.[23]LightGroup6.[6]Laser
WeaveEnvironment.[0]Environment.[23]LightGroup6.[6]Laser.[0]StaticBase
WeaveEnvironment.[0]Environment.[23]LightGroup6.[6]Laser.[1]RotationBase
WeaveEnvironment.[0]Environment.[23]LightGroup6.[6]Laser.[1]RotationBase.[0]LightSource
WeaveEnvironment.[0]Environment.[23]LightGroup6.[6]Laser.[1]RotationBase.[0]LightSource.[0]LightGlow
WeaveEnvironment.[0]Environment.[23]LightGroup6.[6]Laser.[1]RotationBase.[0]LightSource.[1]Laser
WeaveEnvironment.[0]Environment.[23]LightGroup6.[6]Laser.[1]RotationBase.[0]LightSource.[1]Laser.[0]BakedBloom
WeaveEnvironment.[0]Environment.[23]LightGroup6.[7]Laser
WeaveEnvironment.[0]Environment.[23]LightGroup6.[7]Laser.[0]StaticBase
WeaveEnvironment.[0]Environment.[23]LightGroup6.[7]Laser.[1]RotationBase
WeaveEnvironment.[0]Environment.[23]LightGroup6.[7]Laser.[1]RotationBase.[0]LightSource
WeaveEnvironment.[0]Environment.[23]LightGroup6.[7]Laser.[1]RotationBase.[0]LightSource.[0]LightGlow
WeaveEnvironment.[0]Environment.[23]LightGroup6.[7]Laser.[1]RotationBase.[0]LightSource.[1]Laser
WeaveEnvironment.[0]Environment.[23]LightGroup6.[7]Laser.[1]RotationBase.[0]LightSource.[1]Laser.[0]BakedBloom
WeaveEnvironment.[0]Environment.[24]LightGroup7
WeaveEnvironment.[0]Environment.[24]LightGroup7.[0]Laser
WeaveEnvironment.[0]Environment.[24]LightGroup7.[0]Laser.[0]StaticBase
WeaveEnvironment.[0]Environment.[24]LightGroup7.[0]Laser.[1]RotationBase
WeaveEnvironment.[0]Environment.[24]LightGroup7.[0]Laser.[1]RotationBase.[0]LightSource
WeaveEnvironment.[0]Environment.[24]LightGroup7.[0]Laser.[1]RotationBase.[0]LightSource.[0]LightGlow
WeaveEnvironment.[0]Environment.[24]LightGroup7.[0]Laser.[1]RotationBase.[0]LightSource.[1]Laser
WeaveEnvironment.[0]Environment.[24]LightGroup7.[0]Laser.[1]RotationBase.[0]LightSource.[1]Laser.[0]BakedBloom
WeaveEnvironment.[0]Environment.[24]LightGroup7.[1]Laser
WeaveEnvironment.[0]Environment.[24]LightGroup7.[1]Laser.[0]StaticBase
WeaveEnvironment.[0]Environment.[24]LightGroup7.[1]Laser.[1]RotationBase
WeaveEnvironment.[0]Environment.[24]LightGroup7.[1]Laser.[1]RotationBase.[0]LightSource
WeaveEnvironment.[0]Environment.[24]LightGroup7.[1]Laser.[1]RotationBase.[0]LightSource.[0]LightGlow
WeaveEnvironment.[0]Environment.[24]LightGroup7.[1]Laser.[1]RotationBase.[0]LightSource.[1]Laser
WeaveEnvironment.[0]Environment.[24]LightGroup7.[1]Laser.[1]RotationBase.[0]LightSource.[1]Laser.[0]BakedBloom
WeaveEnvironment.[0]Environment.[24]LightGroup7.[2]Laser
WeaveEnvironment.[0]Environment.[24]LightGroup7.[2]Laser.[0]StaticBase
WeaveEnvironment.[0]Environment.[24]LightGroup7.[2]Laser.[1]RotationBase
WeaveEnvironment.[0]Environment.[24]LightGroup7.[2]Laser.[1]RotationBase.[0]LightSource
WeaveEnvironment.[0]Environment.[24]LightGroup7.[2]Laser.[1]RotationBase.[0]LightSource.[0]LightGlow
WeaveEnvironment.[0]Environment.[24]LightGroup7.[2]Laser.[1]RotationBase.[0]LightSource.[1]Laser
WeaveEnvironment.[0]Environment.[24]LightGroup7.[2]Laser.[1]RotationBase.[0]LightSource.[1]Laser.[0]BakedBloom
WeaveEnvironment.[0]Environment.[24]LightGroup7.[3]Laser
WeaveEnvironment.[0]Environment.[24]LightGroup7.[3]Laser.[0]StaticBase
WeaveEnvironment.[0]Environment.[24]LightGroup7.[3]Laser.[1]RotationBase
WeaveEnvironment.[0]Environment.[24]LightGroup7.[3]Laser.[1]RotationBase.[0]LightSource
WeaveEnvironment.[0]Environment.[24]LightGroup7.[3]Laser.[1]RotationBase.[0]LightSource.[0]LightGlow
WeaveEnvironment.[0]Environment.[24]LightGroup7.[3]Laser.[1]RotationBase.[0]LightSource.[1]Laser
WeaveEnvironment.[0]Environment.[24]LightGroup7.[3]Laser.[1]RotationBase.[0]LightSource.[1]Laser.[0]BakedBloom
WeaveEnvironment.[0]Environment.[24]LightGroup7.[4]Laser
WeaveEnvironment.[0]Environment.[24]LightGroup7.[4]Laser.[0]StaticBase
WeaveEnvironment.[0]Environment.[24]LightGroup7.[4]Laser.[1]RotationBase
WeaveEnvironment.[0]Environment.[24]LightGroup7.[4]Laser.[1]RotationBase.[0]LightSource
WeaveEnvironment.[0]Environment.[24]LightGroup7.[4]Laser.[1]RotationBase.[0]LightSource.[0]LightGlow
WeaveEnvironment.[0]Environment.[24]LightGroup7.[4]Laser.[1]RotationBase.[0]LightSource.[1]Laser
WeaveEnvironment.[0]Environment.[24]LightGroup7.[4]Laser.[1]RotationBase.[0]LightSource.[1]Laser.[0]BakedBloom
WeaveEnvironment.[0]Environment.[24]LightGroup7.[5]Laser
WeaveEnvironment.[0]Environment.[24]LightGroup7.[5]Laser.[0]StaticBase
WeaveEnvironment.[0]Environment.[24]LightGroup7.[5]Laser.[1]RotationBase
WeaveEnvironment.[0]Environment.[24]LightGroup7.[5]Laser.[1]RotationBase.[0]LightSource
WeaveEnvironment.[0]Environment.[24]LightGroup7.[5]Laser.[1]RotationBase.[0]LightSource.[0]LightGlow
WeaveEnvironment.[0]Environment.[24]LightGroup7.[5]Laser.[1]RotationBase.[0]LightSource.[1]Laser
WeaveEnvironment.[0]Environment.[24]LightGroup7.[5]Laser.[1]RotationBase.[0]LightSource.[1]Laser.[0]BakedBloom
WeaveEnvironment.[0]Environment.[24]LightGroup7.[6]Laser
WeaveEnvironment.[0]Environment.[24]LightGroup7.[6]Laser.[0]StaticBase
WeaveEnvironment.[0]Environment.[24]LightGroup7.[6]Laser.[1]RotationBase
WeaveEnvironment.[0]Environment.[24]LightGroup7.[6]Laser.[1]RotationBase.[0]LightSource
WeaveEnvironment.[0]Environment.[24]LightGroup7.[6]Laser.[1]RotationBase.[0]LightSource.[0]LightGlow
WeaveEnvironment.[0]Environment.[24]LightGroup7.[6]Laser.[1]RotationBase.[0]LightSource.[1]Laser
WeaveEnvironment.[0]Environment.[24]LightGroup7.[6]Laser.[1]RotationBase.[0]LightSource.[1]Laser.[0]BakedBloom
WeaveEnvironment.[0]Environment.[24]LightGroup7.[7]Laser
WeaveEnvironment.[0]Environment.[24]LightGroup7.[7]Laser.[0]StaticBase
WeaveEnvironment.[0]Environment.[24]LightGroup7.[7]Laser.[1]RotationBase
WeaveEnvironment.[0]Environment.[24]LightGroup7.[7]Laser.[1]RotationBase.[0]LightSource
WeaveEnvironment.[0]Environment.[24]LightGroup7.[7]Laser.[1]RotationBase.[0]LightSource.[0]LightGlow
WeaveEnvironment.[0]Environment.[24]LightGroup7.[7]Laser.[1]RotationBase.[0]LightSource.[1]Laser
WeaveEnvironment.[0]Environment.[24]LightGroup7.[7]Laser.[1]RotationBase.[0]LightSource.[1]Laser.[0]BakedBloom
WeaveEnvironment.[0]Environment.[25]LightGroup8
WeaveEnvironment.[0]Environment.[25]LightGroup8.[0]Laser
WeaveEnvironment.[0]Environment.[25]LightGroup8.[0]Laser.[0]StaticBase
WeaveEnvironment.[0]Environment.[25]LightGroup8.[0]Laser.[1]RotationBase
WeaveEnvironment.[0]Environment.[25]LightGroup8.[0]Laser.[1]RotationBase.[0]LightSource
WeaveEnvironment.[0]Environment.[25]LightGroup8.[0]Laser.[1]RotationBase.[0]LightSource.[0]LightGlow
WeaveEnvironment.[0]Environment.[25]LightGroup8.[0]Laser.[1]RotationBase.[0]LightSource.[1]Laser
WeaveEnvironment.[0]Environment.[25]LightGroup8.[0]Laser.[1]RotationBase.[0]LightSource.[1]Laser.[0]BakedBloom
WeaveEnvironment.[0]Environment.[25]LightGroup8.[1]Laser
WeaveEnvironment.[0]Environment.[25]LightGroup8.[1]Laser.[0]StaticBase
WeaveEnvironment.[0]Environment.[25]LightGroup8.[1]Laser.[1]RotationBase
WeaveEnvironment.[0]Environment.[25]LightGroup8.[1]Laser.[1]RotationBase.[0]LightSource
WeaveEnvironment.[0]Environment.[25]LightGroup8.[1]Laser.[1]RotationBase.[0]LightSource.[0]LightGlow
WeaveEnvironment.[0]Environment.[25]LightGroup8.[1]Laser.[1]RotationBase.[0]LightSource.[1]Laser
WeaveEnvironment.[0]Environment.[25]LightGroup8.[1]Laser.[1]RotationBase.[0]LightSource.[1]Laser.[0]BakedBloom
WeaveEnvironment.[0]Environment.[25]LightGroup8.[2]Laser
WeaveEnvironment.[0]Environment.[25]LightGroup8.[2]Laser.[0]StaticBase
WeaveEnvironment.[0]Environment.[25]LightGroup8.[2]Laser.[1]RotationBase
WeaveEnvironment.[0]Environment.[25]LightGroup8.[2]Laser.[1]RotationBase.[0]LightSource
WeaveEnvironment.[0]Environment.[25]LightGroup8.[2]Laser.[1]RotationBase.[0]LightSource.[0]LightGlow
WeaveEnvironment.[0]Environment.[25]LightGroup8.[2]Laser.[1]RotationBase.[0]LightSource.[1]Laser
WeaveEnvironment.[0]Environment.[25]LightGroup8.[2]Laser.[1]RotationBase.[0]LightSource.[1]Laser.[0]BakedBloom
WeaveEnvironment.[0]Environment.[25]LightGroup8.[3]Laser
WeaveEnvironment.[0]Environment.[25]LightGroup8.[3]Laser.[0]StaticBase
WeaveEnvironment.[0]Environment.[25]LightGroup8.[3]Laser.[1]RotationBase
WeaveEnvironment.[0]Environment.[25]LightGroup8.[3]Laser.[1]RotationBase.[0]LightSource
WeaveEnvironment.[0]Environment.[25]LightGroup8.[3]Laser.[1]RotationBase.[0]LightSource.[0]LightGlow
WeaveEnvironment.[0]Environment.[25]LightGroup8.[3]Laser.[1]RotationBase.[0]LightSource.[1]Laser
WeaveEnvironment.[0]Environment.[25]LightGroup8.[3]Laser.[1]RotationBase.[0]LightSource.[1]Laser.[0]BakedBloom
WeaveEnvironment.[0]Environment.[25]LightGroup8.[4]Laser
WeaveEnvironment.[0]Environment.[25]LightGroup8.[4]Laser.[0]StaticBase
WeaveEnvironment.[0]Environment.[25]LightGroup8.[4]Laser.[1]RotationBase
WeaveEnvironment.[0]Environment.[25]LightGroup8.[4]Laser.[1]RotationBase.[0]LightSource
WeaveEnvironment.[0]Environment.[25]LightGroup8.[4]Laser.[1]RotationBase.[0]LightSource.[0]LightGlow
WeaveEnvironment.[0]Environment.[25]LightGroup8.[4]Laser.[1]RotationBase.[0]LightSource.[1]Laser
WeaveEnvironment.[0]Environment.[25]LightGroup8.[4]Laser.[1]RotationBase.[0]LightSource.[1]Laser.[0]BakedBloom
WeaveEnvironment.[0]Environment.[25]LightGroup8.[5]Laser
WeaveEnvironment.[0]Environment.[25]LightGroup8.[5]Laser.[0]StaticBase
WeaveEnvironment.[0]Environment.[25]LightGroup8.[5]Laser.[1]RotationBase
WeaveEnvironment.[0]Environment.[25]LightGroup8.[5]Laser.[1]RotationBase.[0]LightSource
WeaveEnvironment.[0]Environment.[25]LightGroup8.[5]Laser.[1]RotationBase.[0]LightSource.[0]LightGlow
WeaveEnvironment.[0]Environment.[25]LightGroup8.[5]Laser.[1]RotationBase.[0]LightSource.[1]Laser
WeaveEnvironment.[0]Environment.[25]LightGroup8.[5]Laser.[1]RotationBase.[0]LightSource.[1]Laser.[0]BakedBloom
WeaveEnvironment.[0]Environment.[25]LightGroup8.[6]Laser
WeaveEnvironment.[0]Environment.[25]LightGroup8.[6]Laser.[0]StaticBase
WeaveEnvironment.[0]Environment.[25]LightGroup8.[6]Laser.[1]RotationBase
WeaveEnvironment.[0]Environment.[25]LightGroup8.[6]Laser.[1]RotationBase.[0]LightSource
WeaveEnvironment.[0]Environment.[25]LightGroup8.[6]Laser.[1]RotationBase.[0]LightSource.[0]LightGlow
WeaveEnvironment.[0]Environment.[25]LightGroup8.[6]Laser.[1]RotationBase.[0]LightSource.[1]Laser
WeaveEnvironment.[0]Environment.[25]LightGroup8.[6]Laser.[1]RotationBase.[0]LightSource.[1]Laser.[0]BakedBloom
WeaveEnvironment.[0]Environment.[25]LightGroup8.[7]Laser
WeaveEnvironment.[0]Environment.[25]LightGroup8.[7]Laser.[0]StaticBase
WeaveEnvironment.[0]Environment.[25]LightGroup8.[7]Laser.[1]RotationBase
WeaveEnvironment.[0]Environment.[25]LightGroup8.[7]Laser.[1]RotationBase.[0]LightSource
WeaveEnvironment.[0]Environment.[25]LightGroup8.[7]Laser.[1]RotationBase.[0]LightSource.[0]LightGlow
WeaveEnvironment.[0]Environment.[25]LightGroup8.[7]Laser.[1]RotationBase.[0]LightSource.[1]Laser
WeaveEnvironment.[0]Environment.[25]LightGroup8.[7]Laser.[1]RotationBase.[0]LightSource.[1]Laser.[0]BakedBloom
WeaveEnvironment.[0]Environment.[26]LightGroup9
WeaveEnvironment.[0]Environment.[26]LightGroup9.[0]Laser
WeaveEnvironment.[0]Environment.[26]LightGroup9.[0]Laser.[0]StaticBase
WeaveEnvironment.[0]Environment.[26]LightGroup9.[0]Laser.[1]RotationBase
WeaveEnvironment.[0]Environment.[26]LightGroup9.[0]Laser.[1]RotationBase.[0]LightSource
WeaveEnvironment.[0]Environment.[26]LightGroup9.[0]Laser.[1]RotationBase.[0]LightSource.[0]LightGlow
WeaveEnvironment.[0]Environment.[26]LightGroup9.[0]Laser.[1]RotationBase.[0]LightSource.[1]Laser
WeaveEnvironment.[0]Environment.[26]LightGroup9.[0]Laser.[1]RotationBase.[0]LightSource.[1]Laser.[0]BakedBloom
WeaveEnvironment.[0]Environment.[26]LightGroup9.[1]Laser
WeaveEnvironment.[0]Environment.[26]LightGroup9.[1]Laser.[0]StaticBase
WeaveEnvironment.[0]Environment.[26]LightGroup9.[1]Laser.[1]RotationBase
WeaveEnvironment.[0]Environment.[26]LightGroup9.[1]Laser.[1]RotationBase.[0]LightSource
WeaveEnvironment.[0]Environment.[26]LightGroup9.[1]Laser.[1]RotationBase.[0]LightSource.[0]LightGlow
WeaveEnvironment.[0]Environment.[26]LightGroup9.[1]Laser.[1]RotationBase.[0]LightSource.[1]Laser
WeaveEnvironment.[0]Environment.[26]LightGroup9.[1]Laser.[1]RotationBase.[0]LightSource.[1]Laser.[0]BakedBloom
WeaveEnvironment.[0]Environment.[26]LightGroup9.[2]Laser
WeaveEnvironment.[0]Environment.[26]LightGroup9.[2]Laser.[0]StaticBase
WeaveEnvironment.[0]Environment.[26]LightGroup9.[2]Laser.[1]RotationBase
WeaveEnvironment.[0]Environment.[26]LightGroup9.[2]Laser.[1]RotationBase.[0]LightSource
WeaveEnvironment.[0]Environment.[26]LightGroup9.[2]Laser.[1]RotationBase.[0]LightSource.[0]LightGlow
WeaveEnvironment.[0]Environment.[26]LightGroup9.[2]Laser.[1]RotationBase.[0]LightSource.[1]Laser
WeaveEnvironment.[0]Environment.[26]LightGroup9.[2]Laser.[1]RotationBase.[0]LightSource.[1]Laser.[0]BakedBloom
WeaveEnvironment.[0]Environment.[26]LightGroup9.[3]Laser
WeaveEnvironment.[0]Environment.[26]LightGroup9.[3]Laser.[0]StaticBase
WeaveEnvironment.[0]Environment.[26]LightGroup9.[3]Laser.[1]RotationBase
WeaveEnvironment.[0]Environment.[26]LightGroup9.[3]Laser.[1]RotationBase.[0]LightSource
WeaveEnvironment.[0]Environment.[26]LightGroup9.[3]Laser.[1]RotationBase.[0]LightSource.[0]LightGlow
WeaveEnvironment.[0]Environment.[26]LightGroup9.[3]Laser.[1]RotationBase.[0]LightSource.[1]Laser
WeaveEnvironment.[0]Environment.[26]LightGroup9.[3]Laser.[1]RotationBase.[0]LightSource.[1]Laser.[0]BakedBloom
WeaveEnvironment.[0]Environment.[26]LightGroup9.[4]Laser
WeaveEnvironment.[0]Environment.[26]LightGroup9.[4]Laser.[0]StaticBase
WeaveEnvironment.[0]Environment.[26]LightGroup9.[4]Laser.[1]RotationBase
WeaveEnvironment.[0]Environment.[26]LightGroup9.[4]Laser.[1]RotationBase.[0]LightSource
WeaveEnvironment.[0]Environment.[26]LightGroup9.[4]Laser.[1]RotationBase.[0]LightSource.[0]LightGlow
WeaveEnvironment.[0]Environment.[26]LightGroup9.[4]Laser.[1]RotationBase.[0]LightSource.[1]Laser
WeaveEnvironment.[0]Environment.[26]LightGroup9.[4]Laser.[1]RotationBase.[0]LightSource.[1]Laser.[0]BakedBloom
WeaveEnvironment.[0]Environment.[26]LightGroup9.[5]Laser
WeaveEnvironment.[0]Environment.[26]LightGroup9.[5]Laser.[0]StaticBase
WeaveEnvironment.[0]Environment.[26]LightGroup9.[5]Laser.[1]RotationBase
WeaveEnvironment.[0]Environment.[26]LightGroup9.[5]Laser.[1]RotationBase.[0]LightSource
WeaveEnvironment.[0]Environment.[26]LightGroup9.[5]Laser.[1]RotationBase.[0]LightSource.[0]LightGlow
WeaveEnvironment.[0]Environment.[26]LightGroup9.[5]Laser.[1]RotationBase.[0]LightSource.[1]Laser
WeaveEnvironment.[0]Environment.[26]LightGroup9.[5]Laser.[1]RotationBase.[0]LightSource.[1]Laser.[0]BakedBloom
WeaveEnvironment.[0]Environment.[26]LightGroup9.[6]Laser
WeaveEnvironment.[0]Environment.[26]LightGroup9.[6]Laser.[0]StaticBase
WeaveEnvironment.[0]Environment.[26]LightGroup9.[6]Laser.[1]RotationBase
WeaveEnvironment.[0]Environment.[26]LightGroup9.[6]Laser.[1]RotationBase.[0]LightSource
WeaveEnvironment.[0]Environment.[26]LightGroup9.[6]Laser.[1]RotationBase.[0]LightSource.[0]LightGlow
WeaveEnvironment.[0]Environment.[26]LightGroup9.[6]Laser.[1]RotationBase.[0]LightSource.[1]Laser
WeaveEnvironment.[0]Environment.[26]LightGroup9.[6]Laser.[1]RotationBase.[0]LightSource.[1]Laser.[0]BakedBloom
WeaveEnvironment.[0]Environment.[26]LightGroup9.[7]Laser
WeaveEnvironment.[0]Environment.[26]LightGroup9.[7]Laser.[0]StaticBase
WeaveEnvironment.[0]Environment.[26]LightGroup9.[7]Laser.[1]RotationBase
WeaveEnvironment.[0]Environment.[26]LightGroup9.[7]Laser.[1]RotationBase.[0]LightSource
WeaveEnvironment.[0]Environment.[26]LightGroup9.[7]Laser.[1]RotationBase.[0]LightSource.[0]LightGlow
WeaveEnvironment.[0]Environment.[26]LightGroup9.[7]Laser.[1]RotationBase.[0]LightSource.[1]Laser
WeaveEnvironment.[0]Environment.[26]LightGroup9.[7]Laser.[1]RotationBase.[0]LightSource.[1]Laser.[0]BakedBloom
WeaveEnvironment.[0]Environment.[27]LightGroup10
WeaveEnvironment.[0]Environment.[27]LightGroup10.[0]Laser
WeaveEnvironment.[0]Environment.[27]LightGroup10.[0]Laser.[0]StaticBase
WeaveEnvironment.[0]Environment.[27]LightGroup10.[0]Laser.[1]RotationBase
WeaveEnvironment.[0]Environment.[27]LightGroup10.[0]Laser.[1]RotationBase.[0]LightSource
WeaveEnvironment.[0]Environment.[27]LightGroup10.[0]Laser.[1]RotationBase.[0]LightSource.[0]LightGlow
WeaveEnvironment.[0]Environment.[27]LightGroup10.[0]Laser.[1]RotationBase.[0]LightSource.[1]Laser
WeaveEnvironment.[0]Environment.[27]LightGroup10.[0]Laser.[1]RotationBase.[0]LightSource.[1]Laser.[0]BakedBloom
WeaveEnvironment.[0]Environment.[27]LightGroup10.[1]Laser
WeaveEnvironment.[0]Environment.[27]LightGroup10.[1]Laser.[0]StaticBase
WeaveEnvironment.[0]Environment.[27]LightGroup10.[1]Laser.[1]RotationBase
WeaveEnvironment.[0]Environment.[27]LightGroup10.[1]Laser.[1]RotationBase.[0]LightSource
WeaveEnvironment.[0]Environment.[27]LightGroup10.[1]Laser.[1]RotationBase.[0]LightSource.[0]LightGlow
WeaveEnvironment.[0]Environment.[27]LightGroup10.[1]Laser.[1]RotationBase.[0]LightSource.[1]Laser
WeaveEnvironment.[0]Environment.[27]LightGroup10.[1]Laser.[1]RotationBase.[0]LightSource.[1]Laser.[0]BakedBloom
WeaveEnvironment.[0]Environment.[27]LightGroup10.[2]Laser
WeaveEnvironment.[0]Environment.[27]LightGroup10.[2]Laser.[0]StaticBase
WeaveEnvironment.[0]Environment.[27]LightGroup10.[2]Laser.[1]RotationBase
WeaveEnvironment.[0]Environment.[27]LightGroup10.[2]Laser.[1]RotationBase.[0]LightSource
WeaveEnvironment.[0]Environment.[27]LightGroup10.[2]Laser.[1]RotationBase.[0]LightSource.[0]LightGlow
WeaveEnvironment.[0]Environment.[27]LightGroup10.[2]Laser.[1]RotationBase.[0]LightSource.[1]Laser
WeaveEnvironment.[0]Environment.[27]LightGroup10.[2]Laser.[1]RotationBase.[0]LightSource.[1]Laser.[0]BakedBloom
WeaveEnvironment.[0]Environment.[27]LightGroup10.[3]Laser
WeaveEnvironment.[0]Environment.[27]LightGroup10.[3]Laser.[0]StaticBase
WeaveEnvironment.[0]Environment.[27]LightGroup10.[3]Laser.[1]RotationBase
WeaveEnvironment.[0]Environment.[27]LightGroup10.[3]Laser.[1]RotationBase.[0]LightSource
WeaveEnvironment.[0]Environment.[27]LightGroup10.[3]Laser.[1]RotationBase.[0]LightSource.[0]LightGlow
WeaveEnvironment.[0]Environment.[27]LightGroup10.[3]Laser.[1]RotationBase.[0]LightSource.[1]Laser
WeaveEnvironment.[0]Environment.[27]LightGroup10.[3]Laser.[1]RotationBase.[0]LightSource.[1]Laser.[0]BakedBloom
WeaveEnvironment.[0]Environment.[27]LightGroup10.[4]Laser
WeaveEnvironment.[0]Environment.[27]LightGroup10.[4]Laser.[0]StaticBase
WeaveEnvironment.[0]Environment.[27]LightGroup10.[4]Laser.[1]RotationBase
WeaveEnvironment.[0]Environment.[27]LightGroup10.[4]Laser.[1]RotationBase.[0]LightSource
WeaveEnvironment.[0]Environment.[27]LightGroup10.[4]Laser.[1]RotationBase.[0]LightSource.[0]LightGlow
WeaveEnvironment.[0]Environment.[27]LightGroup10.[4]Laser.[1]RotationBase.[0]LightSource.[1]Laser
WeaveEnvironment.[0]Environment.[27]LightGroup10.[4]Laser.[1]RotationBase.[0]LightSource.[1]Laser.[0]BakedBloom
WeaveEnvironment.[0]Environment.[27]LightGroup10.[5]Laser
WeaveEnvironment.[0]Environment.[27]LightGroup10.[5]Laser.[0]StaticBase
WeaveEnvironment.[0]Environment.[27]LightGroup10.[5]Laser.[1]RotationBase
WeaveEnvironment.[0]Environment.[27]LightGroup10.[5]Laser.[1]RotationBase.[0]LightSource
WeaveEnvironment.[0]Environment.[27]LightGroup10.[5]Laser.[1]RotationBase.[0]LightSource.[0]LightGlow
WeaveEnvironment.[0]Environment.[27]LightGroup10.[5]Laser.[1]RotationBase.[0]LightSource.[1]Laser
WeaveEnvironment.[0]Environment.[27]LightGroup10.[5]Laser.[1]RotationBase.[0]LightSource.[1]Laser.[0]BakedBloom
WeaveEnvironment.[0]Environment.[27]LightGroup10.[6]Laser
WeaveEnvironment.[0]Environment.[27]LightGroup10.[6]Laser.[0]StaticBase
WeaveEnvironment.[0]Environment.[27]LightGroup10.[6]Laser.[1]RotationBase
WeaveEnvironment.[0]Environment.[27]LightGroup10.[6]Laser.[1]RotationBase.[0]LightSource
WeaveEnvironment.[0]Environment.[27]LightGroup10.[6]Laser.[1]RotationBase.[0]LightSource.[0]LightGlow
WeaveEnvironment.[0]Environment.[27]LightGroup10.[6]Laser.[1]RotationBase.[0]LightSource.[1]Laser
WeaveEnvironment.[0]Environment.[27]LightGroup10.[6]Laser.[1]RotationBase.[0]LightSource.[1]Laser.[0]BakedBloom
WeaveEnvironment.[0]Environment.[27]LightGroup10.[7]Laser
WeaveEnvironment.[0]Environment.[27]LightGroup10.[7]Laser.[0]StaticBase
WeaveEnvironment.[0]Environment.[27]LightGroup10.[7]Laser.[1]RotationBase
WeaveEnvironment.[0]Environment.[27]LightGroup10.[7]Laser.[1]RotationBase.[0]LightSource
WeaveEnvironment.[0]Environment.[27]LightGroup10.[7]Laser.[1]RotationBase.[0]LightSource.[0]LightGlow
WeaveEnvironment.[0]Environment.[27]LightGroup10.[7]Laser.[1]RotationBase.[0]LightSource.[1]Laser
WeaveEnvironment.[0]Environment.[27]LightGroup10.[7]Laser.[1]RotationBase.[0]LightSource.[1]Laser.[0]BakedBloom
WeaveEnvironment.[0]Environment.[28]LightGroup11
WeaveEnvironment.[0]Environment.[28]LightGroup11.[0]Laser
WeaveEnvironment.[0]Environment.[28]LightGroup11.[0]Laser.[0]StaticBase
WeaveEnvironment.[0]Environment.[28]LightGroup11.[0]Laser.[1]RotationBase
WeaveEnvironment.[0]Environment.[28]LightGroup11.[0]Laser.[1]RotationBase.[0]LightSource
WeaveEnvironment.[0]Environment.[28]LightGroup11.[0]Laser.[1]RotationBase.[0]LightSource.[0]LightGlow
WeaveEnvironment.[0]Environment.[28]LightGroup11.[0]Laser.[1]RotationBase.[0]LightSource.[1]Laser
WeaveEnvironment.[0]Environment.[28]LightGroup11.[0]Laser.[1]RotationBase.[0]LightSource.[1]Laser.[0]BakedBloom
WeaveEnvironment.[0]Environment.[28]LightGroup11.[1]Laser
WeaveEnvironment.[0]Environment.[28]LightGroup11.[1]Laser.[0]StaticBase
WeaveEnvironment.[0]Environment.[28]LightGroup11.[1]Laser.[1]RotationBase
WeaveEnvironment.[0]Environment.[28]LightGroup11.[1]Laser.[1]RotationBase.[0]LightSource
WeaveEnvironment.[0]Environment.[28]LightGroup11.[1]Laser.[1]RotationBase.[0]LightSource.[0]LightGlow
WeaveEnvironment.[0]Environment.[28]LightGroup11.[1]Laser.[1]RotationBase.[0]LightSource.[1]Laser
WeaveEnvironment.[0]Environment.[28]LightGroup11.[1]Laser.[1]RotationBase.[0]LightSource.[1]Laser.[0]BakedBloom
WeaveEnvironment.[0]Environment.[28]LightGroup11.[2]Laser
WeaveEnvironment.[0]Environment.[28]LightGroup11.[2]Laser.[0]StaticBase
WeaveEnvironment.[0]Environment.[28]LightGroup11.[2]Laser.[1]RotationBase
WeaveEnvironment.[0]Environment.[28]LightGroup11.[2]Laser.[1]RotationBase.[0]LightSource
WeaveEnvironment.[0]Environment.[28]LightGroup11.[2]Laser.[1]RotationBase.[0]LightSource.[0]LightGlow
WeaveEnvironment.[0]Environment.[28]LightGroup11.[2]Laser.[1]RotationBase.[0]LightSource.[1]Laser
WeaveEnvironment.[0]Environment.[28]LightGroup11.[2]Laser.[1]RotationBase.[0]LightSource.[1]Laser.[0]BakedBloom
WeaveEnvironment.[0]Environment.[28]LightGroup11.[3]Laser
WeaveEnvironment.[0]Environment.[28]LightGroup11.[3]Laser.[0]StaticBase
WeaveEnvironment.[0]Environment.[28]LightGroup11.[3]Laser.[1]RotationBase
WeaveEnvironment.[0]Environment.[28]LightGroup11.[3]Laser.[1]RotationBase.[0]LightSource
WeaveEnvironment.[0]Environment.[28]LightGroup11.[3]Laser.[1]RotationBase.[0]LightSource.[0]LightGlow
WeaveEnvironment.[0]Environment.[28]LightGroup11.[3]Laser.[1]RotationBase.[0]LightSource.[1]Laser
WeaveEnvironment.[0]Environment.[28]LightGroup11.[3]Laser.[1]RotationBase.[0]LightSource.[1]Laser.[0]BakedBloom
WeaveEnvironment.[0]Environment.[28]LightGroup11.[4]Laser
WeaveEnvironment.[0]Environment.[28]LightGroup11.[4]Laser.[0]StaticBase
WeaveEnvironment.[0]Environment.[28]LightGroup11.[4]Laser.[1]RotationBase
WeaveEnvironment.[0]Environment.[28]LightGroup11.[4]Laser.[1]RotationBase.[0]LightSource
WeaveEnvironment.[0]Environment.[28]LightGroup11.[4]Laser.[1]RotationBase.[0]LightSource.[0]LightGlow
WeaveEnvironment.[0]Environment.[28]LightGroup11.[4]Laser.[1]RotationBase.[0]LightSource.[1]Laser
WeaveEnvironment.[0]Environment.[28]LightGroup11.[4]Laser.[1]RotationBase.[0]LightSource.[1]Laser.[0]BakedBloom
WeaveEnvironment.[0]Environment.[28]LightGroup11.[5]Laser
WeaveEnvironment.[0]Environment.[28]LightGroup11.[5]Laser.[0]StaticBase
WeaveEnvironment.[0]Environment.[28]LightGroup11.[5]Laser.[1]RotationBase
WeaveEnvironment.[0]Environment.[28]LightGroup11.[5]Laser.[1]RotationBase.[0]LightSource
WeaveEnvironment.[0]Environment.[28]LightGroup11.[5]Laser.[1]RotationBase.[0]LightSource.[0]LightGlow
WeaveEnvironment.[0]Environment.[28]LightGroup11.[5]Laser.[1]RotationBase.[0]LightSource.[1]Laser
WeaveEnvironment.[0]Environment.[28]LightGroup11.[5]Laser.[1]RotationBase.[0]LightSource.[1]Laser.[0]BakedBloom
WeaveEnvironment.[0]Environment.[28]LightGroup11.[6]Laser
WeaveEnvironment.[0]Environment.[28]LightGroup11.[6]Laser.[0]StaticBase
WeaveEnvironment.[0]Environment.[28]LightGroup11.[6]Laser.[1]RotationBase
WeaveEnvironment.[0]Environment.[28]LightGroup11.[6]Laser.[1]RotationBase.[0]LightSource
WeaveEnvironment.[0]Environment.[28]LightGroup11.[6]Laser.[1]RotationBase.[0]LightSource.[0]LightGlow
WeaveEnvironment.[0]Environment.[28]LightGroup11.[6]Laser.[1]RotationBase.[0]LightSource.[1]Laser
WeaveEnvironment.[0]Environment.[28]LightGroup11.[6]Laser.[1]RotationBase.[0]LightSource.[1]Laser.[0]BakedBloom
WeaveEnvironment.[0]Environment.[28]LightGroup11.[7]Laser
WeaveEnvironment.[0]Environment.[28]LightGroup11.[7]Laser.[0]StaticBase
WeaveEnvironment.[0]Environment.[28]LightGroup11.[7]Laser.[1]RotationBase
WeaveEnvironment.[0]Environment.[28]LightGroup11.[7]Laser.[1]RotationBase.[0]LightSource
WeaveEnvironment.[0]Environment.[28]LightGroup11.[7]Laser.[1]RotationBase.[0]LightSource.[0]LightGlow
WeaveEnvironment.[0]Environment.[28]LightGroup11.[7]Laser.[1]RotationBase.[0]LightSource.[1]Laser
WeaveEnvironment.[0]Environment.[28]LightGroup11.[7]Laser.[1]RotationBase.[0]LightSource.[1]Laser.[0]BakedBloom
WeaveEnvironment.[0]Environment.[29]LightGroup12
WeaveEnvironment.[0]Environment.[29]LightGroup12.[0]LaserLong
WeaveEnvironment.[0]Environment.[29]LightGroup12.[0]LaserLong.[0]StaticBase
WeaveEnvironment.[0]Environment.[29]LightGroup12.[0]LaserLong.[1]RotationBase
WeaveEnvironment.[0]Environment.[29]LightGroup12.[0]LaserLong.[1]RotationBase.[0]LightSource
WeaveEnvironment.[0]Environment.[29]LightGroup12.[0]LaserLong.[1]RotationBase.[0]LightSource.[0]LightGlow
WeaveEnvironment.[0]Environment.[29]LightGroup12.[0]LaserLong.[1]RotationBase.[0]LightSource.[1]Laser
WeaveEnvironment.[0]Environment.[29]LightGroup12.[0]LaserLong.[1]RotationBase.[0]LightSource.[1]Laser.[0]BakedBloom
WeaveEnvironment.[0]Environment.[29]LightGroup12.[1]LaserLong
WeaveEnvironment.[0]Environment.[29]LightGroup12.[1]LaserLong.[0]StaticBase
WeaveEnvironment.[0]Environment.[29]LightGroup12.[1]LaserLong.[1]RotationBase
WeaveEnvironment.[0]Environment.[29]LightGroup12.[1]LaserLong.[1]RotationBase.[0]LightSource
WeaveEnvironment.[0]Environment.[29]LightGroup12.[1]LaserLong.[1]RotationBase.[0]LightSource.[0]LightGlow
WeaveEnvironment.[0]Environment.[29]LightGroup12.[1]LaserLong.[1]RotationBase.[0]LightSource.[1]Laser
WeaveEnvironment.[0]Environment.[29]LightGroup12.[1]LaserLong.[1]RotationBase.[0]LightSource.[1]Laser.[0]BakedBloom
WeaveEnvironment.[0]Environment.[29]LightGroup12.[10]LaserLong
WeaveEnvironment.[0]Environment.[29]LightGroup12.[10]LaserLong.[0]StaticBase
WeaveEnvironment.[0]Environment.[29]LightGroup12.[10]LaserLong.[1]RotationBase
WeaveEnvironment.[0]Environment.[29]LightGroup12.[10]LaserLong.[1]RotationBase.[0]LightSource
WeaveEnvironment.[0]Environment.[29]LightGroup12.[10]LaserLong.[1]RotationBase.[0]LightSource.[0]LightGlow
WeaveEnvironment.[0]Environment.[29]LightGroup12.[10]LaserLong.[1]RotationBase.[0]LightSource.[1]Laser
WeaveEnvironment.[0]Environment.[29]LightGroup12.[10]LaserLong.[1]RotationBase.[0]LightSource.[1]Laser.[0]BakedBloom
WeaveEnvironment.[0]Environment.[29]LightGroup12.[11]LaserLong
WeaveEnvironment.[0]Environment.[29]LightGroup12.[11]LaserLong.[0]StaticBase
WeaveEnvironment.[0]Environment.[29]LightGroup12.[11]LaserLong.[1]RotationBase
WeaveEnvironment.[0]Environment.[29]LightGroup12.[11]LaserLong.[1]RotationBase.[0]LightSource
WeaveEnvironment.[0]Environment.[29]LightGroup12.[11]LaserLong.[1]RotationBase.[0]LightSource.[0]LightGlow
WeaveEnvironment.[0]Environment.[29]LightGroup12.[11]LaserLong.[1]RotationBase.[0]LightSource.[1]Laser
WeaveEnvironment.[0]Environment.[29]LightGroup12.[11]LaserLong.[1]RotationBase.[0]LightSource.[1]Laser.[0]BakedBloom
WeaveEnvironment.[0]Environment.[29]LightGroup12.[2]LaserLong
WeaveEnvironment.[0]Environment.[29]LightGroup12.[2]LaserLong.[0]StaticBase
WeaveEnvironment.[0]Environment.[29]LightGroup12.[2]LaserLong.[1]RotationBase
WeaveEnvironment.[0]Environment.[29]LightGroup12.[2]LaserLong.[1]RotationBase.[0]LightSource
WeaveEnvironment.[0]Environment.[29]LightGroup12.[2]LaserLong.[1]RotationBase.[0]LightSource.[0]LightGlow
WeaveEnvironment.[0]Environment.[29]LightGroup12.[2]LaserLong.[1]RotationBase.[0]LightSource.[1]Laser
WeaveEnvironment.[0]Environment.[29]LightGroup12.[2]LaserLong.[1]RotationBase.[0]LightSource.[1]Laser.[0]BakedBloom
WeaveEnvironment.[0]Environment.[29]LightGroup12.[3]LaserLong
WeaveEnvironment.[0]Environment.[29]LightGroup12.[3]LaserLong.[0]StaticBase
WeaveEnvironment.[0]Environment.[29]LightGroup12.[3]LaserLong.[1]RotationBase
WeaveEnvironment.[0]Environment.[29]LightGroup12.[3]LaserLong.[1]RotationBase.[0]LightSource
WeaveEnvironment.[0]Environment.[29]LightGroup12.[3]LaserLong.[1]RotationBase.[0]LightSource.[0]LightGlow
WeaveEnvironment.[0]Environment.[29]LightGroup12.[3]LaserLong.[1]RotationBase.[0]LightSource.[1]Laser
WeaveEnvironment.[0]Environment.[29]LightGroup12.[3]LaserLong.[1]RotationBase.[0]LightSource.[1]Laser.[0]BakedBloom
WeaveEnvironment.[0]Environment.[29]LightGroup12.[4]LaserLong
WeaveEnvironment.[0]Environment.[29]LightGroup12.[4]LaserLong.[0]StaticBase
WeaveEnvironment.[0]Environment.[29]LightGroup12.[4]LaserLong.[1]RotationBase
WeaveEnvironment.[0]Environment.[29]LightGroup12.[4]LaserLong.[1]RotationBase.[0]LightSource
WeaveEnvironment.[0]Environment.[29]LightGroup12.[4]LaserLong.[1]RotationBase.[0]LightSource.[0]LightGlow
WeaveEnvironment.[0]Environment.[29]LightGroup12.[4]LaserLong.[1]RotationBase.[0]LightSource.[1]Laser
WeaveEnvironment.[0]Environment.[29]LightGroup12.[4]LaserLong.[1]RotationBase.[0]LightSource.[1]Laser.[0]BakedBloom
WeaveEnvironment.[0]Environment.[29]LightGroup12.[5]LaserLong
WeaveEnvironment.[0]Environment.[29]LightGroup12.[5]LaserLong.[0]StaticBase
WeaveEnvironment.[0]Environment.[29]LightGroup12.[5]LaserLong.[1]RotationBase
WeaveEnvironment.[0]Environment.[29]LightGroup12.[5]LaserLong.[1]RotationBase.[0]LightSource
WeaveEnvironment.[0]Environment.[29]LightGroup12.[5]LaserLong.[1]RotationBase.[0]LightSource.[0]LightGlow
WeaveEnvironment.[0]Environment.[29]LightGroup12.[5]LaserLong.[1]RotationBase.[0]LightSource.[1]Laser
WeaveEnvironment.[0]Environment.[29]LightGroup12.[5]LaserLong.[1]RotationBase.[0]LightSource.[1]Laser.[0]BakedBloom
WeaveEnvironment.[0]Environment.[29]LightGroup12.[6]LaserLong
WeaveEnvironment.[0]Environment.[29]LightGroup12.[6]LaserLong.[0]StaticBase
WeaveEnvironment.[0]Environment.[29]LightGroup12.[6]LaserLong.[1]RotationBase
WeaveEnvironment.[0]Environment.[29]LightGroup12.[6]LaserLong.[1]RotationBase.[0]LightSource
WeaveEnvironment.[0]Environment.[29]LightGroup12.[6]LaserLong.[1]RotationBase.[0]LightSource.[0]LightGlow
WeaveEnvironment.[0]Environment.[29]LightGroup12.[6]LaserLong.[1]RotationBase.[0]LightSource.[1]Laser
WeaveEnvironment.[0]Environment.[29]LightGroup12.[6]LaserLong.[1]RotationBase.[0]LightSource.[1]Laser.[0]BakedBloom
WeaveEnvironment.[0]Environment.[29]LightGroup12.[7]LaserLong
WeaveEnvironment.[0]Environment.[29]LightGroup12.[7]LaserLong.[0]StaticBase
WeaveEnvironment.[0]Environment.[29]LightGroup12.[7]LaserLong.[1]RotationBase
WeaveEnvironment.[0]Environment.[29]LightGroup12.[7]LaserLong.[1]RotationBase.[0]LightSource
WeaveEnvironment.[0]Environment.[29]LightGroup12.[7]LaserLong.[1]RotationBase.[0]LightSource.[0]LightGlow
WeaveEnvironment.[0]Environment.[29]LightGroup12.[7]LaserLong.[1]RotationBase.[0]LightSource.[1]Laser
WeaveEnvironment.[0]Environment.[29]LightGroup12.[7]LaserLong.[1]RotationBase.[0]LightSource.[1]Laser.[0]BakedBloom
WeaveEnvironment.[0]Environment.[29]LightGroup12.[8]LaserLong
WeaveEnvironment.[0]Environment.[29]LightGroup12.[8]LaserLong.[0]StaticBase
WeaveEnvironment.[0]Environment.[29]LightGroup12.[8]LaserLong.[1]RotationBase
WeaveEnvironment.[0]Environment.[29]LightGroup12.[8]LaserLong.[1]RotationBase.[0]LightSource
WeaveEnvironment.[0]Environment.[29]LightGroup12.[8]LaserLong.[1]RotationBase.[0]LightSource.[0]LightGlow
WeaveEnvironment.[0]Environment.[29]LightGroup12.[8]LaserLong.[1]RotationBase.[0]LightSource.[1]Laser
WeaveEnvironment.[0]Environment.[29]LightGroup12.[8]LaserLong.[1]RotationBase.[0]LightSource.[1]Laser.[0]BakedBloom
WeaveEnvironment.[0]Environment.[29]LightGroup12.[9]LaserLong
WeaveEnvironment.[0]Environment.[29]LightGroup12.[9]LaserLong.[0]StaticBase
WeaveEnvironment.[0]Environment.[29]LightGroup12.[9]LaserLong.[1]RotationBase
WeaveEnvironment.[0]Environment.[29]LightGroup12.[9]LaserLong.[1]RotationBase.[0]LightSource
WeaveEnvironment.[0]Environment.[29]LightGroup12.[9]LaserLong.[1]RotationBase.[0]LightSource.[0]LightGlow
WeaveEnvironment.[0]Environment.[29]LightGroup12.[9]LaserLong.[1]RotationBase.[0]LightSource.[1]Laser
WeaveEnvironment.[0]Environment.[29]LightGroup12.[9]LaserLong.[1]RotationBase.[0]LightSource.[1]Laser.[0]BakedBloom
WeaveEnvironment.[0]Environment.[3]BakedReflectionProbe
WeaveEnvironment.[0]Environment.[30]LightGroup13
WeaveEnvironment.[0]Environment.[30]LightGroup13.[0]LaserLong
WeaveEnvironment.[0]Environment.[30]LightGroup13.[0]LaserLong.[0]StaticBase
WeaveEnvironment.[0]Environment.[30]LightGroup13.[0]LaserLong.[1]RotationBase
WeaveEnvironment.[0]Environment.[30]LightGroup13.[0]LaserLong.[1]RotationBase.[0]LightSource
WeaveEnvironment.[0]Environment.[30]LightGroup13.[0]LaserLong.[1]RotationBase.[0]LightSource.[0]LightGlow
WeaveEnvironment.[0]Environment.[30]LightGroup13.[0]LaserLong.[1]RotationBase.[0]LightSource.[1]Laser
WeaveEnvironment.[0]Environment.[30]LightGroup13.[0]LaserLong.[1]RotationBase.[0]LightSource.[1]Laser.[0]BakedBloom
WeaveEnvironment.[0]Environment.[30]LightGroup13.[1]LaserLong
WeaveEnvironment.[0]Environment.[30]LightGroup13.[1]LaserLong.[0]StaticBase
WeaveEnvironment.[0]Environment.[30]LightGroup13.[1]LaserLong.[1]RotationBase
WeaveEnvironment.[0]Environment.[30]LightGroup13.[1]LaserLong.[1]RotationBase.[0]LightSource
WeaveEnvironment.[0]Environment.[30]LightGroup13.[1]LaserLong.[1]RotationBase.[0]LightSource.[0]LightGlow
WeaveEnvironment.[0]Environment.[30]LightGroup13.[1]LaserLong.[1]RotationBase.[0]LightSource.[1]Laser
WeaveEnvironment.[0]Environment.[30]LightGroup13.[1]LaserLong.[1]RotationBase.[0]LightSource.[1]Laser.[0]BakedBloom
WeaveEnvironment.[0]Environment.[30]LightGroup13.[10]LaserLong
WeaveEnvironment.[0]Environment.[30]LightGroup13.[10]LaserLong.[0]StaticBase
WeaveEnvironment.[0]Environment.[30]LightGroup13.[10]LaserLong.[1]RotationBase
WeaveEnvironment.[0]Environment.[30]LightGroup13.[10]LaserLong.[1]RotationBase.[0]LightSource
WeaveEnvironment.[0]Environment.[30]LightGroup13.[10]LaserLong.[1]RotationBase.[0]LightSource.[0]LightGlow
WeaveEnvironment.[0]Environment.[30]LightGroup13.[10]LaserLong.[1]RotationBase.[0]LightSource.[1]Laser
WeaveEnvironment.[0]Environment.[30]LightGroup13.[10]LaserLong.[1]RotationBase.[0]LightSource.[1]Laser.[0]BakedBloom
WeaveEnvironment.[0]Environment.[30]LightGroup13.[11]LaserLong
WeaveEnvironment.[0]Environment.[30]LightGroup13.[11]LaserLong.[0]StaticBase
WeaveEnvironment.[0]Environment.[30]LightGroup13.[11]LaserLong.[1]RotationBase
WeaveEnvironment.[0]Environment.[30]LightGroup13.[11]LaserLong.[1]RotationBase.[0]LightSource
WeaveEnvironment.[0]Environment.[30]LightGroup13.[11]LaserLong.[1]RotationBase.[0]LightSource.[0]LightGlow
WeaveEnvironment.[0]Environment.[30]LightGroup13.[11]LaserLong.[1]RotationBase.[0]LightSource.[1]Laser
WeaveEnvironment.[0]Environment.[30]LightGroup13.[11]LaserLong.[1]RotationBase.[0]LightSource.[1]Laser.[0]BakedBloom
WeaveEnvironment.[0]Environment.[30]LightGroup13.[2]LaserLong
WeaveEnvironment.[0]Environment.[30]LightGroup13.[2]LaserLong.[0]StaticBase
WeaveEnvironment.[0]Environment.[30]LightGroup13.[2]LaserLong.[1]RotationBase
WeaveEnvironment.[0]Environment.[30]LightGroup13.[2]LaserLong.[1]RotationBase.[0]LightSource
WeaveEnvironment.[0]Environment.[30]LightGroup13.[2]LaserLong.[1]RotationBase.[0]LightSource.[0]LightGlow
WeaveEnvironment.[0]Environment.[30]LightGroup13.[2]LaserLong.[1]RotationBase.[0]LightSource.[1]Laser
WeaveEnvironment.[0]Environment.[30]LightGroup13.[2]LaserLong.[1]RotationBase.[0]LightSource.[1]Laser.[0]BakedBloom
WeaveEnvironment.[0]Environment.[30]LightGroup13.[3]LaserLong
WeaveEnvironment.[0]Environment.[30]LightGroup13.[3]LaserLong.[0]StaticBase
WeaveEnvironment.[0]Environment.[30]LightGroup13.[3]LaserLong.[1]RotationBase
WeaveEnvironment.[0]Environment.[30]LightGroup13.[3]LaserLong.[1]RotationBase.[0]LightSource
WeaveEnvironment.[0]Environment.[30]LightGroup13.[3]LaserLong.[1]RotationBase.[0]LightSource.[0]LightGlow
WeaveEnvironment.[0]Environment.[30]LightGroup13.[3]LaserLong.[1]RotationBase.[0]LightSource.[1]Laser
WeaveEnvironment.[0]Environment.[30]LightGroup13.[3]LaserLong.[1]RotationBase.[0]LightSource.[1]Laser.[0]BakedBloom
WeaveEnvironment.[0]Environment.[30]LightGroup13.[4]LaserLong
WeaveEnvironment.[0]Environment.[30]LightGroup13.[4]LaserLong.[0]StaticBase
WeaveEnvironment.[0]Environment.[30]LightGroup13.[4]LaserLong.[1]RotationBase
WeaveEnvironment.[0]Environment.[30]LightGroup13.[4]LaserLong.[1]RotationBase.[0]LightSource
WeaveEnvironment.[0]Environment.[30]LightGroup13.[4]LaserLong.[1]RotationBase.[0]LightSource.[0]LightGlow
WeaveEnvironment.[0]Environment.[30]LightGroup13.[4]LaserLong.[1]RotationBase.[0]LightSource.[1]Laser
WeaveEnvironment.[0]Environment.[30]LightGroup13.[4]LaserLong.[1]RotationBase.[0]LightSource.[1]Laser.[0]BakedBloom
WeaveEnvironment.[0]Environment.[30]LightGroup13.[5]LaserLong
WeaveEnvironment.[0]Environment.[30]LightGroup13.[5]LaserLong.[0]StaticBase
WeaveEnvironment.[0]Environment.[30]LightGroup13.[5]LaserLong.[1]RotationBase
WeaveEnvironment.[0]Environment.[30]LightGroup13.[5]LaserLong.[1]RotationBase.[0]LightSource
WeaveEnvironment.[0]Environment.[30]LightGroup13.[5]LaserLong.[1]RotationBase.[0]LightSource.[0]LightGlow
WeaveEnvironment.[0]Environment.[30]LightGroup13.[5]LaserLong.[1]RotationBase.[0]LightSource.[1]Laser
WeaveEnvironment.[0]Environment.[30]LightGroup13.[5]LaserLong.[1]RotationBase.[0]LightSource.[1]Laser.[0]BakedBloom
WeaveEnvironment.[0]Environment.[30]LightGroup13.[6]LaserLong
WeaveEnvironment.[0]Environment.[30]LightGroup13.[6]LaserLong.[0]StaticBase
WeaveEnvironment.[0]Environment.[30]LightGroup13.[6]LaserLong.[1]RotationBase
WeaveEnvironment.[0]Environment.[30]LightGroup13.[6]LaserLong.[1]RotationBase.[0]LightSource
WeaveEnvironment.[0]Environment.[30]LightGroup13.[6]LaserLong.[1]RotationBase.[0]LightSource.[0]LightGlow
WeaveEnvironment.[0]Environment.[30]LightGroup13.[6]LaserLong.[1]RotationBase.[0]LightSource.[1]Laser
WeaveEnvironment.[0]Environment.[30]LightGroup13.[6]LaserLong.[1]RotationBase.[0]LightSource.[1]Laser.[0]BakedBloom
WeaveEnvironment.[0]Environment.[30]LightGroup13.[7]LaserLong
WeaveEnvironment.[0]Environment.[30]LightGroup13.[7]LaserLong.[0]StaticBase
WeaveEnvironment.[0]Environment.[30]LightGroup13.[7]LaserLong.[1]RotationBase
WeaveEnvironment.[0]Environment.[30]LightGroup13.[7]LaserLong.[1]RotationBase.[0]LightSource
WeaveEnvironment.[0]Environment.[30]LightGroup13.[7]LaserLong.[1]RotationBase.[0]LightSource.[0]LightGlow
WeaveEnvironment.[0]Environment.[30]LightGroup13.[7]LaserLong.[1]RotationBase.[0]LightSource.[1]Laser
WeaveEnvironment.[0]Environment.[30]LightGroup13.[7]LaserLong.[1]RotationBase.[0]LightSource.[1]Laser.[0]BakedBloom
WeaveEnvironment.[0]Environment.[30]LightGroup13.[8]LaserLong
WeaveEnvironment.[0]Environment.[30]LightGroup13.[8]LaserLong.[0]StaticBase
WeaveEnvironment.[0]Environment.[30]LightGroup13.[8]LaserLong.[1]RotationBase
WeaveEnvironment.[0]Environment.[30]LightGroup13.[8]LaserLong.[1]RotationBase.[0]LightSource
WeaveEnvironment.[0]Environment.[30]LightGroup13.[8]LaserLong.[1]RotationBase.[0]LightSource.[0]LightGlow
WeaveEnvironment.[0]Environment.[30]LightGroup13.[8]LaserLong.[1]RotationBase.[0]LightSource.[1]Laser
WeaveEnvironment.[0]Environment.[30]LightGroup13.[8]LaserLong.[1]RotationBase.[0]LightSource.[1]Laser.[0]BakedBloom
WeaveEnvironment.[0]Environment.[30]LightGroup13.[9]LaserLong
WeaveEnvironment.[0]Environment.[30]LightGroup13.[9]LaserLong.[0]StaticBase
WeaveEnvironment.[0]Environment.[30]LightGroup13.[9]LaserLong.[1]RotationBase
WeaveEnvironment.[0]Environment.[30]LightGroup13.[9]LaserLong.[1]RotationBase.[0]LightSource
WeaveEnvironment.[0]Environment.[30]LightGroup13.[9]LaserLong.[1]RotationBase.[0]LightSource.[0]LightGlow
WeaveEnvironment.[0]Environment.[30]LightGroup13.[9]LaserLong.[1]RotationBase.[0]LightSource.[1]Laser
WeaveEnvironment.[0]Environment.[30]LightGroup13.[9]LaserLong.[1]RotationBase.[0]LightSource.[1]Laser.[0]BakedBloom
WeaveEnvironment.[0]Environment.[31]LightGroup14
WeaveEnvironment.[0]Environment.[31]LightGroup14.[0]LaserLong
WeaveEnvironment.[0]Environment.[31]LightGroup14.[0]LaserLong.[0]StaticBase
WeaveEnvironment.[0]Environment.[31]LightGroup14.[0]LaserLong.[1]RotationBase
WeaveEnvironment.[0]Environment.[31]LightGroup14.[0]LaserLong.[1]RotationBase.[0]LightSource
WeaveEnvironment.[0]Environment.[31]LightGroup14.[0]LaserLong.[1]RotationBase.[0]LightSource.[0]LightGlow
WeaveEnvironment.[0]Environment.[31]LightGroup14.[0]LaserLong.[1]RotationBase.[0]LightSource.[1]Laser
WeaveEnvironment.[0]Environment.[31]LightGroup14.[0]LaserLong.[1]RotationBase.[0]LightSource.[1]Laser.[0]BakedBloom
WeaveEnvironment.[0]Environment.[31]LightGroup14.[1]LaserLong
WeaveEnvironment.[0]Environment.[31]LightGroup14.[1]LaserLong.[0]StaticBase
WeaveEnvironment.[0]Environment.[31]LightGroup14.[1]LaserLong.[1]RotationBase
WeaveEnvironment.[0]Environment.[31]LightGroup14.[1]LaserLong.[1]RotationBase.[0]LightSource
WeaveEnvironment.[0]Environment.[31]LightGroup14.[1]LaserLong.[1]RotationBase.[0]LightSource.[0]LightGlow
WeaveEnvironment.[0]Environment.[31]LightGroup14.[1]LaserLong.[1]RotationBase.[0]LightSource.[1]Laser
WeaveEnvironment.[0]Environment.[31]LightGroup14.[1]LaserLong.[1]RotationBase.[0]LightSource.[1]Laser.[0]BakedBloom
WeaveEnvironment.[0]Environment.[31]LightGroup14.[2]LaserLong
WeaveEnvironment.[0]Environment.[31]LightGroup14.[2]LaserLong.[0]StaticBase
WeaveEnvironment.[0]Environment.[31]LightGroup14.[2]LaserLong.[1]RotationBase
WeaveEnvironment.[0]Environment.[31]LightGroup14.[2]LaserLong.[1]RotationBase.[0]LightSource
WeaveEnvironment.[0]Environment.[31]LightGroup14.[2]LaserLong.[1]RotationBase.[0]LightSource.[0]LightGlow
WeaveEnvironment.[0]Environment.[31]LightGroup14.[2]LaserLong.[1]RotationBase.[0]LightSource.[1]Laser
WeaveEnvironment.[0]Environment.[31]LightGroup14.[2]LaserLong.[1]RotationBase.[0]LightSource.[1]Laser.[0]BakedBloom
WeaveEnvironment.[0]Environment.[31]LightGroup14.[3]LaserLong
WeaveEnvironment.[0]Environment.[31]LightGroup14.[3]LaserLong.[0]StaticBase
WeaveEnvironment.[0]Environment.[31]LightGroup14.[3]LaserLong.[1]RotationBase
WeaveEnvironment.[0]Environment.[31]LightGroup14.[3]LaserLong.[1]RotationBase.[0]LightSource
WeaveEnvironment.[0]Environment.[31]LightGroup14.[3]LaserLong.[1]RotationBase.[0]LightSource.[0]LightGlow
WeaveEnvironment.[0]Environment.[31]LightGroup14.[3]LaserLong.[1]RotationBase.[0]LightSource.[1]Laser
WeaveEnvironment.[0]Environment.[31]LightGroup14.[3]LaserLong.[1]RotationBase.[0]LightSource.[1]Laser.[0]BakedBloom
WeaveEnvironment.[0]Environment.[31]LightGroup14.[4]LaserLong
WeaveEnvironment.[0]Environment.[31]LightGroup14.[4]LaserLong.[0]StaticBase
WeaveEnvironment.[0]Environment.[31]LightGroup14.[4]LaserLong.[1]RotationBase
WeaveEnvironment.[0]Environment.[31]LightGroup14.[4]LaserLong.[1]RotationBase.[0]LightSource
WeaveEnvironment.[0]Environment.[31]LightGroup14.[4]LaserLong.[1]RotationBase.[0]LightSource.[0]LightGlow
WeaveEnvironment.[0]Environment.[31]LightGroup14.[4]LaserLong.[1]RotationBase.[0]LightSource.[1]Laser
WeaveEnvironment.[0]Environment.[31]LightGroup14.[4]LaserLong.[1]RotationBase.[0]LightSource.[1]Laser.[0]BakedBloom
WeaveEnvironment.[0]Environment.[31]LightGroup14.[5]LaserLong
WeaveEnvironment.[0]Environment.[31]LightGroup14.[5]LaserLong.[0]StaticBase
WeaveEnvironment.[0]Environment.[31]LightGroup14.[5]LaserLong.[1]RotationBase
WeaveEnvironment.[0]Environment.[31]LightGroup14.[5]LaserLong.[1]RotationBase.[0]LightSource
WeaveEnvironment.[0]Environment.[31]LightGroup14.[5]LaserLong.[1]RotationBase.[0]LightSource.[0]LightGlow
WeaveEnvironment.[0]Environment.[31]LightGroup14.[5]LaserLong.[1]RotationBase.[0]LightSource.[1]Laser
WeaveEnvironment.[0]Environment.[31]LightGroup14.[5]LaserLong.[1]RotationBase.[0]LightSource.[1]Laser.[0]BakedBloom
WeaveEnvironment.[0]Environment.[31]LightGroup14.[6]LaserLong
WeaveEnvironment.[0]Environment.[31]LightGroup14.[6]LaserLong.[0]StaticBase
WeaveEnvironment.[0]Environment.[31]LightGroup14.[6]LaserLong.[1]RotationBase
WeaveEnvironment.[0]Environment.[31]LightGroup14.[6]LaserLong.[1]RotationBase.[0]LightSource
WeaveEnvironment.[0]Environment.[31]LightGroup14.[6]LaserLong.[1]RotationBase.[0]LightSource.[0]LightGlow
WeaveEnvironment.[0]Environment.[31]LightGroup14.[6]LaserLong.[1]RotationBase.[0]LightSource.[1]Laser
WeaveEnvironment.[0]Environment.[31]LightGroup14.[6]LaserLong.[1]RotationBase.[0]LightSource.[1]Laser.[0]BakedBloom
WeaveEnvironment.[0]Environment.[31]LightGroup14.[7]LaserLong
WeaveEnvironment.[0]Environment.[31]LightGroup14.[7]LaserLong.[0]StaticBase
WeaveEnvironment.[0]Environment.[31]LightGroup14.[7]LaserLong.[1]RotationBase
WeaveEnvironment.[0]Environment.[31]LightGroup14.[7]LaserLong.[1]RotationBase.[0]LightSource
WeaveEnvironment.[0]Environment.[31]LightGroup14.[7]LaserLong.[1]RotationBase.[0]LightSource.[0]LightGlow
WeaveEnvironment.[0]Environment.[31]LightGroup14.[7]LaserLong.[1]RotationBase.[0]LightSource.[1]Laser
WeaveEnvironment.[0]Environment.[31]LightGroup14.[7]LaserLong.[1]RotationBase.[0]LightSource.[1]Laser.[0]BakedBloom
WeaveEnvironment.[0]Environment.[32]LightGroup15
WeaveEnvironment.[0]Environment.[32]LightGroup15.[0]LaserLong
WeaveEnvironment.[0]Environment.[32]LightGroup15.[0]LaserLong.[0]StaticBase
WeaveEnvironment.[0]Environment.[32]LightGroup15.[0]LaserLong.[1]RotationBase
WeaveEnvironment.[0]Environment.[32]LightGroup15.[0]LaserLong.[1]RotationBase.[0]LightSource
WeaveEnvironment.[0]Environment.[32]LightGroup15.[0]LaserLong.[1]RotationBase.[0]LightSource.[0]LightGlow
WeaveEnvironment.[0]Environment.[32]LightGroup15.[0]LaserLong.[1]RotationBase.[0]LightSource.[1]Laser
WeaveEnvironment.[0]Environment.[32]LightGroup15.[0]LaserLong.[1]RotationBase.[0]LightSource.[1]Laser.[0]BakedBloom
WeaveEnvironment.[0]Environment.[32]LightGroup15.[1]LaserLong
WeaveEnvironment.[0]Environment.[32]LightGroup15.[1]LaserLong.[0]StaticBase
WeaveEnvironment.[0]Environment.[32]LightGroup15.[1]LaserLong.[1]RotationBase
WeaveEnvironment.[0]Environment.[32]LightGroup15.[1]LaserLong.[1]RotationBase.[0]LightSource
WeaveEnvironment.[0]Environment.[32]LightGroup15.[1]LaserLong.[1]RotationBase.[0]LightSource.[0]LightGlow
WeaveEnvironment.[0]Environment.[32]LightGroup15.[1]LaserLong.[1]RotationBase.[0]LightSource.[1]Laser
WeaveEnvironment.[0]Environment.[32]LightGroup15.[1]LaserLong.[1]RotationBase.[0]LightSource.[1]Laser.[0]BakedBloom
WeaveEnvironment.[0]Environment.[32]LightGroup15.[2]LaserLong
WeaveEnvironment.[0]Environment.[32]LightGroup15.[2]LaserLong.[0]StaticBase
WeaveEnvironment.[0]Environment.[32]LightGroup15.[2]LaserLong.[1]RotationBase
WeaveEnvironment.[0]Environment.[32]LightGroup15.[2]LaserLong.[1]RotationBase.[0]LightSource
WeaveEnvironment.[0]Environment.[32]LightGroup15.[2]LaserLong.[1]RotationBase.[0]LightSource.[0]LightGlow
WeaveEnvironment.[0]Environment.[32]LightGroup15.[2]LaserLong.[1]RotationBase.[0]LightSource.[1]Laser
WeaveEnvironment.[0]Environment.[32]LightGroup15.[2]LaserLong.[1]RotationBase.[0]LightSource.[1]Laser.[0]BakedBloom
WeaveEnvironment.[0]Environment.[32]LightGroup15.[3]LaserLong
WeaveEnvironment.[0]Environment.[32]LightGroup15.[3]LaserLong.[0]StaticBase
WeaveEnvironment.[0]Environment.[32]LightGroup15.[3]LaserLong.[1]RotationBase
WeaveEnvironment.[0]Environment.[32]LightGroup15.[3]LaserLong.[1]RotationBase.[0]LightSource
WeaveEnvironment.[0]Environment.[32]LightGroup15.[3]LaserLong.[1]RotationBase.[0]LightSource.[0]LightGlow
WeaveEnvironment.[0]Environment.[32]LightGroup15.[3]LaserLong.[1]RotationBase.[0]LightSource.[1]Laser
WeaveEnvironment.[0]Environment.[32]LightGroup15.[3]LaserLong.[1]RotationBase.[0]LightSource.[1]Laser.[0]BakedBloom
WeaveEnvironment.[0]Environment.[32]LightGroup15.[4]LaserLong
WeaveEnvironment.[0]Environment.[32]LightGroup15.[4]LaserLong.[0]StaticBase
WeaveEnvironment.[0]Environment.[32]LightGroup15.[4]LaserLong.[1]RotationBase
WeaveEnvironment.[0]Environment.[32]LightGroup15.[4]LaserLong.[1]RotationBase.[0]LightSource
WeaveEnvironment.[0]Environment.[32]LightGroup15.[4]LaserLong.[1]RotationBase.[0]LightSource.[0]LightGlow
WeaveEnvironment.[0]Environment.[32]LightGroup15.[4]LaserLong.[1]RotationBase.[0]LightSource.[1]Laser
WeaveEnvironment.[0]Environment.[32]LightGroup15.[4]LaserLong.[1]RotationBase.[0]LightSource.[1]Laser.[0]BakedBloom
WeaveEnvironment.[0]Environment.[32]LightGroup15.[5]LaserLong
WeaveEnvironment.[0]Environment.[32]LightGroup15.[5]LaserLong.[0]StaticBase
WeaveEnvironment.[0]Environment.[32]LightGroup15.[5]LaserLong.[1]RotationBase
WeaveEnvironment.[0]Environment.[32]LightGroup15.[5]LaserLong.[1]RotationBase.[0]LightSource
WeaveEnvironment.[0]Environment.[32]LightGroup15.[5]LaserLong.[1]RotationBase.[0]LightSource.[0]LightGlow
WeaveEnvironment.[0]Environment.[32]LightGroup15.[5]LaserLong.[1]RotationBase.[0]LightSource.[1]Laser
WeaveEnvironment.[0]Environment.[32]LightGroup15.[5]LaserLong.[1]RotationBase.[0]LightSource.[1]Laser.[0]BakedBloom
WeaveEnvironment.[0]Environment.[32]LightGroup15.[6]LaserLong
WeaveEnvironment.[0]Environment.[32]LightGroup15.[6]LaserLong.[0]StaticBase
WeaveEnvironment.[0]Environment.[32]LightGroup15.[6]LaserLong.[1]RotationBase
WeaveEnvironment.[0]Environment.[32]LightGroup15.[6]LaserLong.[1]RotationBase.[0]LightSource
WeaveEnvironment.[0]Environment.[32]LightGroup15.[6]LaserLong.[1]RotationBase.[0]LightSource.[0]LightGlow
WeaveEnvironment.[0]Environment.[32]LightGroup15.[6]LaserLong.[1]RotationBase.[0]LightSource.[1]Laser
WeaveEnvironment.[0]Environment.[32]LightGroup15.[6]LaserLong.[1]RotationBase.[0]LightSource.[1]Laser.[0]BakedBloom
WeaveEnvironment.[0]Environment.[32]LightGroup15.[7]LaserLong
WeaveEnvironment.[0]Environment.[32]LightGroup15.[7]LaserLong.[0]StaticBase
WeaveEnvironment.[0]Environment.[32]LightGroup15.[7]LaserLong.[1]RotationBase
WeaveEnvironment.[0]Environment.[32]LightGroup15.[7]LaserLong.[1]RotationBase.[0]LightSource
WeaveEnvironment.[0]Environment.[32]LightGroup15.[7]LaserLong.[1]RotationBase.[0]LightSource.[0]LightGlow
WeaveEnvironment.[0]Environment.[32]LightGroup15.[7]LaserLong.[1]RotationBase.[0]LightSource.[1]Laser
WeaveEnvironment.[0]Environment.[32]LightGroup15.[7]LaserLong.[1]RotationBase.[0]LightSource.[1]Laser.[0]BakedBloom
WeaveEnvironment.[0]Environment.[4]FakeMirrorSettings
WeaveEnvironment.[0]Environment.[5]FakeMirrorObjectsInstaller
WeaveEnvironment.[0]Environment.[6]LightmapLightsWithIds
WeaveEnvironment.[0]Environment.[6]LightmapLightsWithIds.[0]A
WeaveEnvironment.[0]Environment.[6]LightmapLightsWithIds.[1]B
WeaveEnvironment.[0]Environment.[6]LightmapLightsWithIds.[2]C
WeaveEnvironment.[0]Environment.[6]LightmapLightsWithIds.[3]D
WeaveEnvironment.[0]Environment.[6]LightmapLightsWithIds.[4]E
WeaveEnvironment.[0]Environment.[7]====== STATIC ======
WeaveEnvironment.[0]Environment.[8]PlayersPlace
WeaveEnvironment.[0]Environment.[8]PlayersPlace.[0]Mirror
WeaveEnvironment.[0]Environment.[8]PlayersPlace.[1]Feet
WeaveEnvironment.[0]Environment.[8]PlayersPlace.[2]Construction
WeaveEnvironment.[0]Environment.[8]PlayersPlace.[3]RectangleFakeGlow
WeaveEnvironment.[0]Environment.[8]PlayersPlace.[4]SaberBurnMarksParticles
WeaveEnvironment.[0]Environment.[8]PlayersPlace.[4]SaberBurnMarksParticles.[0]SaberBurnMarkSparklePS
WeaveEnvironment.[0]Environment.[8]PlayersPlace.[5]SaberBurnMarksArea
WeaveEnvironment.[0]Environment.[8]PlayersPlace.[6]Collider
WeaveEnvironment.[0]Environment.[9]====== DYNAMIC ======
WeaveEnvironment.[1]CinemaPlaybackController
WeaveEnvironment.[1]CinemaPlaybackController.[0]CinemaScreen
WeaveEnvironment.[1]CinemaPlaybackController.[0]CinemaScreen.[0]Body